#
# A fatal error has been detected by the Java Runtime Environment:
#
#  SIGSEGV (0xb) at pc=0x6ca3f028, pid=1093, tid=4027
#
# JRE version: OpenJDK Runtime Environment (11.0.15+10) (build 11.0.15+10-post-Raspbian-1deb11u1)
# Java VM: OpenJDK Server VM (11.0.15+10-post-Raspbian-1deb11u1, mixed mode, g1 gc, linux-)
# Problematic frame:
# C  [libpigpio.so.1+0x23028]
#
# No core dump will be written. Core dumps have been disabled. To enable core dumping, try "ulimit -c unlimited" before starting Java again
#
# If you would like to submit a bug report, please visit:
#   Unknown
# The crash happened outside the Java Virtual Machine in native code.
# See problematic frame for where to report the bug.
#

---------------  S U M M A R Y ------------

Command Line: --module-path=. -Djdk.module.main=visual_classes visual_classes/visual_classes.window

Host: rev 3 (v7l), 4 cores, 7G, Raspbian GNU/Linux 11 (bullseye)
Time: Tue Jan 10 18:32:13 2023 EST elapsed time: 38588.454114 seconds (0d 10h 43m 8s)

---------------  T H R E A D  ---------------

Current thread (0x6cd17c00):  JavaThread "pi4j-shutdown" [_thread_in_native, id=4027, stack(0x67400000,0x67450000)]

Stack: [0x67400000,0x67450000],  sp=0x6744e898,  free space=314k
Native frames: (J=compiled Java code, A=aot compiled Java code, j=interpreted, Vv=VM code, C=native code)
C  [libpigpio.so.1+0x23028]
C  0x6744ea58

Java frames: (J=compiled Java code, j=interpreted, Vv=VM code)
j  com.pi4j.library.pigpio.internal.PIGPIO.gpioTerminate()V+0 com.pi4j.library.pigpio@2.1.1
j  com.pi4j.library.pigpio.impl.PiGpioNativeImpl.gpioTerminate()V+22 com.pi4j.library.pigpio@2.1.1
j  com.pi4j.library.pigpio.PiGpio.shutdown()V+1 com.pi4j.library.pigpio@2.1.1
j  com.pi4j.plugin.pigpio.PiGpioPlugin.shutdown(Lcom/pi4j/context/Context;)V+23 com.pi4j.plugin.pigpio@2.1.1
j  com.pi4j.runtime.impl.DefaultRuntime.shutdown()Lcom/pi4j/runtime/Runtime;+87 com.pi4j@2.1.1
j  com.pi4j.runtime.impl.DefaultRuntime.lambda$new$2()V+8 com.pi4j@2.1.1
j  com.pi4j.runtime.impl.DefaultRuntime$$Lambda$167.run()V+4 com.pi4j@2.1.1
j  java.lang.Thread.run()V+11 java.base@11.0.15
v  ~StubRoutines::call_stub

siginfo: si_signo: 11 (SIGSEGV), si_code: 1 (SEGV_MAPERR), si_addr: 0x71302060

Register to memory mapping:

  r0  = 0x00000000
0x0 is NULL

  r1  = 0x00001000
0x00001000 is an unknown value

  r2  = 0xffffffff
0xffffffff is an unknown value

  r3  = 0x7130134c
0x7130134c is an unknown value

  r4  = 0x7130205c
0x7130205c is an unknown value

  r5  = 0x713023dc
0x713023dc is an unknown value

  r6  = 0x00000014
0x00000014 is an unknown value

  r7  = 0x71301000
0x71301000 is an unknown value

  r8  = 0xb6fd487c
0xb6fd487c: __stack_chk_guard+0x00000000 in /lib/ld-linux-armhf.so.3 at 0xb6fa2000

  r9  = 0x6d059d28
{method} {0x6d059d28} 'gpioTerminate' '()V' in 'com/pi4j/library/pigpio/internal/PIGPIO'

  r10 = 0x6cd17c00
0x6cd17c00 is a thread

  fp  = 0x6744ea28
0x6744ea28 is pointing into the stack for thread: 0x6cd17c00

  r12 = 0x6ca6a2c4
0x6ca6a2c4: <offset 0x0004e2c4> in /lib/libpigpio.so.1 at 0x6ca1c000

  sp  = 0x6744e898
0x6744e898 is pointing into the stack for thread: 0x6cd17c00

  lr  = 0x6ca3f034
0x6ca3f034: <offset 0x00023034> in /lib/libpigpio.so.1 at 0x6ca1c000

  pc  = 0x6ca3f028
0x6ca3f028: <offset 0x00023028> in /lib/libpigpio.so.1 at 0x6ca1c000



Registers:
  r0  = 0x00000000
  r1  = 0x00001000
  r2  = 0xffffffff
  r3  = 0x7130134c
  r4  = 0x7130205c
  r5  = 0x713023dc
  r6  = 0x00000014
  r7  = 0x71301000
  r8  = 0xb6fd487c
  r9  = 0x6d059d28
  r10 = 0x6cd17c00
  fp  = 0x6744ea28
  r12 = 0x6ca6a2c4
  sp  = 0x6744e898
  lr  = 0x6ca3f034
  pc  = 0x6ca3f028
  cpsr = 0x80000010

Top of Stack: (sp=0x6744e898)
0x6744e898:   00000060 b6fd487c 00000000 00000000
0x6744e8a8:   00000000 6cd22860 6744e924 70e01355
0x6744e8b8:   f675bd9d 00000000 6cd22690 6744e97c
0x6744e8c8:   00000000 b6fad0e4 6744e924 6cd227fc
0x6744e8d8:   00000001 00000000 00000005 00000000
0x6744e8e8:   00000001 6cd22690 00000010 00000000
0x6744e8f8:   6cd2285c 00000000 00000000 00000000
0x6744e908:   6cd202d8 6d2f5ae0 707d3628 00000ffc 

Instructions: (pc=0x6ca3f028)
0x6ca3ef28:   0a000001 e3a01024 ebff8544 e59f368c
0x6ca3ef38:   e08f3003 e5930074 e3700001 0a000001
0x6ca3ef48:   e3a01028 ebff853d e59f3674 e79f0003
0x6ca3ef58:   e3700001 0a000001 e3a0101c ebff8537
0x6ca3ef68:   e59f3660 e08f3003 e5930040 e3700001
0x6ca3ef78:   0a000001 e3a01018 ebff8530 e59f3648
0x6ca3ef88:   e3e02000 e08f3003 e59300c8 e5832038
0x6ca3ef98:   e1500002 e5832050 e5832044 e58320c4
0x6ca3efa8:   e583203c e5832078 e5832074 e5832000
0x6ca3efb8:   e5832040 0a000006 e59f2610 e3a030d4
0x6ca3efc8:   e08f2002 e5922004 e0030293 e2831e35
0x6ca3efd8:   ebff851a e59f35f8 e3e02000 e08f3003
0x6ca3efe8:   e59370cc e58320c8 e1570002 0a000015
0x6ca3eff8:   e59f35e0 e08f3003 e5936004 e0863086
0x6ca3f008:   e0863103 e0863103 e37300d4 0a000008
0x6ca3f018:   e3a050d4 e2873fd3 e0253695 e2474004
0x6ca3f028:   e5b40004 e3a01a01 ebff8504 e1540005
0x6ca3f038:   1afffffa e3a010d4 e1a00007 e0010691
0x6ca3f048:   e2811e35 ebff84fd e59f358c e3e02000
0x6ca3f058:   e08f3003 e59370d0 e58320cc e1570002
0x6ca3f068:   0a000010 e59f3574 e08f3003 e5933004
0x6ca3f078:   e3730004 0a000137 e1a06103 e0875006
0x6ca3f088:   e285500c e2474004 e5b40004 e3a01a35
0x6ca3f098:   ebff84ea e1540005 1afffffa e2861010
0x6ca3f0a8:   e1a00007 ebff84e5 e59f3534 e3e01000
0x6ca3f0b8:   e08f3003 e59320d4 e58310d0 e1520001
0x6ca3f0c8:   0a000048 e59f051c e3a01000 e08f0000
0x6ca3f0d8:   ebff8420 e2507000 ba00010d e59f3508
0x6ca3f0e8:   e59f2508 e08f3003 e08f2002 e5934004
0x6ca3f0f8:   e58270d8 e3740004 0a00002f e59250d4
0x6ca3f108:   e59fb4ec e0854204 e2455040 ea000002
0x6ca3f118:   e2444010 e1550004 0a000027 e5943030 


Stack slot to memory mapping:
stack at sp + 0 slots: 0x00000060 is an unknown value
stack at sp + 1 slots: 0xb6fd487c: __stack_chk_guard+0x00000000 in /lib/ld-linux-armhf.so.3 at 0xb6fa2000
stack at sp + 2 slots: 0x0 is NULL
stack at sp + 3 slots: 0x0 is NULL
stack at sp + 4 slots: 0x0 is NULL
stack at sp + 5 slots: 0x6cd22860 points into unknown readable memory: 0x6cd227fc | fc 27 d2 6c
stack at sp + 6 slots: 0x6744e924 is pointing into the stack for thread: 0x6cd17c00
stack at sp + 7 slots: 0x70e01355: <offset 0x00001355> in /tmp/libpi4j-pigpio9778473760813113532.so at 0x70e00000


---------------  P R O C E S S  ---------------

Threads class SMR info:
_java_thread_list=0x6fec1f80, length=90, elements={
0x70735c00, 0x70739400, 0x70743400, 0x70745c00,
0x70747400, 0x70748c00, 0x707b1000, 0x6f33ec00,
0x6f343400, 0x6f346800, 0x6f347800, 0xb5f0ec00,
0xb3bc1800, 0x6cdd4000, 0x01fce400, 0x01fce800,
0x01fcf400, 0x01fd0000, 0x01fd1400, 0x01fd2800,
0x01fd4000, 0x01fd6000, 0x01fd9800, 0x01fda400,
0x01fdb800, 0x01fdcc00, 0x01fde000, 0x01fdf400,
0x01fe0c00, 0x01fe2400, 0x01fe3c00, 0x01fd7800,
0x01fe7800, 0x01fe8c00, 0x01fe9c00, 0x01feb400,
0x01fec400, 0x01fedc00, 0x01fef800, 0x01ff1000,
0x01ff2800, 0x01fe5800, 0x01ff5c00, 0x01ff7400,
0x01ff8c00, 0x01ffa400, 0x01ffc000, 0x01ffd800,
0x01fff000, 0x02000800, 0x02002000, 0x02003800,
0x02007000, 0x02007800, 0x02008800, 0x0200a000,
0x0200b800, 0x0200d000, 0x0200e800, 0x02010000,
0x02011c00, 0x02013400, 0x02014c00, 0x02016000,
0x02005000, 0x02017c00, 0x0201ac00, 0x02019800,
0x0201d400, 0x0201e800, 0x0201c000, 0x02021400,
0x02022800, 0x02023c00, 0x02026800, 0x02027c00,
0x02029000, 0x0202a400, 0x0202bc00, 0x0202f400,
0x0202fc00, 0x02030800, 0x02033800, 0x02035000,
0x02036c00, 0x0203c800, 0x0203e000, 0x0203f800,
0x02041000, 0x6cd17c00
}

Java Threads: ( => current thread )
  0x70735c00 JavaThread "Reference Handler" daemon [_thread_blocked, id=1102, stack(0x7132e000,0x7137e000)]
  0x70739400 JavaThread "Finalizer" daemon [_thread_blocked, id=1103, stack(0x7102e000,0x7107e000)]
  0x70743400 JavaThread "Signal Dispatcher" daemon [_thread_blocked, id=1104, stack(0x70e2e000,0x70e7e000)]
  0x70745c00 JavaThread "Service Thread" daemon [_thread_blocked, id=1105, stack(0x706b0000,0x70700000)]
  0x70747400 JavaThread "C2 CompilerThread0" daemon [_thread_blocked, id=1106, stack(0x70630000,0x706b0000)]
  0x70748c00 JavaThread "Sweeper thread" daemon [_thread_blocked, id=1107, stack(0x70036000,0x70086000)]
  0x707b1000 JavaThread "Common-Cleaner" daemon [_thread_blocked, id=1109, stack(0x6ffe6000,0x70036000)]
  0x6f33ec00 JavaThread "Java2D Disposer" daemon [_thread_blocked, id=1120, stack(0x6d59e000,0x6d5ee000)]
  0x6f343400 JavaThread "AWT-XAWT" daemon [_thread_in_native, id=1121, stack(0x6d54e000,0x6d59e000)]
  0x6f346800 JavaThread "AWT-Shutdown" [_thread_blocked, id=1123, stack(0x6d4fe000,0x6d54e000)]
  0x6f347800 JavaThread "AWT-EventQueue-0" [_thread_blocked, id=1124, stack(0x6d4ae000,0x6d4fe000)]
  0xb5f0ec00 JavaThread "DestroyJavaVM" [_thread_blocked, id=1094, stack(0xb6003000,0xb6053000)]
  0xb3bc1800 JavaThread "Timer" [_thread_blocked, id=1135, stack(0x6c03f000,0x6c08f000)]
  0x6cdd4000 JavaThread "TimerQueue" daemon [_thread_blocked, id=1139, stack(0x6c2e1000,0x6c331000)]
  0x01fce400 JavaThread "Timer" [_thread_blocked, id=1193, stack(0x6c291000,0x6c2e1000)]
  0x01fce800 JavaThread "Timer" [_thread_blocked, id=1194, stack(0x6c08f000,0x6c10f000)]
  0x01fcf400 JavaThread "Timer" [_thread_blocked, id=1195, stack(0x6d32e000,0x6d3ae000)]
  0x01fd0000 JavaThread "Timer" [_thread_blocked, id=1196, stack(0x69061000,0x690b1000)]
  0x01fd1400 JavaThread "Timer" [_thread_blocked, id=1197, stack(0x69011000,0x69061000)]
  0x01fd2800 JavaThread "Timer" [_thread_blocked, id=1198, stack(0x68ab0000,0x68b00000)]
  0x01fd4000 JavaThread "Timer" [_thread_blocked, id=1199, stack(0x68a60000,0x68ab0000)]
  0x01fd6000 JavaThread "Timer" [_thread_blocked, id=1200, stack(0x68a10000,0x68a60000)]
  0x01fd9800 JavaThread "Timer" [_thread_blocked, id=1452, stack(0x68940000,0x689c0000)]
  0x01fda400 JavaThread "Timer" [_thread_blocked, id=1453, stack(0x688f0000,0x68940000)]
  0x01fdb800 JavaThread "Timer" [_thread_blocked, id=1454, stack(0x688a0000,0x688f0000)]
  0x01fdcc00 JavaThread "Timer" [_thread_blocked, id=1455, stack(0x68850000,0x688a0000)]
  0x01fde000 JavaThread "Timer" [_thread_blocked, id=1456, stack(0x68800000,0x68850000)]
  0x01fdf400 JavaThread "Timer" [_thread_blocked, id=1457, stack(0x687b0000,0x68800000)]
  0x01fe0c00 JavaThread "Timer" [_thread_blocked, id=1458, stack(0x68760000,0x687b0000)]
  0x01fe2400 JavaThread "Timer" [_thread_blocked, id=1459, stack(0x68710000,0x68760000)]
  0x01fe3c00 JavaThread "Timer" [_thread_blocked, id=1460, stack(0x686c0000,0x68710000)]
  0x01fd7800 JavaThread "Timer" [_thread_blocked, id=1705, stack(0x689c0000,0x68a10000)]
  0x01fe7800 JavaThread "Timer" [_thread_blocked, id=1706, stack(0x68620000,0x68670000)]
  0x01fe8c00 JavaThread "Timer" [_thread_blocked, id=1707, stack(0x685d0000,0x68620000)]
  0x01fe9c00 JavaThread "Timer" [_thread_blocked, id=1708, stack(0x68580000,0x685d0000)]
  0x01feb400 JavaThread "Timer" [_thread_blocked, id=1709, stack(0x68530000,0x68580000)]
  0x01fec400 JavaThread "Timer" [_thread_blocked, id=1710, stack(0x684e0000,0x68530000)]
  0x01fedc00 JavaThread "Timer" [_thread_blocked, id=1711, stack(0x68490000,0x684e0000)]
  0x01fef800 JavaThread "Timer" [_thread_blocked, id=1712, stack(0x68440000,0x68490000)]
  0x01ff1000 JavaThread "Timer" [_thread_blocked, id=1713, stack(0x683f0000,0x68440000)]
  0x01ff2800 JavaThread "Timer" [_thread_blocked, id=1714, stack(0x683a0000,0x683f0000)]
  0x01fe5800 JavaThread "Timer" [_thread_blocked, id=1961, stack(0x68670000,0x686c0000)]
  0x01ff5c00 JavaThread "Timer" [_thread_blocked, id=1962, stack(0x68300000,0x68350000)]
  0x01ff7400 JavaThread "Timer" [_thread_blocked, id=1963, stack(0x682b0000,0x68300000)]
  0x01ff8c00 JavaThread "Timer" [_thread_blocked, id=1964, stack(0x68260000,0x682b0000)]
  0x01ffa400 JavaThread "Timer" [_thread_blocked, id=1965, stack(0x68210000,0x68260000)]
  0x01ffc000 JavaThread "Timer" [_thread_blocked, id=1966, stack(0x681c0000,0x68210000)]
  0x01ffd800 JavaThread "Timer" [_thread_blocked, id=1967, stack(0x68170000,0x681c0000)]
  0x01fff000 JavaThread "Timer" [_thread_blocked, id=1968, stack(0x68120000,0x68170000)]
  0x02000800 JavaThread "Timer" [_thread_blocked, id=1969, stack(0x680d0000,0x68120000)]
  0x02002000 JavaThread "Timer" [_thread_blocked, id=1970, stack(0x68080000,0x680d0000)]
  0x02003800 JavaThread "Timer" [_thread_blocked, id=1971, stack(0x68030000,0x68080000)]
  0x02007000 JavaThread "Timer" [_thread_blocked, id=2262, stack(0x68350000,0x683a0000)]
  0x02007800 JavaThread "Timer" [_thread_blocked, id=2263, stack(0x67f90000,0x67fe0000)]
  0x02008800 JavaThread "Timer" [_thread_blocked, id=2264, stack(0x67f40000,0x67f90000)]
  0x0200a000 JavaThread "Timer" [_thread_blocked, id=2265, stack(0x67ef0000,0x67f40000)]
  0x0200b800 JavaThread "Timer" [_thread_blocked, id=2266, stack(0x67ea0000,0x67ef0000)]
  0x0200d000 JavaThread "Timer" [_thread_blocked, id=2267, stack(0x67e50000,0x67ea0000)]
  0x0200e800 JavaThread "Timer" [_thread_blocked, id=2268, stack(0x67e00000,0x67e50000)]
  0x02010000 JavaThread "Timer" [_thread_blocked, id=2269, stack(0x67db0000,0x67e00000)]
  0x02011c00 JavaThread "Timer" [_thread_blocked, id=2270, stack(0x67d60000,0x67db0000)]
  0x02013400 JavaThread "Timer" [_thread_blocked, id=2271, stack(0x67d10000,0x67d60000)]
  0x02014c00 JavaThread "Timer" [_thread_blocked, id=2272, stack(0x67cc0000,0x67d10000)]
  0x02016000 JavaThread "Timer" [_thread_blocked, id=2273, stack(0x67c70000,0x67cc0000)]
  0x02005000 JavaThread "Timer" [_thread_blocked, id=2527, stack(0x67fe0000,0x68030000)]
  0x02017c00 JavaThread "Timer" [_thread_blocked, id=2775, stack(0x67c20000,0x67c70000)]
  0x0201ac00 JavaThread "Timer" [_thread_blocked, id=2776, stack(0x67b80000,0x67bd0000)]
  0x02019800 JavaThread "Timer" [_thread_blocked, id=3019, stack(0x67bd0000,0x67c20000)]
  0x0201d400 JavaThread "Timer" [_thread_blocked, id=3020, stack(0x67ae0000,0x67b30000)]
  0x0201e800 JavaThread "Timer" [_thread_blocked, id=3021, stack(0x67a90000,0x67ae0000)]
  0x0201c000 JavaThread "Timer" [_thread_blocked, id=3281, stack(0x67b30000,0x67b80000)]
  0x02021400 JavaThread "Timer" [_thread_blocked, id=3282, stack(0x679f0000,0x67a40000)]
  0x02022800 JavaThread "Timer" [_thread_blocked, id=3283, stack(0x679a0000,0x679f0000)]
  0x02023c00 JavaThread "Timer" [_thread_blocked, id=3284, stack(0x67950000,0x679a0000)]
  0x02026800 JavaThread "Timer" [_thread_blocked, id=3597, stack(0x678b0000,0x67900000)]
  0x02027c00 JavaThread "Timer" [_thread_blocked, id=3598, stack(0x67860000,0x678b0000)]
  0x02029000 JavaThread "Timer" [_thread_blocked, id=3599, stack(0x67810000,0x67860000)]
  0x0202a400 JavaThread "Timer" [_thread_blocked, id=3600, stack(0x677c0000,0x67810000)]
  0x0202bc00 JavaThread "Timer" [_thread_blocked, id=3601, stack(0x67770000,0x677c0000)]
  0x0202f400 JavaThread "Timer" [_thread_blocked, id=3842, stack(0x67900000,0x67950000)]
  0x0202fc00 JavaThread "Timer" [_thread_blocked, id=3843, stack(0x67a40000,0x67a90000)]
  0x02030800 JavaThread "Timer" [_thread_blocked, id=3844, stack(0x676d0000,0x67720000)]
  0x02033800 JavaThread "Timer" [_thread_blocked, id=3850, stack(0x67630000,0x67680000)]
  0x02035000 JavaThread "Timer" [_thread_blocked, id=3851, stack(0x675e0000,0x67630000)]
  0x02036c00 JavaThread "Timer" [_thread_blocked, id=3852, stack(0x67590000,0x675e0000)]
  0x0203c800 JavaThread "Timer" [_thread_blocked, id=3853, stack(0x67540000,0x67590000)]
  0x0203e000 JavaThread "Timer" [_thread_blocked, id=3854, stack(0x674f0000,0x67540000)]
  0x0203f800 JavaThread "Timer" [_thread_blocked, id=3855, stack(0x674a0000,0x674f0000)]
  0x02041000 JavaThread "Timer" [_thread_blocked, id=3856, stack(0x67450000,0x674a0000)]
=>0x6cd17c00 JavaThread "pi4j-shutdown" [_thread_in_native, id=4027, stack(0x67400000,0x67450000)]

Other Threads:
  0x70730800 VMThread "VM Thread" [stack: 0x70834000,0x708b4000] [id=1101]
  0x6fe1e000 WatcherThread [stack: 0x6ff66000,0x6ffe6000] [id=1110]
  0xb5f22c00 GCTaskThread "GC Thread#0" [stack: 0xb3c22000,0xb3ca2000] [id=1095]
  0x70510000 GCTaskThread "GC Thread#1" [stack: 0x6cf80000,0x6d000000] [id=1126]
  0x70511400 GCTaskThread "GC Thread#2" [stack: 0x6cefe000,0x6cf7e000] [id=1127]
  0x70512800 GCTaskThread "GC Thread#3" [stack: 0x6ce7c000,0x6cefc000] [id=1128]
  0xb5f78000 ConcurrentGCThread "G1 Main Marker" [stack: 0xb3a80000,0xb3b00000] [id=1096]
  0xb5f79800 ConcurrentGCThread "G1 Conc#0" [stack: 0x71380000,0x71400000] [id=1097]
  0xb5fe0c00 ConcurrentGCThread "G1 Refine#0" [stack: 0x71080000,0x71100000] [id=1098]
  0x6bf42800 ConcurrentGCThread "G1 Refine#1" [stack: 0x6c211000,0x6c291000] [id=1132]
  0xb5fe2400 ConcurrentGCThread "G1 Young RemSet Sampling" [stack: 0x70e80000,0x70f00000] [id=1099]

Threads with active compile tasks:

VM state:not at safepoint (normal execution)

VM Mutex/Monitor currently owned by a thread: None

Heap:
 garbage-first heap   total 210944K, used 109337K [0x73a00000, 0xb3a00000)
  region size 1024K, 9 young (9216K), 1 survivors (1024K)
 Metaspace       used 14378K, capacity 14540K, committed 15128K, reserved 15664K
Heap Regions: E=young(eden), S=young(survivor), O=old, HS=humongous(starts), HC=humongous(continues), CS=collection set, F=free, A=archive, TAMS=top-at-mark-start (previous, next)
|   0|0x73a00000, 0x73b00000, 0x73b00000|100%| O|  |TAMS 0x73b00000, 0x73a00000| Untracked 
|   1|0x73b00000, 0x73c00000, 0x73c00000|100%|HS|  |TAMS 0x73c00000, 0x73b00000| Complete 
|   2|0x73c00000, 0x73c00000, 0x73d00000|  0%| F|  |TAMS 0x73c00000, 0x73c00000| Untracked 
|   3|0x73d00000, 0x73d00000, 0x73e00000|  0%| F|  |TAMS 0x73d00000, 0x73d00000| Untracked 
|   4|0x73e00000, 0x73e00000, 0x73f00000|  0%| F|  |TAMS 0x73e00000, 0x73e00000| Untracked 
|   5|0x73f00000, 0x73f00000, 0x74000000|  0%| F|  |TAMS 0x73f00000, 0x73f00000| Untracked 
|   6|0x74000000, 0x74000000, 0x74100000|  0%| F|  |TAMS 0x74000000, 0x74000000| Untracked 
|   7|0x74100000, 0x74100000, 0x74200000|  0%| F|  |TAMS 0x74100000, 0x74100000| Untracked 
|   8|0x74200000, 0x74200000, 0x74300000|  0%| F|  |TAMS 0x74200000, 0x74200000| Untracked 
|   9|0x74300000, 0x74300000, 0x74400000|  0%| F|  |TAMS 0x74300000, 0x74300000| Untracked 
|  10|0x74400000, 0x74400000, 0x74500000|  0%| F|  |TAMS 0x74400000, 0x74400000| Untracked 
|  11|0x74500000, 0x74500000, 0x74600000|  0%| F|  |TAMS 0x74500000, 0x74500000| Untracked 
|  12|0x74600000, 0x74600000, 0x74700000|  0%| F|  |TAMS 0x74600000, 0x74600000| Untracked 
|  13|0x74700000, 0x74700000, 0x74800000|  0%| F|  |TAMS 0x74700000, 0x74700000| Untracked 
|  14|0x74800000, 0x74800000, 0x74900000|  0%| F|  |TAMS 0x74800000, 0x74800000| Untracked 
|  15|0x74900000, 0x74900000, 0x74a00000|  0%| F|  |TAMS 0x74900000, 0x74900000| Untracked 
|  16|0x74a00000, 0x74a00000, 0x74b00000|  0%| F|  |TAMS 0x74a00000, 0x74a00000| Untracked 
|  17|0x74b00000, 0x74b00000, 0x74c00000|  0%| F|  |TAMS 0x74b00000, 0x74b00000| Untracked 
|  18|0x74c00000, 0x74c00000, 0x74d00000|  0%| F|  |TAMS 0x74c00000, 0x74c00000| Untracked 
|  19|0x74d00000, 0x74d00000, 0x74e00000|  0%| F|  |TAMS 0x74d00000, 0x74d00000| Untracked 
|  20|0x74e00000, 0x74e00000, 0x74f00000|  0%| F|  |TAMS 0x74e00000, 0x74e00000| Untracked 
|  21|0x74f00000, 0x74f00000, 0x75000000|  0%| F|  |TAMS 0x74f00000, 0x74f00000| Untracked 
|  22|0x75000000, 0x75000000, 0x75100000|  0%| F|  |TAMS 0x75000000, 0x75000000| Untracked 
|  23|0x75100000, 0x75100000, 0x75200000|  0%| F|  |TAMS 0x75100000, 0x75100000| Untracked 
|  24|0x75200000, 0x75200000, 0x75300000|  0%| F|  |TAMS 0x75200000, 0x75200000| Untracked 
|  25|0x75300000, 0x75400000, 0x75400000|100%| O|  |TAMS 0x75400000, 0x75300000| Untracked 
|  26|0x75400000, 0x75500000, 0x75500000|100%|HS|  |TAMS 0x75500000, 0x75400000| Complete 
|  27|0x75500000, 0x75600000, 0x75600000|100%|HC|  |TAMS 0x75600000, 0x75500000| Complete 
|  28|0x75600000, 0x75700000, 0x75700000|100%| O|  |TAMS 0x75700000, 0x75600000| Untracked 
|  29|0x75700000, 0x75800000, 0x75800000|100%| O|  |TAMS 0x75800000, 0x75700000| Untracked 
|  30|0x75800000, 0x75900000, 0x75900000|100%| O|  |TAMS 0x75900000, 0x75800000| Untracked 
|  31|0x75900000, 0x75a00000, 0x75a00000|100%| O|  |TAMS 0x75a00000, 0x75900000| Untracked 
|  32|0x75a00000, 0x75a00000, 0x75b00000|  0%| F|  |TAMS 0x75a00000, 0x75a00000| Untracked 
|  33|0x75b00000, 0x75c00000, 0x75c00000|100%| O|  |TAMS 0x75c00000, 0x75b00000| Untracked 
|  34|0x75c00000, 0x75d00000, 0x75d00000|100%| O|  |TAMS 0x75d00000, 0x75c00000| Untracked 
|  35|0x75d00000, 0x75d00000, 0x75e00000|  0%| F|  |TAMS 0x75d00000, 0x75d00000| Untracked 
|  36|0x75e00000, 0x75e00000, 0x75f00000|  0%| F|  |TAMS 0x75e00000, 0x75e00000| Untracked 
|  37|0x75f00000, 0x75f00000, 0x76000000|  0%| F|  |TAMS 0x75f00000, 0x75f00000| Untracked 
|  38|0x76000000, 0x76000000, 0x76100000|  0%| F|  |TAMS 0x76000000, 0x76000000| Untracked 
|  39|0x76100000, 0x76100000, 0x76200000|  0%| F|  |TAMS 0x76100000, 0x76100000| Untracked 
|  40|0x76200000, 0x76200000, 0x76300000|  0%| F|  |TAMS 0x76200000, 0x76200000| Untracked 
|  41|0x76300000, 0x76300000, 0x76400000|  0%| F|  |TAMS 0x76300000, 0x76300000| Untracked 
|  42|0x76400000, 0x76400000, 0x76500000|  0%| F|  |TAMS 0x76400000, 0x76400000| Untracked 
|  43|0x76500000, 0x76500000, 0x76600000|  0%| F|  |TAMS 0x76500000, 0x76500000| Untracked 
|  44|0x76600000, 0x76600000, 0x76700000|  0%| F|  |TAMS 0x76600000, 0x76600000| Untracked 
|  45|0x76700000, 0x76700000, 0x76800000|  0%| F|  |TAMS 0x76700000, 0x76700000| Untracked 
|  46|0x76800000, 0x76800000, 0x76900000|  0%| F|  |TAMS 0x76800000, 0x76800000| Untracked 
|  47|0x76900000, 0x76a00000, 0x76a00000|100%| O|  |TAMS 0x76a00000, 0x76900000| Untracked 
|  48|0x76a00000, 0x76a00000, 0x76b00000|  0%| F|  |TAMS 0x76a00000, 0x76a00000| Untracked 
|  49|0x76b00000, 0x76b00000, 0x76c00000|  0%| F|  |TAMS 0x76b00000, 0x76b00000| Untracked 
|  50|0x76c00000, 0x76c00000, 0x76d00000|  0%| F|  |TAMS 0x76c00000, 0x76c00000| Untracked 
|  51|0x76d00000, 0x76d00000, 0x76e00000|  0%| F|  |TAMS 0x76d00000, 0x76d00000| Untracked 
|  52|0x76e00000, 0x76e00000, 0x76f00000|  0%| F|  |TAMS 0x76e00000, 0x76e00000| Untracked 
|  53|0x76f00000, 0x76f00000, 0x77000000|  0%| F|  |TAMS 0x76f00000, 0x76f00000| Untracked 
|  54|0x77000000, 0x77100000, 0x77100000|100%| O|  |TAMS 0x77100000, 0x77000000| Untracked 
|  55|0x77100000, 0x771c6680, 0x77200000| 77%| S|CS|TAMS 0x77100000, 0x77100000| Complete 
|  56|0x77200000, 0x77200000, 0x77300000|  0%| F|  |TAMS 0x77200000, 0x77200000| Untracked 
|  57|0x77300000, 0x77300000, 0x77400000|  0%| F|  |TAMS 0x77300000, 0x77300000| Untracked 
|  58|0x77400000, 0x77400000, 0x77500000|  0%| F|  |TAMS 0x77400000, 0x77400000| Untracked 
|  59|0x77500000, 0x77500000, 0x77600000|  0%| F|  |TAMS 0x77500000, 0x77500000| Untracked 
|  60|0x77600000, 0x77600000, 0x77700000|  0%| F|  |TAMS 0x77600000, 0x77600000| Untracked 
|  61|0x77700000, 0x77700000, 0x77800000|  0%| F|  |TAMS 0x77700000, 0x77700000| Untracked 
|  62|0x77800000, 0x77800000, 0x77900000|  0%| F|  |TAMS 0x77800000, 0x77800000| Untracked 
|  63|0x77900000, 0x77900000, 0x77a00000|  0%| F|  |TAMS 0x77900000, 0x77900000| Untracked 
|  64|0x77a00000, 0x77b00000, 0x77b00000|100%| O|  |TAMS 0x77b00000, 0x77a00000| Untracked 
|  65|0x77b00000, 0x77c00000, 0x77c00000|100%| O|  |TAMS 0x77c00000, 0x77b00000| Untracked 
|  66|0x77c00000, 0x77d00000, 0x77d00000|100%| O|  |TAMS 0x77d00000, 0x77c00000| Untracked 
|  67|0x77d00000, 0x77e00000, 0x77e00000|100%| O|  |TAMS 0x77e00000, 0x77d00000| Untracked 
|  68|0x77e00000, 0x77e00000, 0x77f00000|  0%| F|  |TAMS 0x77e00000, 0x77e00000| Untracked 
|  69|0x77f00000, 0x77f00000, 0x78000000|  0%| F|  |TAMS 0x77f00000, 0x77f00000| Untracked 
|  70|0x78000000, 0x78000000, 0x78100000|  0%| F|  |TAMS 0x78000000, 0x78000000| Untracked 
|  71|0x78100000, 0x78100000, 0x78200000|  0%| F|  |TAMS 0x78100000, 0x78100000| Untracked 
|  72|0x78200000, 0x78200000, 0x78300000|  0%| F|  |TAMS 0x78200000, 0x78200000| Untracked 
|  73|0x78300000, 0x78300000, 0x78400000|  0%| F|  |TAMS 0x78300000, 0x78300000| Untracked 
|  74|0x78400000, 0x78500000, 0x78500000|100%|HS|  |TAMS 0x78500000, 0x78400000| Complete 
|  75|0x78500000, 0x78600000, 0x78600000|100%|HC|  |TAMS 0x78600000, 0x78500000| Complete 
|  76|0x78600000, 0x78700000, 0x78700000|100%| O|  |TAMS 0x78700000, 0x78600000| Untracked 
|  77|0x78700000, 0x78700000, 0x78800000|  0%| F|  |TAMS 0x78700000, 0x78700000| Untracked 
|  78|0x78800000, 0x78800000, 0x78900000|  0%| F|  |TAMS 0x78800000, 0x78800000| Untracked 
|  79|0x78900000, 0x78900000, 0x78a00000|  0%| F|  |TAMS 0x78900000, 0x78900000| Untracked 
|  80|0x78a00000, 0x78a00000, 0x78b00000|  0%| F|  |TAMS 0x78a00000, 0x78a00000| Untracked 
|  81|0x78b00000, 0x78b00000, 0x78c00000|  0%| F|  |TAMS 0x78b00000, 0x78b00000| Untracked 
|  82|0x78c00000, 0x78c00000, 0x78d00000|  0%| F|  |TAMS 0x78c00000, 0x78c00000| Untracked 
|  83|0x78d00000, 0x78d00000, 0x78e00000|  0%| F|  |TAMS 0x78d00000, 0x78d00000| Untracked 
|  84|0x78e00000, 0x78e00000, 0x78f00000|  0%| F|  |TAMS 0x78e00000, 0x78e00000| Untracked 
|  85|0x78f00000, 0x78f00000, 0x79000000|  0%| F|  |TAMS 0x78f00000, 0x78f00000| Untracked 
|  86|0x79000000, 0x79100000, 0x79100000|100%|HS|  |TAMS 0x79100000, 0x79000000| Complete 
|  87|0x79100000, 0x79200000, 0x79200000|100%|HC|  |TAMS 0x79200000, 0x79100000| Complete 
|  88|0x79200000, 0x79300000, 0x79300000|100%|HC|  |TAMS 0x79300000, 0x79200000| Complete 
|  89|0x79300000, 0x79400000, 0x79400000|100%|HC|  |TAMS 0x79400000, 0x79300000| Complete 
|  90|0x79400000, 0x79500000, 0x79500000|100%|HC|  |TAMS 0x79500000, 0x79400000| Complete 
|  91|0x79500000, 0x79600000, 0x79600000|100%|HC|  |TAMS 0x79600000, 0x79500000| Complete 
|  92|0x79600000, 0x79700000, 0x79700000|100%|HC|  |TAMS 0x79700000, 0x79600000| Complete 
|  93|0x79700000, 0x79800000, 0x79800000|100%|HC|  |TAMS 0x79800000, 0x79700000| Complete 
|  94|0x79800000, 0x79900000, 0x79900000|100%|HC|  |TAMS 0x79900000, 0x79800000| Complete 
|  95|0x79900000, 0x79a00000, 0x79a00000|100%|HC|  |TAMS 0x79a00000, 0x79900000| Complete 
|  96|0x79a00000, 0x79b00000, 0x79b00000|100%|HC|  |TAMS 0x79b00000, 0x79a00000| Complete 
|  97|0x79b00000, 0x79c00000, 0x79c00000|100%|HC|  |TAMS 0x79c00000, 0x79b00000| Complete 
|  98|0x79c00000, 0x79d00000, 0x79d00000|100%|HC|  |TAMS 0x79d00000, 0x79c00000| Complete 
|  99|0x79d00000, 0x79e00000, 0x79e00000|100%|HC|  |TAMS 0x79e00000, 0x79d00000| Complete 
| 100|0x79e00000, 0x79f00000, 0x79f00000|100%|HC|  |TAMS 0x79f00000, 0x79e00000| Complete 
| 101|0x79f00000, 0x7a000000, 0x7a000000|100%|HC|  |TAMS 0x7a000000, 0x79f00000| Complete 
| 102|0x7a000000, 0x7a100000, 0x7a100000|100%|HC|  |TAMS 0x7a100000, 0x7a000000| Complete 
| 103|0x7a100000, 0x7a100000, 0x7a200000|  0%| F|  |TAMS 0x7a100000, 0x7a100000| Untracked 
| 104|0x7a200000, 0x7a200000, 0x7a300000|  0%| F|  |TAMS 0x7a200000, 0x7a200000| Untracked 
| 105|0x7a300000, 0x7a300000, 0x7a400000|  0%| F|  |TAMS 0x7a300000, 0x7a300000| Untracked 
| 106|0x7a400000, 0x7a400000, 0x7a500000|  0%| F|  |TAMS 0x7a400000, 0x7a400000| Untracked 
| 107|0x7a500000, 0x7a500000, 0x7a600000|  0%| F|  |TAMS 0x7a500000, 0x7a500000| Untracked 
| 108|0x7a600000, 0x7a600000, 0x7a700000|  0%| F|  |TAMS 0x7a600000, 0x7a600000| Untracked 
| 109|0x7a700000, 0x7a800000, 0x7a800000|100%| O|  |TAMS 0x7a800000, 0x7a700000| Untracked 
| 110|0x7a800000, 0x7a900000, 0x7a900000|100%| O|  |TAMS 0x7a900000, 0x7a800000| Untracked 
| 111|0x7a900000, 0x7aa00000, 0x7aa00000|100%|HS|  |TAMS 0x7aa00000, 0x7a900000| Complete 
| 112|0x7aa00000, 0x7ab00000, 0x7ab00000|100%|HC|  |TAMS 0x7ab00000, 0x7aa00000| Complete 
| 113|0x7ab00000, 0x7ac00000, 0x7ac00000|100%| O|  |TAMS 0x7ac00000, 0x7ab00000| Untracked 
| 114|0x7ac00000, 0x7ad00000, 0x7ad00000|100%|HS|  |TAMS 0x7ad00000, 0x7ac00000| Complete 
| 115|0x7ad00000, 0x7ae00000, 0x7ae00000|100%|HC|  |TAMS 0x7ae00000, 0x7ad00000| Complete 
| 116|0x7ae00000, 0x7af00000, 0x7af00000|100%|HC|  |TAMS 0x7af00000, 0x7ae00000| Complete 
| 117|0x7af00000, 0x7af00000, 0x7b000000|  0%| F|  |TAMS 0x7af00000, 0x7af00000| Untracked 
| 118|0x7b000000, 0x7b000000, 0x7b100000|  0%| F|  |TAMS 0x7b000000, 0x7b000000| Untracked 
| 119|0x7b100000, 0x7b100000, 0x7b200000|  0%| F|  |TAMS 0x7b100000, 0x7b100000| Untracked 
| 120|0x7b200000, 0x7b200000, 0x7b300000|  0%| F|  |TAMS 0x7b200000, 0x7b200000| Untracked 
| 121|0x7b300000, 0x7b300000, 0x7b400000|  0%| F|  |TAMS 0x7b300000, 0x7b300000| Untracked 
| 122|0x7b400000, 0x7b400000, 0x7b500000|  0%| F|  |TAMS 0x7b400000, 0x7b400000| Untracked 
| 123|0x7b500000, 0x7b500000, 0x7b600000|  0%| F|  |TAMS 0x7b500000, 0x7b500000| Untracked 
| 124|0x7b600000, 0x7b600000, 0x7b700000|  0%| F|  |TAMS 0x7b600000, 0x7b600000| Untracked 
| 125|0x7b700000, 0x7b700000, 0x7b800000|  0%| F|  |TAMS 0x7b700000, 0x7b700000| Untracked 
| 126|0x7b800000, 0x7b800000, 0x7b900000|  0%| F|  |TAMS 0x7b800000, 0x7b800000| Untracked 
| 127|0x7b900000, 0x7b900000, 0x7ba00000|  0%| F|  |TAMS 0x7b900000, 0x7b900000| Untracked 
| 128|0x7ba00000, 0x7ba00000, 0x7bb00000|  0%| F|  |TAMS 0x7ba00000, 0x7ba00000| Untracked 
| 129|0x7bb00000, 0x7bb00000, 0x7bc00000|  0%| F|  |TAMS 0x7bb00000, 0x7bb00000| Untracked 
| 130|0x7bc00000, 0x7bc00000, 0x7bd00000|  0%| F|  |TAMS 0x7bc00000, 0x7bc00000| Untracked 
| 131|0x7bd00000, 0x7bd00000, 0x7be00000|  0%| F|  |TAMS 0x7bd00000, 0x7bd00000| Untracked 
| 132|0x7be00000, 0x7be00000, 0x7bf00000|  0%| F|  |TAMS 0x7be00000, 0x7be00000| Untracked 
| 133|0x7bf00000, 0x7bf00000, 0x7c000000|  0%| F|  |TAMS 0x7bf00000, 0x7bf00000| Untracked 
| 134|0x7c000000, 0x7c000000, 0x7c100000|  0%| F|  |TAMS 0x7c000000, 0x7c000000| Untracked 
| 135|0x7c100000, 0x7c200000, 0x7c200000|100%| O|  |TAMS 0x7c200000, 0x7c100000| Untracked 
| 136|0x7c200000, 0x7c200000, 0x7c300000|  0%| F|  |TAMS 0x7c200000, 0x7c200000| Untracked 
| 137|0x7c300000, 0x7c400000, 0x7c400000|100%|HS|  |TAMS 0x7c400000, 0x7c300000| Complete 
| 138|0x7c400000, 0x7c500000, 0x7c500000|100%|HC|  |TAMS 0x7c500000, 0x7c400000| Complete 
| 139|0x7c500000, 0x7c600000, 0x7c600000|100%|HC|  |TAMS 0x7c600000, 0x7c500000| Complete 
| 140|0x7c600000, 0x7c700000, 0x7c700000|100%|HC|  |TAMS 0x7c700000, 0x7c600000| Complete 
| 141|0x7c700000, 0x7c800000, 0x7c800000|100%|HC|  |TAMS 0x7c800000, 0x7c700000| Complete 
| 142|0x7c800000, 0x7c900000, 0x7c900000|100%|HC|  |TAMS 0x7c900000, 0x7c800000| Complete 
| 143|0x7c900000, 0x7ca00000, 0x7ca00000|100%|HC|  |TAMS 0x7ca00000, 0x7c900000| Complete 
| 144|0x7ca00000, 0x7ca00000, 0x7cb00000|  0%| F|  |TAMS 0x7ca00000, 0x7ca00000| Untracked 
| 145|0x7cb00000, 0x7cb00000, 0x7cc00000|  0%| F|  |TAMS 0x7cb00000, 0x7cb00000| Untracked 
| 146|0x7cc00000, 0x7cc00000, 0x7cd00000|  0%| F|  |TAMS 0x7cc00000, 0x7cc00000| Untracked 
| 147|0x7cd00000, 0x7ce00000, 0x7ce00000|100%|HS|  |TAMS 0x7ce00000, 0x7cd00000| Complete 
| 148|0x7ce00000, 0x7cf00000, 0x7cf00000|100%|HC|  |TAMS 0x7cf00000, 0x7ce00000| Complete 
| 149|0x7cf00000, 0x7d000000, 0x7d000000|100%|HC|  |TAMS 0x7d000000, 0x7cf00000| Complete 
| 150|0x7d000000, 0x7d100000, 0x7d100000|100%|HC|  |TAMS 0x7d100000, 0x7d000000| Complete 
| 151|0x7d100000, 0x7d200000, 0x7d200000|100%|HC|  |TAMS 0x7d200000, 0x7d100000| Complete 
| 152|0x7d200000, 0x7d300000, 0x7d300000|100%|HC|  |TAMS 0x7d300000, 0x7d200000| Complete 
| 153|0x7d300000, 0x7d400000, 0x7d400000|100%|HC|  |TAMS 0x7d400000, 0x7d300000| Complete 
| 154|0x7d400000, 0x7d500000, 0x7d500000|100%|HC|  |TAMS 0x7d500000, 0x7d400000| Complete 
| 155|0x7d500000, 0x7d600000, 0x7d600000|100%|HC|  |TAMS 0x7d600000, 0x7d500000| Complete 
| 156|0x7d600000, 0x7d700000, 0x7d700000|100%|HC|  |TAMS 0x7d700000, 0x7d600000| Complete 
| 157|0x7d700000, 0x7d800000, 0x7d800000|100%|HC|  |TAMS 0x7d800000, 0x7d700000| Complete 
| 158|0x7d800000, 0x7d900000, 0x7d900000|100%|HC|  |TAMS 0x7d900000, 0x7d800000| Complete 
| 159|0x7d900000, 0x7da00000, 0x7da00000|100%|HC|  |TAMS 0x7da00000, 0x7d900000| Complete 
| 160|0x7da00000, 0x7db00000, 0x7db00000|100%|HC|  |TAMS 0x7db00000, 0x7da00000| Complete 
| 161|0x7db00000, 0x7dc00000, 0x7dc00000|100%|HC|  |TAMS 0x7dc00000, 0x7db00000| Complete 
| 162|0x7dc00000, 0x7dd00000, 0x7dd00000|100%|HC|  |TAMS 0x7dd00000, 0x7dc00000| Complete 
| 163|0x7dd00000, 0x7de00000, 0x7de00000|100%|HC|  |TAMS 0x7de00000, 0x7dd00000| Complete 
| 164|0x7de00000, 0x7df00000, 0x7df00000|100%|HC|  |TAMS 0x7df00000, 0x7de00000| Complete 
| 165|0x7df00000, 0x7e000000, 0x7e000000|100%|HC|  |TAMS 0x7e000000, 0x7df00000| Complete 
| 166|0x7e000000, 0x7e100000, 0x7e100000|100%|HC|  |TAMS 0x7e100000, 0x7e000000| Complete 
| 167|0x7e100000, 0x7e200000, 0x7e200000|100%|HC|  |TAMS 0x7e200000, 0x7e100000| Complete 
| 168|0x7e200000, 0x7e300000, 0x7e300000|100%|HC|  |TAMS 0x7e300000, 0x7e200000| Complete 
| 169|0x7e300000, 0x7e400000, 0x7e400000|100%|HC|  |TAMS 0x7e400000, 0x7e300000| Complete 
| 170|0x7e400000, 0x7e500000, 0x7e500000|100%|HC|  |TAMS 0x7e500000, 0x7e400000| Complete 
| 171|0x7e500000, 0x7e600000, 0x7e600000|100%|HC|  |TAMS 0x7e600000, 0x7e500000| Complete 
| 172|0x7e600000, 0x7e700000, 0x7e700000|100%|HC|  |TAMS 0x7e700000, 0x7e600000| Complete 
| 173|0x7e700000, 0x7e800000, 0x7e800000|100%|HC|  |TAMS 0x7e800000, 0x7e700000| Complete 
| 174|0x7e800000, 0x7e900000, 0x7e900000|100%|HC|  |TAMS 0x7e900000, 0x7e800000| Complete 
| 175|0x7e900000, 0x7ea00000, 0x7ea00000|100%|HC|  |TAMS 0x7ea00000, 0x7e900000| Complete 
| 176|0x7ea00000, 0x7eb00000, 0x7eb00000|100%|HC|  |TAMS 0x7eb00000, 0x7ea00000| Complete 
| 177|0x7eb00000, 0x7ec00000, 0x7ec00000|100%|HC|  |TAMS 0x7ec00000, 0x7eb00000| Complete 
| 178|0x7ec00000, 0x7ed00000, 0x7ed00000|100%|HC|  |TAMS 0x7ed00000, 0x7ec00000| Complete 
| 179|0x7ed00000, 0x7ee00000, 0x7ee00000|100%|HC|  |TAMS 0x7ee00000, 0x7ed00000| Complete 
| 180|0x7ee00000, 0x7ef00000, 0x7ef00000|100%|HC|  |TAMS 0x7ef00000, 0x7ee00000| Complete 
| 181|0x7ef00000, 0x7f000000, 0x7f000000|100%|HC|  |TAMS 0x7f000000, 0x7ef00000| Complete 
| 182|0x7f000000, 0x7f100000, 0x7f100000|100%|HC|  |TAMS 0x7f100000, 0x7f000000| Complete 
| 183|0x7f100000, 0x7f200000, 0x7f200000|100%|HC|  |TAMS 0x7f200000, 0x7f100000| Complete 
| 184|0x7f200000, 0x7f300000, 0x7f300000|100%|HC|  |TAMS 0x7f300000, 0x7f200000| Complete 
| 185|0x7f300000, 0x7f400000, 0x7f400000|100%|HC|  |TAMS 0x7f400000, 0x7f300000| Complete 
| 186|0x7f400000, 0x7f500000, 0x7f500000|100%|HC|  |TAMS 0x7f500000, 0x7f400000| Complete 
| 187|0x7f500000, 0x7f600000, 0x7f600000|100%|HC|  |TAMS 0x7f600000, 0x7f500000| Complete 
| 188|0x7f600000, 0x7f700000, 0x7f700000|100%|HC|  |TAMS 0x7f700000, 0x7f600000| Complete 
| 189|0x7f700000, 0x7f700000, 0x7f800000|  0%| F|  |TAMS 0x7f700000, 0x7f700000| Untracked 
| 190|0x7f800000, 0x7f800000, 0x7f900000|  0%| F|  |TAMS 0x7f800000, 0x7f800000| Untracked 
| 191|0x7f900000, 0x7fa00000, 0x7fa00000|100%| O|  |TAMS 0x7fa00000, 0x7f900000| Untracked 
| 192|0x7fa00000, 0x7fa00000, 0x7fb00000|  0%| F|  |TAMS 0x7fa00000, 0x7fa00000| Untracked 
| 193|0x7fb00000, 0x7fc00000, 0x7fc00000|100%| O|  |TAMS 0x7fc00000, 0x7fb00000| Untracked 
| 194|0x7fc00000, 0x7fc00000, 0x7fd00000|  0%| F|  |TAMS 0x7fc00000, 0x7fc00000| Untracked 
| 195|0x7fd00000, 0x7fd00000, 0x7fe00000|  0%| F|  |TAMS 0x7fd00000, 0x7fd00000| Untracked 
| 196|0x7fe00000, 0x7fe3d640, 0x7ff00000| 23%| E|  |TAMS 0x7fe00000, 0x7fe00000| Complete 
| 197|0x7ff00000, 0x80000000, 0x80000000|100%| E|CS|TAMS 0x7ff00000, 0x7ff00000| Complete 
| 198|0x80000000, 0x80100000, 0x80100000|100%| E|CS|TAMS 0x80000000, 0x80000000| Complete 
| 199|0x80100000, 0x80200000, 0x80200000|100%| E|CS|TAMS 0x80100000, 0x80100000| Complete 
| 200|0x80200000, 0x80300000, 0x80300000|100%| E|CS|TAMS 0x80200000, 0x80200000| Complete 
| 201|0x80300000, 0x80400000, 0x80400000|100%| E|CS|TAMS 0x80300000, 0x80300000| Complete 
| 202|0x80400000, 0x80500000, 0x80500000|100%| E|CS|TAMS 0x80400000, 0x80400000| Complete 
| 203|0x80500000, 0x80600000, 0x80600000|100%| O|  |TAMS 0x80600000, 0x80500000| Untracked 
| 204|0x80600000, 0x80700000, 0x80700000|100%| E|CS|TAMS 0x80600000, 0x80600000| Complete 
| 205|0x80700000, 0x80800000, 0x80800000|100%| O|  |TAMS 0x80800000, 0x80700000| Untracked 

Card table byte_map: [0x73600000,0x73800000] _byte_map_base: 0x73263000

Marking Bits (Prev, Next): (CMBitMap*) 0xb5f75788, (CMBitMap*) 0xb5f7576c
 Prev Bits: [0x71400000, 0x72400000)
 Next Bits: [0x72400000, 0x73400000)

Polling page: 0xb6fcf000

Metaspace:

Usage:
   14.20 MB capacity,    14.04 MB ( 99%) used,   106.82 KB ( <1%) free+waste,    55.23 KB ( <1%) overhead. 

Virtual space:
     15.30 MB reserved,      14.77 MB ( 97%) committed 

Chunk freelists:
491.50 KB

MaxMetaspaceSize: unlimited
No class space
Initial GC threshold: 16.00 MB
Current GC threshold: 24.21 MB
CDS: off

CodeCache: size=32768Kb used=1780Kb max_used=1792Kb free=30988Kb
 bounds [0xb3ce2000, 0xb3eaa000, 0xb5ce2000]
 total_blobs=1083 nmethods=809 adapters=227
 compilation: enabled
              stopped_count=0, restarted_count=0
 full_count=0

Compilation events (20 events):
Event: 7332.437 Thread 0x70747400  799 % !         java.util.TimerThread::mainLoop @ 0 (232 bytes)
Event: 7332.477 Thread 0x70747400 nmethod 799% 0xb3e8f388 code [0xb3e8f4f0, 0xb3e8fd84]
Event: 15443.258 Thread 0x70747400  800 % !         sun.awt.X11.XToolkit::run @ 59 (384 bytes)
Event: 15443.321 Thread 0x70747400 nmethod 800% 0xb3e90388 code [0xb3e906d0, 0xb3e912d0]
Event: 16376.438 Thread 0x70747400  801             java.awt.Container::findComponentAtImpl (161 bytes)
Event: 16376.466 Thread 0x70747400 nmethod 801 0xb3e98188 code [0xb3e982c0, 0xb3e98638]
Event: 18776.441 Thread 0x70747400  802             sun.font.CMap$CMapFormat12::getGlyph (138 bytes)
Event: 18776.454 Thread 0x70747400 nmethod 802 0xb3e8ab08 code [0xb3e8ac20, 0xb3e8aec8]
Event: 19976.439 Thread 0x70747400  803             sun.awt.SunToolkit::getContainingWindow (24 bytes)
Event: 19976.444 Thread 0x70747400 nmethod 803 0xb3e98c08 code [0xb3e98d10, 0xb3e98dbc]
Event: 24056.439 Thread 0x70747400  804             java.awt.Container::validateTree (153 bytes)
Event: 24056.488 Thread 0x70747400 nmethod 804 0xb3e98f08 code [0xb3e99150, 0xb3e99ad0]
Event: 26515.437 Thread 0x70747400  805             useful_classes.SendExecution::compareDateStrings (180 bytes)
Event: 26515.497 Thread 0x70747400 nmethod 805 0xb3e9c808 code [0xb3e9c990, 0xb3e9d294]
Event: 32014.670 Thread 0x70747400  806   !         java.awt.Container::getMouseEventTargetImpl (255 bytes)
Event: 32014.709 Thread 0x70747400 nmethod 806 0xb3e9da88 code [0xb3e9dc40, 0xb3e9e510]
Event: 38583.884 Thread 0x70747400  807             java.util.Hashtable::rehash (142 bytes)
Event: 38583.922 Thread 0x70747400 nmethod 807 0xb3e8eb88 code [0xb3e8eca0, 0xb3e8f1c8]
Event: 38583.938 Thread 0x70747400  808   !         javax.swing.JComponent::paintChildren (691 bytes)
Event: 38584.056 Thread 0x70747400 nmethod 808 0xb3ea1a88 code [0xb3ea1d60, 0xb3ea43a8]

GC Heap History (20 events):
Event: 2881.437 GC heap before
{Heap before GC invocations=108 (full 0):
 garbage-first heap   total 210944K, used 111326K [0x73a00000, 0xb3a00000)
  region size 1024K, 10 young (10240K), 1 survivors (1024K)
 Metaspace       used 14136K, capacity 14297K, committed 14872K, reserved 15664K
}
Event: 2881.451 GC heap after
{Heap after GC invocations=109 (full 0):
 garbage-first heap   total 210944K, used 102085K [0x73a00000, 0xb3a00000)
  region size 1024K, 1 young (1024K), 1 survivors (1024K)
 Metaspace       used 14136K, capacity 14297K, committed 14872K, reserved 15664K
}
Event: 5739.437 GC heap before
{Heap before GC invocations=109 (full 0):
 garbage-first heap   total 210944K, used 139973K [0x73a00000, 0xb3a00000)
  region size 1024K, 38 young (38912K), 1 survivors (1024K)
 Metaspace       used 14140K, capacity 14297K, committed 14872K, reserved 15664K
}
Event: 5739.441 GC heap after
{Heap after GC invocations=110 (full 0):
 garbage-first heap   total 210944K, used 102144K [0x73a00000, 0xb3a00000)
  region size 1024K, 1 young (1024K), 1 survivors (1024K)
 Metaspace       used 14140K, capacity 14297K, committed 14872K, reserved 15664K
}
Event: 8801.436 GC heap before
{Heap before GC invocations=111 (full 0):
 garbage-first heap   total 210944K, used 142080K [0x73a00000, 0xb3a00000)
  region size 1024K, 40 young (40960K), 1 survivors (1024K)
 Metaspace       used 14142K, capacity 14297K, committed 14872K, reserved 15664K
}
Event: 8801.447 GC heap after
{Heap after GC invocations=112 (full 0):
 garbage-first heap   total 210944K, used 102126K [0x73a00000, 0xb3a00000)
  region size 1024K, 1 young (1024K), 1 survivors (1024K)
 Metaspace       used 14142K, capacity 14297K, committed 14872K, reserved 15664K
}
Event: 12108.437 GC heap before
{Heap before GC invocations=112 (full 0):
 garbage-first heap   total 210944K, used 145134K [0x73a00000, 0xb3a00000)
  region size 1024K, 43 young (44032K), 1 survivors (1024K)
 Metaspace       used 14142K, capacity 14297K, committed 14872K, reserved 15664K
}
Event: 12108.444 GC heap after
{Heap after GC invocations=113 (full 0):
 garbage-first heap   total 210944K, used 102132K [0x73a00000, 0xb3a00000)
  region size 1024K, 1 young (1024K), 1 survivors (1024K)
 Metaspace       used 14142K, capacity 14297K, committed 14872K, reserved 15664K
}
Event: 15656.439 GC heap before
{Heap before GC invocations=114 (full 0):
 garbage-first heap   total 210944K, used 149236K [0x73a00000, 0xb3a00000)
  region size 1024K, 47 young (48128K), 1 survivors (1024K)
 Metaspace       used 14149K, capacity 14297K, committed 14872K, reserved 15664K
}
Event: 15656.448 GC heap after
{Heap after GC invocations=115 (full 0):
 garbage-first heap   total 210944K, used 102179K [0x73a00000, 0xb3a00000)
  region size 1024K, 1 young (1024K), 1 survivors (1024K)
 Metaspace       used 14149K, capacity 14297K, committed 14872K, reserved 15664K
}
Event: 19635.437 GC heap before
{Heap before GC invocations=115 (full 0):
 garbage-first heap   total 210944K, used 153379K [0x73a00000, 0xb3a00000)
  region size 1024K, 51 young (52224K), 1 survivors (1024K)
 Metaspace       used 14150K, capacity 14297K, committed 14872K, reserved 15664K
}
Event: 19635.444 GC heap after
{Heap after GC invocations=116 (full 0):
 garbage-first heap   total 210944K, used 102175K [0x73a00000, 0xb3a00000)
  region size 1024K, 1 young (1024K), 1 survivors (1024K)
 Metaspace       used 14150K, capacity 14297K, committed 14872K, reserved 15664K
}
Event: 23945.437 GC heap before
{Heap before GC invocations=117 (full 0):
 garbage-first heap   total 210944K, used 157471K [0x73a00000, 0xb3a00000)
  region size 1024K, 55 young (56320K), 1 survivors (1024K)
 Metaspace       used 14150K, capacity 14297K, committed 14872K, reserved 15664K
}
Event: 23945.444 GC heap after
{Heap after GC invocations=118 (full 0):
 garbage-first heap   total 210944K, used 102210K [0x73a00000, 0xb3a00000)
  region size 1024K, 1 young (1024K), 1 survivors (1024K)
 Metaspace       used 14150K, capacity 14297K, committed 14872K, reserved 15664K
}
Event: 28586.437 GC heap before
{Heap before GC invocations=118 (full 0):
 garbage-first heap   total 210944K, used 161602K [0x73a00000, 0xb3a00000)
  region size 1024K, 59 young (60416K), 1 survivors (1024K)
 Metaspace       used 14151K, capacity 14297K, committed 14872K, reserved 15664K
}
Event: 28586.449 GC heap after
{Heap after GC invocations=119 (full 0):
 garbage-first heap   total 210944K, used 102168K [0x73a00000, 0xb3a00000)
  region size 1024K, 1 young (1024K), 1 survivors (1024K)
 Metaspace       used 14151K, capacity 14297K, committed 14872K, reserved 15664K
}
Event: 33382.437 GC heap before
{Heap before GC invocations=120 (full 0):
 garbage-first heap   total 210944K, used 164632K [0x73a00000, 0xb3a00000)
  region size 1024K, 62 young (63488K), 1 survivors (1024K)
 Metaspace       used 14153K, capacity 14297K, committed 14872K, reserved 15664K
}
Event: 33382.448 GC heap after
{Heap after GC invocations=121 (full 0):
 garbage-first heap   total 210944K, used 102166K [0x73a00000, 0xb3a00000)
  region size 1024K, 1 young (1024K), 1 survivors (1024K)
 Metaspace       used 14153K, capacity 14297K, committed 14872K, reserved 15664K
}
Event: 38345.436 GC heap before
{Heap before GC invocations=121 (full 0):
 garbage-first heap   total 210944K, used 166678K [0x73a00000, 0xb3a00000)
  region size 1024K, 64 young (65536K), 1 survivors (1024K)
 Metaspace       used 14173K, capacity 14321K, committed 14872K, reserved 15664K
}
Event: 38345.447 GC heap after
{Heap after GC invocations=122 (full 0):
 garbage-first heap   total 210944K, used 102169K [0x73a00000, 0xb3a00000)
  region size 1024K, 1 young (1024K), 1 survivors (1024K)
 Metaspace       used 14173K, capacity 14321K, committed 14872K, reserved 15664K
}

Deoptimization events (20 events):
Event: 38583.935 Thread 0x6f347800 Uncommon trap: trap_request=0xffffffde fr.pc=0xb3d4170c relative=0x000001fc
Event: 38583.935 Thread 0x6f347800 Uncommon trap: reason=class_check action=maybe_recompile pc=0xb3d4170c method=java.lang.String.equals(Ljava/lang/Object;)Z @ 8 c2
Event: 38583.935 Thread 0x6f347800 DEOPT PACKING pc=0xb3d4170c sp=0x6d4fbb00
Event: 38583.935 Thread 0x6f347800 DEOPT UNPACKING pc=0xb3d11bfc sp=0x6d4fbadc mode 2
Event: 38588.376 Thread 0x6cd3d000 Uncommon trap: trap_request=0xffffffde fr.pc=0xb3e02ee8 relative=0x00000d78
Event: 38588.376 Thread 0x6cd3d000 Uncommon trap: reason=class_check action=maybe_recompile pc=0xb3e02ee8 method=java.util.concurrent.ConcurrentHashMap.putVal(Ljava/lang/Object;Ljava/lang/Object;Z)Ljava/lang/Object; @ 159 c2
Event: 38588.376 Thread 0x6cd3d000 DEOPT PACKING pc=0xb3e02ee8 sp=0x6776e350
Event: 38588.376 Thread 0x6cd3d000 DEOPT UNPACKING pc=0xb3d11bfc sp=0x6776e320 mode 2
Event: 38588.388 Thread 0x6cd17c00 Uncommon trap: trap_request=0xffffffde fr.pc=0xb3e02f2c relative=0x00000dbc
Event: 38588.389 Thread 0x6cd17c00 Uncommon trap: reason=class_check action=maybe_recompile pc=0xb3e02f2c method=java.util.concurrent.ConcurrentHashMap.putVal(Ljava/lang/Object;Ljava/lang/Object;Z)Ljava/lang/Object; @ 242 c2
Event: 38588.389 Thread 0x6cd17c00 DEOPT PACKING pc=0xb3e02f2c sp=0x6744def0
Event: 38588.389 Thread 0x6cd17c00 DEOPT UNPACKING pc=0xb3d11bfc sp=0x6744dea8 mode 2
Event: 38588.391 Thread 0x6cd17c00 Uncommon trap: trap_request=0xffffffde fr.pc=0xb3e02ee8 relative=0x00000d78
Event: 38588.391 Thread 0x6cd17c00 Uncommon trap: reason=class_check action=maybe_recompile pc=0xb3e02ee8 method=java.util.concurrent.ConcurrentHashMap.putVal(Ljava/lang/Object;Ljava/lang/Object;Z)Ljava/lang/Object; @ 159 c2
Event: 38588.391 Thread 0x6cd17c00 DEOPT PACKING pc=0xb3e02ee8 sp=0x6744dd70
Event: 38588.391 Thread 0x6cd17c00 DEOPT UNPACKING pc=0xb3d11bfc sp=0x6744dd40 mode 2
Event: 38588.392 Thread 0x6cd3d000 Uncommon trap: trap_request=0xffffffde fr.pc=0xb3e02ee8 relative=0x00000d78
Event: 38588.392 Thread 0x6cd3d000 Uncommon trap: reason=class_check action=maybe_recompile pc=0xb3e02ee8 method=java.util.concurrent.ConcurrentHashMap.putVal(Ljava/lang/Object;Ljava/lang/Object;Z)Ljava/lang/Object; @ 159 c2
Event: 38588.392 Thread 0x6cd3d000 DEOPT PACKING pc=0xb3e02ee8 sp=0x6776de78
Event: 38588.392 Thread 0x6cd3d000 DEOPT UNPACKING pc=0xb3d11bfc sp=0x6776de48 mode 2

Classes redefined (0 events):
No events

Internal exceptions (20 events):
Event: 7.813 Thread 0x6f347800 Exception <a 'java/lang/NoSuchMethodError'{0x7c18a498}: 'java.lang.Object java.lang.invoke.Invokers$Holder.linkToTargetMethod(int, java.lang.Object, java.lang.Object, java.lang.Object)'> (0x7c18a498) thrown at [./src/hotspot/share/interpreter/linkResolver.cpp, line 772]
Event: 7.839 Thread 0x6f347800 Exception <a 'java/lang/NoSuchMethodError'{0x7c1eeed0}: 'java.lang.Object java.lang.invoke.DirectMethodHandle$Holder.invokeSpecial(java.lang.Object, java.lang.Object, int, int, java.lang.Object, int, java.lang.Object)'> (0x7c1eeed0) thrown at [./src/hotspot/share/interpreter/linkResolver.cpp, line 772]
Event: 7.839 Thread 0x6f347800 Exception <a 'java/lang/NoSuchMethodError'{0x7c1f26c8}: 'java.lang.Object java.lang.invoke.DelegatingMethodHandle$Holder.reinvoke_L(java.lang.Object, int, int, java.lang.Object, int, java.lang.Object)'> (0x7c1f26c8) thrown at [./src/hotspot/share/interpreter/linkResolver.cpp, line 772]
Event: 7.849 Thread 0x6f347800 Exception <a 'java/lang/NoSuchMethodError'{0x7cd04120}: 'java.lang.Object java.lang.invoke.DirectMethodHandle$Holder.invokeSpecial(java.lang.Object, java.lang.Object, java.lang.Object, int, java.lang.Object)'> (0x7cd04120) thrown at [./src/hotspot/share/interpreter/linkResolver.cpp, line 772]
Event: 7.850 Thread 0x6f347800 Exception <a 'java/lang/NoSuchMethodError'{0x7cd07870}: 'java.lang.Object java.lang.invoke.Invokers$Holder.linkToTargetMethod(java.lang.Object, int, java.lang.Object, java.lang.Object)'> (0x7cd07870) thrown at [./src/hotspot/share/interpreter/linkResolver.cpp, line 772]
Event: 9.502 Thread 0x6f347800 Exception <a 'java/lang/NoSuchMethodError'{0x7fd5e018}: 'void java.lang.invoke.DirectMethodHandle$Holder.invokeStaticInit(java.lang.Object)'> (0x7fd5e018) thrown at [./src/hotspot/share/interpreter/linkResolver.cpp, line 772]
Event: 10.147 Thread 0x6f347800 Exception <a 'java/lang/NoSuchMethodError'{0x7fc57860}: 'java.lang.Object java.lang.invoke.DirectMethodHandle$Holder.invokeSpecial(java.lang.Object, java.lang.Object, int, int, java.lang.Object, java.lang.Object, java.lang.Object, java.lang.Object, java.lang.Object)'> (0x7fc57860) thrown at [./src/hotspot/share/interpreter/linkResolver.cpp, line 772]
Event: 10.148 Thread 0x6f347800 Exception <a 'java/lang/NoSuchMethodError'{0x7fc5ba88}: 'java.lang.Object java.lang.invoke.DelegatingMethodHandle$Holder.reinvoke_L(java.lang.Object, int, int, java.lang.Object, java.lang.Object, java.lang.Object, java.lang.Object, java.lang.Object)'> (0x7fc5ba88) thrown at [./src/hotspot/share/interpreter/linkResolver.cpp, line 772]
Event: 10.161 Thread 0x6f347800 Exception <a 'java/lang/NoSuchMethodError'{0x7fcaace0}: 'java.lang.Object java.lang.invoke.DirectMethodHandle$Holder.invokeStatic(java.lang.Object, java.lang.Object, java.lang.Object, java.lang.Object, java.lang.Object, java.lang.Object, java.lang.Object, java.lang.Object, java.lang.Object, java.lang.Object, int, int, java.lang.Object, java.lang.Object)'> (0x7fcaace0) thrown at [./src/hotspot/share/interpreter/linkResolver.cpp, line 772]
Event: 10.167 Thread 0x6f347800 Exception <a 'java/lang/NoSuchMethodError'{0x7fccdd60}: 'java.lang.Object java.lang.invoke.DirectMethodHandle$Holder.invokeStatic(java.lang.Object, java.lang.Object, java.lang.Object, java.lang.Object, java.lang.Object, java.lang.Object, java.lang.Object, java.lang.Object, java.lang.Object, java.lang.Object, int, int, java.lang.Object, java.lang.Object, java.lang.Object)'> (0x7fccdd60) thrown at [./src/hotspot/share/interpreter/linkResolver.cpp, line 772]
Event: 10.207 Thread 0x6f347800 Exception <a 'java/lang/NoSuchMethodError'{0x804029a8}: 'java.lang.Object java.lang.invoke.Invokers$Holder.linkToTargetMethod(java.lang.Object, java.lang.Object, java.lang.Object, java.lang.Object, java.lang.Object, java.lang.Object)'> (0x804029a8) thrown at [./src/hotspot/share/interpreter/linkResolver.cpp, line 772]
Event: 10.251 Thread 0x6f347800 Exception <a 'java/lang/NoSuchMethodError'{0x804957e0}: 'java.lang.Object java.lang.invoke.DirectMethodHandle$Holder.invokeSpecial(java.lang.Object, java.lang.Object, int, int, java.lang.Object, java.lang.Object, java.lang.Object, java.lang.Object)'> (0x804957e0) thrown at [./src/hotspot/share/interpreter/linkResolver.cpp, line 772]
Event: 10.252 Thread 0x6f347800 Exception <a 'java/lang/NoSuchMethodError'{0x804994a8}: 'java.lang.Object java.lang.invoke.DelegatingMethodHandle$Holder.reinvoke_L(java.lang.Object, int, int, java.lang.Object, java.lang.Object, java.lang.Object, java.lang.Object)'> (0x804994a8) thrown at [./src/hotspot/share/interpreter/linkResolver.cpp, line 772]
Event: 10.402 Thread 0x6f347800 Implicit null exception at 0xb3df2070 to 0xb3df2b14
Event: 10.403 Thread 0x6f347800 Implicit null exception at 0xb3df2070 to 0xb3df2b14
Event: 13.864 Thread 0xb3be2800 Implicit null exception at 0xb3e0a25c to 0xb3e0a41c
Event: 25.332 Thread 0x6f347800 Implicit null exception at 0xb3e324bc to 0xb3e325cc
Event: 27.214 Thread 0x6f347800 Implicit null exception at 0xb3ddeda8 to 0xb3ddedf0
Event: 27.294 Thread 0x6cdf3c00 Implicit null exception at 0xb3e068d8 to 0xb3e06abc
Event: 14083.001 Thread 0x6f347800 Implicit null exception at 0xb3e3bf14 to 0xb3e3d9d4

Events (20 events):
Event: 38588.394 Executing VM operation: RevokeBias
Event: 38588.394 Protecting memory [0xb6fcf000,0xb6fd0000] with protection modes 0
Event: 38588.396 Protecting memory [0xb6fcf000,0xb6fd0000] with protection modes 1
Event: 38588.396 Executing VM operation: RevokeBias done
Event: 38588.411 loading class com/pi4j/library/pigpio/impl/PiGpioBase
Event: 38588.411 loading class com/pi4j/library/pigpio/impl/PiGpioBase done
Event: 38588.411 loading class com/pi4j/library/pigpio/impl/PiGpioBase
Event: 38588.411 loading class com/pi4j/library/pigpio/impl/PiGpioBase done
Event: 38588.411 Executing VM operation: RevokeBias
Event: 38588.411 Protecting memory [0xb6fcf000,0xb6fd0000] with protection modes 0
Event: 38588.412 Protecting memory [0xb6fcf000,0xb6fd0000] with protection modes 1
Event: 38588.412 Executing VM operation: RevokeBias done
Event: 38588.414 loading class com/pi4j/library/pigpio/impl/PiGpioBase
Event: 38588.414 loading class com/pi4j/library/pigpio/impl/PiGpioBase done
Event: 38588.414 loading class com/pi4j/library/pigpio/impl/PiGpioBase
Event: 38588.414 loading class com/pi4j/library/pigpio/impl/PiGpioBase done
Event: 38588.416 loading class com/pi4j/library/pigpio/impl/PiGpioBase
Event: 38588.416 loading class com/pi4j/library/pigpio/impl/PiGpioBase done
Event: 38588.416 loading class com/pi4j/library/pigpio/impl/PiGpioBase
Event: 38588.416 loading class com/pi4j/library/pigpio/impl/PiGpioBase done


Dynamic libraries:
00010000-00011000 r-xp 00000000 b3:02 383446     /usr/lib/jvm/java-11-openjdk-armhf/bin/java
00020000-00021000 r--p 00000000 b3:02 383446     /usr/lib/jvm/java-11-openjdk-armhf/bin/java
00021000-00022000 rw-p 00001000 b3:02 383446     /usr/lib/jvm/java-11-openjdk-armhf/bin/java
01fb5000-02047000 rw-p 00000000 00:00 0          [heap]
67400000-67403000 ---p 00000000 00:00 0 
67403000-67450000 rw-p 00000000 00:00 0 
67450000-67453000 ---p 00000000 00:00 0 
67453000-674a0000 rw-p 00000000 00:00 0 
674a0000-674a3000 ---p 00000000 00:00 0 
674a3000-674f0000 rw-p 00000000 00:00 0 
674f0000-674f3000 ---p 00000000 00:00 0 
674f3000-67540000 rw-p 00000000 00:00 0 
67540000-67543000 ---p 00000000 00:00 0 
67543000-67590000 rw-p 00000000 00:00 0 
67590000-67593000 ---p 00000000 00:00 0 
67593000-675e0000 rw-p 00000000 00:00 0 
675e0000-675e3000 ---p 00000000 00:00 0 
675e3000-67630000 rw-p 00000000 00:00 0 
67630000-67633000 ---p 00000000 00:00 0 
67633000-67680000 rw-p 00000000 00:00 0 
67680000-67683000 ---p 00000000 00:00 0 
67683000-676d0000 rw-p 00000000 00:00 0 
676d0000-676d3000 ---p 00000000 00:00 0 
676d3000-67720000 rw-p 00000000 00:00 0 
67720000-67723000 ---p 00000000 00:00 0 
67723000-67770000 rw-p 00000000 00:00 0 
67770000-67773000 ---p 00000000 00:00 0 
67773000-677c0000 rw-p 00000000 00:00 0 
677c0000-677c3000 ---p 00000000 00:00 0 
677c3000-67810000 rw-p 00000000 00:00 0 
67810000-67813000 ---p 00000000 00:00 0 
67813000-67860000 rw-p 00000000 00:00 0 
67860000-67863000 ---p 00000000 00:00 0 
67863000-678b0000 rw-p 00000000 00:00 0 
678b0000-678b3000 ---p 00000000 00:00 0 
678b3000-67900000 rw-p 00000000 00:00 0 
67900000-67903000 ---p 00000000 00:00 0 
67903000-67950000 rw-p 00000000 00:00 0 
67950000-67953000 ---p 00000000 00:00 0 
67953000-679a0000 rw-p 00000000 00:00 0 
679a0000-679a3000 ---p 00000000 00:00 0 
679a3000-679f0000 rw-p 00000000 00:00 0 
679f0000-679f3000 ---p 00000000 00:00 0 
679f3000-67a40000 rw-p 00000000 00:00 0 
67a40000-67a43000 ---p 00000000 00:00 0 
67a43000-67a90000 rw-p 00000000 00:00 0 
67a90000-67a93000 ---p 00000000 00:00 0 
67a93000-67ae0000 rw-p 00000000 00:00 0 
67ae0000-67ae3000 ---p 00000000 00:00 0 
67ae3000-67b30000 rw-p 00000000 00:00 0 
67b30000-67b33000 ---p 00000000 00:00 0 
67b33000-67b80000 rw-p 00000000 00:00 0 
67b80000-67b83000 ---p 00000000 00:00 0 
67b83000-67bd0000 rw-p 00000000 00:00 0 
67bd0000-67bd3000 ---p 00000000 00:00 0 
67bd3000-67c20000 rw-p 00000000 00:00 0 
67c20000-67c23000 ---p 00000000 00:00 0 
67c23000-67c70000 rw-p 00000000 00:00 0 
67c70000-67c73000 ---p 00000000 00:00 0 
67c73000-67cc0000 rw-p 00000000 00:00 0 
67cc0000-67cc3000 ---p 00000000 00:00 0 
67cc3000-67d10000 rw-p 00000000 00:00 0 
67d10000-67d13000 ---p 00000000 00:00 0 
67d13000-67d60000 rw-p 00000000 00:00 0 
67d60000-67d63000 ---p 00000000 00:00 0 
67d63000-67db0000 rw-p 00000000 00:00 0 
67db0000-67db3000 ---p 00000000 00:00 0 
67db3000-67e00000 rw-p 00000000 00:00 0 
67e00000-67e03000 ---p 00000000 00:00 0 
67e03000-67e50000 rw-p 00000000 00:00 0 
67e50000-67e53000 ---p 00000000 00:00 0 
67e53000-67ea0000 rw-p 00000000 00:00 0 
67ea0000-67ea3000 ---p 00000000 00:00 0 
67ea3000-67ef0000 rw-p 00000000 00:00 0 
67ef0000-67ef3000 ---p 00000000 00:00 0 
67ef3000-67f40000 rw-p 00000000 00:00 0 
67f40000-67f43000 ---p 00000000 00:00 0 
67f43000-67f90000 rw-p 00000000 00:00 0 
67f90000-67f93000 ---p 00000000 00:00 0 
67f93000-67fe0000 rw-p 00000000 00:00 0 
67fe0000-67fe3000 ---p 00000000 00:00 0 
67fe3000-68030000 rw-p 00000000 00:00 0 
68030000-68033000 ---p 00000000 00:00 0 
68033000-68080000 rw-p 00000000 00:00 0 
68080000-68083000 ---p 00000000 00:00 0 
68083000-680d0000 rw-p 00000000 00:00 0 
680d0000-680d3000 ---p 00000000 00:00 0 
680d3000-68120000 rw-p 00000000 00:00 0 
68120000-68123000 ---p 00000000 00:00 0 
68123000-68170000 rw-p 00000000 00:00 0 
68170000-68173000 ---p 00000000 00:00 0 
68173000-681c0000 rw-p 00000000 00:00 0 
681c0000-681c3000 ---p 00000000 00:00 0 
681c3000-68210000 rw-p 00000000 00:00 0 
68210000-68213000 ---p 00000000 00:00 0 
68213000-68260000 rw-p 00000000 00:00 0 
68260000-68263000 ---p 00000000 00:00 0 
68263000-682b0000 rw-p 00000000 00:00 0 
682b0000-682b3000 ---p 00000000 00:00 0 
682b3000-68300000 rw-p 00000000 00:00 0 
68300000-68303000 ---p 00000000 00:00 0 
68303000-68350000 rw-p 00000000 00:00 0 
68350000-68353000 ---p 00000000 00:00 0 
68353000-683a0000 rw-p 00000000 00:00 0 
683a0000-683a3000 ---p 00000000 00:00 0 
683a3000-683f0000 rw-p 00000000 00:00 0 
683f0000-683f3000 ---p 00000000 00:00 0 
683f3000-68440000 rw-p 00000000 00:00 0 
68440000-68443000 ---p 00000000 00:00 0 
68443000-68490000 rw-p 00000000 00:00 0 
68490000-68493000 ---p 00000000 00:00 0 
68493000-684e0000 rw-p 00000000 00:00 0 
684e0000-684e3000 ---p 00000000 00:00 0 
684e3000-68530000 rw-p 00000000 00:00 0 
68530000-68533000 ---p 00000000 00:00 0 
68533000-68580000 rw-p 00000000 00:00 0 
68580000-68583000 ---p 00000000 00:00 0 
68583000-685d0000 rw-p 00000000 00:00 0 
685d0000-685d3000 ---p 00000000 00:00 0 
685d3000-68620000 rw-p 00000000 00:00 0 
68620000-68623000 ---p 00000000 00:00 0 
68623000-68670000 rw-p 00000000 00:00 0 
68670000-68673000 ---p 00000000 00:00 0 
68673000-686c0000 rw-p 00000000 00:00 0 
686c0000-686c3000 ---p 00000000 00:00 0 
686c3000-68710000 rw-p 00000000 00:00 0 
68710000-68713000 ---p 00000000 00:00 0 
68713000-68760000 rw-p 00000000 00:00 0 
68760000-68763000 ---p 00000000 00:00 0 
68763000-687b0000 rw-p 00000000 00:00 0 
687b0000-687b3000 ---p 00000000 00:00 0 
687b3000-68800000 rw-p 00000000 00:00 0 
68800000-68803000 ---p 00000000 00:00 0 
68803000-68850000 rw-p 00000000 00:00 0 
68850000-68853000 ---p 00000000 00:00 0 
68853000-688a0000 rw-p 00000000 00:00 0 
688a0000-688a3000 ---p 00000000 00:00 0 
688a3000-688f0000 rw-p 00000000 00:00 0 
688f0000-688f3000 ---p 00000000 00:00 0 
688f3000-68940000 rw-p 00000000 00:00 0 
68940000-68943000 ---p 00000000 00:00 0 
68943000-689c0000 rw-p 00000000 00:00 0 
689c0000-689c3000 ---p 00000000 00:00 0 
689c3000-68a10000 rw-p 00000000 00:00 0 
68a10000-68a13000 ---p 00000000 00:00 0 
68a13000-68a60000 rw-p 00000000 00:00 0 
68a60000-68a63000 ---p 00000000 00:00 0 
68a63000-68ab0000 rw-p 00000000 00:00 0 
68ab0000-68ab3000 ---p 00000000 00:00 0 
68ab3000-68b00000 rw-p 00000000 00:00 0 
68b00000-68bfd000 rw-p 00000000 00:00 0 
68bfd000-68c00000 ---p 00000000 00:00 0 
68c00000-68c6a000 rw-p 00000000 00:00 0 
68c6a000-68d00000 ---p 00000000 00:00 0 
68d00000-68e00000 rw-p 00000000 00:00 0 
68e00000-68e80000 rw-p 00000000 00:00 0 
68e80000-68f00000 ---p 00000000 00:00 0 
68f00000-68fc0000 rw-p 00000000 00:00 0 
68fc0000-69000000 ---p 00000000 00:00 0 
69011000-69014000 ---p 00000000 00:00 0 
69014000-69061000 rw-p 00000000 00:00 0 
69061000-69064000 ---p 00000000 00:00 0 
69064000-690b1000 rw-p 00000000 00:00 0 
690b1000-69340000 r--s 00000000 b3:02 26699      /var/cache/fontconfig/d49871ed-13ec-4c8a-8c25-faac36ae279f-le32d8.cache-7
69340000-69378000 r--s 00000000 b3:02 26698      /var/cache/fontconfig/d9b9cb7a-afb2-4c5a-8eb5-302864e00ee6-le32d8.cache-7
693c1000-694c1000 rw-p 00000000 00:00 0 
694c1000-6be00000 rw-s 00000000 00:01 10         /SYSV00000000 (deleted)
6be00000-6bf00000 rw-p 00000000 00:00 0 
6bf00000-6bf44000 rw-p 00000000 00:00 0 
6bf44000-6c000000 ---p 00000000 00:00 0 
6c03f000-6c042000 ---p 00000000 00:00 0 
6c042000-6c08f000 rw-p 00000000 00:00 0 
6c08f000-6c092000 ---p 00000000 00:00 0 
6c092000-6c20f000 rw-p 00000000 00:00 0 
6c20f000-6c210000 ---p 00000000 00:00 0 
6c210000-6c291000 rw-p 00000000 00:00 0 
6c291000-6c294000 ---p 00000000 00:00 0 
6c294000-6c2e1000 rw-p 00000000 00:00 0 
6c2e1000-6c2e4000 ---p 00000000 00:00 0 
6c2e4000-6c431000 rw-p 00000000 00:00 0 
6c431000-6c432000 ---p 00000000 00:00 0 
6c432000-6c472000 rw-p 00000000 00:00 0 
6c900000-6c994000 rw-p 00000000 00:00 0 
6c994000-6ca00000 ---p 00000000 00:00 0 
6ca1c000-6ca59000 r-xp 00000000 b3:02 6896       /usr/lib/libpigpio.so.1
6ca59000-6ca69000 ---p 0003d000 b3:02 6896       /usr/lib/libpigpio.so.1
6ca69000-6ca6a000 r--p 0003d000 b3:02 6896       /usr/lib/libpigpio.so.1
6ca6a000-6ca6c000 rw-p 0003e000 b3:02 6896       /usr/lib/libpigpio.so.1
6ca6c000-6cb00000 rw-p 00000000 00:00 0 
6cb00000-6cbf8000 rw-p 00000000 00:00 0 
6cbf8000-6cc00000 ---p 00000000 00:00 0 
6cc00000-6ccff000 rw-p 00000000 00:00 0 
6ccff000-6cd00000 ---p 00000000 00:00 0 
6cd00000-6ce00000 rw-p 00000000 00:00 0 
6ce00000-6ce0a000 r--s 00000000 b3:02 26683      /var/cache/fontconfig/8a3417c8-283a-44c3-bb2d-f71c6268eef5-le32d8.cache-7
6ce0a000-6ce10000 r--s 00000000 b3:02 26700      /var/cache/fontconfig/83c2204c-249d-4a46-858d-88f356951df9-le32d8.cache-7
6ce7a000-6ce7b000 ---p 00000000 00:00 0 
6ce7b000-6cefc000 rw-p 00000000 00:00 0 
6cefc000-6cefd000 ---p 00000000 00:00 0 
6cefd000-6cf7e000 rw-p 00000000 00:00 0 
6cf7e000-6cf7f000 ---p 00000000 00:00 0 
6cf7f000-6d100000 rw-p 00000000 00:00 0 
6d100000-6d200000 rw-p 00000000 00:00 0 
6d200000-6d2fe000 rw-p 00000000 00:00 0 
6d2fe000-6d300000 ---p 00000000 00:00 0 
6d300000-6d305000 r--s 00000000 b3:02 26696      /var/cache/fontconfig/308f41db-948e-422c-8df9-f7b6a847f5d6-le32d8.cache-7
6d305000-6d317000 r--s 00000000 b3:02 26692      /var/cache/fontconfig/2751fa01-115b-46e2-9c1c-08b35a671483-le32d8.cache-7
6d32e000-6d331000 ---p 00000000 00:00 0 
6d331000-6d4ae000 rw-p 00000000 00:00 0 
6d4ae000-6d4b1000 ---p 00000000 00:00 0 
6d4b1000-6d4fe000 rw-p 00000000 00:00 0 
6d4fe000-6d501000 ---p 00000000 00:00 0 
6d501000-6d54e000 rw-p 00000000 00:00 0 
6d54e000-6d551000 ---p 00000000 00:00 0 
6d551000-6d59e000 rw-p 00000000 00:00 0 
6d59e000-6d5a1000 ---p 00000000 00:00 0 
6d5a1000-6d5ee000 rw-p 00000000 00:00 0 
6d5ee000-6d5ef000 ---p 00000000 00:00 0 
6d5ef000-6ddef000 rw-p 00000000 00:00 0 
6ddef000-6ddf3000 r-xp 00000000 b3:02 7064       /usr/lib/arm-linux-gnueabihf/libXfixes.so.3.1.0
6ddf3000-6de02000 ---p 00004000 b3:02 7064       /usr/lib/arm-linux-gnueabihf/libXfixes.so.3.1.0
6de02000-6de03000 r--p 00003000 b3:02 7064       /usr/lib/arm-linux-gnueabihf/libXfixes.so.3.1.0
6de03000-6de04000 rw-p 00004000 b3:02 7064       /usr/lib/arm-linux-gnueabihf/libXfixes.so.3.1.0
6de04000-6de0c000 r-xp 00000000 b3:02 7060       /usr/lib/arm-linux-gnueabihf/libXcursor.so.1.0.2
6de0c000-6de1b000 ---p 00008000 b3:02 7060       /usr/lib/arm-linux-gnueabihf/libXcursor.so.1.0.2
6de1b000-6de1c000 r--p 00007000 b3:02 7060       /usr/lib/arm-linux-gnueabihf/libXcursor.so.1.0.2
6de1c000-6de1d000 rw-p 00008000 b3:02 7060       /usr/lib/arm-linux-gnueabihf/libXcursor.so.1.0.2
6de21000-6de27000 r--s 00000000 b3:02 26695      /var/cache/fontconfig/ee9433fa-b8c5-480c-8437-550867a3b45a-le32d8.cache-7
6de27000-6de31000 r--s 00000000 b3:02 26690      /var/cache/fontconfig/3d431aec-86d7-4332-88bc-13739b09c69f-le32d8.cache-7
6de31000-6de32000 ---p 00000000 00:00 0 
6de32000-6e632000 rw-p 00000000 00:00 0 
6e632000-6e633000 ---p 00000000 00:00 0 
6e633000-6ee33000 rw-p 00000000 00:00 0 
6ee33000-6ee3e000 r-xp 00000000 b3:02 8322       /usr/lib/arm-linux-gnueabihf/gio/modules/libdconfsettings.so
6ee3e000-6ee4d000 ---p 0000b000 b3:02 8322       /usr/lib/arm-linux-gnueabihf/gio/modules/libdconfsettings.so
6ee4d000-6ee4e000 r--p 0000a000 b3:02 8322       /usr/lib/arm-linux-gnueabihf/gio/modules/libdconfsettings.so
6ee4e000-6ee4f000 rw-p 0000b000 b3:02 8322       /usr/lib/arm-linux-gnueabihf/gio/modules/libdconfsettings.so
6ee4f000-6ee71000 r--p 00000000 b3:02 192308     /usr/share/locale/es/LC_MESSAGES/glib20.mo
6ee71000-6eefa000 r-xp 00000000 b3:02 7587       /usr/lib/arm-linux-gnueabihf/libpcre2-8.so.0.10.1
6eefa000-6ef09000 ---p 00089000 b3:02 7587       /usr/lib/arm-linux-gnueabihf/libpcre2-8.so.0.10.1
6ef09000-6ef0a000 r--p 00088000 b3:02 7587       /usr/lib/arm-linux-gnueabihf/libpcre2-8.so.0.10.1
6ef0a000-6ef0b000 rw-p 00089000 b3:02 7587       /usr/lib/arm-linux-gnueabihf/libpcre2-8.so.0.10.1
6ef0b000-6ef4f000 r-xp 00000000 b3:02 7138       /usr/lib/arm-linux-gnueabihf/libblkid.so.1.1.0
6ef4f000-6ef5e000 ---p 00044000 b3:02 7138       /usr/lib/arm-linux-gnueabihf/libblkid.so.1.1.0
6ef5e000-6ef61000 r--p 00043000 b3:02 7138       /usr/lib/arm-linux-gnueabihf/libblkid.so.1.1.0
6ef61000-6ef62000 rw-p 00046000 b3:02 7138       /usr/lib/arm-linux-gnueabihf/libblkid.so.1.1.0
6ef62000-6ef69000 r-xp 00000000 b3:02 7258       /usr/lib/arm-linux-gnueabihf/libffi.so.7.1.0
6ef69000-6ef78000 ---p 00007000 b3:02 7258       /usr/lib/arm-linux-gnueabihf/libffi.so.7.1.0
6ef78000-6ef79000 r--p 00006000 b3:02 7258       /usr/lib/arm-linux-gnueabihf/libffi.so.7.1.0
6ef79000-6ef7a000 rw-p 00007000 b3:02 7258       /usr/lib/arm-linux-gnueabihf/libffi.so.7.1.0
6ef7a000-6ef8c000 r-xp 00000000 b3:02 7643       /usr/lib/arm-linux-gnueabihf/libresolv-2.31.so
6ef8c000-6ef9b000 ---p 00012000 b3:02 7643       /usr/lib/arm-linux-gnueabihf/libresolv-2.31.so
6ef9b000-6ef9c000 r--p 00011000 b3:02 7643       /usr/lib/arm-linux-gnueabihf/libresolv-2.31.so
6ef9c000-6ef9d000 rw-p 00012000 b3:02 7643       /usr/lib/arm-linux-gnueabihf/libresolv-2.31.so
6ef9d000-6ef9f000 rw-p 00000000 00:00 0 
6ef9f000-6eff0000 r-xp 00000000 b3:02 7492       /usr/lib/arm-linux-gnueabihf/libmount.so.1.1.0
6eff0000-6efff000 ---p 00051000 b3:02 7492       /usr/lib/arm-linux-gnueabihf/libmount.so.1.1.0
6efff000-6f001000 r--p 00050000 b3:02 7492       /usr/lib/arm-linux-gnueabihf/libmount.so.1.1.0
6f001000-6f002000 rw-p 00052000 b3:02 7492       /usr/lib/arm-linux-gnueabihf/libmount.so.1.1.0
6f002000-6f04c000 r-xp 00000000 b3:02 7333       /usr/lib/arm-linux-gnueabihf/libgobject-2.0.so.0.6600.8
6f04c000-6f05b000 ---p 0004a000 b3:02 7333       /usr/lib/arm-linux-gnueabihf/libgobject-2.0.so.0.6600.8
6f05b000-6f05d000 r--p 00049000 b3:02 7333       /usr/lib/arm-linux-gnueabihf/libgobject-2.0.so.0.6600.8
6f05d000-6f05e000 rw-p 0004b000 b3:02 7333       /usr/lib/arm-linux-gnueabihf/libgobject-2.0.so.0.6600.8
6f05e000-6f1ea000 r-xp 00000000 b3:02 7321       /usr/lib/arm-linux-gnueabihf/libgio-2.0.so.0.6600.8
6f1ea000-6f1fa000 ---p 0018c000 b3:02 7321       /usr/lib/arm-linux-gnueabihf/libgio-2.0.so.0.6600.8
6f1fa000-6f1fe000 r--p 0018c000 b3:02 7321       /usr/lib/arm-linux-gnueabihf/libgio-2.0.so.0.6600.8
6f1fe000-6f1ff000 rw-p 00190000 b3:02 7321       /usr/lib/arm-linux-gnueabihf/libgio-2.0.so.0.6600.8
6f1ff000-6f300000 rw-p 00000000 00:00 0 
6f300000-6f3ff000 rw-p 00000000 00:00 0 
6f3ff000-6f400000 ---p 00000000 00:00 0 
6f404000-6f410000 r--s 00000000 b3:02 26688      /var/cache/fontconfig/98155356-0163-475d-ae90-3602a4cb076b-le32d8.cache-7
6f410000-6f433000 r-xp 00000000 b3:02 7666       /usr/lib/arm-linux-gnueabihf/libselinux.so.1
6f433000-6f442000 ---p 00023000 b3:02 7666       /usr/lib/arm-linux-gnueabihf/libselinux.so.1
6f442000-6f443000 r--p 00022000 b3:02 7666       /usr/lib/arm-linux-gnueabihf/libselinux.so.1
6f443000-6f444000 rw-p 00023000 b3:02 7666       /usr/lib/arm-linux-gnueabihf/libselinux.so.1
6f444000-6f445000 rw-p 00000000 00:00 0 
6f445000-6f447000 r-xp 00000000 b3:02 7327       /usr/lib/arm-linux-gnueabihf/libgmodule-2.0.so.0.6600.8
6f447000-6f457000 ---p 00002000 b3:02 7327       /usr/lib/arm-linux-gnueabihf/libgmodule-2.0.so.0.6600.8
6f457000-6f458000 r--p 00002000 b3:02 7327       /usr/lib/arm-linux-gnueabihf/libgmodule-2.0.so.0.6600.8
6f458000-6f459000 rw-p 00003000 b3:02 7327       /usr/lib/arm-linux-gnueabihf/libgmodule-2.0.so.0.6600.8
6f459000-6f461000 r-xp 00000000 b3:02 7072       /usr/lib/arm-linux-gnueabihf/libXrandr.so.2.2.0
6f461000-6f470000 ---p 00008000 b3:02 7072       /usr/lib/arm-linux-gnueabihf/libXrandr.so.2.2.0
6f470000-6f471000 r--p 00007000 b3:02 7072       /usr/lib/arm-linux-gnueabihf/libXrandr.so.2.2.0
6f471000-6f472000 rw-p 00008000 b3:02 7072       /usr/lib/arm-linux-gnueabihf/libXrandr.so.2.2.0
6f472000-6f492000 r-xp 00000000 b3:02 7149       /usr/lib/arm-linux-gnueabihf/libbrotlicommon.so.1.0.9
6f492000-6f4a1000 ---p 00020000 b3:02 7149       /usr/lib/arm-linux-gnueabihf/libbrotlicommon.so.1.0.9
6f4a1000-6f4a2000 r--p 0001f000 b3:02 7149       /usr/lib/arm-linux-gnueabihf/libbrotlicommon.so.1.0.9
6f4a2000-6f4a3000 rw-p 00020000 b3:02 7149       /usr/lib/arm-linux-gnueabihf/libbrotlicommon.so.1.0.9
6f4a3000-6f509000 r-xp 00000000 b3:02 7585       /usr/lib/arm-linux-gnueabihf/libpcre.so.3.13.3
6f509000-6f518000 ---p 00066000 b3:02 7585       /usr/lib/arm-linux-gnueabihf/libpcre.so.3.13.3
6f518000-6f519000 r--p 00065000 b3:02 7585       /usr/lib/arm-linux-gnueabihf/libpcre.so.3.13.3
6f519000-6f51a000 rw-p 00066000 b3:02 7585       /usr/lib/arm-linux-gnueabihf/libpcre.so.3.13.3
6f51a000-6f524000 r-xp 00000000 b3:02 7151       /usr/lib/arm-linux-gnueabihf/libbrotlidec.so.1.0.9
6f524000-6f533000 ---p 0000a000 b3:02 7151       /usr/lib/arm-linux-gnueabihf/libbrotlidec.so.1.0.9
6f533000-6f534000 r--p 00009000 b3:02 7151       /usr/lib/arm-linux-gnueabihf/libbrotlidec.so.1.0.9
6f534000-6f535000 rw-p 0000a000 b3:02 7151       /usr/lib/arm-linux-gnueabihf/libbrotlidec.so.1.0.9
6f535000-6f562000 r-xp 00000000 b3:02 7605       /usr/lib/arm-linux-gnueabihf/libpng16.so.16.37.0
6f562000-6f572000 ---p 0002d000 b3:02 7605       /usr/lib/arm-linux-gnueabihf/libpng16.so.16.37.0
6f572000-6f573000 r--p 0002d000 b3:02 7605       /usr/lib/arm-linux-gnueabihf/libpng16.so.16.37.0
6f573000-6f574000 rw-p 0002e000 b3:02 7605       /usr/lib/arm-linux-gnueabihf/libpng16.so.16.37.0
6f574000-6f593000 r-xp 00000000 b3:02 7341       /usr/lib/arm-linux-gnueabihf/libgraphite2.so.3.2.1
6f593000-6f5a3000 ---p 0001f000 b3:02 7341       /usr/lib/arm-linux-gnueabihf/libgraphite2.so.3.2.1
6f5a3000-6f5a4000 r--p 0001f000 b3:02 7341       /usr/lib/arm-linux-gnueabihf/libgraphite2.so.3.2.1
6f5a4000-6f5a5000 rw-p 00020000 b3:02 7341       /usr/lib/arm-linux-gnueabihf/libgraphite2.so.3.2.1
6f5a5000-6f6b6000 r-xp 00000000 b3:02 7324       /usr/lib/arm-linux-gnueabihf/libglib-2.0.so.0.6600.8
6f6b6000-6f6c6000 ---p 00111000 b3:02 7324       /usr/lib/arm-linux-gnueabihf/libglib-2.0.so.0.6600.8
6f6c6000-6f6c7000 r--p 00111000 b3:02 7324       /usr/lib/arm-linux-gnueabihf/libglib-2.0.so.0.6600.8
6f6c7000-6f6c8000 rw-p 00112000 b3:02 7324       /usr/lib/arm-linux-gnueabihf/libglib-2.0.so.0.6600.8
6f6c8000-6f75f000 r-xp 00000000 b3:02 7291       /usr/lib/arm-linux-gnueabihf/libfreetype.so.6.17.4
6f75f000-6f76e000 ---p 00097000 b3:02 7291       /usr/lib/arm-linux-gnueabihf/libfreetype.so.6.17.4
6f76e000-6f772000 r--p 00096000 b3:02 7291       /usr/lib/arm-linux-gnueabihf/libfreetype.so.6.17.4
6f772000-6f773000 rw-p 0009a000 b3:02 7291       /usr/lib/arm-linux-gnueabihf/libfreetype.so.6.17.4
6f773000-6f849000 r-xp 00000000 b3:02 7389       /usr/lib/arm-linux-gnueabihf/libharfbuzz.so.0.20704.0
6f849000-6f858000 ---p 000d6000 b3:02 7389       /usr/lib/arm-linux-gnueabihf/libharfbuzz.so.0.20704.0
6f858000-6f859000 r--p 000d5000 b3:02 7389       /usr/lib/arm-linux-gnueabihf/libharfbuzz.so.0.20704.0
6f859000-6f85a000 rw-p 000d6000 b3:02 7389       /usr/lib/arm-linux-gnueabihf/libharfbuzz.so.0.20704.0
6f85a000-6f863000 r-xp 00000000 b3:02 383574     /usr/lib/jvm/java-11-openjdk-armhf/lib/libfontmanager.so
6f863000-6f873000 ---p 00009000 b3:02 383574     /usr/lib/jvm/java-11-openjdk-armhf/lib/libfontmanager.so
6f873000-6f874000 r--p 00009000 b3:02 383574     /usr/lib/jvm/java-11-openjdk-armhf/lib/libfontmanager.so
6f874000-6f875000 rw-p 0000a000 b3:02 383574     /usr/lib/jvm/java-11-openjdk-armhf/lib/libfontmanager.so
6f875000-6f898000 r--p 00000000 b3:02 192344     /usr/share/locale/es/LC_MESSAGES/libc.mo
6f898000-6f998000 rw-p 00000000 00:00 0 
6f998000-6f9a8000 r-xp 00000000 b3:02 7155       /usr/lib/arm-linux-gnueabihf/libbsd.so.0.11.3
6f9a8000-6f9b8000 ---p 00010000 b3:02 7155       /usr/lib/arm-linux-gnueabihf/libbsd.so.0.11.3
6f9b8000-6f9b9000 r--p 00010000 b3:02 7155       /usr/lib/arm-linux-gnueabihf/libbsd.so.0.11.3
6f9b9000-6f9ba000 rw-p 00011000 b3:02 7155       /usr/lib/arm-linux-gnueabihf/libbsd.so.0.11.3
6f9ba000-6facd000 r-xp 00000000 b3:02 7055       /usr/lib/arm-linux-gnueabihf/libX11.so.6.4.0
6facd000-6fadc000 ---p 00113000 b3:02 7055       /usr/lib/arm-linux-gnueabihf/libX11.so.6.4.0
6fadc000-6fadd000 r--p 00112000 b3:02 7055       /usr/lib/arm-linux-gnueabihf/libX11.so.6.4.0
6fadd000-6fae0000 rw-p 00113000 b3:02 7055       /usr/lib/arm-linux-gnueabihf/libX11.so.6.4.0
6fae0000-6fb37000 r-xp 00000000 b3:02 383752     /usr/lib/jvm/java-11-openjdk-armhf/lib/libawt_xawt.so
6fb37000-6fb47000 ---p 00057000 b3:02 383752     /usr/lib/jvm/java-11-openjdk-armhf/lib/libawt_xawt.so
6fb47000-6fb48000 r--p 00057000 b3:02 383752     /usr/lib/jvm/java-11-openjdk-armhf/lib/libawt_xawt.so
6fb48000-6fb4a000 rw-p 00058000 b3:02 383752     /usr/lib/jvm/java-11-openjdk-armhf/lib/libawt_xawt.so
6fb4a000-6fb4b000 rw-p 00000000 00:00 0 
6fb4b000-6fbc5000 r-xp 00000000 b3:02 383570     /usr/lib/jvm/java-11-openjdk-armhf/lib/libawt.so
6fbc5000-6fbd4000 ---p 0007a000 b3:02 383570     /usr/lib/jvm/java-11-openjdk-armhf/lib/libawt.so
6fbd4000-6fbd5000 r--p 00079000 b3:02 383570     /usr/lib/jvm/java-11-openjdk-armhf/lib/libawt.so
6fbd5000-6fbdb000 rw-p 0007a000 b3:02 383570     /usr/lib/jvm/java-11-openjdk-armhf/lib/libawt.so
6fbdb000-6fc00000 rw-p 00000000 00:00 0 
6fc00000-6fd00000 rw-p 00000000 00:00 0 
6fd00000-6fe00000 rw-p 00000000 00:00 0 
6fe00000-6fef6000 rw-p 00000000 00:00 0 
6fef6000-6ff00000 ---p 00000000 00:00 0 
6ff03000-6ff0c000 r-xp 00000000 b3:02 7475       /usr/lib/arm-linux-gnueabihf/libmd.so.0.0.4
6ff0c000-6ff1c000 ---p 00009000 b3:02 7475       /usr/lib/arm-linux-gnueabihf/libmd.so.0.0.4
6ff1c000-6ff1d000 r--p 00009000 b3:02 7475       /usr/lib/arm-linux-gnueabihf/libmd.so.0.0.4
6ff1d000-6ff1e000 rw-p 0000a000 b3:02 7475       /usr/lib/arm-linux-gnueabihf/libmd.so.0.0.4
6ff1e000-6ff22000 r-xp 00000000 b3:02 7062       /usr/lib/arm-linux-gnueabihf/libXdmcp.so.6.0.0
6ff22000-6ff31000 ---p 00004000 b3:02 7062       /usr/lib/arm-linux-gnueabihf/libXdmcp.so.6.0.0
6ff31000-6ff32000 r--p 00003000 b3:02 7062       /usr/lib/arm-linux-gnueabihf/libXdmcp.so.6.0.0
6ff32000-6ff33000 rw-p 00004000 b3:02 7062       /usr/lib/arm-linux-gnueabihf/libXdmcp.so.6.0.0
6ff33000-6ff53000 r-xp 00000000 b3:02 7819       /usr/lib/arm-linux-gnueabihf/libxcb.so.1.1.0
6ff53000-6ff62000 ---p 00020000 b3:02 7819       /usr/lib/arm-linux-gnueabihf/libxcb.so.1.1.0
6ff62000-6ff63000 r--p 0001f000 b3:02 7819       /usr/lib/arm-linux-gnueabihf/libxcb.so.1.1.0
6ff63000-6ff64000 rw-p 00020000 b3:02 7819       /usr/lib/arm-linux-gnueabihf/libxcb.so.1.1.0
6ff64000-6ff65000 ---p 00000000 00:00 0 
6ff65000-6ffe6000 rw-p 00000000 00:00 0 
6ffe6000-6ffe9000 ---p 00000000 00:00 0 
6ffe9000-70036000 rw-p 00000000 00:00 0 
70036000-70039000 ---p 00000000 00:00 0 
70039000-70086000 rw-p 00000000 00:00 0 
70086000-70300000 r--p 0006d000 b3:02 1197       /usr/lib/locale/locale-archive
70300000-70500000 r--p 00000000 b3:02 1197       /usr/lib/locale/locale-archive
70500000-70600000 rw-p 00000000 00:00 0 
70600000-70602000 r--s 00000000 b3:02 26701      /var/cache/fontconfig/5bd99057-9bdf-4a0d-8647-bbe7fa23703e-le32d8.cache-7
70602000-70605000 r--s 00000000 b3:02 26694      /var/cache/fontconfig/bb206561-a442-4056-af3f-db512e4b7d6d-le32d8.cache-7
70605000-70607000 r--s 00000000 b3:02 26693      /var/cache/fontconfig/b7c3bf8f-85b6-4ea2-a994-cbfa392b96e4-le32d8.cache-7
70607000-7060a000 r--s 00000000 b3:02 26670      /var/cache/fontconfig/4525f385-a7a9-4735-80bb-259a3ff546b9-le32d8.cache-7
7060a000-70610000 r--s 00000000 b3:02 26687      /var/cache/fontconfig/a2ec7f52-0094-43c8-9c50-7211e0d99bdf-le32d8.cache-7
70610000-70612000 r--s 00000000 b3:02 26667      /var/cache/fontconfig/b27cc278-df04-4c9c-8a71-645862d01404-le32d8.cache-7
70612000-7061f000 r-xp 00000000 b3:02 7067       /usr/lib/arm-linux-gnueabihf/libXi.so.6.1.0
7061f000-7062e000 ---p 0000d000 b3:02 7067       /usr/lib/arm-linux-gnueabihf/libXi.so.6.1.0
7062e000-7062f000 r--p 0000c000 b3:02 7067       /usr/lib/arm-linux-gnueabihf/libXi.so.6.1.0
7062f000-70630000 rw-p 0000d000 b3:02 7067       /usr/lib/arm-linux-gnueabihf/libXi.so.6.1.0
70630000-70633000 ---p 00000000 00:00 0 
70633000-706b0000 rw-p 00000000 00:00 0 
706b0000-706b3000 ---p 00000000 00:00 0 
706b3000-70700000 rw-p 00000000 00:00 0 
70700000-707f6000 rw-p 00000000 00:00 0 
707f6000-70800000 ---p 00000000 00:00 0 
70801000-70808000 r--s 00000000 b3:02 19826      /var/cache/fontconfig/bb6e12d2-f51c-4c7f-99b2-0e8a86d53212-le32d8.cache-7
7080a000-7080c000 r-xp 00000000 b3:02 7057       /usr/lib/arm-linux-gnueabihf/libXau.so.6.0.0
7080c000-7081b000 ---p 00002000 b3:02 7057       /usr/lib/arm-linux-gnueabihf/libXau.so.6.0.0
7081b000-7081c000 r--p 00001000 b3:02 7057       /usr/lib/arm-linux-gnueabihf/libXau.so.6.0.0
7081c000-7081d000 rw-p 00002000 b3:02 7057       /usr/lib/arm-linux-gnueabihf/libXau.so.6.0.0
7081d000-70821000 r-xp 00000000 b3:02 7076       /usr/lib/arm-linux-gnueabihf/libXtst.so.6.1.0
70821000-70830000 ---p 00004000 b3:02 7076       /usr/lib/arm-linux-gnueabihf/libXtst.so.6.1.0
70830000-70831000 r--p 00003000 b3:02 7076       /usr/lib/arm-linux-gnueabihf/libXtst.so.6.1.0
70831000-70832000 rw-p 00004000 b3:02 7076       /usr/lib/arm-linux-gnueabihf/libXtst.so.6.1.0
70832000-70833000 ---p 00000000 00:00 0 
70833000-70cfa000 rw-p 00000000 00:00 0 
70cfa000-70d00000 ---p 00000000 00:00 0 
70d00000-70d3e000 rw-p 00000000 00:00 0 
70d3e000-70e00000 ---p 00000000 00:00 0 
70e00000-70e06000 r-xp 00000000 b3:02 26681      /tmp/libpi4j-pigpio9778473760813113532.so
70e06000-70e0e000 ---p 00006000 b3:02 26681      /tmp/libpi4j-pigpio9778473760813113532.so
70e0e000-70e0f000 rw-p 00006000 b3:02 26681      /tmp/libpi4j-pigpio9778473760813113532.so
70e0f000-70e1d000 r-xp 00000000 b3:02 7063       /usr/lib/arm-linux-gnueabihf/libXext.so.6.4.0
70e1d000-70e2c000 ---p 0000e000 b3:02 7063       /usr/lib/arm-linux-gnueabihf/libXext.so.6.4.0
70e2c000-70e2d000 r--p 0000d000 b3:02 7063       /usr/lib/arm-linux-gnueabihf/libXext.so.6.4.0
70e2d000-70e2e000 rw-p 0000e000 b3:02 7063       /usr/lib/arm-linux-gnueabihf/libXext.so.6.4.0
70e2e000-70e31000 ---p 00000000 00:00 0 
70e31000-70e7e000 rw-p 00000000 00:00 0 
70e7e000-70e7f000 ---p 00000000 00:00 0 
70e7f000-70f00000 rw-p 00000000 00:00 0 
70f00000-70ffa000 rw-p 00000000 00:00 0 
70ffa000-71000000 ---p 00000000 00:00 0 
71000000-71001000 r--s 00000000 b3:02 26697      /var/cache/fontconfig/24630967-f720-4d46-bf1f-3e7cbd814b4a-le32d8.cache-7
71001000-71009000 r-xp 00000000 b3:02 7073       /usr/lib/arm-linux-gnueabihf/libXrender.so.1.3.0
71009000-71018000 ---p 00008000 b3:02 7073       /usr/lib/arm-linux-gnueabihf/libXrender.so.1.3.0
71018000-71019000 r--p 00007000 b3:02 7073       /usr/lib/arm-linux-gnueabihf/libXrender.so.1.3.0
71019000-7101a000 rw-p 00008000 b3:02 7073       /usr/lib/arm-linux-gnueabihf/libXrender.so.1.3.0
7101a000-7101b000 r--s 00000000 b3:02 26691      /var/cache/fontconfig/7c485869-69ff-4c83-8092-393190ba73cf-le32d8.cache-7
7101b000-7102e000 r--p 00000000 b3:02 218868     /usr/share/glib-2.0/schemas/gschemas.compiled
7102e000-71031000 ---p 00000000 00:00 0 
71031000-7107e000 rw-p 00000000 00:00 0 
7107e000-7107f000 ---p 00000000 00:00 0 
7107f000-71100000 rw-p 00000000 00:00 0 
71100000-711ff000 rw-p 00000000 00:00 0 
711ff000-71200000 ---p 00000000 00:00 0 
71200000-712f6000 rw-p 00000000 00:00 0 
712f6000-71300000 ---p 00000000 00:00 0 
71303000-7130a000 r--s 00000000 b3:02 8292       /usr/lib/arm-linux-gnueabihf/gconv/gconv-modules.cache
7130a000-7131d000 r-xp 00000000 b3:02 383591     /usr/lib/jvm/java-11-openjdk-armhf/lib/libnet.so
7131d000-7132c000 ---p 00013000 b3:02 383591     /usr/lib/jvm/java-11-openjdk-armhf/lib/libnet.so
7132c000-7132d000 r--p 00012000 b3:02 383591     /usr/lib/jvm/java-11-openjdk-armhf/lib/libnet.so
7132d000-7132e000 rw-p 00013000 b3:02 383591     /usr/lib/jvm/java-11-openjdk-armhf/lib/libnet.so
7132e000-71331000 ---p 00000000 00:00 0 
71331000-7137e000 rw-p 00000000 00:00 0 
7137e000-7137f000 ---p 00000000 00:00 0 
7137f000-71738000 rw-p 00000000 00:00 0 
71738000-72400000 ---p 00000000 00:00 0 
72400000-72738000 rw-p 00000000 00:00 0 
72738000-73400000 ---p 00000000 00:00 0 
73400000-73467000 rw-p 00000000 00:00 0 
73467000-73600000 ---p 00000000 00:00 0 
73600000-73667000 rw-p 00000000 00:00 0 
73667000-73800000 ---p 00000000 00:00 0 
73800000-73867000 rw-p 00000000 00:00 0 
73867000-73a00000 ---p 00000000 00:00 0 
73a00000-80800000 rw-p 00000000 00:00 0 
80800000-b3a00000 ---p 00000000 00:00 0 
b3a01000-b3a02000 rw-s fe100000 00:05 5          /dev/mem
b3a05000-b3a12000 r-xp 00000000 b3:02 383592     /usr/lib/jvm/java-11-openjdk-armhf/lib/libnio.so
b3a12000-b3a21000 ---p 0000d000 b3:02 383592     /usr/lib/jvm/java-11-openjdk-armhf/lib/libnio.so
b3a21000-b3a22000 r--p 0000c000 b3:02 383592     /usr/lib/jvm/java-11-openjdk-armhf/lib/libnio.so
b3a22000-b3a23000 rw-p 0000d000 b3:02 383592     /usr/lib/jvm/java-11-openjdk-armhf/lib/libnio.so
b3a23000-b3a7e000 rw-p 00000000 00:00 0 
b3a7e000-b3a7f000 ---p 00000000 00:00 0 
b3a7f000-b3b00000 rw-p 00000000 00:00 0 
b3b00000-b3bf9000 rw-p 00000000 00:00 0 
b3bf9000-b3c00000 ---p 00000000 00:00 0 
b3c00000-b3c20000 rw-p 00000000 00:00 0 
b3c20000-b3c21000 ---p 00000000 00:00 0 
b3c21000-b3ca6000 rw-p 00000000 00:00 0 
b3ca6000-b3ce2000 ---p 00000000 00:00 0 
b3ce2000-b3eaa000 rwxp 00000000 00:00 0 
b3eaa000-b5ce2000 ---p 00000000 00:00 0 
b5ce2000-b5e51000 r--s 00000000 b3:02 383601     /usr/lib/jvm/java-11-openjdk-armhf/lib/modules
b5e51000-b5e57000 r-xp 00000000 b3:02 383600     /usr/lib/jvm/java-11-openjdk-armhf/lib/libzip.so
b5e57000-b5e66000 ---p 00006000 b3:02 383600     /usr/lib/jvm/java-11-openjdk-armhf/lib/libzip.so
b5e66000-b5e67000 r--p 00005000 b3:02 383600     /usr/lib/jvm/java-11-openjdk-armhf/lib/libzip.so
b5e67000-b5e68000 rw-p 00006000 b3:02 383600     /usr/lib/jvm/java-11-openjdk-armhf/lib/libzip.so
b5e68000-b5e72000 r-xp 00000000 b3:02 7542       /usr/lib/arm-linux-gnueabihf/libnss_files-2.31.so
b5e72000-b5e81000 ---p 0000a000 b3:02 7542       /usr/lib/arm-linux-gnueabihf/libnss_files-2.31.so
b5e81000-b5e82000 r--p 00009000 b3:02 7542       /usr/lib/arm-linux-gnueabihf/libnss_files-2.31.so
b5e82000-b5e83000 rw-p 0000a000 b3:02 7542       /usr/lib/arm-linux-gnueabihf/libnss_files-2.31.so
b5e83000-b5e89000 rw-p 00000000 00:00 0 
b5e89000-b5e8d000 r-xp 00000000 b3:02 383583     /usr/lib/jvm/java-11-openjdk-armhf/lib/libjimage.so
b5e8d000-b5e9c000 ---p 00004000 b3:02 383583     /usr/lib/jvm/java-11-openjdk-armhf/lib/libjimage.so
b5e9c000-b5e9d000 r--p 00003000 b3:02 383583     /usr/lib/jvm/java-11-openjdk-armhf/lib/libjimage.so
b5e9d000-b5e9e000 rw-p 00004000 b3:02 383583     /usr/lib/jvm/java-11-openjdk-armhf/lib/libjimage.so
b5e9e000-b5ebc000 r-xp 00000000 b3:02 383580     /usr/lib/jvm/java-11-openjdk-armhf/lib/libjava.so
b5ebc000-b5ecb000 ---p 0001e000 b3:02 383580     /usr/lib/jvm/java-11-openjdk-armhf/lib/libjava.so
b5ecb000-b5ecc000 r--p 0001d000 b3:02 383580     /usr/lib/jvm/java-11-openjdk-armhf/lib/libjava.so
b5ecc000-b5ecd000 rw-p 0001e000 b3:02 383580     /usr/lib/jvm/java-11-openjdk-armhf/lib/libjava.so
b5ecd000-b5ed7000 r-xp 00000000 b3:02 383599     /usr/lib/jvm/java-11-openjdk-armhf/lib/libverify.so
b5ed7000-b5ee6000 ---p 0000a000 b3:02 383599     /usr/lib/jvm/java-11-openjdk-armhf/lib/libverify.so
b5ee6000-b5ee7000 r--p 00009000 b3:02 383599     /usr/lib/jvm/java-11-openjdk-armhf/lib/libverify.so
b5ee7000-b5ee8000 rw-p 0000a000 b3:02 383599     /usr/lib/jvm/java-11-openjdk-armhf/lib/libverify.so
b5ee8000-b5eee000 r-xp 00000000 b3:02 7649       /usr/lib/arm-linux-gnueabihf/librt-2.31.so
b5eee000-b5efe000 ---p 00006000 b3:02 7649       /usr/lib/arm-linux-gnueabihf/librt-2.31.so
b5efe000-b5eff000 r--p 00006000 b3:02 7649       /usr/lib/arm-linux-gnueabihf/librt-2.31.so
b5eff000-b5f00000 rw-p 00007000 b3:02 7649       /usr/lib/arm-linux-gnueabihf/librt-2.31.so
b5f00000-b6000000 rw-p 00000000 00:00 0 
b6003000-b6006000 ---p 00000000 00:00 0 
b6006000-b6053000 rw-p 00000000 00:00 0 
b6053000-b606f000 r-xp 00000000 b3:02 7299       /usr/lib/arm-linux-gnueabihf/libgcc_s.so.1
b606f000-b607e000 ---p 0001c000 b3:02 7299       /usr/lib/arm-linux-gnueabihf/libgcc_s.so.1
b607e000-b607f000 r--p 0001b000 b3:02 7299       /usr/lib/arm-linux-gnueabihf/libgcc_s.so.1
b607f000-b6080000 rw-p 0001c000 b3:02 7299       /usr/lib/arm-linux-gnueabihf/libgcc_s.so.1
b6080000-b60de000 r-xp 00000000 b3:02 7466       /usr/lib/arm-linux-gnueabihf/libm-2.31.so
b60de000-b60ed000 ---p 0005e000 b3:02 7466       /usr/lib/arm-linux-gnueabihf/libm-2.31.so
b60ed000-b60ee000 r--p 0005d000 b3:02 7466       /usr/lib/arm-linux-gnueabihf/libm-2.31.so
b60ee000-b60ef000 rw-p 0005e000 b3:02 7466       /usr/lib/arm-linux-gnueabihf/libm-2.31.so
b60ef000-b625e000 r-xp 00000000 b3:02 7706       /usr/lib/arm-linux-gnueabihf/libstdc++.so.6.0.28
b625e000-b626e000 ---p 0016f000 b3:02 7706       /usr/lib/arm-linux-gnueabihf/libstdc++.so.6.0.28
b626e000-b6273000 r--p 0016f000 b3:02 7706       /usr/lib/arm-linux-gnueabihf/libstdc++.so.6.0.28
b6273000-b6275000 rw-p 00174000 b3:02 7706       /usr/lib/arm-linux-gnueabihf/libstdc++.so.6.0.28
b6275000-b6277000 rw-p 00000000 00:00 0 
b6277000-b6d0a000 r-xp 00000000 b3:02 383606     /usr/lib/jvm/java-11-openjdk-armhf/lib/server/libjvm.so
b6d0a000-b6d19000 ---p 00a93000 b3:02 383606     /usr/lib/jvm/java-11-openjdk-armhf/lib/server/libjvm.so
b6d19000-b6d5b000 r--p 00a92000 b3:02 383606     /usr/lib/jvm/java-11-openjdk-armhf/lib/server/libjvm.so
b6d5b000-b6d74000 rw-p 00ad4000 b3:02 383606     /usr/lib/jvm/java-11-openjdk-armhf/lib/server/libjvm.so
b6d74000-b6d9f000 rw-p 00000000 00:00 0 
b6d9f000-b6db7000 r-xp 00000000 b3:02 7625       /usr/lib/arm-linux-gnueabihf/libpthread-2.31.so
b6db7000-b6dc7000 ---p 00018000 b3:02 7625       /usr/lib/arm-linux-gnueabihf/libpthread-2.31.so
b6dc7000-b6dc8000 r--p 00018000 b3:02 7625       /usr/lib/arm-linux-gnueabihf/libpthread-2.31.so
b6dc8000-b6dc9000 rw-p 00019000 b3:02 7625       /usr/lib/arm-linux-gnueabihf/libpthread-2.31.so
b6dc9000-b6dcb000 rw-p 00000000 00:00 0 
b6dcb000-b6dce000 r-xp 00000000 b3:02 7220       /usr/lib/arm-linux-gnueabihf/libdl-2.31.so
b6dce000-b6ddd000 ---p 00003000 b3:02 7220       /usr/lib/arm-linux-gnueabihf/libdl-2.31.so
b6ddd000-b6dde000 r--p 00002000 b3:02 7220       /usr/lib/arm-linux-gnueabihf/libdl-2.31.so
b6dde000-b6ddf000 rw-p 00003000 b3:02 7220       /usr/lib/arm-linux-gnueabihf/libdl-2.31.so
b6ddf000-b6df6000 r-xp 00000000 b3:02 7835       /usr/lib/arm-linux-gnueabihf/libz.so.1.2.11
b6df6000-b6e05000 ---p 00017000 b3:02 7835       /usr/lib/arm-linux-gnueabihf/libz.so.1.2.11
b6e05000-b6e06000 r--p 00016000 b3:02 7835       /usr/lib/arm-linux-gnueabihf/libz.so.1.2.11
b6e06000-b6e07000 rw-p 00017000 b3:02 7835       /usr/lib/arm-linux-gnueabihf/libz.so.1.2.11
b6e07000-b6f46000 r-xp 00000000 b3:02 7157       /usr/lib/arm-linux-gnueabihf/libc-2.31.so
b6f46000-b6f55000 ---p 0013f000 b3:02 7157       /usr/lib/arm-linux-gnueabihf/libc-2.31.so
b6f55000-b6f57000 r--p 0013e000 b3:02 7157       /usr/lib/arm-linux-gnueabihf/libc-2.31.so
b6f57000-b6f59000 rw-p 00140000 b3:02 7157       /usr/lib/arm-linux-gnueabihf/libc-2.31.so
b6f59000-b6f5b000 rw-p 00000000 00:00 0 
b6f5d000-b6f6f000 rw-p 00000000 00:00 0 
b6f6f000-b6f7c000 r-xp 00000000 b3:02 383565     /usr/lib/jvm/java-11-openjdk-armhf/lib/jli/libjli.so
b6f7c000-b6f8b000 ---p 0000d000 b3:02 383565     /usr/lib/jvm/java-11-openjdk-armhf/lib/jli/libjli.so
b6f8b000-b6f8c000 r--p 0000c000 b3:02 383565     /usr/lib/jvm/java-11-openjdk-armhf/lib/jli/libjli.so
b6f8c000-b6f8d000 rw-p 0000d000 b3:02 383565     /usr/lib/jvm/java-11-openjdk-armhf/lib/jli/libjli.so
b6f8d000-b6f91000 r-xp 00000000 b3:02 7094       /usr/lib/arm-linux-gnueabihf/libarmmem-v7l.so
b6f91000-b6fa0000 ---p 00004000 b3:02 7094       /usr/lib/arm-linux-gnueabihf/libarmmem-v7l.so
b6fa0000-b6fa1000 r--p 00003000 b3:02 7094       /usr/lib/arm-linux-gnueabihf/libarmmem-v7l.so
b6fa1000-b6fa2000 rw-p 00004000 b3:02 7094       /usr/lib/arm-linux-gnueabihf/libarmmem-v7l.so
b6fa2000-b6fc4000 r-xp 00000000 b3:02 6930       /usr/lib/arm-linux-gnueabihf/ld-2.31.so
b6fc4000-b6fc5000 r--s 00000000 b3:02 387017     /root/.cache/dconf/user
b6fc5000-b6fc7000 r--s 0000c000 b3:02 202668     /usr/share/java/java-atk-wrapper.jar
b6fc7000-b6fcf000 rw-s 00000000 b3:02 385358     /tmp/hsperfdata_root/1093
b6fcf000-b6fd0000 r--p 00000000 00:00 0 
b6fd0000-b6fd4000 rw-p 00000000 00:00 0 
b6fd4000-b6fd5000 r--p 00022000 b3:02 6930       /usr/lib/arm-linux-gnueabihf/ld-2.31.so
b6fd5000-b6fd6000 rw-p 00023000 b3:02 6930       /usr/lib/arm-linux-gnueabihf/ld-2.31.so
bee28000-bee49000 rw-p 00000000 00:00 0          [stack]
befc2000-befc3000 r-xp 00000000 00:00 0          [sigpage]
befc3000-befc4000 r--p 00000000 00:00 0          [vvar]
befc4000-befc5000 r-xp 00000000 00:00 0          [vdso]
ffff0000-ffff1000 r-xp 00000000 00:00 0          [vectors]


VM Arguments:
jvm_args: --module-path=. -Djdk.module.main=visual_classes 
java_command: visual_classes/visual_classes.window
java_class_path (initial): <not set>
Launcher Type: SUN_STANDARD

[Global flags]
     uint ConcGCThreads                            = 1                                         {product} {ergonomic}
     uint G1ConcRefinementThreads                  = 4                                         {product} {ergonomic}
   size_t G1HeapRegionSize                         = 1048576                                   {product} {ergonomic}
    uintx GCDrainStackTargetSize                   = 64                                        {product} {ergonomic}
   size_t InitialHeapSize                          = 67108864                                  {product} {ergonomic}
   size_t MarkStackSize                            = 32768                                     {product} {ergonomic}
   size_t MaxHeapSize                              = 1073741824                                {product} {ergonomic}
   size_t MaxNewSize                               = 643825664                                 {product} {ergonomic}
   size_t MinHeapDeltaBytes                        = 1048576                                   {product} {ergonomic}
    uintx NonProfiledCodeHeapSize                  = 0                                      {pd product} {ergonomic}
    uintx ProfiledCodeHeapSize                     = 0                                      {pd product} {ergonomic}
     bool UseG1GC                                  = true                                      {product} {ergonomic}

Logging:
Log output configuration:
 #0: stdout all=warning uptime,level,tags
 #1: stderr all=off uptime,level,tags

Environment Variables:
PATH=/usr/local/sbin:/usr/local/bin:/usr/sbin:/usr/bin:/sbin:/bin
SHELL=/bin/bash
DISPLAY=:0
LANG=es_PA.UTF-8
LC_ALL=es_PA.UTF-8

Signal Handlers:
SIGSEGV: [libjvm.so+0x9ec8c8], sa_mask[0]=11111111011111111101111111111110, sa_flags=SA_RESTART|SA_SIGINFO
SIGBUS: [libjvm.so+0x9ec8c8], sa_mask[0]=11111111011111111101111111111110, sa_flags=SA_RESTART|SA_SIGINFO
SIGFPE: [libjvm.so+0x9ec8c8], sa_mask[0]=11111111011111111101111111111110, sa_flags=SA_RESTART|SA_SIGINFO
SIGPIPE: SIG_IGN, sa_mask[0]=00000000000010000000000000000000, sa_flags=SA_RESTART
SIGXFSZ: [libjvm.so+0x801f78], sa_mask[0]=11111111011111111101111111111110, sa_flags=SA_RESTART|SA_SIGINFO
SIGILL: [libjvm.so+0x9ec8c8], sa_mask[0]=11111111011111111101111111111110, sa_flags=SA_RESTART|SA_SIGINFO
SIGUSR2: [libjvm.so+0x801e18], sa_mask[0]=00000000000000000000000000000000, sa_flags=SA_RESTART|SA_SIGINFO
SIGHUP: [libjvm.so+0x8025f8], sa_mask[0]=11111111011111111101111111111110, sa_flags=SA_RESTART|SA_SIGINFO
SIGINT: [libjvm.so+0x8025f8], sa_mask[0]=11111111011111111101111111111110, sa_flags=SA_RESTART|SA_SIGINFO
SIGTERM: [libjvm.so+0x8025f8], sa_mask[0]=11111111011111111101111111111110, sa_flags=SA_RESTART|SA_SIGINFO
SIGQUIT: [libjvm.so+0x8025f8], sa_mask[0]=11111111011111111101111111111110, sa_flags=SA_RESTART|SA_SIGINFO


---------------  S Y S T E M  ---------------

OS:PRETTY_NAME="Raspbian GNU/Linux 11 (bullseye)"
NAME="Raspbian GNU/Linux"
VERSION_ID="11"
VERSION="11 (bullseye)"
VERSION_CODENAME=bullseye
ID=raspbian
ID_LIKE=debian
HOME_URL="http://www.raspbian.org/"
SUPPORT_URL="http://www.raspbian.org/RaspbianForums"
BUG_REPORT_URL="http://www.raspbian.org/RaspbianBugs"
uname:Linux 5.15.32-v7l+ #1538 SMP Thu Mar 31 19:39:41 BST 2022 armv7l
OS uptime: 0 days 10:59 hours
libc:glibc 2.31 NPTL 2.31 
rlimit (soft/hard): STACK 8192k/infinity , CORE 0k/infinity , NPROC 60615/60615 , NOFILE 1048576/1048576 , AS infinity/infinity , CPU infinity/infinity , DATA infinity/infinity , FSIZE infinity/infinity , MEMLOCK 1011061k/1011061k
load average:0.10 0.08 0.08

/proc/meminfo:
MemTotal:        8088492 kB
MemFree:         7014424 kB
MemAvailable:    7271748 kB
Buffers:           52436 kB
Cached:           538812 kB
SwapCached:            0 kB
Active:           118624 kB
Inactive:         763584 kB
Active(anon):       1040 kB
Inactive(anon):   413632 kB
Active(file):     117584 kB
Inactive(file):   349952 kB
Unevictable:       74624 kB
Mlocked:              32 kB
HighTotal:       7458816 kB
HighFree:        6508244 kB
LowTotal:         629676 kB
LowFree:          506180 kB
SwapTotal:        102396 kB
SwapFree:         102396 kB
Dirty:               272 kB
Writeback:             0 kB
AnonPages:        365620 kB
Mapped:           183248 kB
Shmem:            123712 kB
KReclaimable:      21360 kB
Slab:              42412 kB
SReclaimable:      21360 kB
SUnreclaim:        21052 kB
KernelStack:        2744 kB
PageTables:         5504 kB
NFS_Unstable:          0 kB
Bounce:                0 kB
WritebackTmp:          0 kB
CommitLimit:     4146640 kB
Committed_AS:    1404424 kB
VmallocTotal:     245760 kB
VmallocUsed:        5840 kB
VmallocChunk:          0 kB
Percpu:              448 kB
CmaTotal:         327680 kB
CmaFree:          311124 kB

/sys/kernel/mm/transparent_hugepage/enabled:
<Not Available>
/sys/kernel/mm/transparent_hugepage/defrag (defrag/compaction efforts parameter):
<Not Available>

Process Memory:
Virtual Size: 1301188K (peak: 1308060K)
Resident Set Size: 311984K (peak: 312816K) (anon: 245824K, file: 23924K, shmem: 42236K)
Swapped out: 0K
C-Heap outstanding allocations: 8720K

/proc/sys/kernel/threads-max (system-wide limit on the number of threads):
121230
/proc/sys/vm/max_map_count (maximum number of memory map areas a process may have):
65530
/proc/sys/kernel/pid_max (system-wide limit on number of process identifiers):
32768

/etc/ld.so.preload:
/usr/lib/arm-linux-gnueabihf/libarmmem-${PLATFORM}.so

Steal ticks since vm start: 0
Steal ticks percentage since vm start:  0.000

CPU:total 4 (initial active 4) (ARMv7), vfp, vfp3-32, simd, mp_ext

/proc/cpuinfo:
processor	: 0
model name	: ARMv7 Processor rev 3 (v7l)
BogoMIPS	: 324.00
Features	: half thumb fastmult vfp edsp neon vfpv3 tls vfpv4 idiva idivt vfpd32 lpae evtstrm crc32 
CPU implementer	: 0x41
CPU architecture: 7
CPU variant	: 0x0
CPU part	: 0xd08
CPU revision	: 3

processor	: 1
model name	: ARMv7 Processor rev 3 (v7l)
BogoMIPS	: 324.00
Features	: half thumb fastmult vfp edsp neon vfpv3 tls vfpv4 idiva idivt vfpd32 lpae evtstrm crc32 
CPU implementer	: 0x41
CPU architecture: 7
CPU variant	: 0x0
CPU part	: 0xd08
CPU revision	: 3

processor	: 2
model name	: ARMv7 Processor rev 3 (v7l)
BogoMIPS	: 324.00
Features	: half thumb fastmult vfp edsp neon vfpv3 tls vfpv4 idiva idivt vfpd32 lpae evtstrm crc32 
CPU implementer	: 0x41
CPU architecture: 7
CPU variant	: 0x0
CPU part	: 0xd08
CPU revision	: 3

processor	: 3
model name	: ARMv7 Processor rev 3 (v7l)
BogoMIPS	: 324.00
Features	: half thumb fastmult vfp edsp neon vfpv3 tls vfpv4 idiva idivt vfpd32 lpae evtstrm crc32 
CPU implementer	: 0x41
CPU architecture: 7
CPU variant	: 0x0
CPU part	: 0xd08
CPU revision	: 3

Hardware	: BCM2711
Revision	: d03114
Serial		: 100000007716ae09
Model		: Raspberry Pi 4 Model B Rev 1.4
Online cpus:
0-3
Offline cpus:


Memory: 4k page, physical 8088492k(7014424k free), swap 102396k(102396k free)

vm_info: OpenJDK Server VM (11.0.15+10-post-Raspbian-1deb11u1) for linux- JRE (11.0.15+10-post-Raspbian-1deb11u1), built on May  3 2022 12:15:06 by "unknown" with gcc 10.2.1 20210110

END.
