#
# A fatal error has been detected by the Java Runtime Environment:
#
#  SIGSEGV (0xb) at pc=0x6cb3f028, pid=8917, tid=8975
#
# JRE version: OpenJDK Runtime Environment (11.0.15+10) (build 11.0.15+10-post-Raspbian-1deb11u1)
# Java VM: OpenJDK Server VM (11.0.15+10-post-Raspbian-1deb11u1, mixed mode, g1 gc, linux-)
# Problematic frame:
# C  [libpigpio.so.1+0x23028]
#
# No core dump will be written. Core dumps have been disabled. To enable core dumping, try "ulimit -c unlimited" before starting Java again
#
# If you would like to submit a bug report, please visit:
#   Unknown
# The crash happened outside the Java Virtual Machine in native code.
# See problematic frame for where to report the bug.
#

---------------  S U M M A R Y ------------

Command Line: --module-path=. -Djdk.module.main=visual_classes visual_classes/visual_classes.window

Host: rev 3 (v7l), 4 cores, 7G, Raspbian GNU/Linux 11 (bullseye)
Time: Sun Aug 20 11:17:00 2023 EST elapsed time: 43.857418 seconds (0d 0h 0m 43s)

---------------  T H R E A D  ---------------

Current thread (0x6cc47000):  JavaThread "pi4j-shutdown" [_thread_in_native, id=8975, stack(0x6c227000,0x6c277000)]

Stack: [0x6c227000,0x6c277000],  sp=0x6c275898,  free space=314k
Native frames: (J=compiled Java code, A=aot compiled Java code, j=interpreted, Vv=VM code, C=native code)
C  [libpigpio.so.1+0x23028]
C  0x6c275a58

Java frames: (J=compiled Java code, j=interpreted, Vv=VM code)
j  com.pi4j.library.pigpio.internal.PIGPIO.gpioTerminate()V+0 com.pi4j.library.pigpio@2.1.1
j  com.pi4j.library.pigpio.impl.PiGpioNativeImpl.gpioTerminate()V+22 com.pi4j.library.pigpio@2.1.1
j  com.pi4j.library.pigpio.PiGpio.shutdown()V+1 com.pi4j.library.pigpio@2.1.1
j  com.pi4j.plugin.pigpio.PiGpioPlugin.shutdown(Lcom/pi4j/context/Context;)V+23 com.pi4j.plugin.pigpio@2.1.1
j  com.pi4j.runtime.impl.DefaultRuntime.shutdown()Lcom/pi4j/runtime/Runtime;+87 com.pi4j@2.1.1
j  com.pi4j.runtime.impl.DefaultRuntime.lambda$new$2()V+8 com.pi4j@2.1.1
j  com.pi4j.runtime.impl.DefaultRuntime$$Lambda$167.run()V+4 com.pi4j@2.1.1
j  java.lang.Thread.run()V+11 java.base@11.0.15
v  ~StubRoutines::call_stub

siginfo: si_signo: 11 (SIGSEGV), si_code: 1 (SEGV_MAPERR), si_addr: 0x70e06f5c

Register to memory mapping:

  r0  = 0x00000000
0x0 is NULL

  r1  = 0x00001000
0x00001000 is an unknown value

  r2  = 0xffffffff
0xffffffff is an unknown value

  r3  = 0x70e0634c
0x70e0634c is an unknown value

  r4  = 0x70e06f58
0x70e06f58 is an unknown value

  r5  = 0x70e073dc
0x70e073dc is an unknown value

  r6  = 0x00000014
0x00000014 is an unknown value

  r7  = 0x70e06000
0x70e06000 is an unknown value

  r8  = 0xb6f4f87c
0xb6f4f87c: __stack_chk_guard+0x00000000 in /lib/ld-linux-armhf.so.3 at 0xb6f1d000

  r9  = 0x6d1ba6c0
{method} {0x6d1ba6c0} 'gpioTerminate' '()V' in 'com/pi4j/library/pigpio/internal/PIGPIO'

  r10 = 0x6cc47000
0x6cc47000 is a thread

  fp  = 0x6c275a28
0x6c275a28 is pointing into the stack for thread: 0x6cc47000

  r12 = 0x6cb6a2c4
0x6cb6a2c4: <offset 0x0004e2c4> in /lib/libpigpio.so.1 at 0x6cb1c000

  sp  = 0x6c275898
0x6c275898 is pointing into the stack for thread: 0x6cc47000

  lr  = 0x6cb3f034
0x6cb3f034: <offset 0x00023034> in /lib/libpigpio.so.1 at 0x6cb1c000

  pc  = 0x6cb3f028
0x6cb3f028: <offset 0x00023028> in /lib/libpigpio.so.1 at 0x6cb1c000



Registers:
  r0  = 0x00000000
  r1  = 0x00001000
  r2  = 0xffffffff
  r3  = 0x70e0634c
  r4  = 0x70e06f58
  r5  = 0x70e073dc
  r6  = 0x00000014
  r7  = 0x70e06000
  r8  = 0xb6f4f87c
  r9  = 0x6d1ba6c0
  r10 = 0x6cc47000
  fp  = 0x6c275a28
  r12 = 0x6cb6a2c4
  sp  = 0x6c275898
  lr  = 0x6cb3f034
  pc  = 0x6cb3f028
  cpsr = 0x80000010

Top of Stack: (sp=0x6c275898)
0x6c275898:   00000000 b6f4f87c 6c275900 00000000
0x6c2758a8:   7ff714f8 00000000 7ff714f8 6c2758b4
0x6c2758b8:   70b077c6 6c2758e8 70b07d90 6d151b84
0x6c2758c8:   77dc5548 70b07848 00000000 6c2758e4
0x6c2758d8:   6c275910 b3c5d3f0 00000000 7cb07b08
0x6c2758e8:   7ff714f8 6c2758ec 70b0740f 6c27591c
0x6c2758f8:   70b07ea0 00000000 77dc55a8 70b07438
0x6c275908:   00000000 6c275918 6c275948 b3c5d3f0 

Instructions: (pc=0x6cb3f028)
0x6cb3ef28:   0a000001 e3a01024 ebff8544 e59f368c
0x6cb3ef38:   e08f3003 e5930074 e3700001 0a000001
0x6cb3ef48:   e3a01028 ebff853d e59f3674 e79f0003
0x6cb3ef58:   e3700001 0a000001 e3a0101c ebff8537
0x6cb3ef68:   e59f3660 e08f3003 e5930040 e3700001
0x6cb3ef78:   0a000001 e3a01018 ebff8530 e59f3648
0x6cb3ef88:   e3e02000 e08f3003 e59300c8 e5832038
0x6cb3ef98:   e1500002 e5832050 e5832044 e58320c4
0x6cb3efa8:   e583203c e5832078 e5832074 e5832000
0x6cb3efb8:   e5832040 0a000006 e59f2610 e3a030d4
0x6cb3efc8:   e08f2002 e5922004 e0030293 e2831e35
0x6cb3efd8:   ebff851a e59f35f8 e3e02000 e08f3003
0x6cb3efe8:   e59370cc e58320c8 e1570002 0a000015
0x6cb3eff8:   e59f35e0 e08f3003 e5936004 e0863086
0x6cb3f008:   e0863103 e0863103 e37300d4 0a000008
0x6cb3f018:   e3a050d4 e2873fd3 e0253695 e2474004
0x6cb3f028:   e5b40004 e3a01a01 ebff8504 e1540005
0x6cb3f038:   1afffffa e3a010d4 e1a00007 e0010691
0x6cb3f048:   e2811e35 ebff84fd e59f358c e3e02000
0x6cb3f058:   e08f3003 e59370d0 e58320cc e1570002
0x6cb3f068:   0a000010 e59f3574 e08f3003 e5933004
0x6cb3f078:   e3730004 0a000137 e1a06103 e0875006
0x6cb3f088:   e285500c e2474004 e5b40004 e3a01a35
0x6cb3f098:   ebff84ea e1540005 1afffffa e2861010
0x6cb3f0a8:   e1a00007 ebff84e5 e59f3534 e3e01000
0x6cb3f0b8:   e08f3003 e59320d4 e58310d0 e1520001
0x6cb3f0c8:   0a000048 e59f051c e3a01000 e08f0000
0x6cb3f0d8:   ebff8420 e2507000 ba00010d e59f3508
0x6cb3f0e8:   e59f2508 e08f3003 e08f2002 e5934004
0x6cb3f0f8:   e58270d8 e3740004 0a00002f e59250d4
0x6cb3f108:   e59fb4ec e0854204 e2455040 ea000002
0x6cb3f118:   e2444010 e1550004 0a000027 e5943030 


Stack slot to memory mapping:
stack at sp + 0 slots: 0x0 is NULL
stack at sp + 1 slots: 0xb6f4f87c: __stack_chk_guard+0x00000000 in /lib/ld-linux-armhf.so.3 at 0xb6f1d000
stack at sp + 2 slots: 0x6c275900 is pointing into the stack for thread: 0x6cc47000
stack at sp + 3 slots: 0x0 is NULL
stack at sp + 4 slots: 0x7ff714f8 is an oop: java.util.HashMap$KeyIterator 
{0x7ff714f8} - klass: 'java/util/HashMap$KeyIterator'
stack at sp + 5 slots: 0x0 is NULL
stack at sp + 6 slots: 0x7ff714f8 is an oop: java.util.HashMap$KeyIterator 
{0x7ff714f8} - klass: 'java/util/HashMap$KeyIterator'
stack at sp + 7 slots: 0x6c2758b4 is pointing into the stack for thread: 0x6cc47000


---------------  P R O C E S S  ---------------

Threads class SMR info:
_java_thread_list=0x6ce33710, length=15, elements={
0x70735c00, 0x70739400, 0x70743400, 0x70745c00,
0x70747400, 0x70748c00, 0x707a7800, 0x6f240400,
0x6f245000, 0x6f248000, 0x6f249400, 0xb5e0ec00,
0xb3a63000, 0x69386c00, 0x6cc47000
}

Java Threads: ( => current thread )
  0x70735c00 JavaThread "Reference Handler" daemon [_thread_blocked, id=8925, stack(0x7102e000,0x7107e000)]
  0x70739400 JavaThread "Finalizer" daemon [_thread_blocked, id=8926, stack(0x70e2e000,0x70e7e000)]
  0x70743400 JavaThread "Signal Dispatcher" daemon [_thread_blocked, id=8927, stack(0x706b0000,0x70700000)]
  0x70745c00 JavaThread "Service Thread" daemon [_thread_blocked, id=8928, stack(0x70660000,0x706b0000)]
  0x70747400 JavaThread "C2 CompilerThread0" daemon [_thread_blocked, id=8929, stack(0x70006000,0x70086000)]
  0x70748c00 JavaThread "Sweeper thread" daemon [_thread_blocked, id=8930, stack(0x70610000,0x70660000)]
  0x707a7800 JavaThread "Common-Cleaner" daemon [_thread_blocked, id=8931, stack(0x6ffb6000,0x70006000)]
  0x6f240400 JavaThread "Java2D Disposer" daemon [_thread_blocked, id=8937, stack(0x6d528000,0x6d578000)]
  0x6f245000 JavaThread "AWT-XAWT" daemon [_thread_in_native, id=8938, stack(0x6d4d8000,0x6d528000)]
  0x6f248000 JavaThread "AWT-Shutdown" [_thread_blocked, id=8939, stack(0x6d488000,0x6d4d8000)]
  0x6f249400 JavaThread "AWT-EventQueue-0" [_thread_blocked, id=8940, stack(0x6d438000,0x6d488000)]
  0xb5e0ec00 JavaThread "DestroyJavaVM" [_thread_blocked, id=8918, stack(0xb5f7e000,0xb5fce000)]
  0xb3a63000 JavaThread "Timer" [_thread_blocked, id=8953, stack(0x6c1d7000,0x6c227000)]
  0x69386c00 JavaThread "TimerQueue" daemon [_thread_blocked, id=8954, stack(0x6c087000,0x6c0d7000)]
=>0x6cc47000 JavaThread "pi4j-shutdown" [_thread_in_native, id=8975, stack(0x6c227000,0x6c277000)]

Other Threads:
  0x70730800 VMThread "VM Thread" [stack: 0x70834000,0x708b4000] [id=8924]
  0x6fe1f000 WatcherThread [stack: 0x6ff36000,0x6ffb6000] [id=8932]
  0xb5e22c00 GCTaskThread "GC Thread#0" [stack: 0xb3b99000,0xb3c19000] [id=8919]
  0x70510000 GCTaskThread "GC Thread#1" [stack: 0x6d038000,0x6d0b8000] [id=8942]
  0x70511400 GCTaskThread "GC Thread#2" [stack: 0x6cfb6000,0x6d036000] [id=8943]
  0x70512400 GCTaskThread "GC Thread#3" [stack: 0x6cf34000,0x6cfb4000] [id=8944]
  0xb5e78000 ConcurrentGCThread "G1 Main Marker" [stack: 0xb3b17000,0xb3b97000] [id=8920]
  0xb5e79800 ConcurrentGCThread "G1 Conc#0" [stack: 0x71380000,0x71400000] [id=8921]
  0xb5ee0c00 ConcurrentGCThread "G1 Refine#0" [stack: 0x71080000,0x71100000] [id=8922]
  0xb5ee2400 ConcurrentGCThread "G1 Young RemSet Sampling" [stack: 0x70e80000,0x70f00000] [id=8923]

Threads with active compile tasks:

VM state:not at safepoint (normal execution)

VM Mutex/Monitor currently owned by a thread: None

Heap:
 garbage-first heap   total 210944K, used 206037K [0x73a00000, 0xb3a00000)
  region size 1024K, 9 young (9216K), 2 survivors (2048K)
 Metaspace       used 14846K, capacity 15102K, committed 15128K, reserved 15664K
Heap Regions: E=young(eden), S=young(survivor), O=old, HS=humongous(starts), HC=humongous(continues), CS=collection set, F=free, A=archive, TAMS=top-at-mark-start (previous, next)
|   0|0x73a00000, 0x73b00000, 0x73b00000|100%| O|  |TAMS 0x73b00000, 0x73a00000| Untracked 
|   1|0x73b00000, 0x73c00000, 0x73c00000|100%|HS|  |TAMS 0x73c00000, 0x73b00000| Complete 
|   2|0x73c00000, 0x73d00000, 0x73d00000|100%|HS|  |TAMS 0x73d00000, 0x73c00000| Complete 
|   3|0x73d00000, 0x73e00000, 0x73e00000|100%|HC|  |TAMS 0x73e00000, 0x73d00000| Complete 
|   4|0x73e00000, 0x73f00000, 0x73f00000|100%|HS|  |TAMS 0x73f00000, 0x73e00000| Complete 
|   5|0x73f00000, 0x74000000, 0x74000000|100%|HC|  |TAMS 0x74000000, 0x73f00000| Complete 
|   6|0x74000000, 0x74100000, 0x74100000|100%|HS|  |TAMS 0x74100000, 0x74000000| Complete 
|   7|0x74100000, 0x74200000, 0x74200000|100%|HC|  |TAMS 0x74200000, 0x74100000| Complete 
|   8|0x74200000, 0x74300000, 0x74300000|100%|HC|  |TAMS 0x74300000, 0x74200000| Complete 
|   9|0x74300000, 0x74400000, 0x74400000|100%|HS|  |TAMS 0x74400000, 0x74300000| Complete 
|  10|0x74400000, 0x74500000, 0x74500000|100%|HC|  |TAMS 0x74500000, 0x74400000| Complete 
|  11|0x74500000, 0x74600000, 0x74600000|100%|HC|  |TAMS 0x74600000, 0x74500000| Complete 
|  12|0x74600000, 0x74700000, 0x74700000|100%|HS|  |TAMS 0x74700000, 0x74600000| Complete 
|  13|0x74700000, 0x74800000, 0x74800000|100%|HC|  |TAMS 0x74800000, 0x74700000| Complete 
|  14|0x74800000, 0x74900000, 0x74900000|100%|HC|  |TAMS 0x74900000, 0x74800000| Complete 
|  15|0x74900000, 0x74a00000, 0x74a00000|100%|HC|  |TAMS 0x74a00000, 0x74900000| Complete 
|  16|0x74a00000, 0x74b00000, 0x74b00000|100%|HC|  |TAMS 0x74b00000, 0x74a00000| Complete 
|  17|0x74b00000, 0x74c00000, 0x74c00000|100%|HS|  |TAMS 0x74c00000, 0x74b00000| Complete 
|  18|0x74c00000, 0x74d00000, 0x74d00000|100%|HS|  |TAMS 0x74d00000, 0x74c00000| Complete 
|  19|0x74d00000, 0x74e00000, 0x74e00000|100%|HS|  |TAMS 0x74e00000, 0x74d00000| Complete 
|  20|0x74e00000, 0x74f00000, 0x74f00000|100%|HS|  |TAMS 0x74f00000, 0x74e00000| Complete 
|  21|0x74f00000, 0x75000000, 0x75000000|100%|HS|  |TAMS 0x75000000, 0x74f00000| Complete 
|  22|0x75000000, 0x75100000, 0x75100000|100%|HC|  |TAMS 0x75100000, 0x75000000| Complete 
|  23|0x75100000, 0x75200000, 0x75200000|100%|HS|  |TAMS 0x75200000, 0x75100000| Complete 
|  24|0x75200000, 0x75300000, 0x75300000|100%|HC|  |TAMS 0x75300000, 0x75200000| Complete 
|  25|0x75300000, 0x75400000, 0x75400000|100%|HC|  |TAMS 0x75400000, 0x75300000| Complete 
|  26|0x75400000, 0x75500000, 0x75500000|100%|HS|  |TAMS 0x75500000, 0x75400000| Complete 
|  27|0x75500000, 0x75600000, 0x75600000|100%|HC|  |TAMS 0x75600000, 0x75500000| Complete 
|  28|0x75600000, 0x75700000, 0x75700000|100%|HS|  |TAMS 0x75700000, 0x75600000| Complete 
|  29|0x75700000, 0x75800000, 0x75800000|100%|HC|  |TAMS 0x75800000, 0x75700000| Complete 
|  30|0x75800000, 0x75900000, 0x75900000|100%| O|  |TAMS 0x75900000, 0x75800000| Untracked 
|  31|0x75900000, 0x75a00000, 0x75a00000|100%| O|  |TAMS 0x75a00000, 0x75900000| Untracked 
|  32|0x75a00000, 0x75b00000, 0x75b00000|100%| O|  |TAMS 0x75b00000, 0x75a00000| Untracked 
|  33|0x75b00000, 0x75c00000, 0x75c00000|100%| O|  |TAMS 0x75c00000, 0x75b00000| Untracked 
|  34|0x75c00000, 0x75d00000, 0x75d00000|100%| O|  |TAMS 0x75d00000, 0x75c00000| Untracked 
|  35|0x75d00000, 0x75e00000, 0x75e00000|100%| O|  |TAMS 0x75e00000, 0x75d00000| Untracked 
|  36|0x75e00000, 0x75f00000, 0x75f00000|100%| O|  |TAMS 0x75f00000, 0x75e00000| Untracked 
|  37|0x75f00000, 0x76000000, 0x76000000|100%|HS|  |TAMS 0x76000000, 0x75f00000| Complete 
|  38|0x76000000, 0x76100000, 0x76100000|100%|HC|  |TAMS 0x76100000, 0x76000000| Complete 
|  39|0x76100000, 0x76200000, 0x76200000|100%|HC|  |TAMS 0x76200000, 0x76100000| Complete 
|  40|0x76200000, 0x76300000, 0x76300000|100%|HS|  |TAMS 0x76300000, 0x76200000| Complete 
|  41|0x76300000, 0x76400000, 0x76400000|100%|HC|  |TAMS 0x76400000, 0x76300000| Complete 
|  42|0x76400000, 0x76500000, 0x76500000|100%|HC|  |TAMS 0x76500000, 0x76400000| Complete 
|  43|0x76500000, 0x76600000, 0x76600000|100%|HS|  |TAMS 0x76600000, 0x76500000| Complete 
|  44|0x76600000, 0x76700000, 0x76700000|100%|HC|  |TAMS 0x76700000, 0x76600000| Complete 
|  45|0x76700000, 0x76800000, 0x76800000|100%|HC|  |TAMS 0x76800000, 0x76700000| Complete 
|  46|0x76800000, 0x76900000, 0x76900000|100%|HS|  |TAMS 0x76900000, 0x76800000| Complete 
|  47|0x76900000, 0x76a00000, 0x76a00000|100%|HC|  |TAMS 0x76a00000, 0x76900000| Complete 
|  48|0x76a00000, 0x76b00000, 0x76b00000|100%|HC|  |TAMS 0x76b00000, 0x76a00000| Complete 
|  49|0x76b00000, 0x76c00000, 0x76c00000|100%|HS|  |TAMS 0x76c00000, 0x76b00000| Complete 
|  50|0x76c00000, 0x76d00000, 0x76d00000|100%|HC|  |TAMS 0x76d00000, 0x76c00000| Complete 
|  51|0x76d00000, 0x76e00000, 0x76e00000|100%|HC|  |TAMS 0x76e00000, 0x76d00000| Complete 
|  52|0x76e00000, 0x76f00000, 0x76f00000|100%| O|  |TAMS 0x76f00000, 0x76e00000| Untracked 
|  53|0x76f00000, 0x77000000, 0x77000000|100%|HS|  |TAMS 0x77000000, 0x76f00000| Complete 
|  54|0x77000000, 0x77100000, 0x77100000|100%|HC|  |TAMS 0x77100000, 0x77000000| Complete 
|  55|0x77100000, 0x77200000, 0x77200000|100%|HC|  |TAMS 0x77200000, 0x77100000| Complete 
|  56|0x77200000, 0x77300000, 0x77300000|100%|HS|  |TAMS 0x77300000, 0x77200000| Complete 
|  57|0x77300000, 0x77400000, 0x77400000|100%|HC|  |TAMS 0x77400000, 0x77300000| Complete 
|  58|0x77400000, 0x77500000, 0x77500000|100%|HC|  |TAMS 0x77500000, 0x77400000| Complete 
|  59|0x77500000, 0x77600000, 0x77600000|100%|HS|  |TAMS 0x77600000, 0x77500000| Complete 
|  60|0x77600000, 0x77700000, 0x77700000|100%|HC|  |TAMS 0x77700000, 0x77600000| Complete 
|  61|0x77700000, 0x77800000, 0x77800000|100%|HC|  |TAMS 0x77800000, 0x77700000| Complete 
|  62|0x77800000, 0x77900000, 0x77900000|100%|HS|  |TAMS 0x77900000, 0x77800000| Complete 
|  63|0x77900000, 0x77a00000, 0x77a00000|100%|HC|  |TAMS 0x77a00000, 0x77900000| Complete 
|  64|0x77a00000, 0x77b00000, 0x77b00000|100%|HC|  |TAMS 0x77b00000, 0x77a00000| Complete 
|  65|0x77b00000, 0x77c00000, 0x77c00000|100%| O|  |TAMS 0x77c00000, 0x77b00000| Untracked 
|  66|0x77c00000, 0x77d00000, 0x77d00000|100%| O|  |TAMS 0x77d00000, 0x77c00000| Untracked 
|  67|0x77d00000, 0x77e00000, 0x77e00000|100%| O|  |TAMS 0x77e00000, 0x77d00000| Untracked 
|  68|0x77e00000, 0x77f00000, 0x77f00000|100%| O|  |TAMS 0x77f00000, 0x77e00000| Untracked 
|  69|0x77f00000, 0x78000000, 0x78000000|100%| O|  |TAMS 0x78000000, 0x77f00000| Untracked 
|  70|0x78000000, 0x78100000, 0x78100000|100%|HS|  |TAMS 0x78100000, 0x78000000| Complete 
|  71|0x78100000, 0x78200000, 0x78200000|100%|HC|  |TAMS 0x78200000, 0x78100000| Complete 
|  72|0x78200000, 0x78300000, 0x78300000|100%|HC|  |TAMS 0x78300000, 0x78200000| Complete 
|  73|0x78300000, 0x78400000, 0x78400000|100%|HS|  |TAMS 0x78400000, 0x78300000| Complete 
|  74|0x78400000, 0x78500000, 0x78500000|100%|HC|  |TAMS 0x78500000, 0x78400000| Complete 
|  75|0x78500000, 0x78600000, 0x78600000|100%|HC|  |TAMS 0x78600000, 0x78500000| Complete 
|  76|0x78600000, 0x78700000, 0x78700000|100%| O|  |TAMS 0x78700000, 0x78600000| Untracked 
|  77|0x78700000, 0x78800000, 0x78800000|100%|HS|  |TAMS 0x78800000, 0x78700000| Complete 
|  78|0x78800000, 0x78900000, 0x78900000|100%|HC|  |TAMS 0x78900000, 0x78800000| Complete 
|  79|0x78900000, 0x78a00000, 0x78a00000|100%|HS|  |TAMS 0x78a00000, 0x78900000| Complete 
|  80|0x78a00000, 0x78b00000, 0x78b00000|100%|HC|  |TAMS 0x78b00000, 0x78a00000| Complete 
|  81|0x78b00000, 0x78c00000, 0x78c00000|100%|HC|  |TAMS 0x78c00000, 0x78b00000| Complete 
|  82|0x78c00000, 0x78d00000, 0x78d00000|100%| O|  |TAMS 0x78d00000, 0x78c00000| Untracked 
|  83|0x78d00000, 0x78e00000, 0x78e00000|100%| O|  |TAMS 0x78e00000, 0x78d00000| Untracked 
|  84|0x78e00000, 0x78f00000, 0x78f00000|100%|HS|  |TAMS 0x78f00000, 0x78e00000| Complete 
|  85|0x78f00000, 0x79000000, 0x79000000|100%|HC|  |TAMS 0x79000000, 0x78f00000| Complete 
|  86|0x79000000, 0x79100000, 0x79100000|100%|HC|  |TAMS 0x79100000, 0x79000000| Complete 
|  87|0x79100000, 0x79200000, 0x79200000|100%|HC|  |TAMS 0x79200000, 0x79100000| Complete 
|  88|0x79200000, 0x79300000, 0x79300000|100%|HC|  |TAMS 0x79300000, 0x79200000| Complete 
|  89|0x79300000, 0x79400000, 0x79400000|100%|HC|  |TAMS 0x79400000, 0x79300000| Complete 
|  90|0x79400000, 0x79500000, 0x79500000|100%|HC|  |TAMS 0x79500000, 0x79400000| Complete 
|  91|0x79500000, 0x79600000, 0x79600000|100%|HC|  |TAMS 0x79600000, 0x79500000| Complete 
|  92|0x79600000, 0x79700000, 0x79700000|100%|HC|  |TAMS 0x79700000, 0x79600000| Complete 
|  93|0x79700000, 0x79800000, 0x79800000|100%|HC|  |TAMS 0x79800000, 0x79700000| Complete 
|  94|0x79800000, 0x79900000, 0x79900000|100%|HC|  |TAMS 0x79900000, 0x79800000| Complete 
|  95|0x79900000, 0x79a00000, 0x79a00000|100%|HC|  |TAMS 0x79a00000, 0x79900000| Complete 
|  96|0x79a00000, 0x79b00000, 0x79b00000|100%|HC|  |TAMS 0x79b00000, 0x79a00000| Complete 
|  97|0x79b00000, 0x79c00000, 0x79c00000|100%|HC|  |TAMS 0x79c00000, 0x79b00000| Complete 
|  98|0x79c00000, 0x79d00000, 0x79d00000|100%|HC|  |TAMS 0x79d00000, 0x79c00000| Complete 
|  99|0x79d00000, 0x79e00000, 0x79e00000|100%|HC|  |TAMS 0x79e00000, 0x79d00000| Complete 
| 100|0x79e00000, 0x79f00000, 0x79f00000|100%|HC|  |TAMS 0x79f00000, 0x79e00000| Complete 
| 101|0x79f00000, 0x7a000000, 0x7a000000|100%|HS|  |TAMS 0x7a000000, 0x79f00000| Complete 
| 102|0x7a000000, 0x7a100000, 0x7a100000|100%|HC|  |TAMS 0x7a100000, 0x7a000000| Complete 
| 103|0x7a100000, 0x7a200000, 0x7a200000|100%|HC|  |TAMS 0x7a200000, 0x7a100000| Complete 
| 104|0x7a200000, 0x7a300000, 0x7a300000|100%|HS|  |TAMS 0x7a300000, 0x7a200000| Complete 
| 105|0x7a300000, 0x7a400000, 0x7a400000|100%|HC|  |TAMS 0x7a400000, 0x7a300000| Complete 
| 106|0x7a400000, 0x7a500000, 0x7a500000|100%|HC|  |TAMS 0x7a500000, 0x7a400000| Complete 
| 107|0x7a500000, 0x7a600000, 0x7a600000|100%| O|  |TAMS 0x7a600000, 0x7a500000| Untracked 
| 108|0x7a600000, 0x7a700000, 0x7a700000|100%|HS|  |TAMS 0x7a700000, 0x7a600000| Complete 
| 109|0x7a700000, 0x7a800000, 0x7a800000|100%|HS|  |TAMS 0x7a800000, 0x7a700000| Complete 
| 110|0x7a800000, 0x7a900000, 0x7a900000|100%|HC|  |TAMS 0x7a900000, 0x7a800000| Complete 
| 111|0x7a900000, 0x7aa00000, 0x7aa00000|100%|HS|  |TAMS 0x7aa00000, 0x7a900000| Complete 
| 112|0x7aa00000, 0x7ab00000, 0x7ab00000|100%|HC|  |TAMS 0x7ab00000, 0x7aa00000| Complete 
| 113|0x7ab00000, 0x7ac00000, 0x7ac00000|100%|HC|  |TAMS 0x7ac00000, 0x7ab00000| Complete 
| 114|0x7ac00000, 0x7ad00000, 0x7ad00000|100%|HS|  |TAMS 0x7ad00000, 0x7ac00000| Complete 
| 115|0x7ad00000, 0x7ae00000, 0x7ae00000|100%|HC|  |TAMS 0x7ae00000, 0x7ad00000| Complete 
| 116|0x7ae00000, 0x7af00000, 0x7af00000|100%|HC|  |TAMS 0x7af00000, 0x7ae00000| Complete 
| 117|0x7af00000, 0x7b000000, 0x7b000000|100%|HS|  |TAMS 0x7b000000, 0x7af00000| Complete 
| 118|0x7b000000, 0x7b100000, 0x7b100000|100%|HC|  |TAMS 0x7b100000, 0x7b000000| Complete 
| 119|0x7b100000, 0x7b200000, 0x7b200000|100%|HC|  |TAMS 0x7b200000, 0x7b100000| Complete 
| 120|0x7b200000, 0x7b300000, 0x7b300000|100%|HC|  |TAMS 0x7b300000, 0x7b200000| Complete 
| 121|0x7b300000, 0x7b400000, 0x7b400000|100%|HC|  |TAMS 0x7b400000, 0x7b300000| Complete 
| 122|0x7b400000, 0x7b500000, 0x7b500000|100%|HC|  |TAMS 0x7b500000, 0x7b400000| Complete 
| 123|0x7b500000, 0x7b600000, 0x7b600000|100%|HC|  |TAMS 0x7b600000, 0x7b500000| Complete 
| 124|0x7b600000, 0x7b700000, 0x7b700000|100%|HC|  |TAMS 0x7b700000, 0x7b600000| Complete 
| 125|0x7b700000, 0x7b800000, 0x7b800000|100%|HC|  |TAMS 0x7b800000, 0x7b700000| Complete 
| 126|0x7b800000, 0x7b900000, 0x7b900000|100%|HC|  |TAMS 0x7b900000, 0x7b800000| Complete 
| 127|0x7b900000, 0x7ba00000, 0x7ba00000|100%|HC|  |TAMS 0x7ba00000, 0x7b900000| Complete 
| 128|0x7ba00000, 0x7bb00000, 0x7bb00000|100%|HC|  |TAMS 0x7bb00000, 0x7ba00000| Complete 
| 129|0x7bb00000, 0x7bc00000, 0x7bc00000|100%|HC|  |TAMS 0x7bc00000, 0x7bb00000| Complete 
| 130|0x7bc00000, 0x7bd00000, 0x7bd00000|100%|HC|  |TAMS 0x7bd00000, 0x7bc00000| Complete 
| 131|0x7bd00000, 0x7be00000, 0x7be00000|100%|HC|  |TAMS 0x7be00000, 0x7bd00000| Complete 
| 132|0x7be00000, 0x7bf00000, 0x7bf00000|100%|HC|  |TAMS 0x7bf00000, 0x7be00000| Complete 
| 133|0x7bf00000, 0x7c000000, 0x7c000000|100%|HC|  |TAMS 0x7c000000, 0x7bf00000| Complete 
| 134|0x7c000000, 0x7c100000, 0x7c100000|100%|HC|  |TAMS 0x7c100000, 0x7c000000| Complete 
| 135|0x7c100000, 0x7c200000, 0x7c200000|100%|HS|  |TAMS 0x7c200000, 0x7c100000| Complete 
| 136|0x7c200000, 0x7c300000, 0x7c300000|100%|HC|  |TAMS 0x7c300000, 0x7c200000| Complete 
| 137|0x7c300000, 0x7c400000, 0x7c400000|100%|HC|  |TAMS 0x7c400000, 0x7c300000| Complete 
| 138|0x7c400000, 0x7c500000, 0x7c500000|100%|HC|  |TAMS 0x7c500000, 0x7c400000| Complete 
| 139|0x7c500000, 0x7c600000, 0x7c600000|100%|HC|  |TAMS 0x7c600000, 0x7c500000| Complete 
| 140|0x7c600000, 0x7c700000, 0x7c700000|100%|HC|  |TAMS 0x7c700000, 0x7c600000| Complete 
| 141|0x7c700000, 0x7c800000, 0x7c800000|100%|HC|  |TAMS 0x7c800000, 0x7c700000| Complete 
| 142|0x7c800000, 0x7c900000, 0x7c900000|100%|HS|  |TAMS 0x7c900000, 0x7c800000| Complete 
| 143|0x7c900000, 0x7ca00000, 0x7ca00000|100%|HS|  |TAMS 0x7ca00000, 0x7c900000| Complete 
| 144|0x7ca00000, 0x7cb00000, 0x7cb00000|100%|HS|  |TAMS 0x7cb00000, 0x7ca00000| Complete 
| 145|0x7cb00000, 0x7cc00000, 0x7cc00000|100%| O|  |TAMS 0x7cc00000, 0x7cb00000| Untracked 
| 146|0x7cc00000, 0x7cd00000, 0x7cd00000|100%|HS|  |TAMS 0x7cd00000, 0x7cc00000| Complete 
| 147|0x7cd00000, 0x7ce00000, 0x7ce00000|100%|HC|  |TAMS 0x7ce00000, 0x7cd00000| Complete 
| 148|0x7ce00000, 0x7cf00000, 0x7cf00000|100%|HC|  |TAMS 0x7cf00000, 0x7ce00000| Complete 
| 149|0x7cf00000, 0x7d000000, 0x7d000000|100%|HC|  |TAMS 0x7d000000, 0x7cf00000| Complete 
| 150|0x7d000000, 0x7d100000, 0x7d100000|100%|HC|  |TAMS 0x7d100000, 0x7d000000| Complete 
| 151|0x7d100000, 0x7d200000, 0x7d200000|100%|HC|  |TAMS 0x7d200000, 0x7d100000| Complete 
| 152|0x7d200000, 0x7d300000, 0x7d300000|100%|HC|  |TAMS 0x7d300000, 0x7d200000| Complete 
| 153|0x7d300000, 0x7d400000, 0x7d400000|100%|HC|  |TAMS 0x7d400000, 0x7d300000| Complete 
| 154|0x7d400000, 0x7d500000, 0x7d500000|100%|HC|  |TAMS 0x7d500000, 0x7d400000| Complete 
| 155|0x7d500000, 0x7d600000, 0x7d600000|100%|HC|  |TAMS 0x7d600000, 0x7d500000| Complete 
| 156|0x7d600000, 0x7d700000, 0x7d700000|100%|HC|  |TAMS 0x7d700000, 0x7d600000| Complete 
| 157|0x7d700000, 0x7d800000, 0x7d800000|100%|HC|  |TAMS 0x7d800000, 0x7d700000| Complete 
| 158|0x7d800000, 0x7d900000, 0x7d900000|100%|HC|  |TAMS 0x7d900000, 0x7d800000| Complete 
| 159|0x7d900000, 0x7da00000, 0x7da00000|100%|HC|  |TAMS 0x7da00000, 0x7d900000| Complete 
| 160|0x7da00000, 0x7db00000, 0x7db00000|100%|HC|  |TAMS 0x7db00000, 0x7da00000| Complete 
| 161|0x7db00000, 0x7dc00000, 0x7dc00000|100%|HC|  |TAMS 0x7dc00000, 0x7db00000| Complete 
| 162|0x7dc00000, 0x7dd00000, 0x7dd00000|100%|HC|  |TAMS 0x7dd00000, 0x7dc00000| Complete 
| 163|0x7dd00000, 0x7de00000, 0x7de00000|100%|HC|  |TAMS 0x7de00000, 0x7dd00000| Complete 
| 164|0x7de00000, 0x7df00000, 0x7df00000|100%|HC|  |TAMS 0x7df00000, 0x7de00000| Complete 
| 165|0x7df00000, 0x7e000000, 0x7e000000|100%|HC|  |TAMS 0x7e000000, 0x7df00000| Complete 
| 166|0x7e000000, 0x7e100000, 0x7e100000|100%|HC|  |TAMS 0x7e100000, 0x7e000000| Complete 
| 167|0x7e100000, 0x7e200000, 0x7e200000|100%|HC|  |TAMS 0x7e200000, 0x7e100000| Complete 
| 168|0x7e200000, 0x7e300000, 0x7e300000|100%|HC|  |TAMS 0x7e300000, 0x7e200000| Complete 
| 169|0x7e300000, 0x7e400000, 0x7e400000|100%|HC|  |TAMS 0x7e400000, 0x7e300000| Complete 
| 170|0x7e400000, 0x7e500000, 0x7e500000|100%|HC|  |TAMS 0x7e500000, 0x7e400000| Complete 
| 171|0x7e500000, 0x7e600000, 0x7e600000|100%|HC|  |TAMS 0x7e600000, 0x7e500000| Complete 
| 172|0x7e600000, 0x7e700000, 0x7e700000|100%|HC|  |TAMS 0x7e700000, 0x7e600000| Complete 
| 173|0x7e700000, 0x7e800000, 0x7e800000|100%|HC|  |TAMS 0x7e800000, 0x7e700000| Complete 
| 174|0x7e800000, 0x7e900000, 0x7e900000|100%|HC|  |TAMS 0x7e900000, 0x7e800000| Complete 
| 175|0x7e900000, 0x7ea00000, 0x7ea00000|100%|HC|  |TAMS 0x7ea00000, 0x7e900000| Complete 
| 176|0x7ea00000, 0x7eb00000, 0x7eb00000|100%|HC|  |TAMS 0x7eb00000, 0x7ea00000| Complete 
| 177|0x7eb00000, 0x7ec00000, 0x7ec00000|100%|HC|  |TAMS 0x7ec00000, 0x7eb00000| Complete 
| 178|0x7ec00000, 0x7ed00000, 0x7ed00000|100%|HC|  |TAMS 0x7ed00000, 0x7ec00000| Complete 
| 179|0x7ed00000, 0x7ee00000, 0x7ee00000|100%|HC|  |TAMS 0x7ee00000, 0x7ed00000| Complete 
| 180|0x7ee00000, 0x7ef00000, 0x7ef00000|100%|HC|  |TAMS 0x7ef00000, 0x7ee00000| Complete 
| 181|0x7ef00000, 0x7f000000, 0x7f000000|100%|HC|  |TAMS 0x7f000000, 0x7ef00000| Complete 
| 182|0x7f000000, 0x7f100000, 0x7f100000|100%|HC|  |TAMS 0x7f100000, 0x7f000000| Complete 
| 183|0x7f100000, 0x7f200000, 0x7f200000|100%|HC|  |TAMS 0x7f200000, 0x7f100000| Complete 
| 184|0x7f200000, 0x7f300000, 0x7f300000|100%|HC|  |TAMS 0x7f300000, 0x7f200000| Complete 
| 185|0x7f300000, 0x7f400000, 0x7f400000|100%|HC|  |TAMS 0x7f400000, 0x7f300000| Complete 
| 186|0x7f400000, 0x7f500000, 0x7f500000|100%|HC|  |TAMS 0x7f500000, 0x7f400000| Complete 
| 187|0x7f500000, 0x7f600000, 0x7f600000|100%|HC|  |TAMS 0x7f600000, 0x7f500000| Complete 
| 188|0x7f600000, 0x7f700000, 0x7f700000|100%|HS|  |TAMS 0x7f700000, 0x7f600000| Complete 
| 189|0x7f700000, 0x7f800000, 0x7f800000|100%| O|  |TAMS 0x7f800000, 0x7f700000| Untracked 
| 190|0x7f800000, 0x7f900000, 0x7f900000|100%| O|  |TAMS 0x7f900000, 0x7f800000| Untracked 
| 191|0x7f900000, 0x7fa00000, 0x7fa00000|100%|HS|  |TAMS 0x7fa00000, 0x7f900000| Complete 
| 192|0x7fa00000, 0x7fb00000, 0x7fb00000|100%| O|  |TAMS 0x7fb00000, 0x7fa00000| Untracked 
| 193|0x7fb00000, 0x7fc00000, 0x7fc00000|100%| S|CS|TAMS 0x7fb00000, 0x7fb00000| Complete 
| 194|0x7fc00000, 0x7fc00000, 0x7fd00000|  0%| F|  |TAMS 0x7fc00000, 0x7fc00000| Untracked 
| 195|0x7fd00000, 0x7fd00000, 0x7fe00000|  0%| F|  |TAMS 0x7fd00000, 0x7fd00000| Untracked 
| 196|0x7fe00000, 0x7fe00000, 0x7ff00000|  0%| F|  |TAMS 0x7fe00000, 0x7fe00000| Untracked 
| 197|0x7ff00000, 0x7ff7ea10, 0x80000000| 49%| E|  |TAMS 0x7ff00000, 0x7ff00000| Complete 
| 198|0x80000000, 0x80100000, 0x80100000|100%| E|CS|TAMS 0x80000000, 0x80000000| Complete 
| 199|0x80100000, 0x80200000, 0x80200000|100%| E|CS|TAMS 0x80100000, 0x80100000| Complete 
| 200|0x80200000, 0x80300000, 0x80300000|100%| E|CS|TAMS 0x80200000, 0x80200000| Complete 
| 201|0x80300000, 0x80400000, 0x80400000|100%| E|CS|TAMS 0x80300000, 0x80300000| Complete 
| 202|0x80400000, 0x80500000, 0x80500000|100%| E|CS|TAMS 0x80400000, 0x80400000| Complete 
| 203|0x80500000, 0x80600000, 0x80600000|100%| E|CS|TAMS 0x80500000, 0x80500000| Complete 
| 204|0x80600000, 0x806ac600, 0x80700000| 67%| O|  |TAMS 0x806ac600, 0x80600000| Untracked 
| 205|0x80700000, 0x80789130, 0x80800000| 53%| S|CS|TAMS 0x80700000, 0x80700000| Complete 

Card table byte_map: [0x73600000,0x73800000] _byte_map_base: 0x73263000

Marking Bits (Prev, Next): (CMBitMap*) 0xb5e7576c, (CMBitMap*) 0xb5e75788
 Prev Bits: [0x72400000, 0x73400000)
 Next Bits: [0x71400000, 0x72400000)

Polling page: 0xb6f4a000

Metaspace:

Usage:
   14.75 MB capacity,    14.50 MB ( 98%) used,   161.02 KB (  1%) free+waste,    94.18 KB ( <1%) overhead. 

Virtual space:
     15.30 MB reserved,      14.77 MB ( 97%) committed 

Chunk freelists:
0 bytes

MaxMetaspaceSize: unlimited
No class space
Initial GC threshold: 16.00 MB
Current GC threshold: 24.00 MB
CDS: off

CodeCache: size=32768Kb used=1545Kb max_used=1556Kb free=31223Kb
 bounds [0xb3c59000, 0xb3de1000, 0xb5c59000]
 total_blobs=997 nmethods=723 adapters=227
 compilation: enabled
              stopped_count=0, restarted_count=0
 full_count=0

Compilation events (20 events):
Event: 31.843 Thread 0x6cace000 nmethod 713 0xb3dd6888 code [0xb3dd69a0, 0xb3dd6a98]
Event: 31.843 Thread 0x6cace000  714   !         java.awt.Component::firePropertyChange (59 bytes)
Event: 31.855 Thread 0x6cace000 nmethod 714 0xb3dd5f08 code [0xb3dd6020, 0xb3dd663c]
Event: 31.858 Thread 0x70747400 nmethod 712 0xb3dd8788 code [0xb3dd8900, 0xb3dd9324]
Event: 31.902 Thread 0x6cace000  715             java.lang.Math::abs (11 bytes)
Event: 31.903 Thread 0x6cace000 nmethod 715 0xb3dd8488 code [0xb3dd8580, 0xb3dd85cc]
Event: 31.912 Thread 0x70747400  716             java.lang.Integer::toUnsignedLong (7 bytes)
Event: 31.913 Thread 0x70747400 nmethod 716 0xb3dd8188 code [0xb3dd8280, 0xb3dd82cc]
Event: 40.608 Thread 0x70747400  717             jdk.internal.misc.Unsafe::getAddress (7 bytes)
Event: 40.608 Thread 0x70747400 nmethod 717 0xb3dd5c08 code [0xb3dd5d00, 0xb3dd5d5c]
Event: 40.609 Thread 0x70747400  718             jdk.internal.misc.Unsafe::getAddress (24 bytes)
Event: 40.609 Thread 0x70747400 nmethod 718 0xb3dd5908 code [0xb3dd5a00, 0xb3dd5a5c]
Event: 40.609 Thread 0x70747400  719             sun.font.CMap$CMapFormat12::getGlyph (138 bytes)
Event: 40.615 Thread 0x70747400 nmethod 719 0xb3dd5108 code [0xb3dd5220, 0xb3dd54bc]
Event: 40.615 Thread 0x70747400  720             sun.java2d.xr.DirtyRegion::clear (25 bytes)
Event: 40.616 Thread 0x70747400 nmethod 720 0xb3dde288 code [0xb3dde380, 0xb3dde3ec]
Event: 40.616 Thread 0x70747400  721             sun.font.XRGlyphCacheEntry::getGlyphID (14 bytes)
Event: 40.617 Thread 0x70747400 nmethod 721 0xb3dddf88 code [0xb3dde080, 0xb3dde0dc]
Event: 43.828 Thread 0x70747400  723             java.lang.reflect.Modifier::isStatic (13 bytes)
Event: 43.830 Thread 0x70747400 nmethod 723 0xb3ddc588 code [0xb3ddc680, 0xb3ddc6cc]

GC Heap History (20 events):
Event: 8.578 GC heap before
{Heap before GC invocations=93 (full 0):
 garbage-first heap   total 206848K, used 204304K [0x73a00000, 0xb3a00000)
  region size 1024K, 10 young (10240K), 1 survivors (1024K)
 Metaspace       used 12132K, capacity 12324K, committed 12440K, reserved 12592K
}
Event: 8.580 GC heap after
{Heap after GC invocations=94 (full 0):
 garbage-first heap   total 206848K, used 195090K [0x73a00000, 0xb3a00000)
  region size 1024K, 1 young (1024K), 1 survivors (1024K)
 Metaspace       used 12132K, capacity 12324K, committed 12440K, reserved 12592K
}
Event: 8.628 GC heap before
{Heap before GC invocations=94 (full 0):
 garbage-first heap   total 206848K, used 204306K [0x73a00000, 0xb3a00000)
  region size 1024K, 10 young (10240K), 1 survivors (1024K)
 Metaspace       used 12132K, capacity 12324K, committed 12440K, reserved 12592K
}
Event: 8.630 GC heap after
{Heap after GC invocations=95 (full 0):
 garbage-first heap   total 206848K, used 195146K [0x73a00000, 0xb3a00000)
  region size 1024K, 1 young (1024K), 1 survivors (1024K)
 Metaspace       used 12132K, capacity 12324K, committed 12440K, reserved 12592K
}
Event: 8.683 GC heap before
{Heap before GC invocations=96 (full 0):
 garbage-first heap   total 206848K, used 204362K [0x73a00000, 0xb3a00000)
  region size 1024K, 10 young (10240K), 1 survivors (1024K)
 Metaspace       used 12132K, capacity 12324K, committed 12440K, reserved 12592K
}
Event: 8.684 GC heap after
{Heap after GC invocations=97 (full 0):
 garbage-first heap   total 206848K, used 195092K [0x73a00000, 0xb3a00000)
  region size 1024K, 1 young (1024K), 1 survivors (1024K)
 Metaspace       used 12132K, capacity 12324K, committed 12440K, reserved 12592K
}
Event: 8.733 GC heap before
{Heap before GC invocations=97 (full 0):
 garbage-first heap   total 206848K, used 204308K [0x73a00000, 0xb3a00000)
  region size 1024K, 10 young (10240K), 1 survivors (1024K)
 Metaspace       used 12132K, capacity 12324K, committed 12440K, reserved 12592K
}
Event: 8.739 GC heap after
{Heap after GC invocations=98 (full 0):
 garbage-first heap   total 206848K, used 195094K [0x73a00000, 0xb3a00000)
  region size 1024K, 1 young (1024K), 1 survivors (1024K)
 Metaspace       used 12132K, capacity 12324K, committed 12440K, reserved 12592K
}
Event: 8.793 GC heap before
{Heap before GC invocations=99 (full 0):
 garbage-first heap   total 206848K, used 204310K [0x73a00000, 0xb3a00000)
  region size 1024K, 10 young (10240K), 1 survivors (1024K)
 Metaspace       used 12132K, capacity 12324K, committed 12440K, reserved 12592K
}
Event: 8.794 GC heap after
{Heap after GC invocations=100 (full 0):
 garbage-first heap   total 206848K, used 195120K [0x73a00000, 0xb3a00000)
  region size 1024K, 1 young (1024K), 1 survivors (1024K)
 Metaspace       used 12132K, capacity 12324K, committed 12440K, reserved 12592K
}
Event: 8.843 GC heap before
{Heap before GC invocations=100 (full 0):
 garbage-first heap   total 206848K, used 204336K [0x73a00000, 0xb3a00000)
  region size 1024K, 10 young (10240K), 1 survivors (1024K)
 Metaspace       used 12132K, capacity 12324K, committed 12440K, reserved 12592K
}
Event: 8.845 GC heap after
{Heap after GC invocations=101 (full 0):
 garbage-first heap   total 206848K, used 195178K [0x73a00000, 0xb3a00000)
  region size 1024K, 1 young (1024K), 1 survivors (1024K)
 Metaspace       used 12132K, capacity 12324K, committed 12440K, reserved 12592K
}
Event: 8.898 GC heap before
{Heap before GC invocations=102 (full 0):
 garbage-first heap   total 206848K, used 204394K [0x73a00000, 0xb3a00000)
  region size 1024K, 10 young (10240K), 1 survivors (1024K)
 Metaspace       used 12132K, capacity 12324K, committed 12440K, reserved 12592K
}
Event: 8.899 GC heap after
{Heap after GC invocations=103 (full 0):
 garbage-first heap   total 207872K, used 195183K [0x73a00000, 0xb3a00000)
  region size 1024K, 1 young (1024K), 1 survivors (1024K)
 Metaspace       used 12132K, capacity 12324K, committed 12440K, reserved 12592K
}
Event: 10.208 GC heap before
{Heap before GC invocations=103 (full 0):
 garbage-first heap   total 207872K, used 204399K [0x73a00000, 0xb3a00000)
  region size 1024K, 10 young (10240K), 1 survivors (1024K)
 Metaspace       used 14040K, capacity 14296K, committed 14360K, reserved 14640K
}
Event: 10.215 GC heap after
{Heap after GC invocations=104 (full 0):
 garbage-first heap   total 207872K, used 196584K [0x73a00000, 0xb3a00000)
  region size 1024K, 2 young (2048K), 2 survivors (2048K)
 Metaspace       used 14040K, capacity 14296K, committed 14360K, reserved 14640K
}
Event: 10.858 GC heap before
{Heap before GC invocations=105 (full 0):
 garbage-first heap   total 207872K, used 204776K [0x73a00000, 0xb3a00000)
  region size 1024K, 10 young (10240K), 2 survivors (2048K)
 Metaspace       used 14111K, capacity 14360K, committed 14488K, reserved 14640K
}
Event: 10.868 GC heap after
{Heap after GC invocations=106 (full 0):
 garbage-first heap   total 208896K, used 198414K [0x73a00000, 0xb3a00000)
  region size 1024K, 2 young (2048K), 2 survivors (2048K)
 Metaspace       used 14111K, capacity 14360K, committed 14488K, reserved 14640K
}
Event: 12.968 GC heap before
{Heap before GC invocations=106 (full 0):
 garbage-first heap   total 208896K, used 206606K [0x73a00000, 0xb3a00000)
  region size 1024K, 10 young (10240K), 2 survivors (2048K)
 Metaspace       used 14434K, capacity 14682K, committed 14744K, reserved 15664K
}
Event: 12.984 GC heap after
{Heap after GC invocations=107 (full 0):
 garbage-first heap   total 210944K, used 199893K [0x73a00000, 0xb3a00000)
  region size 1024K, 2 young (2048K), 2 survivors (2048K)
 Metaspace       used 14434K, capacity 14682K, committed 14744K, reserved 15664K
}

Deoptimization events (20 events):
Event: 29.507 Thread 0x6f249400 Uncommon trap: trap_request=0xffffffcc fr.pc=0xb3dcb80c relative=0x000001ec
Event: 29.507 Thread 0x6f249400 Uncommon trap: reason=intrinsic action=make_not_entrant pc=0xb3dcb80c method=java.util.Arrays.copyOf([Ljava/lang/Object;ILjava/lang/Class;)[Ljava/lang/Object; @ 35 c2
Event: 29.507 Thread 0x6f249400 DEOPT PACKING pc=0xb3dcb80c sp=0x6d4858d0
Event: 29.507 Thread 0x6f249400 DEOPT UNPACKING pc=0xb3c88bfc sp=0x6d4858a4 mode 2
Event: 43.806 Thread 0x6938e800 Uncommon trap: trap_request=0xffffffde fr.pc=0xb3d76e4c relative=0x00000ddc
Event: 43.806 Thread 0x6938e800 Uncommon trap: reason=class_check action=maybe_recompile pc=0xb3d76e4c method=java.util.concurrent.ConcurrentHashMap.putVal(Ljava/lang/Object;Ljava/lang/Object;Z)Ljava/lang/Object; @ 242 c2
Event: 43.806 Thread 0x6938e800 DEOPT PACKING pc=0xb3d76e4c sp=0x6c3c5370
Event: 43.806 Thread 0x6938e800 DEOPT UNPACKING pc=0xb3c88bfc sp=0x6c3c5340 mode 2
Event: 43.806 Thread 0x6938e800 Uncommon trap: trap_request=0xffffffde fr.pc=0xb3d76e00 relative=0x00000d90
Event: 43.806 Thread 0x6938e800 Uncommon trap: reason=class_check action=maybe_recompile pc=0xb3d76e00 method=java.util.concurrent.ConcurrentHashMap.putVal(Ljava/lang/Object;Ljava/lang/Object;Z)Ljava/lang/Object; @ 159 c2
Event: 43.806 Thread 0x6938e800 DEOPT PACKING pc=0xb3d76e00 sp=0x6c3c5348
Event: 43.806 Thread 0x6938e800 DEOPT UNPACKING pc=0xb3c88bfc sp=0x6c3c5320 mode 2
Event: 43.817 Thread 0x6938e800 Uncommon trap: trap_request=0xffffffde fr.pc=0xb3d76e4c relative=0x00000ddc
Event: 43.817 Thread 0x6938e800 Uncommon trap: reason=class_check action=maybe_recompile pc=0xb3d76e4c method=java.util.concurrent.ConcurrentHashMap.putVal(Ljava/lang/Object;Ljava/lang/Object;Z)Ljava/lang/Object; @ 242 c2
Event: 43.817 Thread 0x6938e800 DEOPT PACKING pc=0xb3d76e4c sp=0x6c3c4ee8
Event: 43.817 Thread 0x6938e800 DEOPT UNPACKING pc=0xb3c88bfc sp=0x6c3c4ea8 mode 2
Event: 43.818 Thread 0x6938e800 Uncommon trap: trap_request=0xffffff4d fr.pc=0xb3d76cd8 relative=0x00000c68
Event: 43.818 Thread 0x6938e800 Uncommon trap: reason=unstable_if action=reinterpret pc=0xb3d76cd8 method=java.util.concurrent.ConcurrentHashMap.putVal(Ljava/lang/Object;Ljava/lang/Object;Z)Ljava/lang/Object; @ 97 c2
Event: 43.818 Thread 0x6938e800 DEOPT PACKING pc=0xb3d76cd8 sp=0x6c3c4d90
Event: 43.818 Thread 0x6938e800 DEOPT UNPACKING pc=0xb3c88bfc sp=0x6c3c4d6c mode 2

Classes redefined (0 events):
No events

Internal exceptions (20 events):
Event: 6.910 Thread 0x6f249400 Exception <a 'java/lang/NoSuchMethodError'{0x7c986128}: 'java.lang.Object java.lang.invoke.DelegatingMethodHandle$Holder.reinvoke_L(java.lang.Object, int, int, int, java.lang.Object, java.lang.Object)'> (0x7c986128) thrown at [./src/hotspot/share/interpreter/linkResolver.cpp, line 772]
Event: 6.914 Thread 0x6f249400 Exception <a 'java/lang/NoSuchMethodError'{0x7c996f38}: 'java.lang.Object java.lang.invoke.DirectMethodHandle$Holder.invokeSpecial(java.lang.Object, java.lang.Object, int, java.lang.Object, java.lang.Object)'> (0x7c996f38) thrown at [./src/hotspot/share/interpreter/linkResolver.cpp, line 772]
Event: 6.915 Thread 0x6f249400 Exception <a 'java/lang/NoSuchMethodError'{0x7c99a888}: 'java.lang.Object java.lang.invoke.Invokers$Holder.linkToTargetMethod(int, java.lang.Object, java.lang.Object, java.lang.Object)'> (0x7c99a888) thrown at [./src/hotspot/share/interpreter/linkResolver.cpp, line 772]
Event: 6.939 Thread 0x6f249400 Exception <a 'java/lang/NoSuchMethodError'{0x7c9ff1f8}: 'java.lang.Object java.lang.invoke.DirectMethodHandle$Holder.invokeSpecial(java.lang.Object, java.lang.Object, int, int, java.lang.Object, int, java.lang.Object)'> (0x7c9ff1f8) thrown at [./src/hotspot/share/interpreter/linkResolver.cpp, line 772]
Event: 6.940 Thread 0x6f249400 Exception <a 'java/lang/NoSuchMethodError'{0x7c802dd8}: 'java.lang.Object java.lang.invoke.DelegatingMethodHandle$Holder.reinvoke_L(java.lang.Object, int, int, java.lang.Object, int, java.lang.Object)'> (0x7c802dd8) thrown at [./src/hotspot/share/interpreter/linkResolver.cpp, line 772]
Event: 6.944 Thread 0x6f249400 Exception <a 'java/lang/NoSuchMethodError'{0x7c8141a0}: 'java.lang.Object java.lang.invoke.DirectMethodHandle$Holder.invokeSpecial(java.lang.Object, java.lang.Object, java.lang.Object, int, java.lang.Object)'> (0x7c8141a0) thrown at [./src/hotspot/share/interpreter/linkResolver.cpp, line 772]
Event: 6.944 Thread 0x6f249400 Exception <a 'java/lang/NoSuchMethodError'{0x7c817ad0}: 'java.lang.Object java.lang.invoke.Invokers$Holder.linkToTargetMethod(java.lang.Object, int, java.lang.Object, java.lang.Object)'> (0x7c817ad0) thrown at [./src/hotspot/share/interpreter/linkResolver.cpp, line 772]
Event: 8.978 Thread 0x6f249400 Exception <a 'java/lang/NoSuchMethodError'{0x8014e2a0}: 'void java.lang.invoke.DirectMethodHandle$Holder.invokeStaticInit(java.lang.Object)'> (0x8014e2a0) thrown at [./src/hotspot/share/interpreter/linkResolver.cpp, line 772]
Event: 9.598 Thread 0x6f249400 Exception <a 'java/lang/NoSuchMethodError'{0x80056840}: 'java.lang.Object java.lang.invoke.DirectMethodHandle$Holder.invokeSpecial(java.lang.Object, java.lang.Object, int, int, java.lang.Object, java.lang.Object, java.lang.Object, java.lang.Object, java.lang.Object)'> (0x80056840) thrown at [./src/hotspot/share/interpreter/linkResolver.cpp, line 772]
Event: 9.599 Thread 0x6f249400 Exception <a 'java/lang/NoSuchMethodError'{0x8005a960}: 'java.lang.Object java.lang.invoke.DelegatingMethodHandle$Holder.reinvoke_L(java.lang.Object, int, int, java.lang.Object, java.lang.Object, java.lang.Object, java.lang.Object, java.lang.Object)'> (0x8005a960) thrown at [./src/hotspot/share/interpreter/linkResolver.cpp, line 772]
Event: 9.613 Thread 0x6f249400 Exception <a 'java/lang/NoSuchMethodError'{0x800a9ca8}: 'java.lang.Object java.lang.invoke.DirectMethodHandle$Holder.invokeStatic(java.lang.Object, java.lang.Object, java.lang.Object, java.lang.Object, java.lang.Object, java.lang.Object, java.lang.Object, java.lang.Object, java.lang.Object, java.lang.Object, int, int, java.lang.Object, java.lang.Object)'> (0x800a9ca8) thrown at [./src/hotspot/share/interpreter/linkResolver.cpp, line 772]
Event: 9.619 Thread 0x6f249400 Exception <a 'java/lang/NoSuchMethodError'{0x800ccd20}: 'java.lang.Object java.lang.invoke.DirectMethodHandle$Holder.invokeStatic(java.lang.Object, java.lang.Object, java.lang.Object, java.lang.Object, java.lang.Object, java.lang.Object, java.lang.Object, java.lang.Object, java.lang.Object, java.lang.Object, int, int, java.lang.Object, java.lang.Object, java.lang.Object)'> (0x800ccd20) thrown at [./src/hotspot/share/interpreter/linkResolver.cpp, line 772]
Event: 9.634 Thread 0x6f249400 Exception <a 'java/lang/NoSuchMethodError'{0x7ff01918}: 'java.lang.Object java.lang.invoke.Invokers$Holder.linkToTargetMethod(java.lang.Object, java.lang.Object, java.lang.Object, java.lang.Object, java.lang.Object, java.lang.Object)'> (0x7ff01918) thrown at [./src/hotspot/share/interpreter/linkResolver.cpp, line 772]
Event: 9.671 Thread 0x6f249400 Exception <a 'java/lang/NoSuchMethodError'{0x7ff6ba88}: 'java.lang.Object java.lang.invoke.DirectMethodHandle$Holder.invokeSpecial(java.lang.Object, java.lang.Object, int, int, java.lang.Object, java.lang.Object, java.lang.Object, java.lang.Object)'> (0x7ff6ba88) thrown at [./src/hotspot/share/interpreter/linkResolver.cpp, line 772]
Event: 9.672 Thread 0x6f249400 Exception <a 'java/lang/NoSuchMethodError'{0x7ff6f750}: 'java.lang.Object java.lang.invoke.DelegatingMethodHandle$Holder.reinvoke_L(java.lang.Object, int, int, java.lang.Object, java.lang.Object, java.lang.Object, java.lang.Object)'> (0x7ff6f750) thrown at [./src/hotspot/share/interpreter/linkResolver.cpp, line 772]
Event: 9.808 Thread 0x6f249400 Implicit null exception at 0xb3d5ccf0 to 0xb3d5d794
Event: 9.808 Thread 0x6f249400 Implicit null exception at 0xb3d5ccf0 to 0xb3d5d794
Event: 12.957 Thread 0x6cc47000 Implicit null exception at 0xb3d833dc to 0xb3d8359c
Event: 15.913 Thread 0x6f249400 Implicit null exception at 0xb3d558a8 to 0xb3d558f0
Event: 15.963 Thread 0x6cc47000 Implicit null exception at 0xb3d79158 to 0xb3d79338

Events (20 events):
Event: 43.820 loading class com/pi4j/context/Context
Event: 43.820 loading class com/pi4j/context/Context done
Event: 43.820 loading class com/pi4j/io/IO
Event: 43.820 loading class com/pi4j/io/IO done
Event: 43.820 loading class com/pi4j/io/IO
Event: 43.820 loading class com/pi4j/io/IO done
Event: 43.820 loading class com/pi4j/provider/ProviderBase
Event: 43.820 loading class com/pi4j/provider/ProviderBase done
Event: 43.820 loading class com/pi4j/provider/ProviderBase
Event: 43.820 loading class com/pi4j/provider/ProviderBase done
Event: 43.828 loading class com/pi4j/library/pigpio/impl/PiGpioBase
Event: 43.828 loading class com/pi4j/library/pigpio/impl/PiGpioBase done
Event: 43.828 loading class com/pi4j/library/pigpio/impl/PiGpioBase
Event: 43.828 loading class com/pi4j/library/pigpio/impl/PiGpioBase done
Event: 43.830 loading class com/pi4j/library/pigpio/impl/PiGpioBase
Event: 43.830 loading class com/pi4j/library/pigpio/impl/PiGpioBase done
Event: 43.831 loading class com/pi4j/library/pigpio/impl/PiGpioBase
Event: 43.831 loading class com/pi4j/library/pigpio/impl/PiGpioBase done
Event: 43.832 loading class com/pi4j/library/pigpio/impl/PiGpioBase
Event: 43.832 loading class com/pi4j/library/pigpio/impl/PiGpioBase done


Dynamic libraries:
00010000-00011000 r-xp 00000000 b3:02 383446     /usr/lib/jvm/java-11-openjdk-armhf/bin/java
00020000-00021000 r--p 00000000 b3:02 383446     /usr/lib/jvm/java-11-openjdk-armhf/bin/java
00021000-00022000 rw-p 00001000 b3:02 383446     /usr/lib/jvm/java-11-openjdk-armhf/bin/java
013a3000-0143c000 rw-p 00000000 00:00 0          [heap]
68d00000-68ddb000 rw-p 00000000 00:00 0 
68ddb000-68e00000 ---p 00000000 00:00 0 
68e00000-68e80000 rw-p 00000000 00:00 0 
68e80000-68f00000 ---p 00000000 00:00 0 
68f00000-68ffb000 rw-p 00000000 00:00 0 
68ffb000-69000000 ---p 00000000 00:00 0 
69071000-69300000 r--s 00000000 b3:02 26699      /var/cache/fontconfig/d49871ed-13ec-4c8a-8c25-faac36ae279f-le32d8.cache-7
69300000-693f2000 rw-p 00000000 00:00 0 
693f2000-69400000 ---p 00000000 00:00 0 
69421000-69424000 ---p 00000000 00:00 0 
69424000-69471000 rw-p 00000000 00:00 0 
69471000-69474000 ---p 00000000 00:00 0 
69474000-695c1000 rw-p 00000000 00:00 0 
695c1000-6bf00000 rw-s 00000000 00:01 65593      /SYSV00000000 (deleted)
6bf00000-6bff9000 rw-p 00000000 00:00 0 
6bff9000-6c000000 ---p 00000000 00:00 0 
6c022000-6c05a000 r--s 00000000 b3:02 26698      /var/cache/fontconfig/d9b9cb7a-afb2-4c5a-8eb5-302864e00ee6-le32d8.cache-7
6c087000-6c08a000 ---p 00000000 00:00 0 
6c08a000-6c1d7000 rw-p 00000000 00:00 0 
6c1d7000-6c1da000 ---p 00000000 00:00 0 
6c1da000-6c227000 rw-p 00000000 00:00 0 
6c227000-6c22a000 ---p 00000000 00:00 0 
6c22a000-6c377000 rw-p 00000000 00:00 0 
6c377000-6c37a000 ---p 00000000 00:00 0 
6c37a000-6c4c7000 rw-p 00000000 00:00 0 
6c4c7000-6c4c8000 ---p 00000000 00:00 0 
6c4c8000-6c508000 rw-p 00000000 00:00 0 
6ca00000-6cafe000 rw-p 00000000 00:00 0 
6cafe000-6cb00000 ---p 00000000 00:00 0 
6cb0a000-6cb1c000 r--s 00000000 b3:02 26692      /var/cache/fontconfig/2751fa01-115b-46e2-9c1c-08b35a671483-le32d8.cache-7
6cb1c000-6cb59000 r-xp 00000000 b3:02 6896       /usr/lib/libpigpio.so.1
6cb59000-6cb69000 ---p 0003d000 b3:02 6896       /usr/lib/libpigpio.so.1
6cb69000-6cb6a000 r--p 0003d000 b3:02 6896       /usr/lib/libpigpio.so.1
6cb6a000-6cb6c000 rw-p 0003e000 b3:02 6896       /usr/lib/libpigpio.so.1
6cb6c000-6cc00000 rw-p 00000000 00:00 0 
6cc00000-6cd00000 rw-p 00000000 00:00 0 
6cd00000-6cdf9000 rw-p 00000000 00:00 0 
6cdf9000-6ce00000 ---p 00000000 00:00 0 
6ce00000-6cefe000 rw-p 00000000 00:00 0 
6cefe000-6cf00000 ---p 00000000 00:00 0 
6cf01000-6cf0b000 r--s 00000000 b3:02 26683      /var/cache/fontconfig/8a3417c8-283a-44c3-bb2d-f71c6268eef5-le32d8.cache-7
6cf0b000-6cf11000 r--s 00000000 b3:02 26700      /var/cache/fontconfig/83c2204c-249d-4a46-858d-88f356951df9-le32d8.cache-7
6cf11000-6cf1b000 r--s 00000000 b3:02 26690      /var/cache/fontconfig/3d431aec-86d7-4332-88bc-13739b09c69f-le32d8.cache-7
6cf32000-6cf33000 ---p 00000000 00:00 0 
6cf33000-6cfb4000 rw-p 00000000 00:00 0 
6cfb4000-6cfb5000 ---p 00000000 00:00 0 
6cfb5000-6d036000 rw-p 00000000 00:00 0 
6d036000-6d037000 ---p 00000000 00:00 0 
6d037000-6d0b8000 rw-p 00000000 00:00 0 
6d0b8000-6d0bb000 ---p 00000000 00:00 0 
6d0bb000-6d238000 rw-p 00000000 00:00 0 
6d238000-6d338000 rw-p 00000000 00:00 0 
6d338000-6d438000 rw-p 00000000 00:00 0 
6d438000-6d43b000 ---p 00000000 00:00 0 
6d43b000-6d488000 rw-p 00000000 00:00 0 
6d488000-6d48b000 ---p 00000000 00:00 0 
6d48b000-6d4d8000 rw-p 00000000 00:00 0 
6d4d8000-6d4db000 ---p 00000000 00:00 0 
6d4db000-6d528000 rw-p 00000000 00:00 0 
6d528000-6d52b000 ---p 00000000 00:00 0 
6d52b000-6d578000 rw-p 00000000 00:00 0 
6d578000-6d57c000 r-xp 00000000 b3:02 7064       /usr/lib/arm-linux-gnueabihf/libXfixes.so.3.1.0
6d57c000-6d58b000 ---p 00004000 b3:02 7064       /usr/lib/arm-linux-gnueabihf/libXfixes.so.3.1.0
6d58b000-6d58c000 r--p 00003000 b3:02 7064       /usr/lib/arm-linux-gnueabihf/libXfixes.so.3.1.0
6d58c000-6d58d000 rw-p 00004000 b3:02 7064       /usr/lib/arm-linux-gnueabihf/libXfixes.so.3.1.0
6d58d000-6d58e000 ---p 00000000 00:00 0 
6d58e000-6dd8e000 rw-p 00000000 00:00 0 
6dd8e000-6dd96000 r-xp 00000000 b3:02 7060       /usr/lib/arm-linux-gnueabihf/libXcursor.so.1.0.2
6dd96000-6dda5000 ---p 00008000 b3:02 7060       /usr/lib/arm-linux-gnueabihf/libXcursor.so.1.0.2
6dda5000-6dda6000 r--p 00007000 b3:02 7060       /usr/lib/arm-linux-gnueabihf/libXcursor.so.1.0.2
6dda6000-6dda7000 rw-p 00008000 b3:02 7060       /usr/lib/arm-linux-gnueabihf/libXcursor.so.1.0.2
6dda8000-6ddaa000 r--s 00000000 b3:02 26701      /var/cache/fontconfig/5bd99057-9bdf-4a0d-8647-bbe7fa23703e-le32d8.cache-7
6ddaa000-6ddaf000 r--s 00000000 b3:02 26696      /var/cache/fontconfig/308f41db-948e-422c-8df9-f7b6a847f5d6-le32d8.cache-7
6ddaf000-6ddbb000 r--s 00000000 b3:02 26688      /var/cache/fontconfig/98155356-0163-475d-ae90-3602a4cb076b-le32d8.cache-7
6ddbb000-6ddbc000 ---p 00000000 00:00 0 
6ddbc000-6e5bc000 rw-p 00000000 00:00 0 
6e5bc000-6e5bd000 ---p 00000000 00:00 0 
6e5bd000-6edbd000 rw-p 00000000 00:00 0 
6edbd000-6edc8000 r-xp 00000000 b3:02 8322       /usr/lib/arm-linux-gnueabihf/gio/modules/libdconfsettings.so
6edc8000-6edd7000 ---p 0000b000 b3:02 8322       /usr/lib/arm-linux-gnueabihf/gio/modules/libdconfsettings.so
6edd7000-6edd8000 r--p 0000a000 b3:02 8322       /usr/lib/arm-linux-gnueabihf/gio/modules/libdconfsettings.so
6edd8000-6edd9000 rw-p 0000b000 b3:02 8322       /usr/lib/arm-linux-gnueabihf/gio/modules/libdconfsettings.so
6edd9000-6edfb000 r--p 00000000 b3:02 192308     /usr/share/locale/es/LC_MESSAGES/glib20.mo
6edfb000-6ee84000 r-xp 00000000 b3:02 7587       /usr/lib/arm-linux-gnueabihf/libpcre2-8.so.0.10.1
6ee84000-6ee93000 ---p 00089000 b3:02 7587       /usr/lib/arm-linux-gnueabihf/libpcre2-8.so.0.10.1
6ee93000-6ee94000 r--p 00088000 b3:02 7587       /usr/lib/arm-linux-gnueabihf/libpcre2-8.so.0.10.1
6ee94000-6ee95000 rw-p 00089000 b3:02 7587       /usr/lib/arm-linux-gnueabihf/libpcre2-8.so.0.10.1
6ee95000-6eed9000 r-xp 00000000 b3:02 7138       /usr/lib/arm-linux-gnueabihf/libblkid.so.1.1.0
6eed9000-6eee8000 ---p 00044000 b3:02 7138       /usr/lib/arm-linux-gnueabihf/libblkid.so.1.1.0
6eee8000-6eeeb000 r--p 00043000 b3:02 7138       /usr/lib/arm-linux-gnueabihf/libblkid.so.1.1.0
6eeeb000-6eeec000 rw-p 00046000 b3:02 7138       /usr/lib/arm-linux-gnueabihf/libblkid.so.1.1.0
6eeec000-6eef3000 r-xp 00000000 b3:02 7258       /usr/lib/arm-linux-gnueabihf/libffi.so.7.1.0
6eef3000-6ef02000 ---p 00007000 b3:02 7258       /usr/lib/arm-linux-gnueabihf/libffi.so.7.1.0
6ef02000-6ef03000 r--p 00006000 b3:02 7258       /usr/lib/arm-linux-gnueabihf/libffi.so.7.1.0
6ef03000-6ef04000 rw-p 00007000 b3:02 7258       /usr/lib/arm-linux-gnueabihf/libffi.so.7.1.0
6ef04000-6ef16000 r-xp 00000000 b3:02 7643       /usr/lib/arm-linux-gnueabihf/libresolv-2.31.so
6ef16000-6ef25000 ---p 00012000 b3:02 7643       /usr/lib/arm-linux-gnueabihf/libresolv-2.31.so
6ef25000-6ef26000 r--p 00011000 b3:02 7643       /usr/lib/arm-linux-gnueabihf/libresolv-2.31.so
6ef26000-6ef27000 rw-p 00012000 b3:02 7643       /usr/lib/arm-linux-gnueabihf/libresolv-2.31.so
6ef27000-6ef29000 rw-p 00000000 00:00 0 
6ef29000-6ef4c000 r-xp 00000000 b3:02 7666       /usr/lib/arm-linux-gnueabihf/libselinux.so.1
6ef4c000-6ef5b000 ---p 00023000 b3:02 7666       /usr/lib/arm-linux-gnueabihf/libselinux.so.1
6ef5b000-6ef5c000 r--p 00022000 b3:02 7666       /usr/lib/arm-linux-gnueabihf/libselinux.so.1
6ef5c000-6ef5d000 rw-p 00023000 b3:02 7666       /usr/lib/arm-linux-gnueabihf/libselinux.so.1
6ef5d000-6ef5e000 rw-p 00000000 00:00 0 
6ef5e000-6f0ea000 r-xp 00000000 b3:02 7321       /usr/lib/arm-linux-gnueabihf/libgio-2.0.so.0.6600.8
6f0ea000-6f0fa000 ---p 0018c000 b3:02 7321       /usr/lib/arm-linux-gnueabihf/libgio-2.0.so.0.6600.8
6f0fa000-6f0fe000 r--p 0018c000 b3:02 7321       /usr/lib/arm-linux-gnueabihf/libgio-2.0.so.0.6600.8
6f0fe000-6f0ff000 rw-p 00190000 b3:02 7321       /usr/lib/arm-linux-gnueabihf/libgio-2.0.so.0.6600.8
6f0ff000-6f200000 rw-p 00000000 00:00 0 
6f200000-6f2fd000 rw-p 00000000 00:00 0 
6f2fd000-6f300000 ---p 00000000 00:00 0 
6f301000-6f307000 r--s 00000000 b3:02 26695      /var/cache/fontconfig/ee9433fa-b8c5-480c-8437-550867a3b45a-le32d8.cache-7
6f307000-6f358000 r-xp 00000000 b3:02 7492       /usr/lib/arm-linux-gnueabihf/libmount.so.1.1.0
6f358000-6f367000 ---p 00051000 b3:02 7492       /usr/lib/arm-linux-gnueabihf/libmount.so.1.1.0
6f367000-6f369000 r--p 00050000 b3:02 7492       /usr/lib/arm-linux-gnueabihf/libmount.so.1.1.0
6f369000-6f36a000 rw-p 00052000 b3:02 7492       /usr/lib/arm-linux-gnueabihf/libmount.so.1.1.0
6f36a000-6f36c000 r-xp 00000000 b3:02 7327       /usr/lib/arm-linux-gnueabihf/libgmodule-2.0.so.0.6600.8
6f36c000-6f37c000 ---p 00002000 b3:02 7327       /usr/lib/arm-linux-gnueabihf/libgmodule-2.0.so.0.6600.8
6f37c000-6f37d000 r--p 00002000 b3:02 7327       /usr/lib/arm-linux-gnueabihf/libgmodule-2.0.so.0.6600.8
6f37d000-6f37e000 rw-p 00003000 b3:02 7327       /usr/lib/arm-linux-gnueabihf/libgmodule-2.0.so.0.6600.8
6f37e000-6f3c8000 r-xp 00000000 b3:02 7333       /usr/lib/arm-linux-gnueabihf/libgobject-2.0.so.0.6600.8
6f3c8000-6f3d7000 ---p 0004a000 b3:02 7333       /usr/lib/arm-linux-gnueabihf/libgobject-2.0.so.0.6600.8
6f3d7000-6f3d9000 r--p 00049000 b3:02 7333       /usr/lib/arm-linux-gnueabihf/libgobject-2.0.so.0.6600.8
6f3d9000-6f3da000 rw-p 0004b000 b3:02 7333       /usr/lib/arm-linux-gnueabihf/libgobject-2.0.so.0.6600.8
6f3da000-6f3e2000 r-xp 00000000 b3:02 7072       /usr/lib/arm-linux-gnueabihf/libXrandr.so.2.2.0
6f3e2000-6f3f1000 ---p 00008000 b3:02 7072       /usr/lib/arm-linux-gnueabihf/libXrandr.so.2.2.0
6f3f1000-6f3f2000 r--p 00007000 b3:02 7072       /usr/lib/arm-linux-gnueabihf/libXrandr.so.2.2.0
6f3f2000-6f3f3000 rw-p 00008000 b3:02 7072       /usr/lib/arm-linux-gnueabihf/libXrandr.so.2.2.0
6f3f3000-6f413000 r-xp 00000000 b3:02 7149       /usr/lib/arm-linux-gnueabihf/libbrotlicommon.so.1.0.9
6f413000-6f422000 ---p 00020000 b3:02 7149       /usr/lib/arm-linux-gnueabihf/libbrotlicommon.so.1.0.9
6f422000-6f423000 r--p 0001f000 b3:02 7149       /usr/lib/arm-linux-gnueabihf/libbrotlicommon.so.1.0.9
6f423000-6f424000 rw-p 00020000 b3:02 7149       /usr/lib/arm-linux-gnueabihf/libbrotlicommon.so.1.0.9
6f424000-6f48a000 r-xp 00000000 b3:02 7585       /usr/lib/arm-linux-gnueabihf/libpcre.so.3.13.3
6f48a000-6f499000 ---p 00066000 b3:02 7585       /usr/lib/arm-linux-gnueabihf/libpcre.so.3.13.3
6f499000-6f49a000 r--p 00065000 b3:02 7585       /usr/lib/arm-linux-gnueabihf/libpcre.so.3.13.3
6f49a000-6f49b000 rw-p 00066000 b3:02 7585       /usr/lib/arm-linux-gnueabihf/libpcre.so.3.13.3
6f49b000-6f4a5000 r-xp 00000000 b3:02 7151       /usr/lib/arm-linux-gnueabihf/libbrotlidec.so.1.0.9
6f4a5000-6f4b4000 ---p 0000a000 b3:02 7151       /usr/lib/arm-linux-gnueabihf/libbrotlidec.so.1.0.9
6f4b4000-6f4b5000 r--p 00009000 b3:02 7151       /usr/lib/arm-linux-gnueabihf/libbrotlidec.so.1.0.9
6f4b5000-6f4b6000 rw-p 0000a000 b3:02 7151       /usr/lib/arm-linux-gnueabihf/libbrotlidec.so.1.0.9
6f4b6000-6f4e3000 r-xp 00000000 b3:02 7605       /usr/lib/arm-linux-gnueabihf/libpng16.so.16.37.0
6f4e3000-6f4f3000 ---p 0002d000 b3:02 7605       /usr/lib/arm-linux-gnueabihf/libpng16.so.16.37.0
6f4f3000-6f4f4000 r--p 0002d000 b3:02 7605       /usr/lib/arm-linux-gnueabihf/libpng16.so.16.37.0
6f4f4000-6f4f5000 rw-p 0002e000 b3:02 7605       /usr/lib/arm-linux-gnueabihf/libpng16.so.16.37.0
6f4f5000-6f514000 r-xp 00000000 b3:02 7341       /usr/lib/arm-linux-gnueabihf/libgraphite2.so.3.2.1
6f514000-6f524000 ---p 0001f000 b3:02 7341       /usr/lib/arm-linux-gnueabihf/libgraphite2.so.3.2.1
6f524000-6f525000 r--p 0001f000 b3:02 7341       /usr/lib/arm-linux-gnueabihf/libgraphite2.so.3.2.1
6f525000-6f526000 rw-p 00020000 b3:02 7341       /usr/lib/arm-linux-gnueabihf/libgraphite2.so.3.2.1
6f526000-6f637000 r-xp 00000000 b3:02 7324       /usr/lib/arm-linux-gnueabihf/libglib-2.0.so.0.6600.8
6f637000-6f647000 ---p 00111000 b3:02 7324       /usr/lib/arm-linux-gnueabihf/libglib-2.0.so.0.6600.8
6f647000-6f648000 r--p 00111000 b3:02 7324       /usr/lib/arm-linux-gnueabihf/libglib-2.0.so.0.6600.8
6f648000-6f649000 rw-p 00112000 b3:02 7324       /usr/lib/arm-linux-gnueabihf/libglib-2.0.so.0.6600.8
6f649000-6f6e0000 r-xp 00000000 b3:02 7291       /usr/lib/arm-linux-gnueabihf/libfreetype.so.6.17.4
6f6e0000-6f6ef000 ---p 00097000 b3:02 7291       /usr/lib/arm-linux-gnueabihf/libfreetype.so.6.17.4
6f6ef000-6f6f3000 r--p 00096000 b3:02 7291       /usr/lib/arm-linux-gnueabihf/libfreetype.so.6.17.4
6f6f3000-6f6f4000 rw-p 0009a000 b3:02 7291       /usr/lib/arm-linux-gnueabihf/libfreetype.so.6.17.4
6f6f4000-6f7ca000 r-xp 00000000 b3:02 7389       /usr/lib/arm-linux-gnueabihf/libharfbuzz.so.0.20704.0
6f7ca000-6f7d9000 ---p 000d6000 b3:02 7389       /usr/lib/arm-linux-gnueabihf/libharfbuzz.so.0.20704.0
6f7d9000-6f7da000 r--p 000d5000 b3:02 7389       /usr/lib/arm-linux-gnueabihf/libharfbuzz.so.0.20704.0
6f7da000-6f7db000 rw-p 000d6000 b3:02 7389       /usr/lib/arm-linux-gnueabihf/libharfbuzz.so.0.20704.0
6f7db000-6f7e4000 r-xp 00000000 b3:02 383574     /usr/lib/jvm/java-11-openjdk-armhf/lib/libfontmanager.so
6f7e4000-6f7f4000 ---p 00009000 b3:02 383574     /usr/lib/jvm/java-11-openjdk-armhf/lib/libfontmanager.so
6f7f4000-6f7f5000 r--p 00009000 b3:02 383574     /usr/lib/jvm/java-11-openjdk-armhf/lib/libfontmanager.so
6f7f5000-6f7f6000 rw-p 0000a000 b3:02 383574     /usr/lib/jvm/java-11-openjdk-armhf/lib/libfontmanager.so
6f7f6000-6f819000 r--p 00000000 b3:02 192344     /usr/share/locale/es/LC_MESSAGES/libc.mo
6f819000-6f919000 rw-p 00000000 00:00 0 
6f919000-6f922000 r-xp 00000000 b3:02 7475       /usr/lib/arm-linux-gnueabihf/libmd.so.0.0.4
6f922000-6f932000 ---p 00009000 b3:02 7475       /usr/lib/arm-linux-gnueabihf/libmd.so.0.0.4
6f932000-6f933000 r--p 00009000 b3:02 7475       /usr/lib/arm-linux-gnueabihf/libmd.so.0.0.4
6f933000-6f934000 rw-p 0000a000 b3:02 7475       /usr/lib/arm-linux-gnueabihf/libmd.so.0.0.4
6f934000-6f944000 r-xp 00000000 b3:02 7155       /usr/lib/arm-linux-gnueabihf/libbsd.so.0.11.3
6f944000-6f954000 ---p 00010000 b3:02 7155       /usr/lib/arm-linux-gnueabihf/libbsd.so.0.11.3
6f954000-6f955000 r--p 00010000 b3:02 7155       /usr/lib/arm-linux-gnueabihf/libbsd.so.0.11.3
6f955000-6f956000 rw-p 00011000 b3:02 7155       /usr/lib/arm-linux-gnueabihf/libbsd.so.0.11.3
6f956000-6f95a000 r-xp 00000000 b3:02 7062       /usr/lib/arm-linux-gnueabihf/libXdmcp.so.6.0.0
6f95a000-6f969000 ---p 00004000 b3:02 7062       /usr/lib/arm-linux-gnueabihf/libXdmcp.so.6.0.0
6f969000-6f96a000 r--p 00003000 b3:02 7062       /usr/lib/arm-linux-gnueabihf/libXdmcp.so.6.0.0
6f96a000-6f96b000 rw-p 00004000 b3:02 7062       /usr/lib/arm-linux-gnueabihf/libXdmcp.so.6.0.0
6f96b000-6f98b000 r-xp 00000000 b3:02 7819       /usr/lib/arm-linux-gnueabihf/libxcb.so.1.1.0
6f98b000-6f99a000 ---p 00020000 b3:02 7819       /usr/lib/arm-linux-gnueabihf/libxcb.so.1.1.0
6f99a000-6f99b000 r--p 0001f000 b3:02 7819       /usr/lib/arm-linux-gnueabihf/libxcb.so.1.1.0
6f99b000-6f99c000 rw-p 00020000 b3:02 7819       /usr/lib/arm-linux-gnueabihf/libxcb.so.1.1.0
6f99c000-6f9a9000 r-xp 00000000 b3:02 7067       /usr/lib/arm-linux-gnueabihf/libXi.so.6.1.0
6f9a9000-6f9b8000 ---p 0000d000 b3:02 7067       /usr/lib/arm-linux-gnueabihf/libXi.so.6.1.0
6f9b8000-6f9b9000 r--p 0000c000 b3:02 7067       /usr/lib/arm-linux-gnueabihf/libXi.so.6.1.0
6f9b9000-6f9ba000 rw-p 0000d000 b3:02 7067       /usr/lib/arm-linux-gnueabihf/libXi.so.6.1.0
6f9ba000-6facd000 r-xp 00000000 b3:02 7055       /usr/lib/arm-linux-gnueabihf/libX11.so.6.4.0
6facd000-6fadc000 ---p 00113000 b3:02 7055       /usr/lib/arm-linux-gnueabihf/libX11.so.6.4.0
6fadc000-6fadd000 r--p 00112000 b3:02 7055       /usr/lib/arm-linux-gnueabihf/libX11.so.6.4.0
6fadd000-6fae0000 rw-p 00113000 b3:02 7055       /usr/lib/arm-linux-gnueabihf/libX11.so.6.4.0
6fae0000-6fb37000 r-xp 00000000 b3:02 383752     /usr/lib/jvm/java-11-openjdk-armhf/lib/libawt_xawt.so
6fb37000-6fb47000 ---p 00057000 b3:02 383752     /usr/lib/jvm/java-11-openjdk-armhf/lib/libawt_xawt.so
6fb47000-6fb48000 r--p 00057000 b3:02 383752     /usr/lib/jvm/java-11-openjdk-armhf/lib/libawt_xawt.so
6fb48000-6fb4a000 rw-p 00058000 b3:02 383752     /usr/lib/jvm/java-11-openjdk-armhf/lib/libawt_xawt.so
6fb4a000-6fb4b000 rw-p 00000000 00:00 0 
6fb4b000-6fbc5000 r-xp 00000000 b3:02 383570     /usr/lib/jvm/java-11-openjdk-armhf/lib/libawt.so
6fbc5000-6fbd4000 ---p 0007a000 b3:02 383570     /usr/lib/jvm/java-11-openjdk-armhf/lib/libawt.so
6fbd4000-6fbd5000 r--p 00079000 b3:02 383570     /usr/lib/jvm/java-11-openjdk-armhf/lib/libawt.so
6fbd5000-6fbdb000 rw-p 0007a000 b3:02 383570     /usr/lib/jvm/java-11-openjdk-armhf/lib/libawt.so
6fbdb000-6fc00000 rw-p 00000000 00:00 0 
6fc00000-6fcff000 rw-p 00000000 00:00 0 
6fcff000-6fd00000 ---p 00000000 00:00 0 
6fd00000-6fe00000 rw-p 00000000 00:00 0 
6fe00000-6fefe000 rw-p 00000000 00:00 0 
6fefe000-6ff00000 ---p 00000000 00:00 0 
6ff00000-6ff01000 r--s 00000000 b3:02 26697      /var/cache/fontconfig/24630967-f720-4d46-bf1f-3e7cbd814b4a-le32d8.cache-7
6ff01000-6ff04000 r--s 00000000 b3:02 26694      /var/cache/fontconfig/bb206561-a442-4056-af3f-db512e4b7d6d-le32d8.cache-7
6ff04000-6ff06000 r--s 00000000 b3:02 26693      /var/cache/fontconfig/b7c3bf8f-85b6-4ea2-a994-cbfa392b96e4-le32d8.cache-7
6ff06000-6ff0a000 r-xp 00000000 b3:02 7076       /usr/lib/arm-linux-gnueabihf/libXtst.so.6.1.0
6ff0a000-6ff19000 ---p 00004000 b3:02 7076       /usr/lib/arm-linux-gnueabihf/libXtst.so.6.1.0
6ff19000-6ff1a000 r--p 00003000 b3:02 7076       /usr/lib/arm-linux-gnueabihf/libXtst.so.6.1.0
6ff1a000-6ff1b000 rw-p 00004000 b3:02 7076       /usr/lib/arm-linux-gnueabihf/libXtst.so.6.1.0
6ff1b000-6ff23000 r-xp 00000000 b3:02 7073       /usr/lib/arm-linux-gnueabihf/libXrender.so.1.3.0
6ff23000-6ff32000 ---p 00008000 b3:02 7073       /usr/lib/arm-linux-gnueabihf/libXrender.so.1.3.0
6ff32000-6ff33000 r--p 00007000 b3:02 7073       /usr/lib/arm-linux-gnueabihf/libXrender.so.1.3.0
6ff33000-6ff34000 rw-p 00008000 b3:02 7073       /usr/lib/arm-linux-gnueabihf/libXrender.so.1.3.0
6ff34000-6ff35000 ---p 00000000 00:00 0 
6ff35000-6ffb6000 rw-p 00000000 00:00 0 
6ffb6000-6ffb9000 ---p 00000000 00:00 0 
6ffb9000-70006000 rw-p 00000000 00:00 0 
70006000-70009000 ---p 00000000 00:00 0 
70009000-70086000 rw-p 00000000 00:00 0 
70086000-70300000 r--p 0006d000 b3:02 1197       /usr/lib/locale/locale-archive
70300000-70500000 r--p 00000000 b3:02 1197       /usr/lib/locale/locale-archive
70500000-70547000 rw-p 00000000 00:00 0 
70547000-70600000 ---p 00000000 00:00 0 
70600000-70603000 r--s 00000000 b3:02 26670      /var/cache/fontconfig/4525f385-a7a9-4735-80bb-259a3ff546b9-le32d8.cache-7
70603000-70609000 r--s 00000000 b3:02 26687      /var/cache/fontconfig/a2ec7f52-0094-43c8-9c50-7211e0d99bdf-le32d8.cache-7
70609000-70610000 r--s 00000000 b3:02 19826      /var/cache/fontconfig/bb6e12d2-f51c-4c7f-99b2-0e8a86d53212-le32d8.cache-7
70610000-70613000 ---p 00000000 00:00 0 
70613000-70660000 rw-p 00000000 00:00 0 
70660000-70663000 ---p 00000000 00:00 0 
70663000-706b0000 rw-p 00000000 00:00 0 
706b0000-706b3000 ---p 00000000 00:00 0 
706b3000-70700000 rw-p 00000000 00:00 0 
70700000-707fd000 rw-p 00000000 00:00 0 
707fd000-70800000 ---p 00000000 00:00 0 
70800000-70802000 r-xp 00000000 b3:02 7057       /usr/lib/arm-linux-gnueabihf/libXau.so.6.0.0
70802000-70811000 ---p 00002000 b3:02 7057       /usr/lib/arm-linux-gnueabihf/libXau.so.6.0.0
70811000-70812000 r--p 00001000 b3:02 7057       /usr/lib/arm-linux-gnueabihf/libXau.so.6.0.0
70812000-70813000 rw-p 00002000 b3:02 7057       /usr/lib/arm-linux-gnueabihf/libXau.so.6.0.0
70813000-70821000 r-xp 00000000 b3:02 7063       /usr/lib/arm-linux-gnueabihf/libXext.so.6.4.0
70821000-70830000 ---p 0000e000 b3:02 7063       /usr/lib/arm-linux-gnueabihf/libXext.so.6.4.0
70830000-70831000 r--p 0000d000 b3:02 7063       /usr/lib/arm-linux-gnueabihf/libXext.so.6.4.0
70831000-70832000 rw-p 0000e000 b3:02 7063       /usr/lib/arm-linux-gnueabihf/libXext.so.6.4.0
70832000-70833000 ---p 00000000 00:00 0 
70833000-70cfa000 rw-p 00000000 00:00 0 
70cfa000-70d00000 ---p 00000000 00:00 0 
70d00000-70d67000 rw-p 00000000 00:00 0 
70d67000-70e00000 ---p 00000000 00:00 0 
70e00000-70e01000 r--s 00000000 b3:02 26691      /var/cache/fontconfig/7c485869-69ff-4c83-8092-393190ba73cf-le32d8.cache-7
70e01000-70e03000 r--s 00000000 b3:02 26667      /var/cache/fontconfig/b27cc278-df04-4c9c-8a71-645862d01404-le32d8.cache-7
70e09000-70e0a000 rw-s fe100000 00:05 5          /dev/mem
70e0a000-70e1d000 r-xp 00000000 b3:02 383591     /usr/lib/jvm/java-11-openjdk-armhf/lib/libnet.so
70e1d000-70e2c000 ---p 00013000 b3:02 383591     /usr/lib/jvm/java-11-openjdk-armhf/lib/libnet.so
70e2c000-70e2d000 r--p 00012000 b3:02 383591     /usr/lib/jvm/java-11-openjdk-armhf/lib/libnet.so
70e2d000-70e2e000 rw-p 00013000 b3:02 383591     /usr/lib/jvm/java-11-openjdk-armhf/lib/libnet.so
70e2e000-70e31000 ---p 00000000 00:00 0 
70e31000-70e7e000 rw-p 00000000 00:00 0 
70e7e000-70e7f000 ---p 00000000 00:00 0 
70e7f000-70f00000 rw-p 00000000 00:00 0 
70f00000-70ffb000 rw-p 00000000 00:00 0 
70ffb000-71000000 ---p 00000000 00:00 0 
71001000-71007000 r-xp 00000000 b3:02 26742      /tmp/libpi4j-pigpio15015888960825848582.so
71007000-7100f000 ---p 00006000 b3:02 26742      /tmp/libpi4j-pigpio15015888960825848582.so
7100f000-71010000 rw-p 00006000 b3:02 26742      /tmp/libpi4j-pigpio15015888960825848582.so
71010000-7101d000 r-xp 00000000 b3:02 383592     /usr/lib/jvm/java-11-openjdk-armhf/lib/libnio.so
7101d000-7102c000 ---p 0000d000 b3:02 383592     /usr/lib/jvm/java-11-openjdk-armhf/lib/libnio.so
7102c000-7102d000 r--p 0000c000 b3:02 383592     /usr/lib/jvm/java-11-openjdk-armhf/lib/libnio.so
7102d000-7102e000 rw-p 0000d000 b3:02 383592     /usr/lib/jvm/java-11-openjdk-armhf/lib/libnio.so
7102e000-71031000 ---p 00000000 00:00 0 
71031000-7107e000 rw-p 00000000 00:00 0 
7107e000-7107f000 ---p 00000000 00:00 0 
7107f000-71100000 rw-p 00000000 00:00 0 
71100000-711ff000 rw-p 00000000 00:00 0 
711ff000-71200000 ---p 00000000 00:00 0 
71200000-71283000 rw-p 00000000 00:00 0 
71283000-71300000 ---p 00000000 00:00 0 
71303000-7137e000 rw-p 00000000 00:00 0 
7137e000-7137f000 ---p 00000000 00:00 0 
7137f000-71738000 rw-p 00000000 00:00 0 
71738000-72400000 ---p 00000000 00:00 0 
72400000-72738000 rw-p 00000000 00:00 0 
72738000-73400000 ---p 00000000 00:00 0 
73400000-73467000 rw-p 00000000 00:00 0 
73467000-73600000 ---p 00000000 00:00 0 
73600000-73667000 rw-p 00000000 00:00 0 
73667000-73800000 ---p 00000000 00:00 0 
73800000-73867000 rw-p 00000000 00:00 0 
73867000-73a00000 ---p 00000000 00:00 0 
73a00000-80800000 rw-p 00000000 00:00 0 
80800000-b3a00000 ---p 00000000 00:00 0 
b3a00000-b3afd000 rw-p 00000000 00:00 0 
b3afd000-b3b00000 ---p 00000000 00:00 0 
b3b02000-b3b15000 r--p 00000000 b3:02 218868     /usr/share/glib-2.0/schemas/gschemas.compiled
b3b15000-b3b16000 ---p 00000000 00:00 0 
b3b16000-b3b97000 rw-p 00000000 00:00 0 
b3b97000-b3b98000 ---p 00000000 00:00 0 
b3b98000-b3c1d000 rw-p 00000000 00:00 0 
b3c1d000-b3c59000 ---p 00000000 00:00 0 
b3c59000-b3de1000 rwxp 00000000 00:00 0 
b3de1000-b5c59000 ---p 00000000 00:00 0 
b5c59000-b5dc8000 r--s 00000000 b3:02 383601     /usr/lib/jvm/java-11-openjdk-armhf/lib/modules
b5dc8000-b5dce000 r-xp 00000000 b3:02 383600     /usr/lib/jvm/java-11-openjdk-armhf/lib/libzip.so
b5dce000-b5ddd000 ---p 00006000 b3:02 383600     /usr/lib/jvm/java-11-openjdk-armhf/lib/libzip.so
b5ddd000-b5dde000 r--p 00005000 b3:02 383600     /usr/lib/jvm/java-11-openjdk-armhf/lib/libzip.so
b5dde000-b5ddf000 rw-p 00006000 b3:02 383600     /usr/lib/jvm/java-11-openjdk-armhf/lib/libzip.so
b5ddf000-b5de9000 r-xp 00000000 b3:02 7542       /usr/lib/arm-linux-gnueabihf/libnss_files-2.31.so
b5de9000-b5df8000 ---p 0000a000 b3:02 7542       /usr/lib/arm-linux-gnueabihf/libnss_files-2.31.so
b5df8000-b5df9000 r--p 00009000 b3:02 7542       /usr/lib/arm-linux-gnueabihf/libnss_files-2.31.so
b5df9000-b5dfa000 rw-p 0000a000 b3:02 7542       /usr/lib/arm-linux-gnueabihf/libnss_files-2.31.so
b5dfa000-b5e00000 rw-p 00000000 00:00 0 
b5e00000-b5f00000 rw-p 00000000 00:00 0 
b5f00000-b5f07000 r--s 00000000 b3:02 8292       /usr/lib/arm-linux-gnueabihf/gconv/gconv-modules.cache
b5f07000-b5f0b000 r-xp 00000000 b3:02 383583     /usr/lib/jvm/java-11-openjdk-armhf/lib/libjimage.so
b5f0b000-b5f1a000 ---p 00004000 b3:02 383583     /usr/lib/jvm/java-11-openjdk-armhf/lib/libjimage.so
b5f1a000-b5f1b000 r--p 00003000 b3:02 383583     /usr/lib/jvm/java-11-openjdk-armhf/lib/libjimage.so
b5f1b000-b5f1c000 rw-p 00004000 b3:02 383583     /usr/lib/jvm/java-11-openjdk-armhf/lib/libjimage.so
b5f1c000-b5f3a000 r-xp 00000000 b3:02 383580     /usr/lib/jvm/java-11-openjdk-armhf/lib/libjava.so
b5f3a000-b5f49000 ---p 0001e000 b3:02 383580     /usr/lib/jvm/java-11-openjdk-armhf/lib/libjava.so
b5f49000-b5f4a000 r--p 0001d000 b3:02 383580     /usr/lib/jvm/java-11-openjdk-armhf/lib/libjava.so
b5f4a000-b5f4b000 rw-p 0001e000 b3:02 383580     /usr/lib/jvm/java-11-openjdk-armhf/lib/libjava.so
b5f4b000-b5f55000 r-xp 00000000 b3:02 383599     /usr/lib/jvm/java-11-openjdk-armhf/lib/libverify.so
b5f55000-b5f64000 ---p 0000a000 b3:02 383599     /usr/lib/jvm/java-11-openjdk-armhf/lib/libverify.so
b5f64000-b5f65000 r--p 00009000 b3:02 383599     /usr/lib/jvm/java-11-openjdk-armhf/lib/libverify.so
b5f65000-b5f66000 rw-p 0000a000 b3:02 383599     /usr/lib/jvm/java-11-openjdk-armhf/lib/libverify.so
b5f66000-b5f6c000 r-xp 00000000 b3:02 7649       /usr/lib/arm-linux-gnueabihf/librt-2.31.so
b5f6c000-b5f7c000 ---p 00006000 b3:02 7649       /usr/lib/arm-linux-gnueabihf/librt-2.31.so
b5f7c000-b5f7d000 r--p 00006000 b3:02 7649       /usr/lib/arm-linux-gnueabihf/librt-2.31.so
b5f7d000-b5f7e000 rw-p 00007000 b3:02 7649       /usr/lib/arm-linux-gnueabihf/librt-2.31.so
b5f7e000-b5f81000 ---p 00000000 00:00 0 
b5f81000-b5fce000 rw-p 00000000 00:00 0 
b5fce000-b5fea000 r-xp 00000000 b3:02 7299       /usr/lib/arm-linux-gnueabihf/libgcc_s.so.1
b5fea000-b5ff9000 ---p 0001c000 b3:02 7299       /usr/lib/arm-linux-gnueabihf/libgcc_s.so.1
b5ff9000-b5ffa000 r--p 0001b000 b3:02 7299       /usr/lib/arm-linux-gnueabihf/libgcc_s.so.1
b5ffa000-b5ffb000 rw-p 0001c000 b3:02 7299       /usr/lib/arm-linux-gnueabihf/libgcc_s.so.1
b5ffb000-b6059000 r-xp 00000000 b3:02 7466       /usr/lib/arm-linux-gnueabihf/libm-2.31.so
b6059000-b6068000 ---p 0005e000 b3:02 7466       /usr/lib/arm-linux-gnueabihf/libm-2.31.so
b6068000-b6069000 r--p 0005d000 b3:02 7466       /usr/lib/arm-linux-gnueabihf/libm-2.31.so
b6069000-b606a000 rw-p 0005e000 b3:02 7466       /usr/lib/arm-linux-gnueabihf/libm-2.31.so
b606a000-b61d9000 r-xp 00000000 b3:02 7706       /usr/lib/arm-linux-gnueabihf/libstdc++.so.6.0.28
b61d9000-b61e9000 ---p 0016f000 b3:02 7706       /usr/lib/arm-linux-gnueabihf/libstdc++.so.6.0.28
b61e9000-b61ee000 r--p 0016f000 b3:02 7706       /usr/lib/arm-linux-gnueabihf/libstdc++.so.6.0.28
b61ee000-b61f0000 rw-p 00174000 b3:02 7706       /usr/lib/arm-linux-gnueabihf/libstdc++.so.6.0.28
b61f0000-b61f2000 rw-p 00000000 00:00 0 
b61f2000-b6c85000 r-xp 00000000 b3:02 383606     /usr/lib/jvm/java-11-openjdk-armhf/lib/server/libjvm.so
b6c85000-b6c94000 ---p 00a93000 b3:02 383606     /usr/lib/jvm/java-11-openjdk-armhf/lib/server/libjvm.so
b6c94000-b6cd6000 r--p 00a92000 b3:02 383606     /usr/lib/jvm/java-11-openjdk-armhf/lib/server/libjvm.so
b6cd6000-b6cef000 rw-p 00ad4000 b3:02 383606     /usr/lib/jvm/java-11-openjdk-armhf/lib/server/libjvm.so
b6cef000-b6d1a000 rw-p 00000000 00:00 0 
b6d1a000-b6d32000 r-xp 00000000 b3:02 7625       /usr/lib/arm-linux-gnueabihf/libpthread-2.31.so
b6d32000-b6d42000 ---p 00018000 b3:02 7625       /usr/lib/arm-linux-gnueabihf/libpthread-2.31.so
b6d42000-b6d43000 r--p 00018000 b3:02 7625       /usr/lib/arm-linux-gnueabihf/libpthread-2.31.so
b6d43000-b6d44000 rw-p 00019000 b3:02 7625       /usr/lib/arm-linux-gnueabihf/libpthread-2.31.so
b6d44000-b6d46000 rw-p 00000000 00:00 0 
b6d46000-b6d49000 r-xp 00000000 b3:02 7220       /usr/lib/arm-linux-gnueabihf/libdl-2.31.so
b6d49000-b6d58000 ---p 00003000 b3:02 7220       /usr/lib/arm-linux-gnueabihf/libdl-2.31.so
b6d58000-b6d59000 r--p 00002000 b3:02 7220       /usr/lib/arm-linux-gnueabihf/libdl-2.31.so
b6d59000-b6d5a000 rw-p 00003000 b3:02 7220       /usr/lib/arm-linux-gnueabihf/libdl-2.31.so
b6d5a000-b6d71000 r-xp 00000000 b3:02 7835       /usr/lib/arm-linux-gnueabihf/libz.so.1.2.11
b6d71000-b6d80000 ---p 00017000 b3:02 7835       /usr/lib/arm-linux-gnueabihf/libz.so.1.2.11
b6d80000-b6d81000 r--p 00016000 b3:02 7835       /usr/lib/arm-linux-gnueabihf/libz.so.1.2.11
b6d81000-b6d82000 rw-p 00017000 b3:02 7835       /usr/lib/arm-linux-gnueabihf/libz.so.1.2.11
b6d82000-b6ec1000 r-xp 00000000 b3:02 7157       /usr/lib/arm-linux-gnueabihf/libc-2.31.so
b6ec1000-b6ed0000 ---p 0013f000 b3:02 7157       /usr/lib/arm-linux-gnueabihf/libc-2.31.so
b6ed0000-b6ed2000 r--p 0013e000 b3:02 7157       /usr/lib/arm-linux-gnueabihf/libc-2.31.so
b6ed2000-b6ed4000 rw-p 00140000 b3:02 7157       /usr/lib/arm-linux-gnueabihf/libc-2.31.so
b6ed4000-b6ed6000 rw-p 00000000 00:00 0 
b6ed8000-b6eea000 rw-p 00000000 00:00 0 
b6eea000-b6ef7000 r-xp 00000000 b3:02 383565     /usr/lib/jvm/java-11-openjdk-armhf/lib/jli/libjli.so
b6ef7000-b6f06000 ---p 0000d000 b3:02 383565     /usr/lib/jvm/java-11-openjdk-armhf/lib/jli/libjli.so
b6f06000-b6f07000 r--p 0000c000 b3:02 383565     /usr/lib/jvm/java-11-openjdk-armhf/lib/jli/libjli.so
b6f07000-b6f08000 rw-p 0000d000 b3:02 383565     /usr/lib/jvm/java-11-openjdk-armhf/lib/jli/libjli.so
b6f08000-b6f0c000 r-xp 00000000 b3:02 7094       /usr/lib/arm-linux-gnueabihf/libarmmem-v7l.so
b6f0c000-b6f1b000 ---p 00004000 b3:02 7094       /usr/lib/arm-linux-gnueabihf/libarmmem-v7l.so
b6f1b000-b6f1c000 r--p 00003000 b3:02 7094       /usr/lib/arm-linux-gnueabihf/libarmmem-v7l.so
b6f1c000-b6f1d000 rw-p 00004000 b3:02 7094       /usr/lib/arm-linux-gnueabihf/libarmmem-v7l.so
b6f1d000-b6f3f000 r-xp 00000000 b3:02 6930       /usr/lib/arm-linux-gnueabihf/ld-2.31.so
b6f3f000-b6f40000 r--s 00000000 b3:02 387017     /root/.cache/dconf/user
b6f40000-b6f42000 r--s 0000c000 b3:02 202668     /usr/share/java/java-atk-wrapper.jar
b6f42000-b6f4a000 rw-s 00000000 b3:02 768143     /tmp/hsperfdata_root/8917
b6f4a000-b6f4b000 r--p 00000000 00:00 0 
b6f4b000-b6f4f000 rw-p 00000000 00:00 0 
b6f4f000-b6f50000 r--p 00022000 b3:02 6930       /usr/lib/arm-linux-gnueabihf/ld-2.31.so
b6f50000-b6f51000 rw-p 00023000 b3:02 6930       /usr/lib/arm-linux-gnueabihf/ld-2.31.so
be83b000-be85c000 rw-p 00000000 00:00 0          [stack]
bea25000-bea26000 r-xp 00000000 00:00 0          [sigpage]
bea26000-bea27000 r--p 00000000 00:00 0          [vvar]
bea27000-bea28000 r-xp 00000000 00:00 0          [vdso]
ffff0000-ffff1000 r-xp 00000000 00:00 0          [vectors]


VM Arguments:
jvm_args: --module-path=. -Djdk.module.main=visual_classes 
java_command: visual_classes/visual_classes.window
java_class_path (initial): <not set>
Launcher Type: SUN_STANDARD

[Global flags]
     uint ConcGCThreads                            = 1                                         {product} {ergonomic}
     uint G1ConcRefinementThreads                  = 4                                         {product} {ergonomic}
   size_t G1HeapRegionSize                         = 1048576                                   {product} {ergonomic}
    uintx GCDrainStackTargetSize                   = 64                                        {product} {ergonomic}
   size_t InitialHeapSize                          = 67108864                                  {product} {ergonomic}
   size_t MarkStackSize                            = 32768                                     {product} {ergonomic}
   size_t MaxHeapSize                              = 1073741824                                {product} {ergonomic}
   size_t MaxNewSize                               = 643825664                                 {product} {ergonomic}
   size_t MinHeapDeltaBytes                        = 1048576                                   {product} {ergonomic}
    uintx NonProfiledCodeHeapSize                  = 0                                      {pd product} {ergonomic}
    uintx ProfiledCodeHeapSize                     = 0                                      {pd product} {ergonomic}
     bool UseG1GC                                  = true                                      {product} {ergonomic}

Logging:
Log output configuration:
 #0: stdout all=warning uptime,level,tags
 #1: stderr all=off uptime,level,tags

Environment Variables:
PATH=/usr/local/sbin:/usr/local/bin:/usr/sbin:/usr/bin:/sbin:/bin
SHELL=/bin/bash
DISPLAY=:0
LANG=es_PA.UTF-8
LC_ALL=es_PA.UTF-8

Signal Handlers:
SIGSEGV: [libjvm.so+0x9ec8c8], sa_mask[0]=11111111011111111101111111111110, sa_flags=SA_RESTART|SA_SIGINFO
SIGBUS: [libjvm.so+0x9ec8c8], sa_mask[0]=11111111011111111101111111111110, sa_flags=SA_RESTART|SA_SIGINFO
SIGFPE: [libjvm.so+0x9ec8c8], sa_mask[0]=11111111011111111101111111111110, sa_flags=SA_RESTART|SA_SIGINFO
SIGPIPE: SIG_IGN, sa_mask[0]=00000000000010000000000000000000, sa_flags=SA_RESTART
SIGXFSZ: [libjvm.so+0x801f78], sa_mask[0]=11111111011111111101111111111110, sa_flags=SA_RESTART|SA_SIGINFO
SIGILL: [libjvm.so+0x9ec8c8], sa_mask[0]=11111111011111111101111111111110, sa_flags=SA_RESTART|SA_SIGINFO
SIGUSR2: [libjvm.so+0x801e18], sa_mask[0]=00000000000000000000000000000000, sa_flags=SA_RESTART|SA_SIGINFO
SIGHUP: [libjvm.so+0x8025f8], sa_mask[0]=11111111011111111101111111111110, sa_flags=SA_RESTART|SA_SIGINFO
SIGINT: [libjvm.so+0x8025f8], sa_mask[0]=11111111011111111101111111111110, sa_flags=SA_RESTART|SA_SIGINFO
SIGTERM: [libjvm.so+0x8025f8], sa_mask[0]=11111111011111111101111111111110, sa_flags=SA_RESTART|SA_SIGINFO
SIGQUIT: [libjvm.so+0x8025f8], sa_mask[0]=11111111011111111101111111111110, sa_flags=SA_RESTART|SA_SIGINFO


---------------  S Y S T E M  ---------------

OS:PRETTY_NAME="Raspbian GNU/Linux 11 (bullseye)"
NAME="Raspbian GNU/Linux"
VERSION_ID="11"
VERSION="11 (bullseye)"
VERSION_CODENAME=bullseye
ID=raspbian
ID_LIKE=debian
HOME_URL="http://www.raspbian.org/"
SUPPORT_URL="http://www.raspbian.org/RaspbianForums"
BUG_REPORT_URL="http://www.raspbian.org/RaspbianBugs"
uname:Linux 5.15.32-v7l+ #1538 SMP Thu Mar 31 19:39:41 BST 2022 armv7l
OS uptime: 0 days 1:44 hours
libc:glibc 2.31 NPTL 2.31 
rlimit (soft/hard): STACK 8192k/infinity , CORE 0k/infinity , NPROC 60615/60615 , NOFILE 1048576/1048576 , AS infinity/infinity , CPU infinity/infinity , DATA infinity/infinity , FSIZE infinity/infinity , MEMLOCK 1011061k/1011061k
load average:1.10 1.38 1.25

/proc/meminfo:
MemTotal:        8088492 kB
MemFree:         4467060 kB
MemAvailable:    5805324 kB
Buffers:           67320 kB
Cached:          1866120 kB
SwapCached:            0 kB
Active:           617120 kB
Inactive:        2567840 kB
Active(anon):       3972 kB
Inactive(anon):  1647620 kB
Active(file):     613148 kB
Inactive(file):   920220 kB
Unevictable:      245340 kB
Mlocked:              64 kB
HighTotal:       7458816 kB
HighFree:        4032520 kB
LowTotal:         629676 kB
LowFree:          434540 kB
SwapTotal:        102396 kB
SwapFree:         102396 kB
Dirty:               188 kB
Writeback:             0 kB
AnonPages:       1496704 kB
Mapped:           591968 kB
Shmem:            400072 kB
KReclaimable:      51576 kB
Slab:              83328 kB
SReclaimable:      51576 kB
SUnreclaim:        31752 kB
KernelStack:        5016 kB
PageTables:        28624 kB
NFS_Unstable:          0 kB
Bounce:                0 kB
WritebackTmp:          0 kB
CommitLimit:     4146640 kB
Committed_AS:    6634656 kB
VmallocTotal:     245760 kB
VmallocUsed:        6128 kB
VmallocChunk:          0 kB
Percpu:              448 kB
CmaTotal:         327680 kB
CmaFree:          311084 kB

/sys/kernel/mm/transparent_hugepage/enabled:
<Not Available>
/sys/kernel/mm/transparent_hugepage/defrag (defrag/compaction efforts parameter):
<Not Available>

Process Memory:
Virtual Size: 1274904K (peak: 1280048K)
Resident Set Size: 305728K (peak: 305748K) (anon: 239448K, file: 24044K, shmem: 42236K)
Swapped out: 0K
C-Heap outstanding allocations: 8357K

/proc/sys/kernel/threads-max (system-wide limit on the number of threads):
121230
/proc/sys/vm/max_map_count (maximum number of memory map areas a process may have):
65530
/proc/sys/kernel/pid_max (system-wide limit on number of process identifiers):
32768

/etc/ld.so.preload:
/usr/lib/arm-linux-gnueabihf/libarmmem-${PLATFORM}.so

Steal ticks since vm start: 0
Steal ticks percentage since vm start:  0.000

CPU:total 4 (initial active 4) (ARMv7), vfp, vfp3-32, simd, mp_ext

/proc/cpuinfo:
processor	: 0
model name	: ARMv7 Processor rev 3 (v7l)
BogoMIPS	: 324.00
Features	: half thumb fastmult vfp edsp neon vfpv3 tls vfpv4 idiva idivt vfpd32 lpae evtstrm crc32 
CPU implementer	: 0x41
CPU architecture: 7
CPU variant	: 0x0
CPU part	: 0xd08
CPU revision	: 3

processor	: 1
model name	: ARMv7 Processor rev 3 (v7l)
BogoMIPS	: 324.00
Features	: half thumb fastmult vfp edsp neon vfpv3 tls vfpv4 idiva idivt vfpd32 lpae evtstrm crc32 
CPU implementer	: 0x41
CPU architecture: 7
CPU variant	: 0x0
CPU part	: 0xd08
CPU revision	: 3

processor	: 2
model name	: ARMv7 Processor rev 3 (v7l)
BogoMIPS	: 324.00
Features	: half thumb fastmult vfp edsp neon vfpv3 tls vfpv4 idiva idivt vfpd32 lpae evtstrm crc32 
CPU implementer	: 0x41
CPU architecture: 7
CPU variant	: 0x0
CPU part	: 0xd08
CPU revision	: 3

processor	: 3
model name	: ARMv7 Processor rev 3 (v7l)
BogoMIPS	: 324.00
Features	: half thumb fastmult vfp edsp neon vfpv3 tls vfpv4 idiva idivt vfpd32 lpae evtstrm crc32 
CPU implementer	: 0x41
CPU architecture: 7
CPU variant	: 0x0
CPU part	: 0xd08
CPU revision	: 3

Hardware	: BCM2711
Revision	: d03114
Serial		: 100000007716ae09
Model		: Raspberry Pi 4 Model B Rev 1.4
Online cpus:
0-3
Offline cpus:


Memory: 4k page, physical 8088492k(4467060k free), swap 102396k(102396k free)

vm_info: OpenJDK Server VM (11.0.15+10-post-Raspbian-1deb11u1) for linux- JRE (11.0.15+10-post-Raspbian-1deb11u1), built on May  3 2022 12:15:06 by "unknown" with gcc 10.2.1 20210110

END.
