#
# A fatal error has been detected by the Java Runtime Environment:
#
#  SIGSEGV (0xb) at pc=0x6cd39028, pid=9608, tid=9652
#
# JRE version: OpenJDK Runtime Environment (11.0.15+10) (build 11.0.15+10-post-Raspbian-1deb11u1)
# Java VM: OpenJDK Server VM (11.0.15+10-post-Raspbian-1deb11u1, mixed mode, g1 gc, linux-)
# Problematic frame:
# C  [libpigpio.so.1+0x23028]
#
# No core dump will be written. Core dumps have been disabled. To enable core dumping, try "ulimit -c unlimited" before starting Java again
#
# If you would like to submit a bug report, please visit:
#   Unknown
# The crash happened outside the Java Virtual Machine in native code.
# See problematic frame for where to report the bug.
#

---------------  S U M M A R Y ------------

Command Line: --module-path=. -Djdk.module.main=visual_classes visual_classes/visual_classes.window

Host: rev 3 (v7l), 4 cores, 7G, Raspbian GNU/Linux 11 (bullseye)
Time: Sun Aug 20 11:21:33 2023 EST elapsed time: 27.121715 seconds (0d 0h 0m 27s)

---------------  T H R E A D  ---------------

Current thread (0x6916d800):  JavaThread "pi4j-shutdown" [_thread_in_native, id=9652, stack(0x6bf10000,0x6bf60000)]

Stack: [0x6bf10000,0x6bf60000],  sp=0x6bf5e898,  free space=314k
Native frames: (J=compiled Java code, A=aot compiled Java code, j=interpreted, Vv=VM code, C=native code)
C  [libpigpio.so.1+0x23028]
C  0x6bf5ea58

Java frames: (J=compiled Java code, j=interpreted, Vv=VM code)
j  com.pi4j.library.pigpio.internal.PIGPIO.gpioTerminate()V+0 com.pi4j.library.pigpio@2.1.1
j  com.pi4j.library.pigpio.impl.PiGpioNativeImpl.gpioTerminate()V+22 com.pi4j.library.pigpio@2.1.1
j  com.pi4j.library.pigpio.PiGpio.shutdown()V+1 com.pi4j.library.pigpio@2.1.1
j  com.pi4j.plugin.pigpio.PiGpioPlugin.shutdown(Lcom/pi4j/context/Context;)V+23 com.pi4j.plugin.pigpio@2.1.1
j  com.pi4j.runtime.impl.DefaultRuntime.shutdown()Lcom/pi4j/runtime/Runtime;+87 com.pi4j@2.1.1
j  com.pi4j.runtime.impl.DefaultRuntime.lambda$new$2()V+8 com.pi4j@2.1.1
j  com.pi4j.runtime.impl.DefaultRuntime$$Lambda$167.run()V+4 com.pi4j@2.1.1
j  java.lang.Thread.run()V+11 java.base@11.0.15
v  ~StubRoutines::call_stub

siginfo: si_signo: 11 (SIGSEGV), si_code: 1 (SEGV_MAPERR), si_addr: 0xb3b03188

Register to memory mapping:

  r0  = 0x00000000
0x0 is NULL

  r1  = 0x00001000
0x00001000 is an unknown value

  r2  = 0xffffffff
0xffffffff is an unknown value

  r3  = 0xb3b0234c
0xb3b0234c is an unknown value

  r4  = 0xb3b03184
0xb3b03184 is an unknown value

  r5  = 0xb3b033dc
0xb3b033dc is an unknown value

  r6  = 0x00000014
0x00000014 is an unknown value

  r7  = 0xb3b02000
0xb3b02000 is an unknown value

  r8  = 0xb6f8487c
0xb6f8487c: __stack_chk_guard+0x00000000 in /lib/ld-linux-armhf.so.3 at 0xb6f52000

  r9  = 0x6d0826c0
{method} {0x6d0826c0} 'gpioTerminate' '()V' in 'com/pi4j/library/pigpio/internal/PIGPIO'

  r10 = 0x6916d800
0x6916d800 is a thread

  fp  = 0x6bf5ea28
0x6bf5ea28 is pointing into the stack for thread: 0x6916d800

  r12 = 0x6cd642c4
0x6cd642c4: <offset 0x0004e2c4> in /lib/libpigpio.so.1 at 0x6cd16000

  sp  = 0x6bf5e898
0x6bf5e898 is pointing into the stack for thread: 0x6916d800

  lr  = 0x6cd39034
0x6cd39034: <offset 0x00023034> in /lib/libpigpio.so.1 at 0x6cd16000

  pc  = 0x6cd39028
0x6cd39028: <offset 0x00023028> in /lib/libpigpio.so.1 at 0x6cd16000



Registers:
  r0  = 0x00000000
  r1  = 0x00001000
  r2  = 0xffffffff
  r3  = 0xb3b0234c
  r4  = 0xb3b03184
  r5  = 0xb3b033dc
  r6  = 0x00000014
  r7  = 0xb3b02000
  r8  = 0xb6f8487c
  r9  = 0x6d0826c0
  r10 = 0x6916d800
  fp  = 0x6bf5ea28
  r12 = 0x6cd642c4
  sp  = 0x6bf5e898
  lr  = 0x6cd39034
  pc  = 0x6cd39028
  cpsr = 0x80000010

Top of Stack: (sp=0x6bf5e898)
0x6bf5e898:   00000060 b6f8487c 00000000 00000000
0x6bf5e8a8:   00000000 6cc296f0 6bf5e924 70e01355
0x6bf5e8b8:   f675bd9d 00000000 6cc29520 6bf5e97c
0x6bf5e8c8:   00000000 b6f5d0e4 6bf5e924 6cc2968c
0x6bf5e8d8:   00000001 00000000 00000005 00000000
0x6bf5e8e8:   00000001 6cc29520 0000015d 00000000
0x6bf5e8f8:   6cc296ec 00000000 00000000 00000000
0x6bf5e908:   6cc270d8 711094b8 6bf5e948 b3c953f0 

Instructions: (pc=0x6cd39028)
0x6cd38f28:   0a000001 e3a01024 ebff8544 e59f368c
0x6cd38f38:   e08f3003 e5930074 e3700001 0a000001
0x6cd38f48:   e3a01028 ebff853d e59f3674 e79f0003
0x6cd38f58:   e3700001 0a000001 e3a0101c ebff8537
0x6cd38f68:   e59f3660 e08f3003 e5930040 e3700001
0x6cd38f78:   0a000001 e3a01018 ebff8530 e59f3648
0x6cd38f88:   e3e02000 e08f3003 e59300c8 e5832038
0x6cd38f98:   e1500002 e5832050 e5832044 e58320c4
0x6cd38fa8:   e583203c e5832078 e5832074 e5832000
0x6cd38fb8:   e5832040 0a000006 e59f2610 e3a030d4
0x6cd38fc8:   e08f2002 e5922004 e0030293 e2831e35
0x6cd38fd8:   ebff851a e59f35f8 e3e02000 e08f3003
0x6cd38fe8:   e59370cc e58320c8 e1570002 0a000015
0x6cd38ff8:   e59f35e0 e08f3003 e5936004 e0863086
0x6cd39008:   e0863103 e0863103 e37300d4 0a000008
0x6cd39018:   e3a050d4 e2873fd3 e0253695 e2474004
0x6cd39028:   e5b40004 e3a01a01 ebff8504 e1540005
0x6cd39038:   1afffffa e3a010d4 e1a00007 e0010691
0x6cd39048:   e2811e35 ebff84fd e59f358c e3e02000
0x6cd39058:   e08f3003 e59370d0 e58320cc e1570002
0x6cd39068:   0a000010 e59f3574 e08f3003 e5933004
0x6cd39078:   e3730004 0a000137 e1a06103 e0875006
0x6cd39088:   e285500c e2474004 e5b40004 e3a01a35
0x6cd39098:   ebff84ea e1540005 1afffffa e2861010
0x6cd390a8:   e1a00007 ebff84e5 e59f3534 e3e01000
0x6cd390b8:   e08f3003 e59320d4 e58310d0 e1520001
0x6cd390c8:   0a000048 e59f051c e3a01000 e08f0000
0x6cd390d8:   ebff8420 e2507000 ba00010d e59f3508
0x6cd390e8:   e59f2508 e08f3003 e08f2002 e5934004
0x6cd390f8:   e58270d8 e3740004 0a00002f e59250d4
0x6cd39108:   e59fb4ec e0854204 e2455040 ea000002
0x6cd39118:   e2444010 e1550004 0a000027 e5943030 


Stack slot to memory mapping:
stack at sp + 0 slots: 0x00000060 is an unknown value
stack at sp + 1 slots: 0xb6f8487c: __stack_chk_guard+0x00000000 in /lib/ld-linux-armhf.so.3 at 0xb6f52000
stack at sp + 2 slots: 0x0 is NULL
stack at sp + 3 slots: 0x0 is NULL
stack at sp + 4 slots: 0x0 is NULL
stack at sp + 5 slots: 0x6cc296f0 points into unknown readable memory: 0x6cc2968c | 8c 96 c2 6c
stack at sp + 6 slots: 0x6bf5e924 is pointing into the stack for thread: 0x6916d800
stack at sp + 7 slots: 0x70e01355: <offset 0x00001355> in /tmp/libpi4j-pigpio12915055108755407683.so at 0x70e00000


---------------  P R O C E S S  ---------------

Threads class SMR info:
_java_thread_list=0x71204658, length=15, elements={
0x70735c00, 0x70739400, 0x70743400, 0x70745c00,
0x70747400, 0x70748c00, 0x707b1000, 0x6f33e000,
0x6f342400, 0x6f345800, 0x6f347000, 0xb5e0ec00,
0xb3acf800, 0x6919e400, 0x6916d800
}

Java Threads: ( => current thread )
  0x70735c00 JavaThread "Reference Handler" daemon [_thread_blocked, id=9616, stack(0x7102e000,0x7107e000)]
  0x70739400 JavaThread "Finalizer" daemon [_thread_blocked, id=9617, stack(0x70e2e000,0x70e7e000)]
  0x70743400 JavaThread "Signal Dispatcher" daemon [_thread_blocked, id=9618, stack(0x706b0000,0x70700000)]
  0x70745c00 JavaThread "Service Thread" daemon [_thread_blocked, id=9619, stack(0x70660000,0x706b0000)]
  0x70747400 JavaThread "C2 CompilerThread0" daemon [_thread_blocked, id=9620, stack(0x70006000,0x70086000)]
  0x70748c00 JavaThread "Sweeper thread" daemon [_thread_blocked, id=9621, stack(0x70610000,0x70660000)]
  0x707b1000 JavaThread "Common-Cleaner" daemon [_thread_blocked, id=9622, stack(0x6ffb6000,0x70006000)]
  0x6f33e000 JavaThread "Java2D Disposer" daemon [_thread_blocked, id=9628, stack(0x6d555000,0x6d5a5000)]
  0x6f342400 JavaThread "AWT-XAWT" daemon [_thread_in_native, id=9629, stack(0x6d505000,0x6d555000)]
  0x6f345800 JavaThread "AWT-Shutdown" [_thread_blocked, id=9630, stack(0x6d4b5000,0x6d505000)]
  0x6f347000 JavaThread "AWT-EventQueue-0" [_thread_blocked, id=9631, stack(0x6d465000,0x6d4b5000)]
  0xb5e0ec00 JavaThread "DestroyJavaVM" [_thread_blocked, id=9609, stack(0xb5fb3000,0xb6003000)]
  0xb3acf800 JavaThread "Timer" [_thread_blocked, id=9642, stack(0x6bfb0000,0x6c000000)]
  0x6919e400 JavaThread "TimerQueue" daemon [_thread_blocked, id=9643, stack(0x6c200000,0x6c280000)]
=>0x6916d800 JavaThread "pi4j-shutdown" [_thread_in_native, id=9652, stack(0x6bf10000,0x6bf60000)]

Other Threads:
  0x70730800 VMThread "VM Thread" [stack: 0x70834000,0x708b4000] [id=9615]
  0x6fe36000 WatcherThread [stack: 0x6ff36000,0x6ffb6000] [id=9623]
  0xb5e22c00 GCTaskThread "GC Thread#0" [stack: 0xb3bd1000,0xb3c51000] [id=9610]
  0x70513c00 GCTaskThread "GC Thread#1" [stack: 0x6cf00000,0x6cf80000] [id=9633]
  0x70514c00 GCTaskThread "GC Thread#2" [stack: 0x6ce7e000,0x6cefe000] [id=9634]
  0x70516000 GCTaskThread "GC Thread#3" [stack: 0x6cdfc000,0x6ce7c000] [id=9635]
  0xb5e78000 ConcurrentGCThread "G1 Main Marker" [stack: 0xb3b4f000,0xb3bcf000] [id=9611]
  0xb5e79800 ConcurrentGCThread "G1 Conc#0" [stack: 0x71380000,0x71400000] [id=9612]
  0xb5ee0c00 ConcurrentGCThread "G1 Refine#0" [stack: 0x71080000,0x71100000] [id=9613]
  0xb5ee2400 ConcurrentGCThread "G1 Young RemSet Sampling" [stack: 0x70e80000,0x70f00000] [id=9614]

Threads with active compile tasks:

VM state:not at safepoint (normal execution)

VM Mutex/Monitor currently owned by a thread: None

Heap:
 garbage-first heap   total 222208K, used 203080K [0x73a00000, 0xb3a00000)
  region size 1024K, 7 young (7168K), 2 survivors (2048K)
 Metaspace       used 14794K, capacity 15039K, committed 15128K, reserved 15664K
Heap Regions: E=young(eden), S=young(survivor), O=old, HS=humongous(starts), HC=humongous(continues), CS=collection set, F=free, A=archive, TAMS=top-at-mark-start (previous, next)
|   0|0x73a00000, 0x73b00000, 0x73b00000|100%| O|  |TAMS 0x73b00000, 0x73a00000| Untracked 
|   1|0x73b00000, 0x73c00000, 0x73c00000|100%|HS|  |TAMS 0x73c00000, 0x73b00000| Complete 
|   2|0x73c00000, 0x73d00000, 0x73d00000|100%|HS|  |TAMS 0x73d00000, 0x73c00000| Complete 
|   3|0x73d00000, 0x73e00000, 0x73e00000|100%|HC|  |TAMS 0x73e00000, 0x73d00000| Complete 
|   4|0x73e00000, 0x73f00000, 0x73f00000|100%|HS|  |TAMS 0x73f00000, 0x73e00000| Complete 
|   5|0x73f00000, 0x74000000, 0x74000000|100%|HC|  |TAMS 0x74000000, 0x73f00000| Complete 
|   6|0x74000000, 0x74100000, 0x74100000|100%|HS|  |TAMS 0x74100000, 0x74000000| Complete 
|   7|0x74100000, 0x74200000, 0x74200000|100%|HC|  |TAMS 0x74200000, 0x74100000| Complete 
|   8|0x74200000, 0x74300000, 0x74300000|100%|HC|  |TAMS 0x74300000, 0x74200000| Complete 
|   9|0x74300000, 0x74400000, 0x74400000|100%|HS|  |TAMS 0x74400000, 0x74300000| Complete 
|  10|0x74400000, 0x74500000, 0x74500000|100%|HC|  |TAMS 0x74500000, 0x74400000| Complete 
|  11|0x74500000, 0x74600000, 0x74600000|100%|HC|  |TAMS 0x74600000, 0x74500000| Complete 
|  12|0x74600000, 0x74700000, 0x74700000|100%|HS|  |TAMS 0x74700000, 0x74600000| Complete 
|  13|0x74700000, 0x74800000, 0x74800000|100%|HC|  |TAMS 0x74800000, 0x74700000| Complete 
|  14|0x74800000, 0x74900000, 0x74900000|100%|HC|  |TAMS 0x74900000, 0x74800000| Complete 
|  15|0x74900000, 0x74a00000, 0x74a00000|100%|HC|  |TAMS 0x74a00000, 0x74900000| Complete 
|  16|0x74a00000, 0x74b00000, 0x74b00000|100%|HC|  |TAMS 0x74b00000, 0x74a00000| Complete 
|  17|0x74b00000, 0x74c00000, 0x74c00000|100%|HS|  |TAMS 0x74c00000, 0x74b00000| Complete 
|  18|0x74c00000, 0x74d00000, 0x74d00000|100%|HS|  |TAMS 0x74d00000, 0x74c00000| Complete 
|  19|0x74d00000, 0x74e00000, 0x74e00000|100%|HS|  |TAMS 0x74e00000, 0x74d00000| Complete 
|  20|0x74e00000, 0x74f00000, 0x74f00000|100%|HS|  |TAMS 0x74f00000, 0x74e00000| Complete 
|  21|0x74f00000, 0x75000000, 0x75000000|100%|HS|  |TAMS 0x75000000, 0x74f00000| Complete 
|  22|0x75000000, 0x75100000, 0x75100000|100%|HC|  |TAMS 0x75100000, 0x75000000| Complete 
|  23|0x75100000, 0x75200000, 0x75200000|100%|HS|  |TAMS 0x75200000, 0x75100000| Complete 
|  24|0x75200000, 0x75300000, 0x75300000|100%|HC|  |TAMS 0x75300000, 0x75200000| Complete 
|  25|0x75300000, 0x75400000, 0x75400000|100%|HC|  |TAMS 0x75400000, 0x75300000| Complete 
|  26|0x75400000, 0x75500000, 0x75500000|100%|HS|  |TAMS 0x75500000, 0x75400000| Complete 
|  27|0x75500000, 0x75600000, 0x75600000|100%|HC|  |TAMS 0x75600000, 0x75500000| Complete 
|  28|0x75600000, 0x75700000, 0x75700000|100%|HS|  |TAMS 0x75700000, 0x75600000| Complete 
|  29|0x75700000, 0x75800000, 0x75800000|100%|HC|  |TAMS 0x75800000, 0x75700000| Complete 
|  30|0x75800000, 0x75900000, 0x75900000|100%| O|  |TAMS 0x75900000, 0x75800000| Untracked 
|  31|0x75900000, 0x75a00000, 0x75a00000|100%| O|  |TAMS 0x75a00000, 0x75900000| Untracked 
|  32|0x75a00000, 0x75b00000, 0x75b00000|100%| O|  |TAMS 0x75b00000, 0x75a00000| Untracked 
|  33|0x75b00000, 0x75c00000, 0x75c00000|100%| O|  |TAMS 0x75c00000, 0x75b00000| Untracked 
|  34|0x75c00000, 0x75d00000, 0x75d00000|100%|HS|  |TAMS 0x75d00000, 0x75c00000| Complete 
|  35|0x75d00000, 0x75e00000, 0x75e00000|100%|HC|  |TAMS 0x75e00000, 0x75d00000| Complete 
|  36|0x75e00000, 0x75f00000, 0x75f00000|100%|HC|  |TAMS 0x75f00000, 0x75e00000| Complete 
|  37|0x75f00000, 0x76000000, 0x76000000|100%| O|  |TAMS 0x76000000, 0x75f00000| Untracked 
|  38|0x76000000, 0x76100000, 0x76100000|100%| O|  |TAMS 0x76100000, 0x76000000| Untracked 
|  39|0x76100000, 0x76200000, 0x76200000|100%| O|  |TAMS 0x76200000, 0x76100000| Untracked 
|  40|0x76200000, 0x76300000, 0x76300000|100%|HS|  |TAMS 0x76300000, 0x76200000| Complete 
|  41|0x76300000, 0x76400000, 0x76400000|100%|HC|  |TAMS 0x76400000, 0x76300000| Complete 
|  42|0x76400000, 0x76500000, 0x76500000|100%|HC|  |TAMS 0x76500000, 0x76400000| Complete 
|  43|0x76500000, 0x76600000, 0x76600000|100%|HS|  |TAMS 0x76600000, 0x76500000| Complete 
|  44|0x76600000, 0x76700000, 0x76700000|100%|HC|  |TAMS 0x76700000, 0x76600000| Complete 
|  45|0x76700000, 0x76800000, 0x76800000|100%|HC|  |TAMS 0x76800000, 0x76700000| Complete 
|  46|0x76800000, 0x76900000, 0x76900000|100%|HS|  |TAMS 0x76900000, 0x76800000| Complete 
|  47|0x76900000, 0x76a00000, 0x76a00000|100%|HC|  |TAMS 0x76a00000, 0x76900000| Complete 
|  48|0x76a00000, 0x76b00000, 0x76b00000|100%|HC|  |TAMS 0x76b00000, 0x76a00000| Complete 
|  49|0x76b00000, 0x76c00000, 0x76c00000|100%|HS|  |TAMS 0x76c00000, 0x76b00000| Complete 
|  50|0x76c00000, 0x76d00000, 0x76d00000|100%|HC|  |TAMS 0x76d00000, 0x76c00000| Complete 
|  51|0x76d00000, 0x76e00000, 0x76e00000|100%|HC|  |TAMS 0x76e00000, 0x76d00000| Complete 
|  52|0x76e00000, 0x76f00000, 0x76f00000|100%| O|  |TAMS 0x76f00000, 0x76e00000| Untracked 
|  53|0x76f00000, 0x77000000, 0x77000000|100%|HS|  |TAMS 0x77000000, 0x76f00000| Complete 
|  54|0x77000000, 0x77100000, 0x77100000|100%|HC|  |TAMS 0x77100000, 0x77000000| Complete 
|  55|0x77100000, 0x77200000, 0x77200000|100%|HC|  |TAMS 0x77200000, 0x77100000| Complete 
|  56|0x77200000, 0x77300000, 0x77300000|100%| O|  |TAMS 0x77300000, 0x77200000| Untracked 
|  57|0x77300000, 0x77400000, 0x77400000|100%| O|  |TAMS 0x77400000, 0x77300000| Untracked 
|  58|0x77400000, 0x77500000, 0x77500000|100%|HS|  |TAMS 0x77500000, 0x77400000| Complete 
|  59|0x77500000, 0x77600000, 0x77600000|100%|HC|  |TAMS 0x77600000, 0x77500000| Complete 
|  60|0x77600000, 0x77700000, 0x77700000|100%|HC|  |TAMS 0x77700000, 0x77600000| Complete 
|  61|0x77700000, 0x77800000, 0x77800000|100%|HS|  |TAMS 0x77800000, 0x77700000| Complete 
|  62|0x77800000, 0x77900000, 0x77900000|100%|HC|  |TAMS 0x77900000, 0x77800000| Complete 
|  63|0x77900000, 0x77a00000, 0x77a00000|100%|HC|  |TAMS 0x77a00000, 0x77900000| Complete 
|  64|0x77a00000, 0x77b00000, 0x77b00000|100%|HS|  |TAMS 0x77b00000, 0x77a00000| Complete 
|  65|0x77b00000, 0x77c00000, 0x77c00000|100%|HC|  |TAMS 0x77c00000, 0x77b00000| Complete 
|  66|0x77c00000, 0x77d00000, 0x77d00000|100%| O|  |TAMS 0x77d00000, 0x77c00000| Untracked 
|  67|0x77d00000, 0x77e00000, 0x77e00000|100%| O|  |TAMS 0x77e00000, 0x77d00000| Untracked 
|  68|0x77e00000, 0x77f00000, 0x77f00000|100%| O|  |TAMS 0x77f00000, 0x77e00000| Untracked 
|  69|0x77f00000, 0x78000000, 0x78000000|100%|HS|  |TAMS 0x78000000, 0x77f00000| Complete 
|  70|0x78000000, 0x78100000, 0x78100000|100%|HC|  |TAMS 0x78100000, 0x78000000| Complete 
|  71|0x78100000, 0x78200000, 0x78200000|100%|HC|  |TAMS 0x78200000, 0x78100000| Complete 
|  72|0x78200000, 0x78300000, 0x78300000|100%|HS|  |TAMS 0x78300000, 0x78200000| Complete 
|  73|0x78300000, 0x78400000, 0x78400000|100%|HC|  |TAMS 0x78400000, 0x78300000| Complete 
|  74|0x78400000, 0x78500000, 0x78500000|100%|HC|  |TAMS 0x78500000, 0x78400000| Complete 
|  75|0x78500000, 0x78600000, 0x78600000|100%| O|  |TAMS 0x78600000, 0x78500000| Untracked 
|  76|0x78600000, 0x78700000, 0x78700000|100%| O|  |TAMS 0x78700000, 0x78600000| Untracked 
|  77|0x78700000, 0x78800000, 0x78800000|100%|HS|  |TAMS 0x78800000, 0x78700000| Complete 
|  78|0x78800000, 0x78900000, 0x78900000|100%|HC|  |TAMS 0x78900000, 0x78800000| Complete 
|  79|0x78900000, 0x78a00000, 0x78a00000|100%|HC|  |TAMS 0x78a00000, 0x78900000| Complete 
|  80|0x78a00000, 0x78b00000, 0x78b00000|100%|HS|  |TAMS 0x78b00000, 0x78a00000| Complete 
|  81|0x78b00000, 0x78c00000, 0x78c00000|100%|HC|  |TAMS 0x78c00000, 0x78b00000| Complete 
|  82|0x78c00000, 0x78d00000, 0x78d00000|100%|HC|  |TAMS 0x78d00000, 0x78c00000| Complete 
|  83|0x78d00000, 0x78e00000, 0x78e00000|100%|HS|  |TAMS 0x78e00000, 0x78d00000| Complete 
|  84|0x78e00000, 0x78f00000, 0x78f00000|100%|HC|  |TAMS 0x78f00000, 0x78e00000| Complete 
|  85|0x78f00000, 0x79000000, 0x79000000|100%|HC|  |TAMS 0x79000000, 0x78f00000| Complete 
|  86|0x79000000, 0x79100000, 0x79100000|100%|HC|  |TAMS 0x79100000, 0x79000000| Complete 
|  87|0x79100000, 0x79200000, 0x79200000|100%|HC|  |TAMS 0x79200000, 0x79100000| Complete 
|  88|0x79200000, 0x79300000, 0x79300000|100%|HC|  |TAMS 0x79300000, 0x79200000| Complete 
|  89|0x79300000, 0x79400000, 0x79400000|100%|HC|  |TAMS 0x79400000, 0x79300000| Complete 
|  90|0x79400000, 0x79500000, 0x79500000|100%|HC|  |TAMS 0x79500000, 0x79400000| Complete 
|  91|0x79500000, 0x79600000, 0x79600000|100%|HC|  |TAMS 0x79600000, 0x79500000| Complete 
|  92|0x79600000, 0x79700000, 0x79700000|100%|HC|  |TAMS 0x79700000, 0x79600000| Complete 
|  93|0x79700000, 0x79800000, 0x79800000|100%|HC|  |TAMS 0x79800000, 0x79700000| Complete 
|  94|0x79800000, 0x79900000, 0x79900000|100%|HC|  |TAMS 0x79900000, 0x79800000| Complete 
|  95|0x79900000, 0x79a00000, 0x79a00000|100%|HC|  |TAMS 0x79a00000, 0x79900000| Complete 
|  96|0x79a00000, 0x79b00000, 0x79b00000|100%|HC|  |TAMS 0x79b00000, 0x79a00000| Complete 
|  97|0x79b00000, 0x79c00000, 0x79c00000|100%|HC|  |TAMS 0x79c00000, 0x79b00000| Complete 
|  98|0x79c00000, 0x79d00000, 0x79d00000|100%|HC|  |TAMS 0x79d00000, 0x79c00000| Complete 
|  99|0x79d00000, 0x79e00000, 0x79e00000|100%|HC|  |TAMS 0x79e00000, 0x79d00000| Complete 
| 100|0x79e00000, 0x79f00000, 0x79f00000|100%|HS|  |TAMS 0x79f00000, 0x79e00000| Complete 
| 101|0x79f00000, 0x7a000000, 0x7a000000|100%|HC|  |TAMS 0x7a000000, 0x79f00000| Complete 
| 102|0x7a000000, 0x7a100000, 0x7a100000|100%|HC|  |TAMS 0x7a100000, 0x7a000000| Complete 
| 103|0x7a100000, 0x7a200000, 0x7a200000|100%|HS|  |TAMS 0x7a200000, 0x7a100000| Complete 
| 104|0x7a200000, 0x7a300000, 0x7a300000|100%|HC|  |TAMS 0x7a300000, 0x7a200000| Complete 
| 105|0x7a300000, 0x7a400000, 0x7a400000|100%|HC|  |TAMS 0x7a400000, 0x7a300000| Complete 
| 106|0x7a400000, 0x7a500000, 0x7a500000|100%|HS|  |TAMS 0x7a500000, 0x7a400000| Complete 
| 107|0x7a500000, 0x7a600000, 0x7a600000|100%|HC|  |TAMS 0x7a600000, 0x7a500000| Complete 
| 108|0x7a600000, 0x7a700000, 0x7a700000|100%|HC|  |TAMS 0x7a700000, 0x7a600000| Complete 
| 109|0x7a700000, 0x7a800000, 0x7a800000|100%|HS|  |TAMS 0x7a800000, 0x7a700000| Complete 
| 110|0x7a800000, 0x7a900000, 0x7a900000|100%|HC|  |TAMS 0x7a900000, 0x7a800000| Complete 
| 111|0x7a900000, 0x7aa00000, 0x7aa00000|100%|HS|  |TAMS 0x7aa00000, 0x7a900000| Complete 
| 112|0x7aa00000, 0x7ab00000, 0x7ab00000|100%|HC|  |TAMS 0x7ab00000, 0x7aa00000| Complete 
| 113|0x7ab00000, 0x7ac00000, 0x7ac00000|100%|HC|  |TAMS 0x7ac00000, 0x7ab00000| Complete 
| 114|0x7ac00000, 0x7ad00000, 0x7ad00000|100%|HC|  |TAMS 0x7ad00000, 0x7ac00000| Complete 
| 115|0x7ad00000, 0x7ae00000, 0x7ae00000|100%|HC|  |TAMS 0x7ae00000, 0x7ad00000| Complete 
| 116|0x7ae00000, 0x7af00000, 0x7af00000|100%|HC|  |TAMS 0x7af00000, 0x7ae00000| Complete 
| 117|0x7af00000, 0x7b000000, 0x7b000000|100%|HC|  |TAMS 0x7b000000, 0x7af00000| Complete 
| 118|0x7b000000, 0x7b100000, 0x7b100000|100%|HC|  |TAMS 0x7b100000, 0x7b000000| Complete 
| 119|0x7b100000, 0x7b200000, 0x7b200000|100%|HC|  |TAMS 0x7b200000, 0x7b100000| Complete 
| 120|0x7b200000, 0x7b300000, 0x7b300000|100%|HC|  |TAMS 0x7b300000, 0x7b200000| Complete 
| 121|0x7b300000, 0x7b400000, 0x7b400000|100%|HC|  |TAMS 0x7b400000, 0x7b300000| Complete 
| 122|0x7b400000, 0x7b500000, 0x7b500000|100%|HC|  |TAMS 0x7b500000, 0x7b400000| Complete 
| 123|0x7b500000, 0x7b600000, 0x7b600000|100%|HC|  |TAMS 0x7b600000, 0x7b500000| Complete 
| 124|0x7b600000, 0x7b700000, 0x7b700000|100%|HC|  |TAMS 0x7b700000, 0x7b600000| Complete 
| 125|0x7b700000, 0x7b800000, 0x7b800000|100%|HC|  |TAMS 0x7b800000, 0x7b700000| Complete 
| 126|0x7b800000, 0x7b900000, 0x7b900000|100%|HC|  |TAMS 0x7b900000, 0x7b800000| Complete 
| 127|0x7b900000, 0x7ba00000, 0x7ba00000|100%|HC|  |TAMS 0x7ba00000, 0x7b900000| Complete 
| 128|0x7ba00000, 0x7bb00000, 0x7bb00000|100%|HC|  |TAMS 0x7bb00000, 0x7ba00000| Complete 
| 129|0x7bb00000, 0x7bc00000, 0x7bc00000|100%|HS|  |TAMS 0x7bc00000, 0x7bb00000| Complete 
| 130|0x7bc00000, 0x7bd00000, 0x7bd00000|100%|HC|  |TAMS 0x7bd00000, 0x7bc00000| Complete 
| 131|0x7bd00000, 0x7be00000, 0x7be00000|100%|HC|  |TAMS 0x7be00000, 0x7bd00000| Complete 
| 132|0x7be00000, 0x7bf00000, 0x7bf00000|100%|HS|  |TAMS 0x7bf00000, 0x7be00000| Complete 
| 133|0x7bf00000, 0x7c000000, 0x7c000000|100%| O|  |TAMS 0x7c000000, 0x7bf00000| Untracked 
| 134|0x7c000000, 0x7c100000, 0x7c100000|100%|HS|  |TAMS 0x7c100000, 0x7c000000| Complete 
| 135|0x7c100000, 0x7c200000, 0x7c200000|100%|HC|  |TAMS 0x7c200000, 0x7c100000| Complete 
| 136|0x7c200000, 0x7c300000, 0x7c300000|100%|HC|  |TAMS 0x7c300000, 0x7c200000| Complete 
| 137|0x7c300000, 0x7c400000, 0x7c400000|100%|HC|  |TAMS 0x7c400000, 0x7c300000| Complete 
| 138|0x7c400000, 0x7c500000, 0x7c500000|100%|HC|  |TAMS 0x7c500000, 0x7c400000| Complete 
| 139|0x7c500000, 0x7c600000, 0x7c600000|100%|HC|  |TAMS 0x7c600000, 0x7c500000| Complete 
| 140|0x7c600000, 0x7c700000, 0x7c700000|100%|HC|  |TAMS 0x7c700000, 0x7c600000| Complete 
| 141|0x7c700000, 0x7c800000, 0x7c800000|100%|HS|  |TAMS 0x7c800000, 0x7c700000| Complete 
| 142|0x7c800000, 0x7c900000, 0x7c900000|100%|HS|  |TAMS 0x7c900000, 0x7c800000| Complete 
| 143|0x7c900000, 0x7ca00000, 0x7ca00000|100%|HS|  |TAMS 0x7ca00000, 0x7c900000| Complete 
| 144|0x7ca00000, 0x7cb00000, 0x7cb00000|100%| O|  |TAMS 0x7cb00000, 0x7ca00000| Untracked 
| 145|0x7cb00000, 0x7cc00000, 0x7cc00000|100%|HS|  |TAMS 0x7cc00000, 0x7cb00000| Complete 
| 146|0x7cc00000, 0x7cd00000, 0x7cd00000|100%|HC|  |TAMS 0x7cd00000, 0x7cc00000| Complete 
| 147|0x7cd00000, 0x7ce00000, 0x7ce00000|100%|HC|  |TAMS 0x7ce00000, 0x7cd00000| Complete 
| 148|0x7ce00000, 0x7cf00000, 0x7cf00000|100%|HC|  |TAMS 0x7cf00000, 0x7ce00000| Complete 
| 149|0x7cf00000, 0x7d000000, 0x7d000000|100%|HC|  |TAMS 0x7d000000, 0x7cf00000| Complete 
| 150|0x7d000000, 0x7d100000, 0x7d100000|100%|HC|  |TAMS 0x7d100000, 0x7d000000| Complete 
| 151|0x7d100000, 0x7d200000, 0x7d200000|100%|HC|  |TAMS 0x7d200000, 0x7d100000| Complete 
| 152|0x7d200000, 0x7d300000, 0x7d300000|100%|HC|  |TAMS 0x7d300000, 0x7d200000| Complete 
| 153|0x7d300000, 0x7d400000, 0x7d400000|100%|HC|  |TAMS 0x7d400000, 0x7d300000| Complete 
| 154|0x7d400000, 0x7d500000, 0x7d500000|100%|HC|  |TAMS 0x7d500000, 0x7d400000| Complete 
| 155|0x7d500000, 0x7d600000, 0x7d600000|100%|HC|  |TAMS 0x7d600000, 0x7d500000| Complete 
| 156|0x7d600000, 0x7d700000, 0x7d700000|100%|HC|  |TAMS 0x7d700000, 0x7d600000| Complete 
| 157|0x7d700000, 0x7d800000, 0x7d800000|100%|HC|  |TAMS 0x7d800000, 0x7d700000| Complete 
| 158|0x7d800000, 0x7d900000, 0x7d900000|100%|HC|  |TAMS 0x7d900000, 0x7d800000| Complete 
| 159|0x7d900000, 0x7da00000, 0x7da00000|100%|HC|  |TAMS 0x7da00000, 0x7d900000| Complete 
| 160|0x7da00000, 0x7db00000, 0x7db00000|100%|HC|  |TAMS 0x7db00000, 0x7da00000| Complete 
| 161|0x7db00000, 0x7dc00000, 0x7dc00000|100%|HC|  |TAMS 0x7dc00000, 0x7db00000| Complete 
| 162|0x7dc00000, 0x7dd00000, 0x7dd00000|100%|HC|  |TAMS 0x7dd00000, 0x7dc00000| Complete 
| 163|0x7dd00000, 0x7de00000, 0x7de00000|100%|HC|  |TAMS 0x7de00000, 0x7dd00000| Complete 
| 164|0x7de00000, 0x7df00000, 0x7df00000|100%|HC|  |TAMS 0x7df00000, 0x7de00000| Complete 
| 165|0x7df00000, 0x7e000000, 0x7e000000|100%|HC|  |TAMS 0x7e000000, 0x7df00000| Complete 
| 166|0x7e000000, 0x7e100000, 0x7e100000|100%|HC|  |TAMS 0x7e100000, 0x7e000000| Complete 
| 167|0x7e100000, 0x7e200000, 0x7e200000|100%|HC|  |TAMS 0x7e200000, 0x7e100000| Complete 
| 168|0x7e200000, 0x7e300000, 0x7e300000|100%|HC|  |TAMS 0x7e300000, 0x7e200000| Complete 
| 169|0x7e300000, 0x7e400000, 0x7e400000|100%|HC|  |TAMS 0x7e400000, 0x7e300000| Complete 
| 170|0x7e400000, 0x7e500000, 0x7e500000|100%|HC|  |TAMS 0x7e500000, 0x7e400000| Complete 
| 171|0x7e500000, 0x7e600000, 0x7e600000|100%|HC|  |TAMS 0x7e600000, 0x7e500000| Complete 
| 172|0x7e600000, 0x7e700000, 0x7e700000|100%|HC|  |TAMS 0x7e700000, 0x7e600000| Complete 
| 173|0x7e700000, 0x7e800000, 0x7e800000|100%|HC|  |TAMS 0x7e800000, 0x7e700000| Complete 
| 174|0x7e800000, 0x7e900000, 0x7e900000|100%|HC|  |TAMS 0x7e900000, 0x7e800000| Complete 
| 175|0x7e900000, 0x7ea00000, 0x7ea00000|100%|HC|  |TAMS 0x7ea00000, 0x7e900000| Complete 
| 176|0x7ea00000, 0x7eb00000, 0x7eb00000|100%|HC|  |TAMS 0x7eb00000, 0x7ea00000| Complete 
| 177|0x7eb00000, 0x7ec00000, 0x7ec00000|100%|HC|  |TAMS 0x7ec00000, 0x7eb00000| Complete 
| 178|0x7ec00000, 0x7ed00000, 0x7ed00000|100%|HC|  |TAMS 0x7ed00000, 0x7ec00000| Complete 
| 179|0x7ed00000, 0x7ee00000, 0x7ee00000|100%|HC|  |TAMS 0x7ee00000, 0x7ed00000| Complete 
| 180|0x7ee00000, 0x7ef00000, 0x7ef00000|100%|HC|  |TAMS 0x7ef00000, 0x7ee00000| Complete 
| 181|0x7ef00000, 0x7f000000, 0x7f000000|100%|HC|  |TAMS 0x7f000000, 0x7ef00000| Complete 
| 182|0x7f000000, 0x7f100000, 0x7f100000|100%|HC|  |TAMS 0x7f100000, 0x7f000000| Complete 
| 183|0x7f100000, 0x7f200000, 0x7f200000|100%|HC|  |TAMS 0x7f200000, 0x7f100000| Complete 
| 184|0x7f200000, 0x7f300000, 0x7f300000|100%|HC|  |TAMS 0x7f300000, 0x7f200000| Complete 
| 185|0x7f300000, 0x7f400000, 0x7f400000|100%|HC|  |TAMS 0x7f400000, 0x7f300000| Complete 
| 186|0x7f400000, 0x7f500000, 0x7f500000|100%|HC|  |TAMS 0x7f500000, 0x7f400000| Complete 
| 187|0x7f500000, 0x7f600000, 0x7f600000|100%|HS|  |TAMS 0x7f600000, 0x7f500000| Complete 
| 188|0x7f600000, 0x7f600000, 0x7f700000|  0%| F|  |TAMS 0x7f600000, 0x7f600000| Untracked 
| 189|0x7f700000, 0x7f800000, 0x7f800000|100%| O|  |TAMS 0x7f800000, 0x7f700000| Untracked 
| 190|0x7f800000, 0x7f900000, 0x7f900000|100%|HS|  |TAMS 0x7f900000, 0x7f800000| Complete 
| 191|0x7f900000, 0x7f900000, 0x7fa00000|  0%| F|  |TAMS 0x7f900000, 0x7f900000| Untracked 
| 192|0x7fa00000, 0x7fb00000, 0x7fb00000|100%| S|CS|TAMS 0x7fa00000, 0x7fa00000| Complete 
| 193|0x7fb00000, 0x7fb00000, 0x7fc00000|  0%| F|  |TAMS 0x7fb00000, 0x7fb00000| Untracked 
| 194|0x7fc00000, 0x7fc00000, 0x7fd00000|  0%| F|  |TAMS 0x7fc00000, 0x7fc00000| Untracked 
| 195|0x7fd00000, 0x7fd00000, 0x7fe00000|  0%| F|  |TAMS 0x7fd00000, 0x7fd00000| Untracked 
| 196|0x7fe00000, 0x7fe00000, 0x7ff00000|  0%| F|  |TAMS 0x7fe00000, 0x7fe00000| Untracked 
| 197|0x7ff00000, 0x80000000, 0x80000000|100%| O|  |TAMS 0x80000000, 0x7ff00000| Untracked 
| 198|0x80000000, 0x80000000, 0x80100000|  0%| F|  |TAMS 0x80000000, 0x80000000| Untracked 
| 199|0x80100000, 0x80100000, 0x80200000|  0%| F|  |TAMS 0x80100000, 0x80100000| Untracked 
| 200|0x80200000, 0x80200000, 0x80300000|  0%| F|  |TAMS 0x80200000, 0x80200000| Untracked 
| 201|0x80300000, 0x80300000, 0x80400000|  0%| F|  |TAMS 0x80300000, 0x80300000| Untracked 
| 202|0x80400000, 0x80500000, 0x80500000|100%| O|  |TAMS 0x80500000, 0x80400000| Untracked 
| 203|0x80500000, 0x805c9310, 0x80600000| 78%| S|CS|TAMS 0x80500000, 0x80500000| Complete 
| 204|0x80600000, 0x80689000, 0x80700000| 53%| O|  |TAMS 0x80689000, 0x80600000| Untracked 
| 205|0x80700000, 0x80700000, 0x80800000|  0%| F|  |TAMS 0x80700000, 0x80700000| Untracked 
| 206|0x80800000, 0x80800000, 0x80900000|  0%| F|  |TAMS 0x80800000, 0x80800000| Untracked 
| 207|0x80900000, 0x80900000, 0x80a00000|  0%| F|  |TAMS 0x80900000, 0x80900000| Untracked 
| 208|0x80a00000, 0x80a00000, 0x80b00000|  0%| F|  |TAMS 0x80a00000, 0x80a00000| Untracked 
| 209|0x80b00000, 0x80b00000, 0x80c00000|  0%| F|  |TAMS 0x80b00000, 0x80b00000| Untracked 
| 210|0x80c00000, 0x80c00000, 0x80d00000|  0%| F|  |TAMS 0x80c00000, 0x80c00000| Untracked 
| 211|0x80d00000, 0x80d00000, 0x80e00000|  0%| F|  |TAMS 0x80d00000, 0x80d00000| Untracked 
| 212|0x80e00000, 0x80edd1b8, 0x80f00000| 86%| E|  |TAMS 0x80e00000, 0x80e00000| Complete 
| 213|0x80f00000, 0x81000000, 0x81000000|100%| E|CS|TAMS 0x80f00000, 0x80f00000| Complete 
| 214|0x81000000, 0x81100000, 0x81100000|100%| E|CS|TAMS 0x81000000, 0x81000000| Complete 
| 215|0x81100000, 0x81200000, 0x81200000|100%| E|CS|TAMS 0x81100000, 0x81100000| Complete 
| 216|0x81200000, 0x81300000, 0x81300000|100%| E|CS|TAMS 0x81200000, 0x81200000| Complete 

Card table byte_map: [0x73600000,0x73800000] _byte_map_base: 0x73263000

Marking Bits (Prev, Next): (CMBitMap*) 0xb5e7576c, (CMBitMap*) 0xb5e75788
 Prev Bits: [0x72400000, 0x73400000)
 Next Bits: [0x71400000, 0x72400000)

Polling page: 0xb6f7f000

Metaspace:

Usage:
   14.69 MB capacity,    14.45 MB ( 98%) used,   150.69 KB (  1%) free+waste,    94.22 KB ( <1%) overhead. 

Virtual space:
     15.30 MB reserved,      14.77 MB ( 97%) committed 

Chunk freelists:
0 bytes

MaxMetaspaceSize: unlimited
No class space
Initial GC threshold: 16.00 MB
Current GC threshold: 24.00 MB
CDS: off

CodeCache: size=32768Kb used=1473Kb max_used=1484Kb free=31294Kb
 bounds [0xb3c91000, 0xb3e11000, 0xb5c91000]
 total_blobs=955 nmethods=681 adapters=227
 compilation: enabled
              stopped_count=0, restarted_count=0
 full_count=0

Compilation events (20 events):
Event: 21.808 Thread 0x70747400  671             java.util.concurrent.locks.ReentrantLock::unlock (10 bytes)
Event: 21.812 Thread 0x70747400 nmethod 671 0xb3ded508 code [0xb3ded610, 0xb3ded768]
Event: 21.812 Thread 0x70747400  672             java.util.concurrent.locks.AbstractQueuedSynchronizer::acquire (27 bytes)
Event: 21.819 Thread 0x70747400 nmethod 672 0xb3e01a88 code [0xb3e01ba0, 0xb3e01de4]
Event: 21.819 Thread 0x70747400  673             java.util.concurrent.locks.ReentrantLock::lock (9 bytes)
Event: 21.826 Thread 0x70747400 nmethod 673 0xb3e01608 code [0xb3e01720, 0xb3e01944]
Event: 21.827 Thread 0x70747400  674             sun.font.GlyphList::getNumGlyphs (5 bytes)
Event: 21.827 Thread 0x70747400 nmethod 674 0xb3ded208 code [0xb3ded300, 0xb3ded35c]
Event: 22.653 Thread 0x70747400  675             java.awt.Component::isVisible_NoClientCode (5 bytes)
Event: 22.654 Thread 0x70747400 nmethod 675 0xb3e01308 code [0xb3e01400, 0xb3e0145c]
Event: 25.228 Thread 0x70747400  676             jdk.internal.logger.AbstractLoggerWrapper::log (40 bytes)
Event: 25.238 Thread 0x70747400 nmethod 676 0xb3e00d88 code [0xb3e00eb0, 0xb3e01078]
Event: 25.244 Thread 0x70747400  677             sun.util.logging.PlatformLogger::finest (18 bytes)
Event: 25.258 Thread 0x70747400 nmethod 677 0xb3e00688 code [0xb3e007d0, 0xb3e00a18]
Event: 25.435 Thread 0x70747400  678             java.util.Arrays::copyOf (40 bytes)
Event: 25.453 Thread 0x70747400 nmethod 678 0xb3e03208 code [0xb3e03320, 0xb3e035dc]
Event: 25.629 Thread 0x70747400  679             sun.awt.SunToolkit::awtLock (7 bytes)
Event: 25.639 Thread 0x70747400 nmethod 679 0xb3e00108 code [0xb3e00220, 0xb3e00434]
Event: 25.639 Thread 0x70747400  680             sun.awt.SunToolkit::awtUnlock (7 bytes)
Event: 25.653 Thread 0x70747400 nmethod 680 0xb3e02d88 code [0xb3e02e90, 0xb3e030c8]

GC Heap History (20 events):
Event: 8.078 GC heap before
{Heap before GC invocations=81 (full 0):
 garbage-first heap   total 202752K, used 201888K [0x73a00000, 0xb3a00000)
  region size 1024K, 8 young (8192K), 1 survivors (1024K)
 Metaspace       used 12132K, capacity 12324K, committed 12440K, reserved 12592K
}
Event: 8.083 GC heap after
{Heap after GC invocations=82 (full 0):
 garbage-first heap   total 203776K, used 194624K [0x73a00000, 0xb3a00000)
  region size 1024K, 1 young (1024K), 1 survivors (1024K)
 Metaspace       used 12132K, capacity 12324K, committed 12440K, reserved 12592K
}
Event: 8.127 GC heap before
{Heap before GC invocations=82 (full 0):
 garbage-first heap   total 203776K, used 202816K [0x73a00000, 0xb3a00000)
  region size 1024K, 9 young (9216K), 1 survivors (1024K)
 Metaspace       used 12132K, capacity 12324K, committed 12440K, reserved 12592K
}
Event: 8.130 GC heap after
{Heap after GC invocations=83 (full 0):
 garbage-first heap   total 205824K, used 194618K [0x73a00000, 0xb3a00000)
  region size 1024K, 1 young (1024K), 1 survivors (1024K)
 Metaspace       used 12132K, capacity 12324K, committed 12440K, reserved 12592K
}
Event: 8.197 GC heap before
{Heap before GC invocations=84 (full 0):
 garbage-first heap   total 205824K, used 203834K [0x73a00000, 0xb3a00000)
  region size 1024K, 10 young (10240K), 1 survivors (1024K)
 Metaspace       used 12132K, capacity 12324K, committed 12440K, reserved 12592K
}
Event: 8.199 GC heap after
{Heap after GC invocations=85 (full 0):
 garbage-first heap   total 205824K, used 194616K [0x73a00000, 0xb3a00000)
  region size 1024K, 1 young (1024K), 1 survivors (1024K)
 Metaspace       used 12132K, capacity 12324K, committed 12440K, reserved 12592K
}
Event: 8.248 GC heap before
{Heap before GC invocations=85 (full 0):
 garbage-first heap   total 205824K, used 203832K [0x73a00000, 0xb3a00000)
  region size 1024K, 10 young (10240K), 1 survivors (1024K)
 Metaspace       used 12132K, capacity 12324K, committed 12440K, reserved 12592K
}
Event: 8.251 GC heap after
{Heap after GC invocations=86 (full 0):
 garbage-first heap   total 205824K, used 194613K [0x73a00000, 0xb3a00000)
  region size 1024K, 1 young (1024K), 1 survivors (1024K)
 Metaspace       used 12132K, capacity 12324K, committed 12440K, reserved 12592K
}
Event: 8.303 GC heap before
{Heap before GC invocations=87 (full 0):
 garbage-first heap   total 205824K, used 203829K [0x73a00000, 0xb3a00000)
  region size 1024K, 10 young (10240K), 1 survivors (1024K)
 Metaspace       used 12132K, capacity 12324K, committed 12440K, reserved 12592K
}
Event: 8.305 GC heap after
{Heap after GC invocations=88 (full 0):
 garbage-first heap   total 205824K, used 194617K [0x73a00000, 0xb3a00000)
  region size 1024K, 1 young (1024K), 1 survivors (1024K)
 Metaspace       used 12132K, capacity 12324K, committed 12440K, reserved 12592K
}
Event: 8.353 GC heap before
{Heap before GC invocations=88 (full 0):
 garbage-first heap   total 205824K, used 203833K [0x73a00000, 0xb3a00000)
  region size 1024K, 10 young (10240K), 1 survivors (1024K)
 Metaspace       used 12132K, capacity 12324K, committed 12440K, reserved 12592K
}
Event: 8.356 GC heap after
{Heap after GC invocations=89 (full 0):
 garbage-first heap   total 205824K, used 194616K [0x73a00000, 0xb3a00000)
  region size 1024K, 1 young (1024K), 1 survivors (1024K)
 Metaspace       used 12132K, capacity 12324K, committed 12440K, reserved 12592K
}
Event: 8.408 GC heap before
{Heap before GC invocations=90 (full 0):
 garbage-first heap   total 205824K, used 203832K [0x73a00000, 0xb3a00000)
  region size 1024K, 10 young (10240K), 1 survivors (1024K)
 Metaspace       used 12132K, capacity 12324K, committed 12440K, reserved 12592K
}
Event: 8.410 GC heap after
{Heap after GC invocations=91 (full 0):
 garbage-first heap   total 205824K, used 194613K [0x73a00000, 0xb3a00000)
  region size 1024K, 1 young (1024K), 1 survivors (1024K)
 Metaspace       used 12132K, capacity 12324K, committed 12440K, reserved 12592K
}
Event: 9.369 GC heap before
{Heap before GC invocations=91 (full 0):
 garbage-first heap   total 205824K, used 203829K [0x73a00000, 0xb3a00000)
  region size 1024K, 10 young (10240K), 1 survivors (1024K)
 Metaspace       used 13859K, capacity 14136K, committed 14232K, reserved 14640K
}
Event: 9.382 GC heap after
{Heap after GC invocations=92 (full 0):
 garbage-first heap   total 206848K, used 195525K [0x73a00000, 0xb3a00000)
  region size 1024K, 2 young (2048K), 2 survivors (2048K)
 Metaspace       used 13859K, capacity 14136K, committed 14232K, reserved 14640K
}
Event: 10.174 GC heap before
{Heap before GC invocations=93 (full 0):
 garbage-first heap   total 206848K, used 203717K [0x73a00000, 0xb3a00000)
  region size 1024K, 10 young (10240K), 2 survivors (2048K)
 Metaspace       used 14100K, capacity 14360K, committed 14488K, reserved 14640K
}
Event: 10.189 GC heap after
{Heap after GC invocations=94 (full 0):
 garbage-first heap   total 207872K, used 197350K [0x73a00000, 0xb3a00000)
  region size 1024K, 2 young (2048K), 2 survivors (2048K)
 Metaspace       used 14100K, capacity 14360K, committed 14488K, reserved 14640K
}
Event: 11.378 GC heap before
{Heap before GC invocations=94 (full 0):
 garbage-first heap   total 207872K, used 205542K [0x73a00000, 0xb3a00000)
  region size 1024K, 10 young (10240K), 2 survivors (2048K)
 Metaspace       used 14394K, capacity 14650K, committed 14744K, reserved 15664K
}
Event: 11.407 GC heap after
{Heap after GC invocations=95 (full 0):
 garbage-first heap   total 222208K, used 198984K [0x73a00000, 0xb3a00000)
  region size 1024K, 2 young (2048K), 2 survivors (2048K)
 Metaspace       used 14394K, capacity 14650K, committed 14744K, reserved 15664K
}

Deoptimization events (20 events):
Event: 15.265 Thread 0x68d4d800 Uncommon trap: trap_request=0xffffffde fr.pc=0xb3d4c668 relative=0x00000df8
Event: 15.265 Thread 0x68d4d800 Uncommon trap: reason=class_check action=maybe_recompile pc=0xb3d4c668 method=java.awt.image.AreaAveragingScaleFilter.accumPixels(IIIILjava/awt/image/ColorModel;Ljava/lang/Object;II)V @ 468 c2
Event: 15.265 Thread 0x68d4d800 DEOPT PACKING pc=0xb3d4c668 sp=0x6c2ce910
Event: 15.266 Thread 0x68d4d800 DEOPT UNPACKING pc=0xb3cc0bfc sp=0x6c2ce8d0 mode 2
Event: 27.063 Thread 0x6916d800 Uncommon trap: trap_request=0xffffffde fr.pc=0xb3dafa68 relative=0x00000d78
Event: 27.063 Thread 0x6916d800 Uncommon trap: reason=class_check action=maybe_recompile pc=0xb3dafa68 method=java.util.concurrent.ConcurrentHashMap.putVal(Ljava/lang/Object;Ljava/lang/Object;Z)Ljava/lang/Object; @ 159 c2
Event: 27.063 Thread 0x6916d800 DEOPT PACKING pc=0xb3dafa68 sp=0x6bf5dcd8
Event: 27.063 Thread 0x6916d800 DEOPT UNPACKING pc=0xb3cc0bfc sp=0x6bf5dca8 mode 2
Event: 27.063 Thread 0x6916d800 Uncommon trap: trap_request=0xffffffde fr.pc=0xb3dafaac relative=0x00000dbc
Event: 27.063 Thread 0x6916d800 Uncommon trap: reason=class_check action=maybe_recompile pc=0xb3dafaac method=java.util.concurrent.ConcurrentHashMap.putVal(Ljava/lang/Object;Ljava/lang/Object;Z)Ljava/lang/Object; @ 242 c2
Event: 27.063 Thread 0x6916d800 DEOPT PACKING pc=0xb3dafaac sp=0x6bf5db78
Event: 27.063 Thread 0x6916d800 DEOPT UNPACKING pc=0xb3cc0bfc sp=0x6bf5db40 mode 2
Event: 27.064 Thread 0x6916d800 Uncommon trap: trap_request=0xffffffde fr.pc=0xb3dafaac relative=0x00000dbc
Event: 27.065 Thread 0x6916d800 Uncommon trap: reason=class_check action=maybe_recompile pc=0xb3dafaac method=java.util.concurrent.ConcurrentHashMap.putVal(Ljava/lang/Object;Ljava/lang/Object;Z)Ljava/lang/Object; @ 242 c2
Event: 27.065 Thread 0x6916d800 DEOPT PACKING pc=0xb3dafaac sp=0x6bf5def0
Event: 27.065 Thread 0x6916d800 DEOPT UNPACKING pc=0xb3cc0bfc sp=0x6bf5dea8 mode 2
Event: 27.070 Thread 0x6916d800 Uncommon trap: trap_request=0xffffffde fr.pc=0xb3dafaac relative=0x00000dbc
Event: 27.070 Thread 0x6916d800 Uncommon trap: reason=class_check action=maybe_recompile pc=0xb3dafaac method=java.util.concurrent.ConcurrentHashMap.putVal(Ljava/lang/Object;Ljava/lang/Object;Z)Ljava/lang/Object; @ 242 c2
Event: 27.070 Thread 0x6916d800 DEOPT PACKING pc=0xb3dafaac sp=0x6bf5dea8
Event: 27.070 Thread 0x6916d800 DEOPT UNPACKING pc=0xb3cc0bfc sp=0x6bf5de70 mode 2

Classes redefined (0 events):
No events

Internal exceptions (20 events):
Event: 6.823 Thread 0x6f347000 Exception <a 'java/lang/NoSuchMethodError'{0x7c8744d8}: 'java.lang.Object java.lang.invoke.DelegatingMethodHandle$Holder.reinvoke_L(java.lang.Object, int, int, int, java.lang.Object, java.lang.Object)'> (0x7c8744d8) thrown at [./src/hotspot/share/interpreter/linkResolver.cpp, line 772]
Event: 6.827 Thread 0x6f347000 Exception <a 'java/lang/NoSuchMethodError'{0x7c885528}: 'java.lang.Object java.lang.invoke.DirectMethodHandle$Holder.invokeSpecial(java.lang.Object, java.lang.Object, int, java.lang.Object, java.lang.Object)'> (0x7c885528) thrown at [./src/hotspot/share/interpreter/linkResolver.cpp, line 772]
Event: 6.827 Thread 0x6f347000 Exception <a 'java/lang/NoSuchMethodError'{0x7c888e90}: 'java.lang.Object java.lang.invoke.Invokers$Holder.linkToTargetMethod(int, java.lang.Object, java.lang.Object, java.lang.Object)'> (0x7c888e90) thrown at [./src/hotspot/share/interpreter/linkResolver.cpp, line 772]
Event: 6.850 Thread 0x6f347000 Exception <a 'java/lang/NoSuchMethodError'{0x7c8ed838}: 'java.lang.Object java.lang.invoke.DirectMethodHandle$Holder.invokeSpecial(java.lang.Object, java.lang.Object, int, int, java.lang.Object, int, java.lang.Object)'> (0x7c8ed838) thrown at [./src/hotspot/share/interpreter/linkResolver.cpp, line 772]
Event: 6.851 Thread 0x6f347000 Exception <a 'java/lang/NoSuchMethodError'{0x7c8f1070}: 'java.lang.Object java.lang.invoke.DelegatingMethodHandle$Holder.reinvoke_L(java.lang.Object, int, int, java.lang.Object, int, java.lang.Object)'> (0x7c8f1070) thrown at [./src/hotspot/share/interpreter/linkResolver.cpp, line 772]
Event: 6.855 Thread 0x6f347000 Exception <a 'java/lang/NoSuchMethodError'{0x7c702598}: 'java.lang.Object java.lang.invoke.DirectMethodHandle$Holder.invokeSpecial(java.lang.Object, java.lang.Object, java.lang.Object, int, java.lang.Object)'> (0x7c702598) thrown at [./src/hotspot/share/interpreter/linkResolver.cpp, line 772]
Event: 6.856 Thread 0x6f347000 Exception <a 'java/lang/NoSuchMethodError'{0x7c705da8}: 'java.lang.Object java.lang.invoke.Invokers$Holder.linkToTargetMethod(java.lang.Object, int, java.lang.Object, java.lang.Object)'> (0x7c705da8) thrown at [./src/hotspot/share/interpreter/linkResolver.cpp, line 772]
Event: 8.490 Thread 0x6f347000 Exception <a 'java/lang/NoSuchMethodError'{0x7fdd6788}: 'void java.lang.invoke.DirectMethodHandle$Holder.invokeStaticInit(java.lang.Object)'> (0x7fdd6788) thrown at [./src/hotspot/share/interpreter/linkResolver.cpp, line 772]
Event: 9.065 Thread 0x6f347000 Exception <a 'java/lang/NoSuchMethodError'{0x7fce25a0}: 'java.lang.Object java.lang.invoke.DirectMethodHandle$Holder.invokeSpecial(java.lang.Object, java.lang.Object, int, int, java.lang.Object, java.lang.Object, java.lang.Object, java.lang.Object, java.lang.Object)'> (0x7fce25a0) thrown at [./src/hotspot/share/interpreter/linkResolver.cpp, line 772]
Event: 9.066 Thread 0x6f347000 Exception <a 'java/lang/NoSuchMethodError'{0x7fce66c0}: 'java.lang.Object java.lang.invoke.DelegatingMethodHandle$Holder.reinvoke_L(java.lang.Object, int, int, java.lang.Object, java.lang.Object, java.lang.Object, java.lang.Object, java.lang.Object)'> (0x7fce66c0) thrown at [./src/hotspot/share/interpreter/linkResolver.cpp, line 772]
Event: 9.080 Thread 0x6f347000 Exception <a 'java/lang/NoSuchMethodError'{0x7fb36880}: 'java.lang.Object java.lang.invoke.DirectMethodHandle$Holder.invokeStatic(java.lang.Object, java.lang.Object, java.lang.Object, java.lang.Object, java.lang.Object, java.lang.Object, java.lang.Object, java.lang.Object, java.lang.Object, java.lang.Object, int, int, java.lang.Object, java.lang.Object)'> (0x7fb36880) thrown at [./src/hotspot/share/interpreter/linkResolver.cpp, line 772]
Event: 9.085 Thread 0x6f347000 Exception <a 'java/lang/NoSuchMethodError'{0x7fb59810}: 'java.lang.Object java.lang.invoke.DirectMethodHandle$Holder.invokeStatic(java.lang.Object, java.lang.Object, java.lang.Object, java.lang.Object, java.lang.Object, java.lang.Object, java.lang.Object, java.lang.Object, java.lang.Object, java.lang.Object, int, int, java.lang.Object, java.lang.Object, java.lang.Object)'> (0x7fb59810) thrown at [./src/hotspot/share/interpreter/linkResolver.cpp, line 772]
Event: 9.095 Thread 0x6f347000 Exception <a 'java/lang/NoSuchMethodError'{0x7fb8e6f8}: 'java.lang.Object java.lang.invoke.Invokers$Holder.linkToTargetMethod(java.lang.Object, java.lang.Object, java.lang.Object, java.lang.Object, java.lang.Object, java.lang.Object)'> (0x7fb8e6f8) thrown at [./src/hotspot/share/interpreter/linkResolver.cpp, line 772]
Event: 9.121 Thread 0x6f347000 Exception <a 'java/lang/NoSuchMethodError'{0x7fbf84a0}: 'java.lang.Object java.lang.invoke.DirectMethodHandle$Holder.invokeSpecial(java.lang.Object, java.lang.Object, int, int, java.lang.Object, java.lang.Object, java.lang.Object, java.lang.Object)'> (0x7fbf84a0) thrown at [./src/hotspot/share/interpreter/linkResolver.cpp, line 772]
Event: 9.122 Thread 0x6f347000 Exception <a 'java/lang/NoSuchMethodError'{0x7fbfc168}: 'java.lang.Object java.lang.invoke.DelegatingMethodHandle$Holder.reinvoke_L(java.lang.Object, int, int, java.lang.Object, java.lang.Object, java.lang.Object, java.lang.Object)'> (0x7fbfc168) thrown at [./src/hotspot/share/interpreter/linkResolver.cpp, line 772]
Event: 9.265 Thread 0x6f347000 Implicit null exception at 0xb3da19f0 to 0xb3da2494
Event: 9.265 Thread 0x6f347000 Implicit null exception at 0xb3da19f0 to 0xb3da2494
Event: 12.867 Thread 0x6cc45800 Implicit null exception at 0xb3dbb65c to 0xb3dbb810
Event: 15.209 Thread 0x6f347000 Implicit null exception at 0xb3d8b0a8 to 0xb3d8b0f0
Event: 15.263 Thread 0x68d4d800 Implicit null exception at 0xb3dbbbd8 to 0xb3dbbdb8

Events (20 events):
Event: 27.085 Executing VM operation: BulkRevokeBias
Event: 27.085 Protecting memory [0xb6f7f000,0xb6f80000] with protection modes 0
Event: 27.086 Protecting memory [0xb6f7f000,0xb6f80000] with protection modes 1
Event: 27.086 Executing VM operation: BulkRevokeBias done
Event: 27.087 loading class com/pi4j/library/pigpio/impl/PiGpioBase
Event: 27.087 loading class com/pi4j/library/pigpio/impl/PiGpioBase done
Event: 27.087 loading class com/pi4j/library/pigpio/impl/PiGpioBase
Event: 27.087 loading class com/pi4j/library/pigpio/impl/PiGpioBase done
Event: 27.088 Executing VM operation: RevokeBias
Event: 27.088 Protecting memory [0xb6f7f000,0xb6f80000] with protection modes 0
Event: 27.088 Protecting memory [0xb6f7f000,0xb6f80000] with protection modes 1
Event: 27.088 Executing VM operation: RevokeBias done
Event: 27.090 loading class com/pi4j/library/pigpio/impl/PiGpioBase
Event: 27.090 loading class com/pi4j/library/pigpio/impl/PiGpioBase done
Event: 27.090 loading class com/pi4j/library/pigpio/impl/PiGpioBase
Event: 27.090 loading class com/pi4j/library/pigpio/impl/PiGpioBase done
Event: 27.091 loading class com/pi4j/library/pigpio/impl/PiGpioBase
Event: 27.091 loading class com/pi4j/library/pigpio/impl/PiGpioBase done
Event: 27.091 loading class com/pi4j/library/pigpio/impl/PiGpioBase
Event: 27.091 loading class com/pi4j/library/pigpio/impl/PiGpioBase done


Dynamic libraries:
00010000-00011000 r-xp 00000000 b3:02 383446     /usr/lib/jvm/java-11-openjdk-armhf/bin/java
00020000-00021000 r--p 00000000 b3:02 383446     /usr/lib/jvm/java-11-openjdk-armhf/bin/java
00021000-00022000 rw-p 00001000 b3:02 383446     /usr/lib/jvm/java-11-openjdk-armhf/bin/java
00da6000-00e1a000 rw-p 00000000 00:00 0          [heap]
68700000-68777000 rw-p 00000000 00:00 0 
68777000-68800000 ---p 00000000 00:00 0 
68900000-689fc000 rw-p 00000000 00:00 0 
689fc000-68a00000 ---p 00000000 00:00 0 
68a00000-68a80000 rw-p 00000000 00:00 0 
68a80000-68b00000 ---p 00000000 00:00 0 
68b00000-68c8a000 rw-p 00000000 00:00 0 
68c8a000-68d00000 ---p 00000000 00:00 0 
68d00000-68df2000 rw-p 00000000 00:00 0 
68df2000-68e00000 ---p 00000000 00:00 0 
68e71000-69100000 r--s 00000000 b3:02 26699      /var/cache/fontconfig/d49871ed-13ec-4c8a-8c25-faac36ae279f-le32d8.cache-7
69100000-69200000 rw-p 00000000 00:00 0 
69289000-692c1000 r--s 00000000 b3:02 26698      /var/cache/fontconfig/d9b9cb7a-afb2-4c5a-8eb5-302864e00ee6-le32d8.cache-7
692c1000-693c1000 rw-p 00000000 00:00 0 
693c1000-6bd00000 rw-s 00000000 00:01 98308      /SYSV00000000 (deleted)
6bd00000-6be00000 rw-p 00000000 00:00 0 
6be00000-6be29000 rw-p 00000000 00:00 0 
6be29000-6bf00000 ---p 00000000 00:00 0 
6bf10000-6bf13000 ---p 00000000 00:00 0 
6bf13000-6bf60000 rw-p 00000000 00:00 0 
6bf60000-6bf63000 ---p 00000000 00:00 0 
6bf63000-6bfb0000 rw-p 00000000 00:00 0 
6bfb0000-6bfb3000 ---p 00000000 00:00 0 
6bfb3000-6c100000 rw-p 00000000 00:00 0 
6c100000-6c1fc000 rw-p 00000000 00:00 0 
6c1fc000-6c200000 ---p 00000000 00:00 0 
6c200000-6c203000 ---p 00000000 00:00 0 
6c203000-6c280000 rw-p 00000000 00:00 0 
6c280000-6c283000 ---p 00000000 00:00 0 
6c283000-6c3d0000 rw-p 00000000 00:00 0 
6c3d0000-6c3d1000 ---p 00000000 00:00 0 
6c3d1000-6c411000 rw-p 00000000 00:00 0 
6c800000-6c8fd000 rw-p 00000000 00:00 0 
6c8fd000-6c900000 ---p 00000000 00:00 0 
6ca00000-6cae9000 rw-p 00000000 00:00 0 
6cae9000-6cb00000 ---p 00000000 00:00 0 
6cb00000-6cb72000 rw-p 00000000 00:00 0 
6cb72000-6cc00000 ---p 00000000 00:00 0 
6cc00000-6ccfb000 rw-p 00000000 00:00 0 
6ccfb000-6cd00000 ---p 00000000 00:00 0 
6cd06000-6cd10000 r--s 00000000 b3:02 26683      /var/cache/fontconfig/8a3417c8-283a-44c3-bb2d-f71c6268eef5-le32d8.cache-7
6cd10000-6cd16000 r--s 00000000 b3:02 26700      /var/cache/fontconfig/83c2204c-249d-4a46-858d-88f356951df9-le32d8.cache-7
6cd16000-6cd53000 r-xp 00000000 b3:02 6896       /usr/lib/libpigpio.so.1
6cd53000-6cd63000 ---p 0003d000 b3:02 6896       /usr/lib/libpigpio.so.1
6cd63000-6cd64000 r--p 0003d000 b3:02 6896       /usr/lib/libpigpio.so.1
6cd64000-6cd66000 rw-p 0003e000 b3:02 6896       /usr/lib/libpigpio.so.1
6cd66000-6cdfa000 rw-p 00000000 00:00 0 
6cdfa000-6cdfb000 ---p 00000000 00:00 0 
6cdfb000-6ce7c000 rw-p 00000000 00:00 0 
6ce7c000-6ce7d000 ---p 00000000 00:00 0 
6ce7d000-6cefe000 rw-p 00000000 00:00 0 
6cefe000-6ceff000 ---p 00000000 00:00 0 
6ceff000-6cf80000 rw-p 00000000 00:00 0 
6cf80000-6cf83000 ---p 00000000 00:00 0 
6cf83000-6d100000 rw-p 00000000 00:00 0 
6d100000-6d200000 rw-p 00000000 00:00 0 
6d200000-6d2fa000 rw-p 00000000 00:00 0 
6d2fa000-6d300000 ---p 00000000 00:00 0 
6d302000-6d307000 r--s 00000000 b3:02 26696      /var/cache/fontconfig/308f41db-948e-422c-8df9-f7b6a847f5d6-le32d8.cache-7
6d307000-6d319000 r--s 00000000 b3:02 26692      /var/cache/fontconfig/2751fa01-115b-46e2-9c1c-08b35a671483-le32d8.cache-7
6d365000-6d465000 rw-p 00000000 00:00 0 
6d465000-6d468000 ---p 00000000 00:00 0 
6d468000-6d4b5000 rw-p 00000000 00:00 0 
6d4b5000-6d4b8000 ---p 00000000 00:00 0 
6d4b8000-6d505000 rw-p 00000000 00:00 0 
6d505000-6d508000 ---p 00000000 00:00 0 
6d508000-6d555000 rw-p 00000000 00:00 0 
6d555000-6d558000 ---p 00000000 00:00 0 
6d558000-6d5a5000 rw-p 00000000 00:00 0 
6d5a5000-6d5a9000 r-xp 00000000 b3:02 7064       /usr/lib/arm-linux-gnueabihf/libXfixes.so.3.1.0
6d5a9000-6d5b8000 ---p 00004000 b3:02 7064       /usr/lib/arm-linux-gnueabihf/libXfixes.so.3.1.0
6d5b8000-6d5b9000 r--p 00003000 b3:02 7064       /usr/lib/arm-linux-gnueabihf/libXfixes.so.3.1.0
6d5b9000-6d5ba000 rw-p 00004000 b3:02 7064       /usr/lib/arm-linux-gnueabihf/libXfixes.so.3.1.0
6d5ba000-6d5c2000 r-xp 00000000 b3:02 7060       /usr/lib/arm-linux-gnueabihf/libXcursor.so.1.0.2
6d5c2000-6d5d1000 ---p 00008000 b3:02 7060       /usr/lib/arm-linux-gnueabihf/libXcursor.so.1.0.2
6d5d1000-6d5d2000 r--p 00007000 b3:02 7060       /usr/lib/arm-linux-gnueabihf/libXcursor.so.1.0.2
6d5d2000-6d5d3000 rw-p 00008000 b3:02 7060       /usr/lib/arm-linux-gnueabihf/libXcursor.so.1.0.2
6d5d5000-6d5db000 r--s 00000000 b3:02 26695      /var/cache/fontconfig/ee9433fa-b8c5-480c-8437-550867a3b45a-le32d8.cache-7
6d5db000-6d5e7000 r--s 00000000 b3:02 26688      /var/cache/fontconfig/98155356-0163-475d-ae90-3602a4cb076b-le32d8.cache-7
6d5e7000-6d5e8000 ---p 00000000 00:00 0 
6d5e8000-6dde8000 rw-p 00000000 00:00 0 
6dde8000-6dde9000 ---p 00000000 00:00 0 
6dde9000-6e5e9000 rw-p 00000000 00:00 0 
6e5e9000-6e5ea000 ---p 00000000 00:00 0 
6e5ea000-6edea000 rw-p 00000000 00:00 0 
6edea000-6edf5000 r-xp 00000000 b3:02 8322       /usr/lib/arm-linux-gnueabihf/gio/modules/libdconfsettings.so
6edf5000-6ee04000 ---p 0000b000 b3:02 8322       /usr/lib/arm-linux-gnueabihf/gio/modules/libdconfsettings.so
6ee04000-6ee05000 r--p 0000a000 b3:02 8322       /usr/lib/arm-linux-gnueabihf/gio/modules/libdconfsettings.so
6ee05000-6ee06000 rw-p 0000b000 b3:02 8322       /usr/lib/arm-linux-gnueabihf/gio/modules/libdconfsettings.so
6ee06000-6ee28000 r--p 00000000 b3:02 192308     /usr/share/locale/es/LC_MESSAGES/glib20.mo
6ee28000-6eeb1000 r-xp 00000000 b3:02 7587       /usr/lib/arm-linux-gnueabihf/libpcre2-8.so.0.10.1
6eeb1000-6eec0000 ---p 00089000 b3:02 7587       /usr/lib/arm-linux-gnueabihf/libpcre2-8.so.0.10.1
6eec0000-6eec1000 r--p 00088000 b3:02 7587       /usr/lib/arm-linux-gnueabihf/libpcre2-8.so.0.10.1
6eec1000-6eec2000 rw-p 00089000 b3:02 7587       /usr/lib/arm-linux-gnueabihf/libpcre2-8.so.0.10.1
6eec2000-6ef06000 r-xp 00000000 b3:02 7138       /usr/lib/arm-linux-gnueabihf/libblkid.so.1.1.0
6ef06000-6ef15000 ---p 00044000 b3:02 7138       /usr/lib/arm-linux-gnueabihf/libblkid.so.1.1.0
6ef15000-6ef18000 r--p 00043000 b3:02 7138       /usr/lib/arm-linux-gnueabihf/libblkid.so.1.1.0
6ef18000-6ef19000 rw-p 00046000 b3:02 7138       /usr/lib/arm-linux-gnueabihf/libblkid.so.1.1.0
6ef19000-6ef20000 r-xp 00000000 b3:02 7258       /usr/lib/arm-linux-gnueabihf/libffi.so.7.1.0
6ef20000-6ef2f000 ---p 00007000 b3:02 7258       /usr/lib/arm-linux-gnueabihf/libffi.so.7.1.0
6ef2f000-6ef30000 r--p 00006000 b3:02 7258       /usr/lib/arm-linux-gnueabihf/libffi.so.7.1.0
6ef30000-6ef31000 rw-p 00007000 b3:02 7258       /usr/lib/arm-linux-gnueabihf/libffi.so.7.1.0
6ef31000-6ef43000 r-xp 00000000 b3:02 7643       /usr/lib/arm-linux-gnueabihf/libresolv-2.31.so
6ef43000-6ef52000 ---p 00012000 b3:02 7643       /usr/lib/arm-linux-gnueabihf/libresolv-2.31.so
6ef52000-6ef53000 r--p 00011000 b3:02 7643       /usr/lib/arm-linux-gnueabihf/libresolv-2.31.so
6ef53000-6ef54000 rw-p 00012000 b3:02 7643       /usr/lib/arm-linux-gnueabihf/libresolv-2.31.so
6ef54000-6ef56000 rw-p 00000000 00:00 0 
6ef56000-6ef79000 r-xp 00000000 b3:02 7666       /usr/lib/arm-linux-gnueabihf/libselinux.so.1
6ef79000-6ef88000 ---p 00023000 b3:02 7666       /usr/lib/arm-linux-gnueabihf/libselinux.so.1
6ef88000-6ef89000 r--p 00022000 b3:02 7666       /usr/lib/arm-linux-gnueabihf/libselinux.so.1
6ef89000-6ef8a000 rw-p 00023000 b3:02 7666       /usr/lib/arm-linux-gnueabihf/libselinux.so.1
6ef8a000-6ef8b000 rw-p 00000000 00:00 0 
6ef8b000-6efdc000 r-xp 00000000 b3:02 7492       /usr/lib/arm-linux-gnueabihf/libmount.so.1.1.0
6efdc000-6efeb000 ---p 00051000 b3:02 7492       /usr/lib/arm-linux-gnueabihf/libmount.so.1.1.0
6efeb000-6efed000 r--p 00050000 b3:02 7492       /usr/lib/arm-linux-gnueabihf/libmount.so.1.1.0
6efed000-6efee000 rw-p 00052000 b3:02 7492       /usr/lib/arm-linux-gnueabihf/libmount.so.1.1.0
6efee000-6eff0000 r-xp 00000000 b3:02 7327       /usr/lib/arm-linux-gnueabihf/libgmodule-2.0.so.0.6600.8
6eff0000-6f000000 ---p 00002000 b3:02 7327       /usr/lib/arm-linux-gnueabihf/libgmodule-2.0.so.0.6600.8
6f000000-6f001000 r--p 00002000 b3:02 7327       /usr/lib/arm-linux-gnueabihf/libgmodule-2.0.so.0.6600.8
6f001000-6f002000 rw-p 00003000 b3:02 7327       /usr/lib/arm-linux-gnueabihf/libgmodule-2.0.so.0.6600.8
6f002000-6f04c000 r-xp 00000000 b3:02 7333       /usr/lib/arm-linux-gnueabihf/libgobject-2.0.so.0.6600.8
6f04c000-6f05b000 ---p 0004a000 b3:02 7333       /usr/lib/arm-linux-gnueabihf/libgobject-2.0.so.0.6600.8
6f05b000-6f05d000 r--p 00049000 b3:02 7333       /usr/lib/arm-linux-gnueabihf/libgobject-2.0.so.0.6600.8
6f05d000-6f05e000 rw-p 0004b000 b3:02 7333       /usr/lib/arm-linux-gnueabihf/libgobject-2.0.so.0.6600.8
6f05e000-6f1ea000 r-xp 00000000 b3:02 7321       /usr/lib/arm-linux-gnueabihf/libgio-2.0.so.0.6600.8
6f1ea000-6f1fa000 ---p 0018c000 b3:02 7321       /usr/lib/arm-linux-gnueabihf/libgio-2.0.so.0.6600.8
6f1fa000-6f1fe000 r--p 0018c000 b3:02 7321       /usr/lib/arm-linux-gnueabihf/libgio-2.0.so.0.6600.8
6f1fe000-6f1ff000 rw-p 00190000 b3:02 7321       /usr/lib/arm-linux-gnueabihf/libgio-2.0.so.0.6600.8
6f1ff000-6f300000 rw-p 00000000 00:00 0 
6f300000-6f3fd000 rw-p 00000000 00:00 0 
6f3fd000-6f400000 ---p 00000000 00:00 0 
6f402000-6f404000 r--s 00000000 b3:02 26701      /var/cache/fontconfig/5bd99057-9bdf-4a0d-8647-bbe7fa23703e-le32d8.cache-7
6f404000-6f407000 r--s 00000000 b3:02 26694      /var/cache/fontconfig/bb206561-a442-4056-af3f-db512e4b7d6d-le32d8.cache-7
6f407000-6f40f000 r-xp 00000000 b3:02 7072       /usr/lib/arm-linux-gnueabihf/libXrandr.so.2.2.0
6f40f000-6f41e000 ---p 00008000 b3:02 7072       /usr/lib/arm-linux-gnueabihf/libXrandr.so.2.2.0
6f41e000-6f41f000 r--p 00007000 b3:02 7072       /usr/lib/arm-linux-gnueabihf/libXrandr.so.2.2.0
6f41f000-6f420000 rw-p 00008000 b3:02 7072       /usr/lib/arm-linux-gnueabihf/libXrandr.so.2.2.0
6f420000-6f440000 r-xp 00000000 b3:02 7149       /usr/lib/arm-linux-gnueabihf/libbrotlicommon.so.1.0.9
6f440000-6f44f000 ---p 00020000 b3:02 7149       /usr/lib/arm-linux-gnueabihf/libbrotlicommon.so.1.0.9
6f44f000-6f450000 r--p 0001f000 b3:02 7149       /usr/lib/arm-linux-gnueabihf/libbrotlicommon.so.1.0.9
6f450000-6f451000 rw-p 00020000 b3:02 7149       /usr/lib/arm-linux-gnueabihf/libbrotlicommon.so.1.0.9
6f451000-6f4b7000 r-xp 00000000 b3:02 7585       /usr/lib/arm-linux-gnueabihf/libpcre.so.3.13.3
6f4b7000-6f4c6000 ---p 00066000 b3:02 7585       /usr/lib/arm-linux-gnueabihf/libpcre.so.3.13.3
6f4c6000-6f4c7000 r--p 00065000 b3:02 7585       /usr/lib/arm-linux-gnueabihf/libpcre.so.3.13.3
6f4c7000-6f4c8000 rw-p 00066000 b3:02 7585       /usr/lib/arm-linux-gnueabihf/libpcre.so.3.13.3
6f4c8000-6f4d2000 r-xp 00000000 b3:02 7151       /usr/lib/arm-linux-gnueabihf/libbrotlidec.so.1.0.9
6f4d2000-6f4e1000 ---p 0000a000 b3:02 7151       /usr/lib/arm-linux-gnueabihf/libbrotlidec.so.1.0.9
6f4e1000-6f4e2000 r--p 00009000 b3:02 7151       /usr/lib/arm-linux-gnueabihf/libbrotlidec.so.1.0.9
6f4e2000-6f4e3000 rw-p 0000a000 b3:02 7151       /usr/lib/arm-linux-gnueabihf/libbrotlidec.so.1.0.9
6f4e3000-6f510000 r-xp 00000000 b3:02 7605       /usr/lib/arm-linux-gnueabihf/libpng16.so.16.37.0
6f510000-6f520000 ---p 0002d000 b3:02 7605       /usr/lib/arm-linux-gnueabihf/libpng16.so.16.37.0
6f520000-6f521000 r--p 0002d000 b3:02 7605       /usr/lib/arm-linux-gnueabihf/libpng16.so.16.37.0
6f521000-6f522000 rw-p 0002e000 b3:02 7605       /usr/lib/arm-linux-gnueabihf/libpng16.so.16.37.0
6f522000-6f541000 r-xp 00000000 b3:02 7341       /usr/lib/arm-linux-gnueabihf/libgraphite2.so.3.2.1
6f541000-6f551000 ---p 0001f000 b3:02 7341       /usr/lib/arm-linux-gnueabihf/libgraphite2.so.3.2.1
6f551000-6f552000 r--p 0001f000 b3:02 7341       /usr/lib/arm-linux-gnueabihf/libgraphite2.so.3.2.1
6f552000-6f553000 rw-p 00020000 b3:02 7341       /usr/lib/arm-linux-gnueabihf/libgraphite2.so.3.2.1
6f553000-6f664000 r-xp 00000000 b3:02 7324       /usr/lib/arm-linux-gnueabihf/libglib-2.0.so.0.6600.8
6f664000-6f674000 ---p 00111000 b3:02 7324       /usr/lib/arm-linux-gnueabihf/libglib-2.0.so.0.6600.8
6f674000-6f675000 r--p 00111000 b3:02 7324       /usr/lib/arm-linux-gnueabihf/libglib-2.0.so.0.6600.8
6f675000-6f676000 rw-p 00112000 b3:02 7324       /usr/lib/arm-linux-gnueabihf/libglib-2.0.so.0.6600.8
6f676000-6f70d000 r-xp 00000000 b3:02 7291       /usr/lib/arm-linux-gnueabihf/libfreetype.so.6.17.4
6f70d000-6f71c000 ---p 00097000 b3:02 7291       /usr/lib/arm-linux-gnueabihf/libfreetype.so.6.17.4
6f71c000-6f720000 r--p 00096000 b3:02 7291       /usr/lib/arm-linux-gnueabihf/libfreetype.so.6.17.4
6f720000-6f721000 rw-p 0009a000 b3:02 7291       /usr/lib/arm-linux-gnueabihf/libfreetype.so.6.17.4
6f721000-6f7f7000 r-xp 00000000 b3:02 7389       /usr/lib/arm-linux-gnueabihf/libharfbuzz.so.0.20704.0
6f7f7000-6f806000 ---p 000d6000 b3:02 7389       /usr/lib/arm-linux-gnueabihf/libharfbuzz.so.0.20704.0
6f806000-6f807000 r--p 000d5000 b3:02 7389       /usr/lib/arm-linux-gnueabihf/libharfbuzz.so.0.20704.0
6f807000-6f808000 rw-p 000d6000 b3:02 7389       /usr/lib/arm-linux-gnueabihf/libharfbuzz.so.0.20704.0
6f809000-6f81c000 r--p 00000000 b3:02 218868     /usr/share/glib-2.0/schemas/gschemas.compiled
6f81c000-6f825000 r-xp 00000000 b3:02 383574     /usr/lib/jvm/java-11-openjdk-armhf/lib/libfontmanager.so
6f825000-6f835000 ---p 00009000 b3:02 383574     /usr/lib/jvm/java-11-openjdk-armhf/lib/libfontmanager.so
6f835000-6f836000 r--p 00009000 b3:02 383574     /usr/lib/jvm/java-11-openjdk-armhf/lib/libfontmanager.so
6f836000-6f837000 rw-p 0000a000 b3:02 383574     /usr/lib/jvm/java-11-openjdk-armhf/lib/libfontmanager.so
6f837000-6f937000 rw-p 00000000 00:00 0 
6f937000-6f940000 r-xp 00000000 b3:02 7475       /usr/lib/arm-linux-gnueabihf/libmd.so.0.0.4
6f940000-6f950000 ---p 00009000 b3:02 7475       /usr/lib/arm-linux-gnueabihf/libmd.so.0.0.4
6f950000-6f951000 r--p 00009000 b3:02 7475       /usr/lib/arm-linux-gnueabihf/libmd.so.0.0.4
6f951000-6f952000 rw-p 0000a000 b3:02 7475       /usr/lib/arm-linux-gnueabihf/libmd.so.0.0.4
6f952000-6f962000 r-xp 00000000 b3:02 7155       /usr/lib/arm-linux-gnueabihf/libbsd.so.0.11.3
6f962000-6f972000 ---p 00010000 b3:02 7155       /usr/lib/arm-linux-gnueabihf/libbsd.so.0.11.3
6f972000-6f973000 r--p 00010000 b3:02 7155       /usr/lib/arm-linux-gnueabihf/libbsd.so.0.11.3
6f973000-6f974000 rw-p 00011000 b3:02 7155       /usr/lib/arm-linux-gnueabihf/libbsd.so.0.11.3
6f974000-6f978000 r-xp 00000000 b3:02 7062       /usr/lib/arm-linux-gnueabihf/libXdmcp.so.6.0.0
6f978000-6f987000 ---p 00004000 b3:02 7062       /usr/lib/arm-linux-gnueabihf/libXdmcp.so.6.0.0
6f987000-6f988000 r--p 00003000 b3:02 7062       /usr/lib/arm-linux-gnueabihf/libXdmcp.so.6.0.0
6f988000-6f989000 rw-p 00004000 b3:02 7062       /usr/lib/arm-linux-gnueabihf/libXdmcp.so.6.0.0
6f989000-6f9a9000 r-xp 00000000 b3:02 7819       /usr/lib/arm-linux-gnueabihf/libxcb.so.1.1.0
6f9a9000-6f9b8000 ---p 00020000 b3:02 7819       /usr/lib/arm-linux-gnueabihf/libxcb.so.1.1.0
6f9b8000-6f9b9000 r--p 0001f000 b3:02 7819       /usr/lib/arm-linux-gnueabihf/libxcb.so.1.1.0
6f9b9000-6f9ba000 rw-p 00020000 b3:02 7819       /usr/lib/arm-linux-gnueabihf/libxcb.so.1.1.0
6f9ba000-6facd000 r-xp 00000000 b3:02 7055       /usr/lib/arm-linux-gnueabihf/libX11.so.6.4.0
6facd000-6fadc000 ---p 00113000 b3:02 7055       /usr/lib/arm-linux-gnueabihf/libX11.so.6.4.0
6fadc000-6fadd000 r--p 00112000 b3:02 7055       /usr/lib/arm-linux-gnueabihf/libX11.so.6.4.0
6fadd000-6fae0000 rw-p 00113000 b3:02 7055       /usr/lib/arm-linux-gnueabihf/libX11.so.6.4.0
6fae0000-6fb37000 r-xp 00000000 b3:02 383752     /usr/lib/jvm/java-11-openjdk-armhf/lib/libawt_xawt.so
6fb37000-6fb47000 ---p 00057000 b3:02 383752     /usr/lib/jvm/java-11-openjdk-armhf/lib/libawt_xawt.so
6fb47000-6fb48000 r--p 00057000 b3:02 383752     /usr/lib/jvm/java-11-openjdk-armhf/lib/libawt_xawt.so
6fb48000-6fb4a000 rw-p 00058000 b3:02 383752     /usr/lib/jvm/java-11-openjdk-armhf/lib/libawt_xawt.so
6fb4a000-6fb4b000 rw-p 00000000 00:00 0 
6fb4b000-6fbc5000 r-xp 00000000 b3:02 383570     /usr/lib/jvm/java-11-openjdk-armhf/lib/libawt.so
6fbc5000-6fbd4000 ---p 0007a000 b3:02 383570     /usr/lib/jvm/java-11-openjdk-armhf/lib/libawt.so
6fbd4000-6fbd5000 r--p 00079000 b3:02 383570     /usr/lib/jvm/java-11-openjdk-armhf/lib/libawt.so
6fbd5000-6fbdb000 rw-p 0007a000 b3:02 383570     /usr/lib/jvm/java-11-openjdk-armhf/lib/libawt.so
6fbdb000-6fc00000 rw-p 00000000 00:00 0 
6fc00000-6fd00000 rw-p 00000000 00:00 0 
6fd00000-6fe00000 rw-p 00000000 00:00 0 
6fe00000-6ff00000 rw-p 00000000 00:00 0 
6ff00000-6ff01000 r--s 00000000 b3:02 26697      /var/cache/fontconfig/24630967-f720-4d46-bf1f-3e7cbd814b4a-le32d8.cache-7
6ff01000-6ff03000 r--s 00000000 b3:02 26693      /var/cache/fontconfig/b7c3bf8f-85b6-4ea2-a994-cbfa392b96e4-le32d8.cache-7
6ff03000-6ff05000 r-xp 00000000 b3:02 7057       /usr/lib/arm-linux-gnueabihf/libXau.so.6.0.0
6ff05000-6ff14000 ---p 00002000 b3:02 7057       /usr/lib/arm-linux-gnueabihf/libXau.so.6.0.0
6ff14000-6ff15000 r--p 00001000 b3:02 7057       /usr/lib/arm-linux-gnueabihf/libXau.so.6.0.0
6ff15000-6ff16000 rw-p 00002000 b3:02 7057       /usr/lib/arm-linux-gnueabihf/libXau.so.6.0.0
6ff16000-6ff23000 r-xp 00000000 b3:02 7067       /usr/lib/arm-linux-gnueabihf/libXi.so.6.1.0
6ff23000-6ff32000 ---p 0000d000 b3:02 7067       /usr/lib/arm-linux-gnueabihf/libXi.so.6.1.0
6ff32000-6ff33000 r--p 0000c000 b3:02 7067       /usr/lib/arm-linux-gnueabihf/libXi.so.6.1.0
6ff33000-6ff34000 rw-p 0000d000 b3:02 7067       /usr/lib/arm-linux-gnueabihf/libXi.so.6.1.0
6ff34000-6ff35000 ---p 00000000 00:00 0 
6ff35000-6ffb6000 rw-p 00000000 00:00 0 
6ffb6000-6ffb9000 ---p 00000000 00:00 0 
6ffb9000-70006000 rw-p 00000000 00:00 0 
70006000-70009000 ---p 00000000 00:00 0 
70009000-70086000 rw-p 00000000 00:00 0 
70086000-70300000 r--p 0006d000 b3:02 1197       /usr/lib/locale/locale-archive
70300000-70500000 r--p 00000000 b3:02 1197       /usr/lib/locale/locale-archive
70500000-70537000 rw-p 00000000 00:00 0 
70537000-70600000 ---p 00000000 00:00 0 
70600000-7060a000 r--s 00000000 b3:02 26690      /var/cache/fontconfig/3d431aec-86d7-4332-88bc-13739b09c69f-le32d8.cache-7
7060a000-70610000 r--s 00000000 b3:02 26687      /var/cache/fontconfig/a2ec7f52-0094-43c8-9c50-7211e0d99bdf-le32d8.cache-7
70610000-70613000 ---p 00000000 00:00 0 
70613000-70660000 rw-p 00000000 00:00 0 
70660000-70663000 ---p 00000000 00:00 0 
70663000-706b0000 rw-p 00000000 00:00 0 
706b0000-706b3000 ---p 00000000 00:00 0 
706b3000-70700000 rw-p 00000000 00:00 0 
70700000-707f6000 rw-p 00000000 00:00 0 
707f6000-70800000 ---p 00000000 00:00 0 
70800000-70801000 r--s 00000000 b3:02 26691      /var/cache/fontconfig/7c485869-69ff-4c83-8092-393190ba73cf-le32d8.cache-7
70801000-70804000 r--s 00000000 b3:02 26670      /var/cache/fontconfig/4525f385-a7a9-4735-80bb-259a3ff546b9-le32d8.cache-7
70804000-70808000 r-xp 00000000 b3:02 7076       /usr/lib/arm-linux-gnueabihf/libXtst.so.6.1.0
70808000-70817000 ---p 00004000 b3:02 7076       /usr/lib/arm-linux-gnueabihf/libXtst.so.6.1.0
70817000-70818000 r--p 00003000 b3:02 7076       /usr/lib/arm-linux-gnueabihf/libXtst.so.6.1.0
70818000-70819000 rw-p 00004000 b3:02 7076       /usr/lib/arm-linux-gnueabihf/libXtst.so.6.1.0
70819000-70821000 r-xp 00000000 b3:02 7073       /usr/lib/arm-linux-gnueabihf/libXrender.so.1.3.0
70821000-70830000 ---p 00008000 b3:02 7073       /usr/lib/arm-linux-gnueabihf/libXrender.so.1.3.0
70830000-70831000 r--p 00007000 b3:02 7073       /usr/lib/arm-linux-gnueabihf/libXrender.so.1.3.0
70831000-70832000 rw-p 00008000 b3:02 7073       /usr/lib/arm-linux-gnueabihf/libXrender.so.1.3.0
70832000-70833000 ---p 00000000 00:00 0 
70833000-70cfa000 rw-p 00000000 00:00 0 
70cfa000-70d00000 ---p 00000000 00:00 0 
70d00000-70d21000 rw-p 00000000 00:00 0 
70d21000-70e00000 ---p 00000000 00:00 0 
70e00000-70e06000 r-xp 00000000 b3:02 26744      /tmp/libpi4j-pigpio12915055108755407683.so
70e06000-70e0e000 ---p 00006000 b3:02 26744      /tmp/libpi4j-pigpio12915055108755407683.so
70e0e000-70e0f000 rw-p 00006000 b3:02 26744      /tmp/libpi4j-pigpio12915055108755407683.so
70e0f000-70e1d000 r-xp 00000000 b3:02 7063       /usr/lib/arm-linux-gnueabihf/libXext.so.6.4.0
70e1d000-70e2c000 ---p 0000e000 b3:02 7063       /usr/lib/arm-linux-gnueabihf/libXext.so.6.4.0
70e2c000-70e2d000 r--p 0000d000 b3:02 7063       /usr/lib/arm-linux-gnueabihf/libXext.so.6.4.0
70e2d000-70e2e000 rw-p 0000e000 b3:02 7063       /usr/lib/arm-linux-gnueabihf/libXext.so.6.4.0
70e2e000-70e31000 ---p 00000000 00:00 0 
70e31000-70e7e000 rw-p 00000000 00:00 0 
70e7e000-70e7f000 ---p 00000000 00:00 0 
70e7f000-70f00000 rw-p 00000000 00:00 0 
70f00000-70fff000 rw-p 00000000 00:00 0 
70fff000-71000000 ---p 00000000 00:00 0 
71000000-71002000 r--s 00000000 b3:02 26667      /var/cache/fontconfig/b27cc278-df04-4c9c-8a71-645862d01404-le32d8.cache-7
71002000-71009000 r--s 00000000 b3:02 19826      /var/cache/fontconfig/bb6e12d2-f51c-4c7f-99b2-0e8a86d53212-le32d8.cache-7
7100a000-7101d000 r-xp 00000000 b3:02 383591     /usr/lib/jvm/java-11-openjdk-armhf/lib/libnet.so
7101d000-7102c000 ---p 00013000 b3:02 383591     /usr/lib/jvm/java-11-openjdk-armhf/lib/libnet.so
7102c000-7102d000 r--p 00012000 b3:02 383591     /usr/lib/jvm/java-11-openjdk-armhf/lib/libnet.so
7102d000-7102e000 rw-p 00013000 b3:02 383591     /usr/lib/jvm/java-11-openjdk-armhf/lib/libnet.so
7102e000-71031000 ---p 00000000 00:00 0 
71031000-7107e000 rw-p 00000000 00:00 0 
7107e000-7107f000 ---p 00000000 00:00 0 
7107f000-71100000 rw-p 00000000 00:00 0 
71100000-711fb000 rw-p 00000000 00:00 0 
711fb000-71200000 ---p 00000000 00:00 0 
71200000-71221000 rw-p 00000000 00:00 0 
71221000-71300000 ---p 00000000 00:00 0 
71300000-71323000 r--p 00000000 b3:02 192344     /usr/share/locale/es/LC_MESSAGES/libc.mo
71323000-7137e000 rw-p 00000000 00:00 0 
7137e000-7137f000 ---p 00000000 00:00 0 
7137f000-71764000 rw-p 00000000 00:00 0 
71764000-72400000 ---p 00000000 00:00 0 
72400000-72764000 rw-p 00000000 00:00 0 
72764000-73400000 ---p 00000000 00:00 0 
73400000-7346d000 rw-p 00000000 00:00 0 
7346d000-73600000 ---p 00000000 00:00 0 
73600000-7366d000 rw-p 00000000 00:00 0 
7366d000-73800000 ---p 00000000 00:00 0 
73800000-7386d000 rw-p 00000000 00:00 0 
7386d000-73a00000 ---p 00000000 00:00 0 
73a00000-81300000 rw-p 00000000 00:00 0 
81300000-b3a00000 ---p 00000000 00:00 0 
b3a00000-b3afd000 rw-p 00000000 00:00 0 
b3afd000-b3b00000 ---p 00000000 00:00 0 
b3b05000-b3b06000 rw-s fe100000 00:05 5          /dev/mem
b3b08000-b3b0f000 r--s 00000000 b3:02 8292       /usr/lib/arm-linux-gnueabihf/gconv/gconv-modules.cache
b3b0f000-b3b1c000 r-xp 00000000 b3:02 383592     /usr/lib/jvm/java-11-openjdk-armhf/lib/libnio.so
b3b1c000-b3b2b000 ---p 0000d000 b3:02 383592     /usr/lib/jvm/java-11-openjdk-armhf/lib/libnio.so
b3b2b000-b3b2c000 r--p 0000c000 b3:02 383592     /usr/lib/jvm/java-11-openjdk-armhf/lib/libnio.so
b3b2c000-b3b2d000 rw-p 0000d000 b3:02 383592     /usr/lib/jvm/java-11-openjdk-armhf/lib/libnio.so
b3b2d000-b3b4d000 rw-p 00000000 00:00 0 
b3b4d000-b3b4e000 ---p 00000000 00:00 0 
b3b4e000-b3bcf000 rw-p 00000000 00:00 0 
b3bcf000-b3bd0000 ---p 00000000 00:00 0 
b3bd0000-b3c54000 rw-p 00000000 00:00 0 
b3c54000-b3c91000 ---p 00000000 00:00 0 
b3c91000-b3e11000 rwxp 00000000 00:00 0 
b3e11000-b5c91000 ---p 00000000 00:00 0 
b5c91000-b5e00000 r--s 00000000 b3:02 383601     /usr/lib/jvm/java-11-openjdk-armhf/lib/modules
b5e00000-b5f00000 rw-p 00000000 00:00 0 
b5f04000-b5f0a000 r-xp 00000000 b3:02 383600     /usr/lib/jvm/java-11-openjdk-armhf/lib/libzip.so
b5f0a000-b5f19000 ---p 00006000 b3:02 383600     /usr/lib/jvm/java-11-openjdk-armhf/lib/libzip.so
b5f19000-b5f1a000 r--p 00005000 b3:02 383600     /usr/lib/jvm/java-11-openjdk-armhf/lib/libzip.so
b5f1a000-b5f1b000 rw-p 00006000 b3:02 383600     /usr/lib/jvm/java-11-openjdk-armhf/lib/libzip.so
b5f1b000-b5f25000 r-xp 00000000 b3:02 7542       /usr/lib/arm-linux-gnueabihf/libnss_files-2.31.so
b5f25000-b5f34000 ---p 0000a000 b3:02 7542       /usr/lib/arm-linux-gnueabihf/libnss_files-2.31.so
b5f34000-b5f35000 r--p 00009000 b3:02 7542       /usr/lib/arm-linux-gnueabihf/libnss_files-2.31.so
b5f35000-b5f36000 rw-p 0000a000 b3:02 7542       /usr/lib/arm-linux-gnueabihf/libnss_files-2.31.so
b5f36000-b5f3c000 rw-p 00000000 00:00 0 
b5f3c000-b5f40000 r-xp 00000000 b3:02 383583     /usr/lib/jvm/java-11-openjdk-armhf/lib/libjimage.so
b5f40000-b5f4f000 ---p 00004000 b3:02 383583     /usr/lib/jvm/java-11-openjdk-armhf/lib/libjimage.so
b5f4f000-b5f50000 r--p 00003000 b3:02 383583     /usr/lib/jvm/java-11-openjdk-armhf/lib/libjimage.so
b5f50000-b5f51000 rw-p 00004000 b3:02 383583     /usr/lib/jvm/java-11-openjdk-armhf/lib/libjimage.so
b5f51000-b5f6f000 r-xp 00000000 b3:02 383580     /usr/lib/jvm/java-11-openjdk-armhf/lib/libjava.so
b5f6f000-b5f7e000 ---p 0001e000 b3:02 383580     /usr/lib/jvm/java-11-openjdk-armhf/lib/libjava.so
b5f7e000-b5f7f000 r--p 0001d000 b3:02 383580     /usr/lib/jvm/java-11-openjdk-armhf/lib/libjava.so
b5f7f000-b5f80000 rw-p 0001e000 b3:02 383580     /usr/lib/jvm/java-11-openjdk-armhf/lib/libjava.so
b5f80000-b5f8a000 r-xp 00000000 b3:02 383599     /usr/lib/jvm/java-11-openjdk-armhf/lib/libverify.so
b5f8a000-b5f99000 ---p 0000a000 b3:02 383599     /usr/lib/jvm/java-11-openjdk-armhf/lib/libverify.so
b5f99000-b5f9a000 r--p 00009000 b3:02 383599     /usr/lib/jvm/java-11-openjdk-armhf/lib/libverify.so
b5f9a000-b5f9b000 rw-p 0000a000 b3:02 383599     /usr/lib/jvm/java-11-openjdk-armhf/lib/libverify.so
b5f9b000-b5fa1000 r-xp 00000000 b3:02 7649       /usr/lib/arm-linux-gnueabihf/librt-2.31.so
b5fa1000-b5fb1000 ---p 00006000 b3:02 7649       /usr/lib/arm-linux-gnueabihf/librt-2.31.so
b5fb1000-b5fb2000 r--p 00006000 b3:02 7649       /usr/lib/arm-linux-gnueabihf/librt-2.31.so
b5fb2000-b5fb3000 rw-p 00007000 b3:02 7649       /usr/lib/arm-linux-gnueabihf/librt-2.31.so
b5fb3000-b5fb6000 ---p 00000000 00:00 0 
b5fb6000-b6003000 rw-p 00000000 00:00 0 
b6003000-b601f000 r-xp 00000000 b3:02 7299       /usr/lib/arm-linux-gnueabihf/libgcc_s.so.1
b601f000-b602e000 ---p 0001c000 b3:02 7299       /usr/lib/arm-linux-gnueabihf/libgcc_s.so.1
b602e000-b602f000 r--p 0001b000 b3:02 7299       /usr/lib/arm-linux-gnueabihf/libgcc_s.so.1
b602f000-b6030000 rw-p 0001c000 b3:02 7299       /usr/lib/arm-linux-gnueabihf/libgcc_s.so.1
b6030000-b608e000 r-xp 00000000 b3:02 7466       /usr/lib/arm-linux-gnueabihf/libm-2.31.so
b608e000-b609d000 ---p 0005e000 b3:02 7466       /usr/lib/arm-linux-gnueabihf/libm-2.31.so
b609d000-b609e000 r--p 0005d000 b3:02 7466       /usr/lib/arm-linux-gnueabihf/libm-2.31.so
b609e000-b609f000 rw-p 0005e000 b3:02 7466       /usr/lib/arm-linux-gnueabihf/libm-2.31.so
b609f000-b620e000 r-xp 00000000 b3:02 7706       /usr/lib/arm-linux-gnueabihf/libstdc++.so.6.0.28
b620e000-b621e000 ---p 0016f000 b3:02 7706       /usr/lib/arm-linux-gnueabihf/libstdc++.so.6.0.28
b621e000-b6223000 r--p 0016f000 b3:02 7706       /usr/lib/arm-linux-gnueabihf/libstdc++.so.6.0.28
b6223000-b6225000 rw-p 00174000 b3:02 7706       /usr/lib/arm-linux-gnueabihf/libstdc++.so.6.0.28
b6225000-b6227000 rw-p 00000000 00:00 0 
b6227000-b6cba000 r-xp 00000000 b3:02 383606     /usr/lib/jvm/java-11-openjdk-armhf/lib/server/libjvm.so
b6cba000-b6cc9000 ---p 00a93000 b3:02 383606     /usr/lib/jvm/java-11-openjdk-armhf/lib/server/libjvm.so
b6cc9000-b6d0b000 r--p 00a92000 b3:02 383606     /usr/lib/jvm/java-11-openjdk-armhf/lib/server/libjvm.so
b6d0b000-b6d24000 rw-p 00ad4000 b3:02 383606     /usr/lib/jvm/java-11-openjdk-armhf/lib/server/libjvm.so
b6d24000-b6d4f000 rw-p 00000000 00:00 0 
b6d4f000-b6d67000 r-xp 00000000 b3:02 7625       /usr/lib/arm-linux-gnueabihf/libpthread-2.31.so
b6d67000-b6d77000 ---p 00018000 b3:02 7625       /usr/lib/arm-linux-gnueabihf/libpthread-2.31.so
b6d77000-b6d78000 r--p 00018000 b3:02 7625       /usr/lib/arm-linux-gnueabihf/libpthread-2.31.so
b6d78000-b6d79000 rw-p 00019000 b3:02 7625       /usr/lib/arm-linux-gnueabihf/libpthread-2.31.so
b6d79000-b6d7b000 rw-p 00000000 00:00 0 
b6d7b000-b6d7e000 r-xp 00000000 b3:02 7220       /usr/lib/arm-linux-gnueabihf/libdl-2.31.so
b6d7e000-b6d8d000 ---p 00003000 b3:02 7220       /usr/lib/arm-linux-gnueabihf/libdl-2.31.so
b6d8d000-b6d8e000 r--p 00002000 b3:02 7220       /usr/lib/arm-linux-gnueabihf/libdl-2.31.so
b6d8e000-b6d8f000 rw-p 00003000 b3:02 7220       /usr/lib/arm-linux-gnueabihf/libdl-2.31.so
b6d8f000-b6da6000 r-xp 00000000 b3:02 7835       /usr/lib/arm-linux-gnueabihf/libz.so.1.2.11
b6da6000-b6db5000 ---p 00017000 b3:02 7835       /usr/lib/arm-linux-gnueabihf/libz.so.1.2.11
b6db5000-b6db6000 r--p 00016000 b3:02 7835       /usr/lib/arm-linux-gnueabihf/libz.so.1.2.11
b6db6000-b6db7000 rw-p 00017000 b3:02 7835       /usr/lib/arm-linux-gnueabihf/libz.so.1.2.11
b6db7000-b6ef6000 r-xp 00000000 b3:02 7157       /usr/lib/arm-linux-gnueabihf/libc-2.31.so
b6ef6000-b6f05000 ---p 0013f000 b3:02 7157       /usr/lib/arm-linux-gnueabihf/libc-2.31.so
b6f05000-b6f07000 r--p 0013e000 b3:02 7157       /usr/lib/arm-linux-gnueabihf/libc-2.31.so
b6f07000-b6f09000 rw-p 00140000 b3:02 7157       /usr/lib/arm-linux-gnueabihf/libc-2.31.so
b6f09000-b6f0b000 rw-p 00000000 00:00 0 
b6f0d000-b6f1f000 rw-p 00000000 00:00 0 
b6f1f000-b6f2c000 r-xp 00000000 b3:02 383565     /usr/lib/jvm/java-11-openjdk-armhf/lib/jli/libjli.so
b6f2c000-b6f3b000 ---p 0000d000 b3:02 383565     /usr/lib/jvm/java-11-openjdk-armhf/lib/jli/libjli.so
b6f3b000-b6f3c000 r--p 0000c000 b3:02 383565     /usr/lib/jvm/java-11-openjdk-armhf/lib/jli/libjli.so
b6f3c000-b6f3d000 rw-p 0000d000 b3:02 383565     /usr/lib/jvm/java-11-openjdk-armhf/lib/jli/libjli.so
b6f3d000-b6f41000 r-xp 00000000 b3:02 7094       /usr/lib/arm-linux-gnueabihf/libarmmem-v7l.so
b6f41000-b6f50000 ---p 00004000 b3:02 7094       /usr/lib/arm-linux-gnueabihf/libarmmem-v7l.so
b6f50000-b6f51000 r--p 00003000 b3:02 7094       /usr/lib/arm-linux-gnueabihf/libarmmem-v7l.so
b6f51000-b6f52000 rw-p 00004000 b3:02 7094       /usr/lib/arm-linux-gnueabihf/libarmmem-v7l.so
b6f52000-b6f74000 r-xp 00000000 b3:02 6930       /usr/lib/arm-linux-gnueabihf/ld-2.31.so
b6f74000-b6f75000 r--s 00000000 b3:02 387017     /root/.cache/dconf/user
b6f75000-b6f77000 r--s 0000c000 b3:02 202668     /usr/share/java/java-atk-wrapper.jar
b6f77000-b6f7f000 rw-s 00000000 b3:02 768143     /tmp/hsperfdata_root/9608
b6f7f000-b6f80000 r--p 00000000 00:00 0 
b6f80000-b6f84000 rw-p 00000000 00:00 0 
b6f84000-b6f85000 r--p 00022000 b3:02 6930       /usr/lib/arm-linux-gnueabihf/ld-2.31.so
b6f85000-b6f86000 rw-p 00023000 b3:02 6930       /usr/lib/arm-linux-gnueabihf/ld-2.31.so
bedaf000-bedd0000 rw-p 00000000 00:00 0          [stack]
beeeb000-beeec000 r-xp 00000000 00:00 0          [sigpage]
beeec000-beeed000 r--p 00000000 00:00 0          [vvar]
beeed000-beeee000 r-xp 00000000 00:00 0          [vdso]
ffff0000-ffff1000 r-xp 00000000 00:00 0          [vectors]


VM Arguments:
jvm_args: --module-path=. -Djdk.module.main=visual_classes 
java_command: visual_classes/visual_classes.window
java_class_path (initial): <not set>
Launcher Type: SUN_STANDARD

[Global flags]
     uint ConcGCThreads                            = 1                                         {product} {ergonomic}
     uint G1ConcRefinementThreads                  = 4                                         {product} {ergonomic}
   size_t G1HeapRegionSize                         = 1048576                                   {product} {ergonomic}
    uintx GCDrainStackTargetSize                   = 64                                        {product} {ergonomic}
   size_t InitialHeapSize                          = 67108864                                  {product} {ergonomic}
   size_t MarkStackSize                            = 32768                                     {product} {ergonomic}
   size_t MaxHeapSize                              = 1073741824                                {product} {ergonomic}
   size_t MaxNewSize                               = 643825664                                 {product} {ergonomic}
   size_t MinHeapDeltaBytes                        = 1048576                                   {product} {ergonomic}
    uintx NonProfiledCodeHeapSize                  = 0                                      {pd product} {ergonomic}
    uintx ProfiledCodeHeapSize                     = 0                                      {pd product} {ergonomic}
     bool UseG1GC                                  = true                                      {product} {ergonomic}

Logging:
Log output configuration:
 #0: stdout all=warning uptime,level,tags
 #1: stderr all=off uptime,level,tags

Environment Variables:
PATH=/usr/local/sbin:/usr/local/bin:/usr/sbin:/usr/bin:/sbin:/bin
SHELL=/bin/bash
DISPLAY=:0
LANG=es_PA.UTF-8
LC_ALL=es_PA.UTF-8

Signal Handlers:
SIGSEGV: [libjvm.so+0x9ec8c8], sa_mask[0]=11111111011111111101111111111110, sa_flags=SA_RESTART|SA_SIGINFO
SIGBUS: [libjvm.so+0x9ec8c8], sa_mask[0]=11111111011111111101111111111110, sa_flags=SA_RESTART|SA_SIGINFO
SIGFPE: [libjvm.so+0x9ec8c8], sa_mask[0]=11111111011111111101111111111110, sa_flags=SA_RESTART|SA_SIGINFO
SIGPIPE: SIG_IGN, sa_mask[0]=00000000000010000000000000000000, sa_flags=SA_RESTART
SIGXFSZ: [libjvm.so+0x801f78], sa_mask[0]=11111111011111111101111111111110, sa_flags=SA_RESTART|SA_SIGINFO
SIGILL: [libjvm.so+0x9ec8c8], sa_mask[0]=11111111011111111101111111111110, sa_flags=SA_RESTART|SA_SIGINFO
SIGUSR2: [libjvm.so+0x801e18], sa_mask[0]=00000000000000000000000000000000, sa_flags=SA_RESTART|SA_SIGINFO
SIGHUP: [libjvm.so+0x8025f8], sa_mask[0]=11111111011111111101111111111110, sa_flags=SA_RESTART|SA_SIGINFO
SIGINT: [libjvm.so+0x8025f8], sa_mask[0]=11111111011111111101111111111110, sa_flags=SA_RESTART|SA_SIGINFO
SIGTERM: [libjvm.so+0x8025f8], sa_mask[0]=11111111011111111101111111111110, sa_flags=SA_RESTART|SA_SIGINFO
SIGQUIT: [libjvm.so+0x8025f8], sa_mask[0]=11111111011111111101111111111110, sa_flags=SA_RESTART|SA_SIGINFO


---------------  S Y S T E M  ---------------

OS:PRETTY_NAME="Raspbian GNU/Linux 11 (bullseye)"
NAME="Raspbian GNU/Linux"
VERSION_ID="11"
VERSION="11 (bullseye)"
VERSION_CODENAME=bullseye
ID=raspbian
ID_LIKE=debian
HOME_URL="http://www.raspbian.org/"
SUPPORT_URL="http://www.raspbian.org/RaspbianForums"
BUG_REPORT_URL="http://www.raspbian.org/RaspbianBugs"
uname:Linux 5.15.32-v7l+ #1538 SMP Thu Mar 31 19:39:41 BST 2022 armv7l
OS uptime: 0 days 1:48 hours
libc:glibc 2.31 NPTL 2.31 
rlimit (soft/hard): STACK 8192k/infinity , CORE 0k/infinity , NPROC 60615/60615 , NOFILE 1048576/1048576 , AS infinity/infinity , CPU infinity/infinity , DATA infinity/infinity , FSIZE infinity/infinity , MEMLOCK 1011061k/1011061k
load average:1.36 1.39 1.27

/proc/meminfo:
MemTotal:        8088492 kB
MemFree:         4437876 kB
MemAvailable:    5776984 kB
Buffers:           67692 kB
Cached:          1885380 kB
SwapCached:            0 kB
Active:           619784 kB
Inactive:        2590128 kB
Active(anon):       3972 kB
Inactive(anon):  1671816 kB
Active(file):     615812 kB
Inactive(file):   918312 kB
Unevictable:      260076 kB
Mlocked:              64 kB
HighTotal:       7458816 kB
HighFree:        4001192 kB
LowTotal:         629676 kB
LowFree:          436684 kB
SwapTotal:        102396 kB
SwapFree:         102396 kB
Dirty:               452 kB
Writeback:             0 kB
AnonPages:       1516824 kB
Mapped:           600432 kB
Shmem:            418948 kB
KReclaimable:      51752 kB
Slab:              83508 kB
SReclaimable:      51752 kB
SUnreclaim:        31756 kB
KernelStack:        5032 kB
PageTables:        28712 kB
NFS_Unstable:          0 kB
Bounce:                0 kB
WritebackTmp:          0 kB
CommitLimit:     4146640 kB
Committed_AS:    6663976 kB
VmallocTotal:     245760 kB
VmallocUsed:        6128 kB
VmallocChunk:          0 kB
Percpu:              448 kB
CmaTotal:         327680 kB
CmaFree:          311084 kB

/sys/kernel/mm/transparent_hugepage/enabled:
<Not Available>
/sys/kernel/mm/transparent_hugepage/defrag (defrag/compaction efforts parameter):
<Not Available>

Process Memory:
Virtual Size: 1279748K (peak: 1284892K)
Resident Set Size: 313300K (peak: 313320K) (anon: 247016K, file: 24048K, shmem: 42236K)
Swapped out: 0K
C-Heap outstanding allocations: 8359K

/proc/sys/kernel/threads-max (system-wide limit on the number of threads):
121230
/proc/sys/vm/max_map_count (maximum number of memory map areas a process may have):
65530
/proc/sys/kernel/pid_max (system-wide limit on number of process identifiers):
32768

/etc/ld.so.preload:
/usr/lib/arm-linux-gnueabihf/libarmmem-${PLATFORM}.so

Steal ticks since vm start: 0
Steal ticks percentage since vm start:  0.000

CPU:total 4 (initial active 4) (ARMv7), vfp, vfp3-32, simd, mp_ext

/proc/cpuinfo:
processor	: 0
model name	: ARMv7 Processor rev 3 (v7l)
BogoMIPS	: 324.00
Features	: half thumb fastmult vfp edsp neon vfpv3 tls vfpv4 idiva idivt vfpd32 lpae evtstrm crc32 
CPU implementer	: 0x41
CPU architecture: 7
CPU variant	: 0x0
CPU part	: 0xd08
CPU revision	: 3

processor	: 1
model name	: ARMv7 Processor rev 3 (v7l)
BogoMIPS	: 324.00
Features	: half thumb fastmult vfp edsp neon vfpv3 tls vfpv4 idiva idivt vfpd32 lpae evtstrm crc32 
CPU implementer	: 0x41
CPU architecture: 7
CPU variant	: 0x0
CPU part	: 0xd08
CPU revision	: 3

processor	: 2
model name	: ARMv7 Processor rev 3 (v7l)
BogoMIPS	: 324.00
Features	: half thumb fastmult vfp edsp neon vfpv3 tls vfpv4 idiva idivt vfpd32 lpae evtstrm crc32 
CPU implementer	: 0x41
CPU architecture: 7
CPU variant	: 0x0
CPU part	: 0xd08
CPU revision	: 3

processor	: 3
model name	: ARMv7 Processor rev 3 (v7l)
BogoMIPS	: 324.00
Features	: half thumb fastmult vfp edsp neon vfpv3 tls vfpv4 idiva idivt vfpd32 lpae evtstrm crc32 
CPU implementer	: 0x41
CPU architecture: 7
CPU variant	: 0x0
CPU part	: 0xd08
CPU revision	: 3

Hardware	: BCM2711
Revision	: d03114
Serial		: 100000007716ae09
Model		: Raspberry Pi 4 Model B Rev 1.4
Online cpus:
0-3
Offline cpus:


Memory: 4k page, physical 8088492k(4437876k free), swap 102396k(102396k free)

vm_info: OpenJDK Server VM (11.0.15+10-post-Raspbian-1deb11u1) for linux- JRE (11.0.15+10-post-Raspbian-1deb11u1), built on May  3 2022 12:15:06 by "unknown" with gcc 10.2.1 20210110

END.
