#
# A fatal error has been detected by the Java Runtime Environment:
#
#  SIGSEGV (0xb) at pc=0x6ca3f028, pid=9267, tid=9320
#
# JRE version: OpenJDK Runtime Environment (11.0.15+10) (build 11.0.15+10-post-Raspbian-1deb11u1)
# Java VM: OpenJDK Server VM (11.0.15+10-post-Raspbian-1deb11u1, mixed mode, g1 gc, linux-)
# Problematic frame:
# C  [libpigpio.so.1+0x23028]
#
# No core dump will be written. Core dumps have been disabled. To enable core dumping, try "ulimit -c unlimited" before starting Java again
#
# If you would like to submit a bug report, please visit:
#   Unknown
# The crash happened outside the Java Virtual Machine in native code.
# See problematic frame for where to report the bug.
#

---------------  S U M M A R Y ------------

Command Line: --module-path=. -Djdk.module.main=visual_classes visual_classes/visual_classes.window

Host: rev 3 (v7l), 4 cores, 7G, Raspbian GNU/Linux 11 (bullseye)
Time: Sun Aug 20 11:19:37 2023 EST elapsed time: 41.385441 seconds (0d 0h 0m 41s)

---------------  T H R E A D  ---------------

Current thread (0x69088400):  JavaThread "pi4j-shutdown" [_thread_in_native, id=9320, stack(0x6c2c6000,0x6c316000)]

Stack: [0x6c2c6000,0x6c316000],  sp=0x6c314898,  free space=314k
Native frames: (J=compiled Java code, A=aot compiled Java code, j=interpreted, Vv=VM code, C=native code)
C  [libpigpio.so.1+0x23028]
C  0x6c314a58

Java frames: (J=compiled Java code, j=interpreted, Vv=VM code)
j  com.pi4j.library.pigpio.internal.PIGPIO.gpioTerminate()V+0 com.pi4j.library.pigpio@2.1.1
j  com.pi4j.library.pigpio.impl.PiGpioNativeImpl.gpioTerminate()V+22 com.pi4j.library.pigpio@2.1.1
j  com.pi4j.library.pigpio.PiGpio.shutdown()V+1 com.pi4j.library.pigpio@2.1.1
j  com.pi4j.plugin.pigpio.PiGpioPlugin.shutdown(Lcom/pi4j/context/Context;)V+23 com.pi4j.plugin.pigpio@2.1.1
j  com.pi4j.runtime.impl.DefaultRuntime.shutdown()Lcom/pi4j/runtime/Runtime;+87 com.pi4j@2.1.1
j  com.pi4j.runtime.impl.DefaultRuntime.lambda$new$2()V+8 com.pi4j@2.1.1
j  com.pi4j.runtime.impl.DefaultRuntime$$Lambda$167.run()V+4 com.pi4j@2.1.1
j  java.lang.Thread.run()V+11 java.base@11.0.15
v  ~StubRoutines::call_stub

siginfo: si_signo: 11 (SIGSEGV), si_code: 1 (SEGV_MAPERR), si_addr: 0x7130110c

Register to memory mapping:

  r0  = 0x00000000
0x0 is NULL

  r1  = 0x00001000
0x00001000 is an unknown value

  r2  = 0xffffffff
0xffffffff is an unknown value

  r3  = 0x7130034c
0x7130034c is an unknown value

  r4  = 0x71301108
0x71301108 is an unknown value

  r5  = 0x713013dc
0x713013dc is an unknown value

  r6  = 0x00000014
0x00000014 is an unknown value

  r7  = 0x71300000
0x71300000 is an unknown value

  r8  = 0xb6f0f87c
0xb6f0f87c: __stack_chk_guard+0x00000000 in /lib/ld-linux-armhf.so.3 at 0xb6edd000

  r9  = 0x6d1826c0
{method} {0x6d1826c0} 'gpioTerminate' '()V' in 'com/pi4j/library/pigpio/internal/PIGPIO'

  r10 = 0x69088400
0x69088400 is a thread

  fp  = 0x6c314a28
0x6c314a28 is pointing into the stack for thread: 0x69088400

  r12 = 0x6ca6a2c4
0x6ca6a2c4: <offset 0x0004e2c4> in /lib/libpigpio.so.1 at 0x6ca1c000

  sp  = 0x6c314898
0x6c314898 is pointing into the stack for thread: 0x69088400

  lr  = 0x6ca3f034
0x6ca3f034: <offset 0x00023034> in /lib/libpigpio.so.1 at 0x6ca1c000

  pc  = 0x6ca3f028
0x6ca3f028: <offset 0x00023028> in /lib/libpigpio.so.1 at 0x6ca1c000



Registers:
  r0  = 0x00000000
  r1  = 0x00001000
  r2  = 0xffffffff
  r3  = 0x7130034c
  r4  = 0x71301108
  r5  = 0x713013dc
  r6  = 0x00000014
  r7  = 0x71300000
  r8  = 0xb6f0f87c
  r9  = 0x6d1826c0
  r10 = 0x69088400
  fp  = 0x6c314a28
  r12 = 0x6ca6a2c4
  sp  = 0x6c314898
  lr  = 0x6ca3f034
  pc  = 0x6ca3f028
  cpsr = 0x80000010

Top of Stack: (sp=0x6c314898)
0x6c314898:   00000060 b6f0f87c 00000000 00000000
0x6c3148a8:   00000000 6c9345d0 6c314924 70d02355
0x6c3148b8:   f675bd9d 00000000 6c934400 6c31497c
0x6c3148c8:   00000000 b6ee80e4 6c314924 6c93456c
0x6c3148d8:   00000001 00000000 00000005 00000000
0x6c3148e8:   00000001 6c934400 0000015d 00000000
0x6c3148f8:   6c9345cc 00000000 00000000 00000000
0x6c314908:   6c931fb8 6cd40a80 6c314948 b3c193f0 

Instructions: (pc=0x6ca3f028)
0x6ca3ef28:   0a000001 e3a01024 ebff8544 e59f368c
0x6ca3ef38:   e08f3003 e5930074 e3700001 0a000001
0x6ca3ef48:   e3a01028 ebff853d e59f3674 e79f0003
0x6ca3ef58:   e3700001 0a000001 e3a0101c ebff8537
0x6ca3ef68:   e59f3660 e08f3003 e5930040 e3700001
0x6ca3ef78:   0a000001 e3a01018 ebff8530 e59f3648
0x6ca3ef88:   e3e02000 e08f3003 e59300c8 e5832038
0x6ca3ef98:   e1500002 e5832050 e5832044 e58320c4
0x6ca3efa8:   e583203c e5832078 e5832074 e5832000
0x6ca3efb8:   e5832040 0a000006 e59f2610 e3a030d4
0x6ca3efc8:   e08f2002 e5922004 e0030293 e2831e35
0x6ca3efd8:   ebff851a e59f35f8 e3e02000 e08f3003
0x6ca3efe8:   e59370cc e58320c8 e1570002 0a000015
0x6ca3eff8:   e59f35e0 e08f3003 e5936004 e0863086
0x6ca3f008:   e0863103 e0863103 e37300d4 0a000008
0x6ca3f018:   e3a050d4 e2873fd3 e0253695 e2474004
0x6ca3f028:   e5b40004 e3a01a01 ebff8504 e1540005
0x6ca3f038:   1afffffa e3a010d4 e1a00007 e0010691
0x6ca3f048:   e2811e35 ebff84fd e59f358c e3e02000
0x6ca3f058:   e08f3003 e59370d0 e58320cc e1570002
0x6ca3f068:   0a000010 e59f3574 e08f3003 e5933004
0x6ca3f078:   e3730004 0a000137 e1a06103 e0875006
0x6ca3f088:   e285500c e2474004 e5b40004 e3a01a35
0x6ca3f098:   ebff84ea e1540005 1afffffa e2861010
0x6ca3f0a8:   e1a00007 ebff84e5 e59f3534 e3e01000
0x6ca3f0b8:   e08f3003 e59320d4 e58310d0 e1520001
0x6ca3f0c8:   0a000048 e59f051c e3a01000 e08f0000
0x6ca3f0d8:   ebff8420 e2507000 ba00010d e59f3508
0x6ca3f0e8:   e59f2508 e08f3003 e08f2002 e5934004
0x6ca3f0f8:   e58270d8 e3740004 0a00002f e59250d4
0x6ca3f108:   e59fb4ec e0854204 e2455040 ea000002
0x6ca3f118:   e2444010 e1550004 0a000027 e5943030 


Stack slot to memory mapping:
stack at sp + 0 slots: 0x00000060 is an unknown value
stack at sp + 1 slots: 0xb6f0f87c: __stack_chk_guard+0x00000000 in /lib/ld-linux-armhf.so.3 at 0xb6edd000
stack at sp + 2 slots: 0x0 is NULL
stack at sp + 3 slots: 0x0 is NULL
stack at sp + 4 slots: 0x0 is NULL
stack at sp + 5 slots: 0x6c9345d0 points into unknown readable memory: 0x6c93456c | 6c 45 93 6c
stack at sp + 6 slots: 0x6c314924 is pointing into the stack for thread: 0x69088400
stack at sp + 7 slots: 0x70d02355: <offset 0x00001355> in /tmp/libpi4j-pigpio7213058575090665446.so at 0x70d01000


---------------  P R O C E S S  ---------------

Threads class SMR info:
_java_thread_list=0x70e19ee8, length=15, elements={
0x70635c00, 0x70639400, 0x70643400, 0x70645c00,
0x70647400, 0x70648c00, 0x7069f800, 0x6f250000,
0x6f254800, 0x6f258000, 0x6f259000, 0xb5e0ec00,
0x6c90d000, 0x69002000, 0x69088400
}

Java Threads: ( => current thread )
  0x70635c00 JavaThread "Reference Handler" daemon [_thread_blocked, id=9275, stack(0x7112e000,0x7117e000)]
  0x70639400 JavaThread "Finalizer" daemon [_thread_blocked, id=9276, stack(0x70f2e000,0x70f7e000)]
  0x70643400 JavaThread "Signal Dispatcher" daemon [_thread_blocked, id=9277, stack(0x70d2e000,0x70d7e000)]
  0x70645c00 JavaThread "Service Thread" daemon [_thread_blocked, id=9278, stack(0x705b0000,0x70600000)]
  0x70647400 JavaThread "C2 CompilerThread0" daemon [_thread_blocked, id=9279, stack(0x70530000,0x705b0000)]
  0x70648c00 JavaThread "Sweeper thread" daemon [_thread_blocked, id=9280, stack(0x6ff36000,0x6ff86000)]
  0x7069f800 JavaThread "Common-Cleaner" daemon [_thread_blocked, id=9281, stack(0x6fee6000,0x6ff36000)]
  0x6f250000 JavaThread "Java2D Disposer" daemon [_thread_blocked, id=9288, stack(0x6d4ea000,0x6d53a000)]
  0x6f254800 JavaThread "AWT-XAWT" daemon [_thread_in_native, id=9289, stack(0x6d49a000,0x6d4ea000)]
  0x6f258000 JavaThread "AWT-Shutdown" [_thread_blocked, id=9290, stack(0x6d44a000,0x6d49a000)]
  0x6f259000 JavaThread "AWT-EventQueue-0" [_thread_blocked, id=9291, stack(0x6d3fa000,0x6d44a000)]
  0xb5e0ec00 JavaThread "DestroyJavaVM" [_thread_blocked, id=9268, stack(0xb5f3e000,0xb5f8e000)]
  0x6c90d000 JavaThread "Timer" [_thread_blocked, id=9306, stack(0x6d07a000,0x6d0fa000)]
  0x69002000 JavaThread "TimerQueue" daemon [_thread_blocked, id=9310, stack(0x69170000,0x691c0000)]
=>0x69088400 JavaThread "pi4j-shutdown" [_thread_in_native, id=9320, stack(0x6c2c6000,0x6c316000)]

Other Threads:
  0x70630800 VMThread "VM Thread" [stack: 0x70734000,0x707b4000] [id=9274]
  0x6fd17000 WatcherThread [stack: 0x6fe66000,0x6fee6000] [id=9282]
  0xb5e22c00 GCTaskThread "GC Thread#0" [stack: 0xb3b55000,0xb3bd5000] [id=9269]
  0x70410000 GCTaskThread "GC Thread#1" [stack: 0x6cffa000,0x6d07a000] [id=9293]
  0x70411000 GCTaskThread "GC Thread#2" [stack: 0x6cf78000,0x6cff8000] [id=9294]
  0x70412000 GCTaskThread "GC Thread#3" [stack: 0x6cef6000,0x6cf76000] [id=9295]
  0xb5e78000 ConcurrentGCThread "G1 Main Marker" [stack: 0x71380000,0x71400000] [id=9270]
  0xb5e79800 ConcurrentGCThread "G1 Conc#0" [stack: 0x71180000,0x71200000] [id=9271]
  0xb5ee0c00 ConcurrentGCThread "G1 Refine#0" [stack: 0x70f80000,0x71000000] [id=9272]
  0x70ef7400 ConcurrentGCThread "G1 Refine#1" [stack: 0x6c146000,0x6c1c6000] [id=9300]
  0xb5ee2400 ConcurrentGCThread "G1 Young RemSet Sampling" [stack: 0x70d80000,0x70e00000] [id=9273]

Threads with active compile tasks:

VM state:not at safepoint (normal execution)

VM Mutex/Monitor currently owned by a thread: None

Heap:
 garbage-first heap   total 208896K, used 203030K [0x73a00000, 0xb3a00000)
  region size 1024K, 8 young (8192K), 2 survivors (2048K)
 Metaspace       used 14692K, capacity 14947K, committed 15000K, reserved 15664K
Heap Regions: E=young(eden), S=young(survivor), O=old, HS=humongous(starts), HC=humongous(continues), CS=collection set, F=free, A=archive, TAMS=top-at-mark-start (previous, next)
|   0|0x73a00000, 0x73b00000, 0x73b00000|100%| O|  |TAMS 0x73b00000, 0x73a00000| Untracked 
|   1|0x73b00000, 0x73c00000, 0x73c00000|100%|HS|  |TAMS 0x73c00000, 0x73b00000| Complete 
|   2|0x73c00000, 0x73d00000, 0x73d00000|100%|HS|  |TAMS 0x73d00000, 0x73c00000| Complete 
|   3|0x73d00000, 0x73e00000, 0x73e00000|100%|HC|  |TAMS 0x73e00000, 0x73d00000| Complete 
|   4|0x73e00000, 0x73f00000, 0x73f00000|100%|HS|  |TAMS 0x73f00000, 0x73e00000| Complete 
|   5|0x73f00000, 0x74000000, 0x74000000|100%|HC|  |TAMS 0x74000000, 0x73f00000| Complete 
|   6|0x74000000, 0x74100000, 0x74100000|100%|HS|  |TAMS 0x74100000, 0x74000000| Complete 
|   7|0x74100000, 0x74200000, 0x74200000|100%|HC|  |TAMS 0x74200000, 0x74100000| Complete 
|   8|0x74200000, 0x74300000, 0x74300000|100%|HC|  |TAMS 0x74300000, 0x74200000| Complete 
|   9|0x74300000, 0x74400000, 0x74400000|100%|HS|  |TAMS 0x74400000, 0x74300000| Complete 
|  10|0x74400000, 0x74500000, 0x74500000|100%|HC|  |TAMS 0x74500000, 0x74400000| Complete 
|  11|0x74500000, 0x74600000, 0x74600000|100%|HC|  |TAMS 0x74600000, 0x74500000| Complete 
|  12|0x74600000, 0x74700000, 0x74700000|100%|HS|  |TAMS 0x74700000, 0x74600000| Complete 
|  13|0x74700000, 0x74800000, 0x74800000|100%|HC|  |TAMS 0x74800000, 0x74700000| Complete 
|  14|0x74800000, 0x74900000, 0x74900000|100%|HC|  |TAMS 0x74900000, 0x74800000| Complete 
|  15|0x74900000, 0x74a00000, 0x74a00000|100%|HC|  |TAMS 0x74a00000, 0x74900000| Complete 
|  16|0x74a00000, 0x74b00000, 0x74b00000|100%|HC|  |TAMS 0x74b00000, 0x74a00000| Complete 
|  17|0x74b00000, 0x74c00000, 0x74c00000|100%|HS|  |TAMS 0x74c00000, 0x74b00000| Complete 
|  18|0x74c00000, 0x74d00000, 0x74d00000|100%|HS|  |TAMS 0x74d00000, 0x74c00000| Complete 
|  19|0x74d00000, 0x74e00000, 0x74e00000|100%|HS|  |TAMS 0x74e00000, 0x74d00000| Complete 
|  20|0x74e00000, 0x74f00000, 0x74f00000|100%|HS|  |TAMS 0x74f00000, 0x74e00000| Complete 
|  21|0x74f00000, 0x75000000, 0x75000000|100%|HS|  |TAMS 0x75000000, 0x74f00000| Complete 
|  22|0x75000000, 0x75100000, 0x75100000|100%|HC|  |TAMS 0x75100000, 0x75000000| Complete 
|  23|0x75100000, 0x75200000, 0x75200000|100%|HS|  |TAMS 0x75200000, 0x75100000| Complete 
|  24|0x75200000, 0x75300000, 0x75300000|100%|HC|  |TAMS 0x75300000, 0x75200000| Complete 
|  25|0x75300000, 0x75400000, 0x75400000|100%| O|  |TAMS 0x75400000, 0x75300000| Untracked 
|  26|0x75400000, 0x75500000, 0x75500000|100%|HS|  |TAMS 0x75500000, 0x75400000| Complete 
|  27|0x75500000, 0x75600000, 0x75600000|100%|HC|  |TAMS 0x75600000, 0x75500000| Complete 
|  28|0x75600000, 0x75700000, 0x75700000|100%| O|  |TAMS 0x75700000, 0x75600000| Untracked 
|  29|0x75700000, 0x75800000, 0x75800000|100%| O|  |TAMS 0x75800000, 0x75700000| Untracked 
|  30|0x75800000, 0x75900000, 0x75900000|100%| O|  |TAMS 0x75900000, 0x75800000| Untracked 
|  31|0x75900000, 0x75a00000, 0x75a00000|100%| O|  |TAMS 0x75a00000, 0x75900000| Untracked 
|  32|0x75a00000, 0x75b00000, 0x75b00000|100%|HS|  |TAMS 0x75b00000, 0x75a00000| Complete 
|  33|0x75b00000, 0x75c00000, 0x75c00000|100%|HC|  |TAMS 0x75c00000, 0x75b00000| Complete 
|  34|0x75c00000, 0x75d00000, 0x75d00000|100%|HC|  |TAMS 0x75d00000, 0x75c00000| Complete 
|  35|0x75d00000, 0x75e00000, 0x75e00000|100%| O|  |TAMS 0x75e00000, 0x75d00000| Untracked 
|  36|0x75e00000, 0x75f00000, 0x75f00000|100%|HS|  |TAMS 0x75f00000, 0x75e00000| Complete 
|  37|0x75f00000, 0x76000000, 0x76000000|100%|HC|  |TAMS 0x76000000, 0x75f00000| Complete 
|  38|0x76000000, 0x76100000, 0x76100000|100%|HC|  |TAMS 0x76100000, 0x76000000| Complete 
|  39|0x76100000, 0x76200000, 0x76200000|100%|HS|  |TAMS 0x76200000, 0x76100000| Complete 
|  40|0x76200000, 0x76300000, 0x76300000|100%|HC|  |TAMS 0x76300000, 0x76200000| Complete 
|  41|0x76300000, 0x76400000, 0x76400000|100%|HC|  |TAMS 0x76400000, 0x76300000| Complete 
|  42|0x76400000, 0x76500000, 0x76500000|100%|HS|  |TAMS 0x76500000, 0x76400000| Complete 
|  43|0x76500000, 0x76600000, 0x76600000|100%|HC|  |TAMS 0x76600000, 0x76500000| Complete 
|  44|0x76600000, 0x76700000, 0x76700000|100%|HC|  |TAMS 0x76700000, 0x76600000| Complete 
|  45|0x76700000, 0x76800000, 0x76800000|100%| O|  |TAMS 0x76800000, 0x76700000| Untracked 
|  46|0x76800000, 0x76900000, 0x76900000|100%|HS|  |TAMS 0x76900000, 0x76800000| Complete 
|  47|0x76900000, 0x76a00000, 0x76a00000|100%|HC|  |TAMS 0x76a00000, 0x76900000| Complete 
|  48|0x76a00000, 0x76b00000, 0x76b00000|100%|HC|  |TAMS 0x76b00000, 0x76a00000| Complete 
|  49|0x76b00000, 0x76c00000, 0x76c00000|100%|HS|  |TAMS 0x76c00000, 0x76b00000| Complete 
|  50|0x76c00000, 0x76d00000, 0x76d00000|100%|HC|  |TAMS 0x76d00000, 0x76c00000| Complete 
|  51|0x76d00000, 0x76e00000, 0x76e00000|100%|HC|  |TAMS 0x76e00000, 0x76d00000| Complete 
|  52|0x76e00000, 0x76f00000, 0x76f00000|100%| O|  |TAMS 0x76f00000, 0x76e00000| Untracked 
|  53|0x76f00000, 0x77000000, 0x77000000|100%|HS|  |TAMS 0x77000000, 0x76f00000| Complete 
|  54|0x77000000, 0x77100000, 0x77100000|100%|HC|  |TAMS 0x77100000, 0x77000000| Complete 
|  55|0x77100000, 0x77200000, 0x77200000|100%|HC|  |TAMS 0x77200000, 0x77100000| Complete 
|  56|0x77200000, 0x77300000, 0x77300000|100%|HS|  |TAMS 0x77300000, 0x77200000| Complete 
|  57|0x77300000, 0x77400000, 0x77400000|100%|HC|  |TAMS 0x77400000, 0x77300000| Complete 
|  58|0x77400000, 0x77500000, 0x77500000|100%|HC|  |TAMS 0x77500000, 0x77400000| Complete 
|  59|0x77500000, 0x77600000, 0x77600000|100%|HS|  |TAMS 0x77600000, 0x77500000| Complete 
|  60|0x77600000, 0x77700000, 0x77700000|100%|HC|  |TAMS 0x77700000, 0x77600000| Complete 
|  61|0x77700000, 0x77800000, 0x77800000|100%|HC|  |TAMS 0x77800000, 0x77700000| Complete 
|  62|0x77800000, 0x77900000, 0x77900000|100%|HS|  |TAMS 0x77900000, 0x77800000| Complete 
|  63|0x77900000, 0x77a00000, 0x77a00000|100%|HC|  |TAMS 0x77a00000, 0x77900000| Complete 
|  64|0x77a00000, 0x77b00000, 0x77b00000|100%|HC|  |TAMS 0x77b00000, 0x77a00000| Complete 
|  65|0x77b00000, 0x77c00000, 0x77c00000|100%| O|  |TAMS 0x77c00000, 0x77b00000| Untracked 
|  66|0x77c00000, 0x77d00000, 0x77d00000|100%| O|  |TAMS 0x77d00000, 0x77c00000| Untracked 
|  67|0x77d00000, 0x77e00000, 0x77e00000|100%| O|  |TAMS 0x77e00000, 0x77d00000| Untracked 
|  68|0x77e00000, 0x77f00000, 0x77f00000|100%| O|  |TAMS 0x77f00000, 0x77e00000| Untracked 
|  69|0x77f00000, 0x78000000, 0x78000000|100%|HS|  |TAMS 0x78000000, 0x77f00000| Complete 
|  70|0x78000000, 0x78100000, 0x78100000|100%|HC|  |TAMS 0x78100000, 0x78000000| Complete 
|  71|0x78100000, 0x78200000, 0x78200000|100%|HC|  |TAMS 0x78200000, 0x78100000| Complete 
|  72|0x78200000, 0x78300000, 0x78300000|100%|HS|  |TAMS 0x78300000, 0x78200000| Complete 
|  73|0x78300000, 0x78400000, 0x78400000|100%|HC|  |TAMS 0x78400000, 0x78300000| Complete 
|  74|0x78400000, 0x78500000, 0x78500000|100%|HC|  |TAMS 0x78500000, 0x78400000| Complete 
|  75|0x78500000, 0x78600000, 0x78600000|100%|HS|  |TAMS 0x78600000, 0x78500000| Complete 
|  76|0x78600000, 0x78700000, 0x78700000|100%|HC|  |TAMS 0x78700000, 0x78600000| Complete 
|  77|0x78700000, 0x78800000, 0x78800000|100%|HS|  |TAMS 0x78800000, 0x78700000| Complete 
|  78|0x78800000, 0x78900000, 0x78900000|100%|HC|  |TAMS 0x78900000, 0x78800000| Complete 
|  79|0x78900000, 0x78a00000, 0x78a00000|100%|HC|  |TAMS 0x78a00000, 0x78900000| Complete 
|  80|0x78a00000, 0x78b00000, 0x78b00000|100%|HS|  |TAMS 0x78b00000, 0x78a00000| Complete 
|  81|0x78b00000, 0x78c00000, 0x78c00000|100%|HC|  |TAMS 0x78c00000, 0x78b00000| Complete 
|  82|0x78c00000, 0x78d00000, 0x78d00000|100%|HC|  |TAMS 0x78d00000, 0x78c00000| Complete 
|  83|0x78d00000, 0x78e00000, 0x78e00000|100%|HS|  |TAMS 0x78e00000, 0x78d00000| Complete 
|  84|0x78e00000, 0x78f00000, 0x78f00000|100%|HC|  |TAMS 0x78f00000, 0x78e00000| Complete 
|  85|0x78f00000, 0x79000000, 0x79000000|100%|HC|  |TAMS 0x79000000, 0x78f00000| Complete 
|  86|0x79000000, 0x79100000, 0x79100000|100%|HS|  |TAMS 0x79100000, 0x79000000| Complete 
|  87|0x79100000, 0x79200000, 0x79200000|100%|HC|  |TAMS 0x79200000, 0x79100000| Complete 
|  88|0x79200000, 0x79300000, 0x79300000|100%|HC|  |TAMS 0x79300000, 0x79200000| Complete 
|  89|0x79300000, 0x79400000, 0x79400000|100%|HC|  |TAMS 0x79400000, 0x79300000| Complete 
|  90|0x79400000, 0x79500000, 0x79500000|100%|HC|  |TAMS 0x79500000, 0x79400000| Complete 
|  91|0x79500000, 0x79600000, 0x79600000|100%|HC|  |TAMS 0x79600000, 0x79500000| Complete 
|  92|0x79600000, 0x79700000, 0x79700000|100%|HC|  |TAMS 0x79700000, 0x79600000| Complete 
|  93|0x79700000, 0x79800000, 0x79800000|100%|HC|  |TAMS 0x79800000, 0x79700000| Complete 
|  94|0x79800000, 0x79900000, 0x79900000|100%|HC|  |TAMS 0x79900000, 0x79800000| Complete 
|  95|0x79900000, 0x79a00000, 0x79a00000|100%|HC|  |TAMS 0x79a00000, 0x79900000| Complete 
|  96|0x79a00000, 0x79b00000, 0x79b00000|100%|HC|  |TAMS 0x79b00000, 0x79a00000| Complete 
|  97|0x79b00000, 0x79c00000, 0x79c00000|100%|HC|  |TAMS 0x79c00000, 0x79b00000| Complete 
|  98|0x79c00000, 0x79d00000, 0x79d00000|100%|HC|  |TAMS 0x79d00000, 0x79c00000| Complete 
|  99|0x79d00000, 0x79e00000, 0x79e00000|100%|HC|  |TAMS 0x79e00000, 0x79d00000| Complete 
| 100|0x79e00000, 0x79f00000, 0x79f00000|100%|HC|  |TAMS 0x79f00000, 0x79e00000| Complete 
| 101|0x79f00000, 0x7a000000, 0x7a000000|100%|HC|  |TAMS 0x7a000000, 0x79f00000| Complete 
| 102|0x7a000000, 0x7a100000, 0x7a100000|100%|HC|  |TAMS 0x7a100000, 0x7a000000| Complete 
| 103|0x7a100000, 0x7a200000, 0x7a200000|100%| O|  |TAMS 0x7a200000, 0x7a100000| Untracked 
| 104|0x7a200000, 0x7a300000, 0x7a300000|100%| O|  |TAMS 0x7a300000, 0x7a200000| Untracked 
| 105|0x7a300000, 0x7a400000, 0x7a400000|100%| O|  |TAMS 0x7a400000, 0x7a300000| Untracked 
| 106|0x7a400000, 0x7a500000, 0x7a500000|100%|HS|  |TAMS 0x7a500000, 0x7a400000| Complete 
| 107|0x7a500000, 0x7a600000, 0x7a600000|100%|HC|  |TAMS 0x7a600000, 0x7a500000| Complete 
| 108|0x7a600000, 0x7a700000, 0x7a700000|100%|HC|  |TAMS 0x7a700000, 0x7a600000| Complete 
| 109|0x7a700000, 0x7a800000, 0x7a800000|100%|HS|  |TAMS 0x7a800000, 0x7a700000| Complete 
| 110|0x7a800000, 0x7a900000, 0x7a900000|100%|HC|  |TAMS 0x7a900000, 0x7a800000| Complete 
| 111|0x7a900000, 0x7aa00000, 0x7aa00000|100%|HC|  |TAMS 0x7aa00000, 0x7a900000| Complete 
| 112|0x7aa00000, 0x7ab00000, 0x7ab00000|100%|HC|  |TAMS 0x7ab00000, 0x7aa00000| Complete 
| 113|0x7ab00000, 0x7ac00000, 0x7ac00000|100%|HC|  |TAMS 0x7ac00000, 0x7ab00000| Complete 
| 114|0x7ac00000, 0x7ad00000, 0x7ad00000|100%|HC|  |TAMS 0x7ad00000, 0x7ac00000| Complete 
| 115|0x7ad00000, 0x7ae00000, 0x7ae00000|100%|HC|  |TAMS 0x7ae00000, 0x7ad00000| Complete 
| 116|0x7ae00000, 0x7af00000, 0x7af00000|100%|HC|  |TAMS 0x7af00000, 0x7ae00000| Complete 
| 117|0x7af00000, 0x7b000000, 0x7b000000|100%|HC|  |TAMS 0x7b000000, 0x7af00000| Complete 
| 118|0x7b000000, 0x7b100000, 0x7b100000|100%|HC|  |TAMS 0x7b100000, 0x7b000000| Complete 
| 119|0x7b100000, 0x7b200000, 0x7b200000|100%|HC|  |TAMS 0x7b200000, 0x7b100000| Complete 
| 120|0x7b200000, 0x7b300000, 0x7b300000|100%|HC|  |TAMS 0x7b300000, 0x7b200000| Complete 
| 121|0x7b300000, 0x7b400000, 0x7b400000|100%|HC|  |TAMS 0x7b400000, 0x7b300000| Complete 
| 122|0x7b400000, 0x7b500000, 0x7b500000|100%|HC|  |TAMS 0x7b500000, 0x7b400000| Complete 
| 123|0x7b500000, 0x7b600000, 0x7b600000|100%|HC|  |TAMS 0x7b600000, 0x7b500000| Complete 
| 124|0x7b600000, 0x7b700000, 0x7b700000|100%|HC|  |TAMS 0x7b700000, 0x7b600000| Complete 
| 125|0x7b700000, 0x7b800000, 0x7b800000|100%|HC|  |TAMS 0x7b800000, 0x7b700000| Complete 
| 126|0x7b800000, 0x7b900000, 0x7b900000|100%|HC|  |TAMS 0x7b900000, 0x7b800000| Complete 
| 127|0x7b900000, 0x7ba00000, 0x7ba00000|100%| O|  |TAMS 0x7ba00000, 0x7b900000| Untracked 
| 128|0x7ba00000, 0x7bb00000, 0x7bb00000|100%|HS|  |TAMS 0x7bb00000, 0x7ba00000| Complete 
| 129|0x7bb00000, 0x7bc00000, 0x7bc00000|100%|HC|  |TAMS 0x7bc00000, 0x7bb00000| Complete 
| 130|0x7bc00000, 0x7bd00000, 0x7bd00000|100%|HS|  |TAMS 0x7bd00000, 0x7bc00000| Complete 
| 131|0x7bd00000, 0x7be00000, 0x7be00000|100%|HC|  |TAMS 0x7be00000, 0x7bd00000| Complete 
| 132|0x7be00000, 0x7bf00000, 0x7bf00000|100%|HC|  |TAMS 0x7bf00000, 0x7be00000| Complete 
| 133|0x7bf00000, 0x7c000000, 0x7c000000|100%| O|  |TAMS 0x7c000000, 0x7bf00000| Untracked 
| 134|0x7c000000, 0x7c100000, 0x7c100000|100%|HS|  |TAMS 0x7c100000, 0x7c000000| Complete 
| 135|0x7c100000, 0x7c200000, 0x7c200000|100%|HS|  |TAMS 0x7c200000, 0x7c100000| Complete 
| 136|0x7c200000, 0x7c300000, 0x7c300000|100%|HS|  |TAMS 0x7c300000, 0x7c200000| Complete 
| 137|0x7c300000, 0x7c400000, 0x7c400000|100%|HS|  |TAMS 0x7c400000, 0x7c300000| Complete 
| 138|0x7c400000, 0x7c500000, 0x7c500000|100%|HC|  |TAMS 0x7c500000, 0x7c400000| Complete 
| 139|0x7c500000, 0x7c600000, 0x7c600000|100%|HC|  |TAMS 0x7c600000, 0x7c500000| Complete 
| 140|0x7c600000, 0x7c700000, 0x7c700000|100%|HC|  |TAMS 0x7c700000, 0x7c600000| Complete 
| 141|0x7c700000, 0x7c800000, 0x7c800000|100%|HC|  |TAMS 0x7c800000, 0x7c700000| Complete 
| 142|0x7c800000, 0x7c900000, 0x7c900000|100%|HC|  |TAMS 0x7c900000, 0x7c800000| Complete 
| 143|0x7c900000, 0x7ca00000, 0x7ca00000|100%|HC|  |TAMS 0x7ca00000, 0x7c900000| Complete 
| 144|0x7ca00000, 0x7cb00000, 0x7cb00000|100%|HS|  |TAMS 0x7cb00000, 0x7ca00000| Complete 
| 145|0x7cb00000, 0x7cc00000, 0x7cc00000|100%|HC|  |TAMS 0x7cc00000, 0x7cb00000| Complete 
| 146|0x7cc00000, 0x7cd00000, 0x7cd00000|100%|HC|  |TAMS 0x7cd00000, 0x7cc00000| Complete 
| 147|0x7cd00000, 0x7ce00000, 0x7ce00000|100%|HC|  |TAMS 0x7ce00000, 0x7cd00000| Complete 
| 148|0x7ce00000, 0x7cf00000, 0x7cf00000|100%|HC|  |TAMS 0x7cf00000, 0x7ce00000| Complete 
| 149|0x7cf00000, 0x7d000000, 0x7d000000|100%|HC|  |TAMS 0x7d000000, 0x7cf00000| Complete 
| 150|0x7d000000, 0x7d100000, 0x7d100000|100%|HC|  |TAMS 0x7d100000, 0x7d000000| Complete 
| 151|0x7d100000, 0x7d200000, 0x7d200000|100%|HC|  |TAMS 0x7d200000, 0x7d100000| Complete 
| 152|0x7d200000, 0x7d300000, 0x7d300000|100%|HC|  |TAMS 0x7d300000, 0x7d200000| Complete 
| 153|0x7d300000, 0x7d400000, 0x7d400000|100%|HC|  |TAMS 0x7d400000, 0x7d300000| Complete 
| 154|0x7d400000, 0x7d500000, 0x7d500000|100%|HC|  |TAMS 0x7d500000, 0x7d400000| Complete 
| 155|0x7d500000, 0x7d600000, 0x7d600000|100%|HC|  |TAMS 0x7d600000, 0x7d500000| Complete 
| 156|0x7d600000, 0x7d700000, 0x7d700000|100%|HC|  |TAMS 0x7d700000, 0x7d600000| Complete 
| 157|0x7d700000, 0x7d800000, 0x7d800000|100%|HC|  |TAMS 0x7d800000, 0x7d700000| Complete 
| 158|0x7d800000, 0x7d900000, 0x7d900000|100%|HC|  |TAMS 0x7d900000, 0x7d800000| Complete 
| 159|0x7d900000, 0x7da00000, 0x7da00000|100%|HC|  |TAMS 0x7da00000, 0x7d900000| Complete 
| 160|0x7da00000, 0x7db00000, 0x7db00000|100%|HC|  |TAMS 0x7db00000, 0x7da00000| Complete 
| 161|0x7db00000, 0x7dc00000, 0x7dc00000|100%|HC|  |TAMS 0x7dc00000, 0x7db00000| Complete 
| 162|0x7dc00000, 0x7dd00000, 0x7dd00000|100%|HC|  |TAMS 0x7dd00000, 0x7dc00000| Complete 
| 163|0x7dd00000, 0x7de00000, 0x7de00000|100%|HC|  |TAMS 0x7de00000, 0x7dd00000| Complete 
| 164|0x7de00000, 0x7df00000, 0x7df00000|100%|HC|  |TAMS 0x7df00000, 0x7de00000| Complete 
| 165|0x7df00000, 0x7e000000, 0x7e000000|100%|HC|  |TAMS 0x7e000000, 0x7df00000| Complete 
| 166|0x7e000000, 0x7e100000, 0x7e100000|100%|HC|  |TAMS 0x7e100000, 0x7e000000| Complete 
| 167|0x7e100000, 0x7e200000, 0x7e200000|100%|HC|  |TAMS 0x7e200000, 0x7e100000| Complete 
| 168|0x7e200000, 0x7e300000, 0x7e300000|100%|HC|  |TAMS 0x7e300000, 0x7e200000| Complete 
| 169|0x7e300000, 0x7e400000, 0x7e400000|100%|HC|  |TAMS 0x7e400000, 0x7e300000| Complete 
| 170|0x7e400000, 0x7e500000, 0x7e500000|100%|HC|  |TAMS 0x7e500000, 0x7e400000| Complete 
| 171|0x7e500000, 0x7e600000, 0x7e600000|100%|HC|  |TAMS 0x7e600000, 0x7e500000| Complete 
| 172|0x7e600000, 0x7e700000, 0x7e700000|100%|HC|  |TAMS 0x7e700000, 0x7e600000| Complete 
| 173|0x7e700000, 0x7e800000, 0x7e800000|100%|HC|  |TAMS 0x7e800000, 0x7e700000| Complete 
| 174|0x7e800000, 0x7e900000, 0x7e900000|100%|HC|  |TAMS 0x7e900000, 0x7e800000| Complete 
| 175|0x7e900000, 0x7ea00000, 0x7ea00000|100%|HC|  |TAMS 0x7ea00000, 0x7e900000| Complete 
| 176|0x7ea00000, 0x7eb00000, 0x7eb00000|100%|HC|  |TAMS 0x7eb00000, 0x7ea00000| Complete 
| 177|0x7eb00000, 0x7ec00000, 0x7ec00000|100%|HC|  |TAMS 0x7ec00000, 0x7eb00000| Complete 
| 178|0x7ec00000, 0x7ed00000, 0x7ed00000|100%|HC|  |TAMS 0x7ed00000, 0x7ec00000| Complete 
| 179|0x7ed00000, 0x7ee00000, 0x7ee00000|100%|HC|  |TAMS 0x7ee00000, 0x7ed00000| Complete 
| 180|0x7ee00000, 0x7ef00000, 0x7ef00000|100%|HC|  |TAMS 0x7ef00000, 0x7ee00000| Complete 
| 181|0x7ef00000, 0x7f000000, 0x7f000000|100%|HC|  |TAMS 0x7f000000, 0x7ef00000| Complete 
| 182|0x7f000000, 0x7f100000, 0x7f100000|100%|HC|  |TAMS 0x7f100000, 0x7f000000| Complete 
| 183|0x7f100000, 0x7f200000, 0x7f200000|100%|HC|  |TAMS 0x7f200000, 0x7f100000| Complete 
| 184|0x7f200000, 0x7f300000, 0x7f300000|100%|HC|  |TAMS 0x7f300000, 0x7f200000| Complete 
| 185|0x7f300000, 0x7f400000, 0x7f400000|100%|HC|  |TAMS 0x7f400000, 0x7f300000| Complete 
| 186|0x7f400000, 0x7f500000, 0x7f500000|100%|HS|  |TAMS 0x7f500000, 0x7f400000| Complete 
| 187|0x7f500000, 0x7f600000, 0x7f600000|100%|HS|  |TAMS 0x7f600000, 0x7f500000| Complete 
| 188|0x7f600000, 0x7f700000, 0x7f700000|100%|HS|  |TAMS 0x7f700000, 0x7f600000| Complete 
| 189|0x7f700000, 0x7f800000, 0x7f800000|100%| O|  |TAMS 0x7f700000, 0x7f700000| Untracked 
| 190|0x7f800000, 0x7f900000, 0x7f900000|100%| O|  |TAMS 0x7f8d5e00, 0x7f800000| Untracked 
| 191|0x7f900000, 0x7f900000, 0x7fa00000|  0%| F|  |TAMS 0x7f900000, 0x7f900000| Untracked 
| 192|0x7fa00000, 0x7fa00000, 0x7fb00000|  0%| F|  |TAMS 0x7fa00000, 0x7fa00000| Untracked 
| 193|0x7fb00000, 0x7fc00000, 0x7fc00000|100%| S|CS|TAMS 0x7fb00000, 0x7fb00000| Complete 
| 194|0x7fc00000, 0x7fc00000, 0x7fd00000|  0%| F|  |TAMS 0x7fc00000, 0x7fc00000| Untracked 
| 195|0x7fd00000, 0x7fd00000, 0x7fe00000|  0%| F|  |TAMS 0x7fd00000, 0x7fd00000| Untracked 
| 196|0x7fe00000, 0x7fea2768, 0x7ff00000| 63%| E|  |TAMS 0x7fe00000, 0x7fe00000| Complete 
| 197|0x7ff00000, 0x80000000, 0x80000000|100%| E|CS|TAMS 0x7ff00000, 0x7ff00000| Complete 
| 198|0x80000000, 0x80100000, 0x80100000|100%| E|CS|TAMS 0x80000000, 0x80000000| Complete 
| 199|0x80100000, 0x80200000, 0x80200000|100%| E|CS|TAMS 0x80100000, 0x80100000| Complete 
| 200|0x80200000, 0x80300000, 0x80300000|100%| E|CS|TAMS 0x80200000, 0x80200000| Complete 
| 201|0x80300000, 0x80400000, 0x80400000|100%| E|CS|TAMS 0x80300000, 0x80300000| Complete 
| 202|0x80400000, 0x8048b800, 0x80500000| 54%| O|  |TAMS 0x80400000, 0x80400000| Untracked 
| 203|0x80500000, 0x805ba0c0, 0x80600000| 72%| S|CS|TAMS 0x80500000, 0x80500000| Complete 

Card table byte_map: [0x73600000,0x73800000] _byte_map_base: 0x73263000

Marking Bits (Prev, Next): (CMBitMap*) 0xb5e7576c, (CMBitMap*) 0xb5e75788
 Prev Bits: [0x72400000, 0x73400000)
 Next Bits: [0x71400000, 0x72400000)

Polling page: 0xb6f0a000

Metaspace:

Usage:
   14.60 MB capacity,    14.35 MB ( 98%) used,   160.74 KB (  1%) free+waste,    94.41 KB ( <1%) overhead. 

Virtual space:
     15.30 MB reserved,      14.65 MB ( 96%) committed 

Chunk freelists:
0 bytes

MaxMetaspaceSize: unlimited
No class space
Initial GC threshold: 16.00 MB
Current GC threshold: 23.58 MB
CDS: off

CodeCache: size=32768Kb used=1511Kb max_used=1525Kb free=31256Kb
 bounds [0xb3c15000, 0xb3d95000, 0xb5c15000]
 total_blobs=968 nmethods=694 adapters=227
 compilation: enabled
              stopped_count=0, restarted_count=0
 full_count=0

Compilation events (20 events):
Event: 35.340 Thread 0x6cd41800 nmethod 684 0xb3d86688 code [0xb3d86790, 0xb3d86868]
Event: 35.340 Thread 0x6cd41800  685             javax.swing.MultiUIDefaults::get (67 bytes)
Event: 35.344 Thread 0x70647400 nmethod 681 0xb3d87f88 code [0xb3d880b0, 0xb3d88560]
Event: 35.344 Thread 0x70647400  686   !         java.awt.Component::firePropertyChange (59 bytes)
Event: 35.357 Thread 0x70647400 nmethod 686 0xb3d87608 code [0xb3d87720, 0xb3d87d3c]
Event: 35.357 Thread 0x70647400  687   !         javax.swing.UIManager::getLAFState (61 bytes)
Event: 35.359 Thread 0x70647400 nmethod 687 0xb3d87008 code [0xb3d87120, 0xb3d87218]
Event: 35.363 Thread 0x6cd41800 nmethod 685 0xb3d8c388 code [0xb3d8c500, 0xb3d8cf64]
Event: 35.407 Thread 0x70647400  688             sun.java2d.loops.ProcessPath::FillPolygon (675 bytes)
Event: 35.411 Thread 0x6cd41800  689             java.util.IdentityHashMap::clear (39 bytes)
Event: 35.419 Thread 0x6cd41800 nmethod 689 0xb3d8a608 code [0xb3d8a700, 0xb3d8a96c]
Event: 35.481 Thread 0x70647400 nmethod 688 0xb3d90d88 code [0xb3d90f50, 0xb3d93078]
Event: 37.137 Thread 0x6cd41800  690             sun.font.GlyphList::getNumGlyphs (5 bytes)
Event: 37.138 Thread 0x6cd41800 nmethod 690 0xb3d8a188 code [0xb3d8a280, 0xb3d8a2dc]
Event: 38.812 Thread 0x70647400  691             sun.awt.X11.XWindow::getModifiers (263 bytes)
Event: 38.824 Thread 0x70647400 nmethod 691 0xb3d8bd08 code [0xb3d8be30, 0xb3d8c124]
Event: 39.020 Thread 0x70647400  692             sun.util.logging.PlatformLogger::finest (18 bytes)
Event: 39.029 Thread 0x70647400 nmethod 692 0xb3d8b608 code [0xb3d8b750, 0xb3d8b998]
Event: 41.354 Thread 0x70647400  694             java.lang.reflect.Modifier::isStatic (13 bytes)
Event: 41.355 Thread 0x70647400 nmethod 694 0xb3d8b008 code [0xb3d8b100, 0xb3d8b14c]

GC Heap History (20 events):
Event: 8.266 GC heap before
{Heap before GC invocations=92 (full 0):
 garbage-first heap   total 202752K, used 201795K [0x73a00000, 0xb3a00000)
  region size 1024K, 9 young (9216K), 1 survivors (1024K)
 Metaspace       used 12132K, capacity 12324K, committed 12440K, reserved 12592K
}
Event: 8.269 GC heap after
{Heap after GC invocations=93 (full 0):
 garbage-first heap   total 204800K, used 193614K [0x73a00000, 0xb3a00000)
  region size 1024K, 1 young (1024K), 1 survivors (1024K)
 Metaspace       used 12132K, capacity 12324K, committed 12440K, reserved 12592K
}
Event: 8.325 GC heap before
{Heap before GC invocations=94 (full 0):
 garbage-first heap   total 204800K, used 202830K [0x73a00000, 0xb3a00000)
  region size 1024K, 10 young (10240K), 1 survivors (1024K)
 Metaspace       used 12132K, capacity 12324K, committed 12440K, reserved 12592K
}
Event: 8.327 GC heap after
{Heap after GC invocations=95 (full 0):
 garbage-first heap   total 204800K, used 193605K [0x73a00000, 0xb3a00000)
  region size 1024K, 1 young (1024K), 1 survivors (1024K)
 Metaspace       used 12132K, capacity 12324K, committed 12440K, reserved 12592K
}
Event: 8.375 GC heap before
{Heap before GC invocations=95 (full 0):
 garbage-first heap   total 204800K, used 202821K [0x73a00000, 0xb3a00000)
  region size 1024K, 10 young (10240K), 1 survivors (1024K)
 Metaspace       used 12132K, capacity 12324K, committed 12440K, reserved 12592K
}
Event: 8.377 GC heap after
{Heap after GC invocations=96 (full 0):
 garbage-first heap   total 204800K, used 193601K [0x73a00000, 0xb3a00000)
  region size 1024K, 1 young (1024K), 1 survivors (1024K)
 Metaspace       used 12132K, capacity 12324K, committed 12440K, reserved 12592K
}
Event: 8.429 GC heap before
{Heap before GC invocations=97 (full 0):
 garbage-first heap   total 204800K, used 202817K [0x73a00000, 0xb3a00000)
  region size 1024K, 10 young (10240K), 1 survivors (1024K)
 Metaspace       used 12132K, capacity 12324K, committed 12440K, reserved 12592K
}
Event: 8.431 GC heap after
{Heap after GC invocations=98 (full 0):
 garbage-first heap   total 204800K, used 193600K [0x73a00000, 0xb3a00000)
  region size 1024K, 1 young (1024K), 1 survivors (1024K)
 Metaspace       used 12132K, capacity 12324K, committed 12440K, reserved 12592K
}
Event: 8.479 GC heap before
{Heap before GC invocations=98 (full 0):
 garbage-first heap   total 204800K, used 202816K [0x73a00000, 0xb3a00000)
  region size 1024K, 10 young (10240K), 1 survivors (1024K)
 Metaspace       used 12132K, capacity 12324K, committed 12440K, reserved 12592K
}
Event: 8.482 GC heap after
{Heap after GC invocations=99 (full 0):
 garbage-first heap   total 204800K, used 193602K [0x73a00000, 0xb3a00000)
  region size 1024K, 1 young (1024K), 1 survivors (1024K)
 Metaspace       used 12132K, capacity 12324K, committed 12440K, reserved 12592K
}
Event: 8.534 GC heap before
{Heap before GC invocations=100 (full 0):
 garbage-first heap   total 204800K, used 202818K [0x73a00000, 0xb3a00000)
  region size 1024K, 10 young (10240K), 1 survivors (1024K)
 Metaspace       used 12132K, capacity 12324K, committed 12440K, reserved 12592K
}
Event: 8.536 GC heap after
{Heap after GC invocations=101 (full 0):
 garbage-first heap   total 204800K, used 193601K [0x73a00000, 0xb3a00000)
  region size 1024K, 1 young (1024K), 1 survivors (1024K)
 Metaspace       used 12132K, capacity 12324K, committed 12440K, reserved 12592K
}
Event: 8.585 GC heap before
{Heap before GC invocations=101 (full 0):
 garbage-first heap   total 204800K, used 202817K [0x73a00000, 0xb3a00000)
  region size 1024K, 10 young (10240K), 1 survivors (1024K)
 Metaspace       used 12132K, capacity 12324K, committed 12440K, reserved 12592K
}
Event: 8.587 GC heap after
{Heap after GC invocations=102 (full 0):
 garbage-first heap   total 204800K, used 193601K [0x73a00000, 0xb3a00000)
  region size 1024K, 1 young (1024K), 1 survivors (1024K)
 Metaspace       used 12132K, capacity 12324K, committed 12440K, reserved 12592K
}
Event: 9.617 GC heap before
{Heap before GC invocations=103 (full 0):
 garbage-first heap   total 204800K, used 202817K [0x73a00000, 0xb3a00000)
  region size 1024K, 10 young (10240K), 1 survivors (1024K)
 Metaspace       used 13861K, capacity 14136K, committed 14232K, reserved 14640K
}
Event: 9.630 GC heap after
{Heap after GC invocations=104 (full 0):
 garbage-first heap   total 206848K, used 194549K [0x73a00000, 0xb3a00000)
  region size 1024K, 2 young (2048K), 2 survivors (2048K)
 Metaspace       used 13861K, capacity 14136K, committed 14232K, reserved 14640K
}
Event: 10.413 GC heap before
{Heap before GC invocations=104 (full 0):
 garbage-first heap   total 206848K, used 202741K [0x73a00000, 0xb3a00000)
  region size 1024K, 10 young (10240K), 2 survivors (2048K)
 Metaspace       used 14110K, capacity 14360K, committed 14488K, reserved 14640K
}
Event: 10.427 GC heap after
{Heap after GC invocations=105 (full 0):
 garbage-first heap   total 206848K, used 196439K [0x73a00000, 0xb3a00000)
  region size 1024K, 2 young (2048K), 2 survivors (2048K)
 Metaspace       used 14110K, capacity 14360K, committed 14488K, reserved 14640K
}
Event: 11.663 GC heap before
{Heap before GC invocations=106 (full 0):
 garbage-first heap   total 206848K, used 204631K [0x73a00000, 0xb3a00000)
  region size 1024K, 10 young (10240K), 2 survivors (2048K)
 Metaspace       used 14399K, capacity 14650K, committed 14744K, reserved 15664K
}
Event: 11.677 GC heap after
{Heap after GC invocations=107 (full 0):
 garbage-first heap   total 208896K, used 197910K [0x73a00000, 0xb3a00000)
  region size 1024K, 2 young (2048K), 2 survivors (2048K)
 Metaspace       used 14399K, capacity 14650K, committed 14744K, reserved 15664K
}

Deoptimization events (20 events):
Event: 33.612 Thread 0x6f254800 Uncommon trap: trap_request=0xffffffde fr.pc=0xb3d818a4 relative=0x000000f4
Event: 33.612 Thread 0x6f254800 Uncommon trap: reason=class_check action=maybe_recompile pc=0xb3d818a4 method=sun.util.logging.PlatformLogger.finest(Ljava/lang/String;)V @ 12 c2
Event: 33.612 Thread 0x6f254800 DEOPT PACKING pc=0xb3d818a4 sp=0x6d4e8968
Event: 33.612 Thread 0x6f254800 DEOPT UNPACKING pc=0xb3c44bfc sp=0x6d4e894c mode 2
Event: 41.315 Thread 0x69088400 Uncommon trap: trap_request=0xffffffde fr.pc=0xb3d355e8 relative=0x00000d78
Event: 41.315 Thread 0x69088400 Uncommon trap: reason=class_check action=maybe_recompile pc=0xb3d355e8 method=java.util.concurrent.ConcurrentHashMap.putVal(Ljava/lang/Object;Ljava/lang/Object;Z)Ljava/lang/Object; @ 159 c2
Event: 41.316 Thread 0x69088400 DEOPT PACKING pc=0xb3d355e8 sp=0x6c3142b0
Event: 41.316 Thread 0x69088400 DEOPT UNPACKING pc=0xb3c44bfc sp=0x6c314280 mode 2
Event: 41.329 Thread 0x6c9a2c00 Uncommon trap: trap_request=0xffffffde fr.pc=0xb3d3562c relative=0x00000dbc
Event: 41.329 Thread 0x6c9a2c00 Uncommon trap: reason=class_check action=maybe_recompile pc=0xb3d3562c method=java.util.concurrent.ConcurrentHashMap.putVal(Ljava/lang/Object;Ljava/lang/Object;Z)Ljava/lang/Object; @ 242 c2
Event: 41.329 Thread 0x6c9a2c00 DEOPT PACKING pc=0xb3d3562c sp=0x6c363b78
Event: 41.330 Thread 0x6c9a2c00 DEOPT UNPACKING pc=0xb3c44bfc sp=0x6c363b40 mode 2
Event: 41.331 Thread 0x69088400 Uncommon trap: trap_request=0xffffffde fr.pc=0xb3d3562c relative=0x00000dbc
Event: 41.331 Thread 0x69088400 Uncommon trap: reason=class_check action=maybe_recompile pc=0xb3d3562c method=java.util.concurrent.ConcurrentHashMap.putVal(Ljava/lang/Object;Ljava/lang/Object;Z)Ljava/lang/Object; @ 242 c2
Event: 41.331 Thread 0x69088400 DEOPT PACKING pc=0xb3d3562c sp=0x6c313ef0
Event: 41.331 Thread 0x69088400 DEOPT UNPACKING pc=0xb3c44bfc sp=0x6c313ea8 mode 2
Event: 41.333 Thread 0x69088400 Uncommon trap: trap_request=0xffffffde fr.pc=0xb3d355e8 relative=0x00000d78
Event: 41.333 Thread 0x69088400 Uncommon trap: reason=class_check action=maybe_recompile pc=0xb3d355e8 method=java.util.concurrent.ConcurrentHashMap.putVal(Ljava/lang/Object;Ljava/lang/Object;Z)Ljava/lang/Object; @ 159 c2
Event: 41.333 Thread 0x69088400 DEOPT PACKING pc=0xb3d355e8 sp=0x6c313d70
Event: 41.333 Thread 0x69088400 DEOPT UNPACKING pc=0xb3c44bfc sp=0x6c313d40 mode 2

Classes redefined (0 events):
No events

Internal exceptions (20 events):
Event: 6.927 Thread 0x6f259000 Exception <a 'java/lang/NoSuchMethodError'{0x7ca7a728}: 'java.lang.Object java.lang.invoke.DelegatingMethodHandle$Holder.reinvoke_L(java.lang.Object, int, int, int, java.lang.Object, java.lang.Object)'> (0x7ca7a728) thrown at [./src/hotspot/share/interpreter/linkResolver.cpp, line 772]
Event: 6.930 Thread 0x6f259000 Exception <a 'java/lang/NoSuchMethodError'{0x7ca8ab88}: 'java.lang.Object java.lang.invoke.DirectMethodHandle$Holder.invokeSpecial(java.lang.Object, java.lang.Object, int, java.lang.Object, java.lang.Object)'> (0x7ca8ab88) thrown at [./src/hotspot/share/interpreter/linkResolver.cpp, line 772]
Event: 6.931 Thread 0x6f259000 Exception <a 'java/lang/NoSuchMethodError'{0x7ca8e2e0}: 'java.lang.Object java.lang.invoke.Invokers$Holder.linkToTargetMethod(int, java.lang.Object, java.lang.Object, java.lang.Object)'> (0x7ca8e2e0) thrown at [./src/hotspot/share/interpreter/linkResolver.cpp, line 772]
Event: 6.957 Thread 0x6f259000 Exception <a 'java/lang/NoSuchMethodError'{0x7caeee18}: 'java.lang.Object java.lang.invoke.DirectMethodHandle$Holder.invokeSpecial(java.lang.Object, java.lang.Object, int, int, java.lang.Object, int, java.lang.Object)'> (0x7caeee18) thrown at [./src/hotspot/share/interpreter/linkResolver.cpp, line 772]
Event: 6.957 Thread 0x6f259000 Exception <a 'java/lang/NoSuchMethodError'{0x7caf2460}: 'java.lang.Object java.lang.invoke.DelegatingMethodHandle$Holder.reinvoke_L(java.lang.Object, int, int, java.lang.Object, int, java.lang.Object)'> (0x7caf2460) thrown at [./src/hotspot/share/interpreter/linkResolver.cpp, line 772]
Event: 6.962 Thread 0x6f259000 Exception <a 'java/lang/NoSuchMethodError'{0x7c203250}: 'java.lang.Object java.lang.invoke.DirectMethodHandle$Holder.invokeSpecial(java.lang.Object, java.lang.Object, java.lang.Object, int, java.lang.Object)'> (0x7c203250) thrown at [./src/hotspot/share/interpreter/linkResolver.cpp, line 772]
Event: 6.963 Thread 0x6f259000 Exception <a 'java/lang/NoSuchMethodError'{0x7c2069c8}: 'java.lang.Object java.lang.invoke.Invokers$Holder.linkToTargetMethod(java.lang.Object, int, java.lang.Object, java.lang.Object)'> (0x7c2069c8) thrown at [./src/hotspot/share/interpreter/linkResolver.cpp, line 772]
Event: 8.686 Thread 0x6f259000 Exception <a 'java/lang/NoSuchMethodError'{0x7fd87528}: 'void java.lang.invoke.DirectMethodHandle$Holder.invokeStaticInit(java.lang.Object)'> (0x7fd87528) thrown at [./src/hotspot/share/interpreter/linkResolver.cpp, line 772]
Event: 9.267 Thread 0x6f259000 Exception <a 'java/lang/NoSuchMethodError'{0x7fc93568}: 'java.lang.Object java.lang.invoke.DirectMethodHandle$Holder.invokeSpecial(java.lang.Object, java.lang.Object, int, int, java.lang.Object, java.lang.Object, java.lang.Object, java.lang.Object, java.lang.Object)'> (0x7fc93568) thrown at [./src/hotspot/share/interpreter/linkResolver.cpp, line 772]
Event: 9.268 Thread 0x6f259000 Exception <a 'java/lang/NoSuchMethodError'{0x7fc97688}: 'java.lang.Object java.lang.invoke.DelegatingMethodHandle$Holder.reinvoke_L(java.lang.Object, int, int, java.lang.Object, java.lang.Object, java.lang.Object, java.lang.Object, java.lang.Object)'> (0x7fc97688) thrown at [./src/hotspot/share/interpreter/linkResolver.cpp, line 772]
Event: 9.284 Thread 0x6f259000 Exception <a 'java/lang/NoSuchMethodError'{0x7fce68d8}: 'java.lang.Object java.lang.invoke.DirectMethodHandle$Holder.invokeStatic(java.lang.Object, java.lang.Object, java.lang.Object, java.lang.Object, java.lang.Object, java.lang.Object, java.lang.Object, java.lang.Object, java.lang.Object, java.lang.Object, int, int, java.lang.Object, java.lang.Object)'> (0x7fce68d8) thrown at [./src/hotspot/share/interpreter/linkResolver.cpp, line 772]
Event: 9.290 Thread 0x6f259000 Exception <a 'java/lang/NoSuchMethodError'{0x7fb09a70}: 'java.lang.Object java.lang.invoke.DirectMethodHandle$Holder.invokeStatic(java.lang.Object, java.lang.Object, java.lang.Object, java.lang.Object, java.lang.Object, java.lang.Object, java.lang.Object, java.lang.Object, java.lang.Object, java.lang.Object, int, int, java.lang.Object, java.lang.Object, java.lang.Object)'> (0x7fb09a70) thrown at [./src/hotspot/share/interpreter/linkResolver.cpp, line 772]
Event: 9.301 Thread 0x6f259000 Exception <a 'java/lang/NoSuchMethodError'{0x7fb3e5c8}: 'java.lang.Object java.lang.invoke.Invokers$Holder.linkToTargetMethod(java.lang.Object, java.lang.Object, java.lang.Object, java.lang.Object, java.lang.Object, java.lang.Object)'> (0x7fb3e5c8) thrown at [./src/hotspot/share/interpreter/linkResolver.cpp, line 772]
Event: 9.333 Thread 0x6f259000 Exception <a 'java/lang/NoSuchMethodError'{0x7fba8360}: 'java.lang.Object java.lang.invoke.DirectMethodHandle$Holder.invokeSpecial(java.lang.Object, java.lang.Object, int, int, java.lang.Object, java.lang.Object, java.lang.Object, java.lang.Object)'> (0x7fba8360) thrown at [./src/hotspot/share/interpreter/linkResolver.cpp, line 772]
Event: 9.334 Thread 0x6f259000 Exception <a 'java/lang/NoSuchMethodError'{0x7fbac028}: 'java.lang.Object java.lang.invoke.DelegatingMethodHandle$Holder.reinvoke_L(java.lang.Object, int, int, java.lang.Object, java.lang.Object, java.lang.Object, java.lang.Object)'> (0x7fbac028) thrown at [./src/hotspot/share/interpreter/linkResolver.cpp, line 772]
Event: 9.470 Thread 0x6f259000 Implicit null exception at 0xb3d28770 to 0xb3d29214
Event: 9.470 Thread 0x6f259000 Implicit null exception at 0xb3d28770 to 0xb3d29214
Event: 12.951 Thread 0x6c951c00 Implicit null exception at 0xb3d3c65c to 0xb3d3c81c
Event: 15.767 Thread 0x6f259000 Implicit null exception at 0xb3d128a8 to 0xb3d128f0
Event: 15.848 Thread 0x6c951c00 Implicit null exception at 0xb3d3c058 to 0xb3d3c238

Events (20 events):
Event: 41.352 Executing coalesced safepoint VM operation: RevokeBias
Event: 41.352 Executing coalesced safepoint VM operation: RevokeBias done
Event: 41.352 Protecting memory [0xb6f0a000,0xb6f0b000] with protection modes 1
Event: 41.352 Executing VM operation: BulkRevokeBias done
Event: 41.355 loading class com/pi4j/library/pigpio/impl/PiGpioBase
Event: 41.355 loading class com/pi4j/library/pigpio/impl/PiGpioBase done
Event: 41.355 loading class com/pi4j/library/pigpio/impl/PiGpioBase
Event: 41.355 loading class com/pi4j/library/pigpio/impl/PiGpioBase done
Event: 41.355 Executing VM operation: RevokeBias
Event: 41.355 Protecting memory [0xb6f0a000,0xb6f0b000] with protection modes 0
Event: 41.355 Protecting memory [0xb6f0a000,0xb6f0b000] with protection modes 1
Event: 41.355 Executing VM operation: RevokeBias done
Event: 41.357 loading class com/pi4j/library/pigpio/impl/PiGpioBase
Event: 41.357 loading class com/pi4j/library/pigpio/impl/PiGpioBase done
Event: 41.357 loading class com/pi4j/library/pigpio/impl/PiGpioBase
Event: 41.357 loading class com/pi4j/library/pigpio/impl/PiGpioBase done
Event: 41.358 loading class com/pi4j/library/pigpio/impl/PiGpioBase
Event: 41.358 loading class com/pi4j/library/pigpio/impl/PiGpioBase done
Event: 41.358 loading class com/pi4j/library/pigpio/impl/PiGpioBase
Event: 41.358 loading class com/pi4j/library/pigpio/impl/PiGpioBase done


Dynamic libraries:
00010000-00011000 r-xp 00000000 b3:02 383446     /usr/lib/jvm/java-11-openjdk-armhf/bin/java
00020000-00021000 r--p 00000000 b3:02 383446     /usr/lib/jvm/java-11-openjdk-armhf/bin/java
00021000-00022000 rw-p 00001000 b3:02 383446     /usr/lib/jvm/java-11-openjdk-armhf/bin/java
007f8000-008b9000 rw-p 00000000 00:00 0          [heap]
68b00000-68b60000 rw-p 00000000 00:00 0 
68b60000-68c00000 ---p 00000000 00:00 0 
68c00000-68d00000 rw-p 00000000 00:00 0 
68d21000-68d24000 ---p 00000000 00:00 0 
68d24000-68d71000 rw-p 00000000 00:00 0 
68d71000-69000000 r--s 00000000 b3:02 26699      /var/cache/fontconfig/d49871ed-13ec-4c8a-8c25-faac36ae279f-le32d8.cache-7
69000000-690ee000 rw-p 00000000 00:00 0 
690ee000-69100000 ---p 00000000 00:00 0 
69120000-69123000 ---p 00000000 00:00 0 
69123000-69170000 rw-p 00000000 00:00 0 
69170000-69173000 ---p 00000000 00:00 0 
69173000-691c0000 rw-p 00000000 00:00 0 
691c0000-691f8000 r--s 00000000 b3:02 26698      /var/cache/fontconfig/d9b9cb7a-afb2-4c5a-8eb5-302864e00ee6-le32d8.cache-7
69241000-69341000 rw-p 00000000 00:00 0 
69341000-6bc80000 rw-s 00000000 00:01 65597      /SYSV00000000 (deleted)
6bc80000-6bc83000 ---p 00000000 00:00 0 
6bc83000-6bd00000 rw-p 00000000 00:00 0 
6bd00000-6bdab000 rw-p 00000000 00:00 0 
6bdab000-6be00000 ---p 00000000 00:00 0 
6be00000-6bef2000 rw-p 00000000 00:00 0 
6bef2000-6bf00000 ---p 00000000 00:00 0 
6bf00000-6c000000 rw-p 00000000 00:00 0 
6c000000-6c0fd000 rw-p 00000000 00:00 0 
6c0fd000-6c100000 ---p 00000000 00:00 0 
6c144000-6c145000 ---p 00000000 00:00 0 
6c145000-6c2c6000 rw-p 00000000 00:00 0 
6c2c6000-6c2c9000 ---p 00000000 00:00 0 
6c2c9000-6c316000 rw-p 00000000 00:00 0 
6c316000-6c319000 ---p 00000000 00:00 0 
6c319000-6c466000 rw-p 00000000 00:00 0 
6c466000-6c467000 ---p 00000000 00:00 0 
6c467000-6c4a7000 rw-p 00000000 00:00 0 
6c900000-6ca00000 rw-p 00000000 00:00 0 
6ca1c000-6ca59000 r-xp 00000000 b3:02 6896       /usr/lib/libpigpio.so.1
6ca59000-6ca69000 ---p 0003d000 b3:02 6896       /usr/lib/libpigpio.so.1
6ca69000-6ca6a000 r--p 0003d000 b3:02 6896       /usr/lib/libpigpio.so.1
6ca6a000-6ca6c000 rw-p 0003e000 b3:02 6896       /usr/lib/libpigpio.so.1
6ca6c000-6cb00000 rw-p 00000000 00:00 0 
6cb00000-6cbf0000 rw-p 00000000 00:00 0 
6cbf0000-6cc00000 ---p 00000000 00:00 0 
6cc00000-6cc91000 rw-p 00000000 00:00 0 
6cc91000-6cd00000 ---p 00000000 00:00 0 
6cd00000-6cdff000 rw-p 00000000 00:00 0 
6cdff000-6ce00000 ---p 00000000 00:00 0 
6ce07000-6ce11000 r--s 00000000 b3:02 26683      /var/cache/fontconfig/8a3417c8-283a-44c3-bb2d-f71c6268eef5-le32d8.cache-7
6ce11000-6ce23000 r--s 00000000 b3:02 26692      /var/cache/fontconfig/2751fa01-115b-46e2-9c1c-08b35a671483-le32d8.cache-7
6cec8000-6cece000 r--s 00000000 b3:02 26700      /var/cache/fontconfig/83c2204c-249d-4a46-858d-88f356951df9-le32d8.cache-7
6cece000-6ced3000 r--s 00000000 b3:02 26696      /var/cache/fontconfig/308f41db-948e-422c-8df9-f7b6a847f5d6-le32d8.cache-7
6ced3000-6cedd000 r--s 00000000 b3:02 26690      /var/cache/fontconfig/3d431aec-86d7-4332-88bc-13739b09c69f-le32d8.cache-7
6cef4000-6cef5000 ---p 00000000 00:00 0 
6cef5000-6cf76000 rw-p 00000000 00:00 0 
6cf76000-6cf77000 ---p 00000000 00:00 0 
6cf77000-6cff8000 rw-p 00000000 00:00 0 
6cff8000-6cff9000 ---p 00000000 00:00 0 
6cff9000-6d07a000 rw-p 00000000 00:00 0 
6d07a000-6d07d000 ---p 00000000 00:00 0 
6d07d000-6d1fa000 rw-p 00000000 00:00 0 
6d1fa000-6d2fa000 rw-p 00000000 00:00 0 
6d2fa000-6d3fa000 rw-p 00000000 00:00 0 
6d3fa000-6d3fd000 ---p 00000000 00:00 0 
6d3fd000-6d44a000 rw-p 00000000 00:00 0 
6d44a000-6d44d000 ---p 00000000 00:00 0 
6d44d000-6d49a000 rw-p 00000000 00:00 0 
6d49a000-6d49d000 ---p 00000000 00:00 0 
6d49d000-6d4ea000 rw-p 00000000 00:00 0 
6d4ea000-6d4ed000 ---p 00000000 00:00 0 
6d4ed000-6d53a000 rw-p 00000000 00:00 0 
6d53a000-6d53e000 r-xp 00000000 b3:02 7064       /usr/lib/arm-linux-gnueabihf/libXfixes.so.3.1.0
6d53e000-6d54d000 ---p 00004000 b3:02 7064       /usr/lib/arm-linux-gnueabihf/libXfixes.so.3.1.0
6d54d000-6d54e000 r--p 00003000 b3:02 7064       /usr/lib/arm-linux-gnueabihf/libXfixes.so.3.1.0
6d54e000-6d54f000 rw-p 00004000 b3:02 7064       /usr/lib/arm-linux-gnueabihf/libXfixes.so.3.1.0
6d54f000-6d557000 r-xp 00000000 b3:02 7060       /usr/lib/arm-linux-gnueabihf/libXcursor.so.1.0.2
6d557000-6d566000 ---p 00008000 b3:02 7060       /usr/lib/arm-linux-gnueabihf/libXcursor.so.1.0.2
6d566000-6d567000 r--p 00007000 b3:02 7060       /usr/lib/arm-linux-gnueabihf/libXcursor.so.1.0.2
6d567000-6d568000 rw-p 00008000 b3:02 7060       /usr/lib/arm-linux-gnueabihf/libXcursor.so.1.0.2
6d56a000-6d570000 r--s 00000000 b3:02 26695      /var/cache/fontconfig/ee9433fa-b8c5-480c-8437-550867a3b45a-le32d8.cache-7
6d570000-6d57c000 r--s 00000000 b3:02 26688      /var/cache/fontconfig/98155356-0163-475d-ae90-3602a4cb076b-le32d8.cache-7
6d57c000-6d57d000 ---p 00000000 00:00 0 
6d57d000-6dd7d000 rw-p 00000000 00:00 0 
6dd7d000-6dd7e000 ---p 00000000 00:00 0 
6dd7e000-6e57e000 rw-p 00000000 00:00 0 
6e57e000-6e57f000 ---p 00000000 00:00 0 
6e57f000-6ed7f000 rw-p 00000000 00:00 0 
6ed7f000-6ed8a000 r-xp 00000000 b3:02 8322       /usr/lib/arm-linux-gnueabihf/gio/modules/libdconfsettings.so
6ed8a000-6ed99000 ---p 0000b000 b3:02 8322       /usr/lib/arm-linux-gnueabihf/gio/modules/libdconfsettings.so
6ed99000-6ed9a000 r--p 0000a000 b3:02 8322       /usr/lib/arm-linux-gnueabihf/gio/modules/libdconfsettings.so
6ed9a000-6ed9b000 rw-p 0000b000 b3:02 8322       /usr/lib/arm-linux-gnueabihf/gio/modules/libdconfsettings.so
6ed9b000-6edbd000 r--p 00000000 b3:02 192308     /usr/share/locale/es/LC_MESSAGES/glib20.mo
6edbd000-6ee46000 r-xp 00000000 b3:02 7587       /usr/lib/arm-linux-gnueabihf/libpcre2-8.so.0.10.1
6ee46000-6ee55000 ---p 00089000 b3:02 7587       /usr/lib/arm-linux-gnueabihf/libpcre2-8.so.0.10.1
6ee55000-6ee56000 r--p 00088000 b3:02 7587       /usr/lib/arm-linux-gnueabihf/libpcre2-8.so.0.10.1
6ee56000-6ee57000 rw-p 00089000 b3:02 7587       /usr/lib/arm-linux-gnueabihf/libpcre2-8.so.0.10.1
6ee57000-6ee9b000 r-xp 00000000 b3:02 7138       /usr/lib/arm-linux-gnueabihf/libblkid.so.1.1.0
6ee9b000-6eeaa000 ---p 00044000 b3:02 7138       /usr/lib/arm-linux-gnueabihf/libblkid.so.1.1.0
6eeaa000-6eead000 r--p 00043000 b3:02 7138       /usr/lib/arm-linux-gnueabihf/libblkid.so.1.1.0
6eead000-6eeae000 rw-p 00046000 b3:02 7138       /usr/lib/arm-linux-gnueabihf/libblkid.so.1.1.0
6eeae000-6eeb5000 r-xp 00000000 b3:02 7258       /usr/lib/arm-linux-gnueabihf/libffi.so.7.1.0
6eeb5000-6eec4000 ---p 00007000 b3:02 7258       /usr/lib/arm-linux-gnueabihf/libffi.so.7.1.0
6eec4000-6eec5000 r--p 00006000 b3:02 7258       /usr/lib/arm-linux-gnueabihf/libffi.so.7.1.0
6eec5000-6eec6000 rw-p 00007000 b3:02 7258       /usr/lib/arm-linux-gnueabihf/libffi.so.7.1.0
6eec6000-6eee9000 r-xp 00000000 b3:02 7666       /usr/lib/arm-linux-gnueabihf/libselinux.so.1
6eee9000-6eef8000 ---p 00023000 b3:02 7666       /usr/lib/arm-linux-gnueabihf/libselinux.so.1
6eef8000-6eef9000 r--p 00022000 b3:02 7666       /usr/lib/arm-linux-gnueabihf/libselinux.so.1
6eef9000-6eefa000 rw-p 00023000 b3:02 7666       /usr/lib/arm-linux-gnueabihf/libselinux.so.1
6eefa000-6eefb000 rw-p 00000000 00:00 0 
6eefb000-6ef4c000 r-xp 00000000 b3:02 7492       /usr/lib/arm-linux-gnueabihf/libmount.so.1.1.0
6ef4c000-6ef5b000 ---p 00051000 b3:02 7492       /usr/lib/arm-linux-gnueabihf/libmount.so.1.1.0
6ef5b000-6ef5d000 r--p 00050000 b3:02 7492       /usr/lib/arm-linux-gnueabihf/libmount.so.1.1.0
6ef5d000-6ef5e000 rw-p 00052000 b3:02 7492       /usr/lib/arm-linux-gnueabihf/libmount.so.1.1.0
6ef5e000-6f0ea000 r-xp 00000000 b3:02 7321       /usr/lib/arm-linux-gnueabihf/libgio-2.0.so.0.6600.8
6f0ea000-6f0fa000 ---p 0018c000 b3:02 7321       /usr/lib/arm-linux-gnueabihf/libgio-2.0.so.0.6600.8
6f0fa000-6f0fe000 r--p 0018c000 b3:02 7321       /usr/lib/arm-linux-gnueabihf/libgio-2.0.so.0.6600.8
6f0fe000-6f0ff000 rw-p 00190000 b3:02 7321       /usr/lib/arm-linux-gnueabihf/libgio-2.0.so.0.6600.8
6f0ff000-6f200000 rw-p 00000000 00:00 0 
6f200000-6f2fc000 rw-p 00000000 00:00 0 
6f2fc000-6f300000 ---p 00000000 00:00 0 
6f302000-6f304000 r--s 00000000 b3:02 26701      /var/cache/fontconfig/5bd99057-9bdf-4a0d-8647-bbe7fa23703e-le32d8.cache-7
6f304000-6f307000 r--s 00000000 b3:02 26694      /var/cache/fontconfig/bb206561-a442-4056-af3f-db512e4b7d6d-le32d8.cache-7
6f307000-6f309000 r--s 00000000 b3:02 26693      /var/cache/fontconfig/b7c3bf8f-85b6-4ea2-a994-cbfa392b96e4-le32d8.cache-7
6f309000-6f31b000 r-xp 00000000 b3:02 7643       /usr/lib/arm-linux-gnueabihf/libresolv-2.31.so
6f31b000-6f32a000 ---p 00012000 b3:02 7643       /usr/lib/arm-linux-gnueabihf/libresolv-2.31.so
6f32a000-6f32b000 r--p 00011000 b3:02 7643       /usr/lib/arm-linux-gnueabihf/libresolv-2.31.so
6f32b000-6f32c000 rw-p 00012000 b3:02 7643       /usr/lib/arm-linux-gnueabihf/libresolv-2.31.so
6f32c000-6f32e000 rw-p 00000000 00:00 0 
6f32e000-6f330000 r-xp 00000000 b3:02 7327       /usr/lib/arm-linux-gnueabihf/libgmodule-2.0.so.0.6600.8
6f330000-6f340000 ---p 00002000 b3:02 7327       /usr/lib/arm-linux-gnueabihf/libgmodule-2.0.so.0.6600.8
6f340000-6f341000 r--p 00002000 b3:02 7327       /usr/lib/arm-linux-gnueabihf/libgmodule-2.0.so.0.6600.8
6f341000-6f342000 rw-p 00003000 b3:02 7327       /usr/lib/arm-linux-gnueabihf/libgmodule-2.0.so.0.6600.8
6f342000-6f38c000 r-xp 00000000 b3:02 7333       /usr/lib/arm-linux-gnueabihf/libgobject-2.0.so.0.6600.8
6f38c000-6f39b000 ---p 0004a000 b3:02 7333       /usr/lib/arm-linux-gnueabihf/libgobject-2.0.so.0.6600.8
6f39b000-6f39d000 r--p 00049000 b3:02 7333       /usr/lib/arm-linux-gnueabihf/libgobject-2.0.so.0.6600.8
6f39d000-6f39e000 rw-p 0004b000 b3:02 7333       /usr/lib/arm-linux-gnueabihf/libgobject-2.0.so.0.6600.8
6f39e000-6f3a6000 r-xp 00000000 b3:02 7072       /usr/lib/arm-linux-gnueabihf/libXrandr.so.2.2.0
6f3a6000-6f3b5000 ---p 00008000 b3:02 7072       /usr/lib/arm-linux-gnueabihf/libXrandr.so.2.2.0
6f3b5000-6f3b6000 r--p 00007000 b3:02 7072       /usr/lib/arm-linux-gnueabihf/libXrandr.so.2.2.0
6f3b6000-6f3b7000 rw-p 00008000 b3:02 7072       /usr/lib/arm-linux-gnueabihf/libXrandr.so.2.2.0
6f3b7000-6f3d7000 r-xp 00000000 b3:02 7149       /usr/lib/arm-linux-gnueabihf/libbrotlicommon.so.1.0.9
6f3d7000-6f3e6000 ---p 00020000 b3:02 7149       /usr/lib/arm-linux-gnueabihf/libbrotlicommon.so.1.0.9
6f3e6000-6f3e7000 r--p 0001f000 b3:02 7149       /usr/lib/arm-linux-gnueabihf/libbrotlicommon.so.1.0.9
6f3e7000-6f3e8000 rw-p 00020000 b3:02 7149       /usr/lib/arm-linux-gnueabihf/libbrotlicommon.so.1.0.9
6f3e8000-6f44e000 r-xp 00000000 b3:02 7585       /usr/lib/arm-linux-gnueabihf/libpcre.so.3.13.3
6f44e000-6f45d000 ---p 00066000 b3:02 7585       /usr/lib/arm-linux-gnueabihf/libpcre.so.3.13.3
6f45d000-6f45e000 r--p 00065000 b3:02 7585       /usr/lib/arm-linux-gnueabihf/libpcre.so.3.13.3
6f45e000-6f45f000 rw-p 00066000 b3:02 7585       /usr/lib/arm-linux-gnueabihf/libpcre.so.3.13.3
6f45f000-6f469000 r-xp 00000000 b3:02 7151       /usr/lib/arm-linux-gnueabihf/libbrotlidec.so.1.0.9
6f469000-6f478000 ---p 0000a000 b3:02 7151       /usr/lib/arm-linux-gnueabihf/libbrotlidec.so.1.0.9
6f478000-6f479000 r--p 00009000 b3:02 7151       /usr/lib/arm-linux-gnueabihf/libbrotlidec.so.1.0.9
6f479000-6f47a000 rw-p 0000a000 b3:02 7151       /usr/lib/arm-linux-gnueabihf/libbrotlidec.so.1.0.9
6f47a000-6f4a7000 r-xp 00000000 b3:02 7605       /usr/lib/arm-linux-gnueabihf/libpng16.so.16.37.0
6f4a7000-6f4b7000 ---p 0002d000 b3:02 7605       /usr/lib/arm-linux-gnueabihf/libpng16.so.16.37.0
6f4b7000-6f4b8000 r--p 0002d000 b3:02 7605       /usr/lib/arm-linux-gnueabihf/libpng16.so.16.37.0
6f4b8000-6f4b9000 rw-p 0002e000 b3:02 7605       /usr/lib/arm-linux-gnueabihf/libpng16.so.16.37.0
6f4b9000-6f4d8000 r-xp 00000000 b3:02 7341       /usr/lib/arm-linux-gnueabihf/libgraphite2.so.3.2.1
6f4d8000-6f4e8000 ---p 0001f000 b3:02 7341       /usr/lib/arm-linux-gnueabihf/libgraphite2.so.3.2.1
6f4e8000-6f4e9000 r--p 0001f000 b3:02 7341       /usr/lib/arm-linux-gnueabihf/libgraphite2.so.3.2.1
6f4e9000-6f4ea000 rw-p 00020000 b3:02 7341       /usr/lib/arm-linux-gnueabihf/libgraphite2.so.3.2.1
6f4ea000-6f5fb000 r-xp 00000000 b3:02 7324       /usr/lib/arm-linux-gnueabihf/libglib-2.0.so.0.6600.8
6f5fb000-6f60b000 ---p 00111000 b3:02 7324       /usr/lib/arm-linux-gnueabihf/libglib-2.0.so.0.6600.8
6f60b000-6f60c000 r--p 00111000 b3:02 7324       /usr/lib/arm-linux-gnueabihf/libglib-2.0.so.0.6600.8
6f60c000-6f60d000 rw-p 00112000 b3:02 7324       /usr/lib/arm-linux-gnueabihf/libglib-2.0.so.0.6600.8
6f60d000-6f6a4000 r-xp 00000000 b3:02 7291       /usr/lib/arm-linux-gnueabihf/libfreetype.so.6.17.4
6f6a4000-6f6b3000 ---p 00097000 b3:02 7291       /usr/lib/arm-linux-gnueabihf/libfreetype.so.6.17.4
6f6b3000-6f6b7000 r--p 00096000 b3:02 7291       /usr/lib/arm-linux-gnueabihf/libfreetype.so.6.17.4
6f6b7000-6f6b8000 rw-p 0009a000 b3:02 7291       /usr/lib/arm-linux-gnueabihf/libfreetype.so.6.17.4
6f6b8000-6f78e000 r-xp 00000000 b3:02 7389       /usr/lib/arm-linux-gnueabihf/libharfbuzz.so.0.20704.0
6f78e000-6f79d000 ---p 000d6000 b3:02 7389       /usr/lib/arm-linux-gnueabihf/libharfbuzz.so.0.20704.0
6f79d000-6f79e000 r--p 000d5000 b3:02 7389       /usr/lib/arm-linux-gnueabihf/libharfbuzz.so.0.20704.0
6f79e000-6f79f000 rw-p 000d6000 b3:02 7389       /usr/lib/arm-linux-gnueabihf/libharfbuzz.so.0.20704.0
6f79f000-6f7a8000 r-xp 00000000 b3:02 383574     /usr/lib/jvm/java-11-openjdk-armhf/lib/libfontmanager.so
6f7a8000-6f7b8000 ---p 00009000 b3:02 383574     /usr/lib/jvm/java-11-openjdk-armhf/lib/libfontmanager.so
6f7b8000-6f7b9000 r--p 00009000 b3:02 383574     /usr/lib/jvm/java-11-openjdk-armhf/lib/libfontmanager.so
6f7b9000-6f7ba000 rw-p 0000a000 b3:02 383574     /usr/lib/jvm/java-11-openjdk-armhf/lib/libfontmanager.so
6f7ba000-6f8ba000 rw-p 00000000 00:00 0 
6f8ba000-6f9cd000 r-xp 00000000 b3:02 7055       /usr/lib/arm-linux-gnueabihf/libX11.so.6.4.0
6f9cd000-6f9dc000 ---p 00113000 b3:02 7055       /usr/lib/arm-linux-gnueabihf/libX11.so.6.4.0
6f9dc000-6f9dd000 r--p 00112000 b3:02 7055       /usr/lib/arm-linux-gnueabihf/libX11.so.6.4.0
6f9dd000-6f9e0000 rw-p 00113000 b3:02 7055       /usr/lib/arm-linux-gnueabihf/libX11.so.6.4.0
6f9e0000-6fa37000 r-xp 00000000 b3:02 383752     /usr/lib/jvm/java-11-openjdk-armhf/lib/libawt_xawt.so
6fa37000-6fa47000 ---p 00057000 b3:02 383752     /usr/lib/jvm/java-11-openjdk-armhf/lib/libawt_xawt.so
6fa47000-6fa48000 r--p 00057000 b3:02 383752     /usr/lib/jvm/java-11-openjdk-armhf/lib/libawt_xawt.so
6fa48000-6fa4a000 rw-p 00058000 b3:02 383752     /usr/lib/jvm/java-11-openjdk-armhf/lib/libawt_xawt.so
6fa4a000-6fa4b000 rw-p 00000000 00:00 0 
6fa4b000-6fac5000 r-xp 00000000 b3:02 383570     /usr/lib/jvm/java-11-openjdk-armhf/lib/libawt.so
6fac5000-6fad4000 ---p 0007a000 b3:02 383570     /usr/lib/jvm/java-11-openjdk-armhf/lib/libawt.so
6fad4000-6fad5000 r--p 00079000 b3:02 383570     /usr/lib/jvm/java-11-openjdk-armhf/lib/libawt.so
6fad5000-6fadb000 rw-p 0007a000 b3:02 383570     /usr/lib/jvm/java-11-openjdk-armhf/lib/libawt.so
6fadb000-6fb00000 rw-p 00000000 00:00 0 
6fb00000-6fbfb000 rw-p 00000000 00:00 0 
6fbfb000-6fc00000 ---p 00000000 00:00 0 
6fc00000-6fd00000 rw-p 00000000 00:00 0 
6fd00000-6fdfe000 rw-p 00000000 00:00 0 
6fdfe000-6fe00000 ---p 00000000 00:00 0 
6fe01000-6fe04000 r--s 00000000 b3:02 26670      /var/cache/fontconfig/4525f385-a7a9-4735-80bb-259a3ff546b9-le32d8.cache-7
6fe04000-6fe27000 r--p 00000000 b3:02 192344     /usr/share/locale/es/LC_MESSAGES/libc.mo
6fe27000-6fe30000 r-xp 00000000 b3:02 7475       /usr/lib/arm-linux-gnueabihf/libmd.so.0.0.4
6fe30000-6fe40000 ---p 00009000 b3:02 7475       /usr/lib/arm-linux-gnueabihf/libmd.so.0.0.4
6fe40000-6fe41000 r--p 00009000 b3:02 7475       /usr/lib/arm-linux-gnueabihf/libmd.so.0.0.4
6fe41000-6fe42000 rw-p 0000a000 b3:02 7475       /usr/lib/arm-linux-gnueabihf/libmd.so.0.0.4
6fe42000-6fe52000 r-xp 00000000 b3:02 7155       /usr/lib/arm-linux-gnueabihf/libbsd.so.0.11.3
6fe52000-6fe62000 ---p 00010000 b3:02 7155       /usr/lib/arm-linux-gnueabihf/libbsd.so.0.11.3
6fe62000-6fe63000 r--p 00010000 b3:02 7155       /usr/lib/arm-linux-gnueabihf/libbsd.so.0.11.3
6fe63000-6fe64000 rw-p 00011000 b3:02 7155       /usr/lib/arm-linux-gnueabihf/libbsd.so.0.11.3
6fe64000-6fe65000 ---p 00000000 00:00 0 
6fe65000-6fee6000 rw-p 00000000 00:00 0 
6fee6000-6fee9000 ---p 00000000 00:00 0 
6fee9000-6ff36000 rw-p 00000000 00:00 0 
6ff36000-6ff39000 ---p 00000000 00:00 0 
6ff39000-6ff86000 rw-p 00000000 00:00 0 
6ff86000-70200000 r--p 0006d000 b3:02 1197       /usr/lib/locale/locale-archive
70200000-70400000 r--p 00000000 b3:02 1197       /usr/lib/locale/locale-archive
70400000-7047d000 rw-p 00000000 00:00 0 
7047d000-70500000 ---p 00000000 00:00 0 
70500000-70506000 r--s 00000000 b3:02 26687      /var/cache/fontconfig/a2ec7f52-0094-43c8-9c50-7211e0d99bdf-le32d8.cache-7
70506000-70508000 r--s 00000000 b3:02 26667      /var/cache/fontconfig/b27cc278-df04-4c9c-8a71-645862d01404-le32d8.cache-7
70508000-7050c000 r-xp 00000000 b3:02 7062       /usr/lib/arm-linux-gnueabihf/libXdmcp.so.6.0.0
7050c000-7051b000 ---p 00004000 b3:02 7062       /usr/lib/arm-linux-gnueabihf/libXdmcp.so.6.0.0
7051b000-7051c000 r--p 00003000 b3:02 7062       /usr/lib/arm-linux-gnueabihf/libXdmcp.so.6.0.0
7051c000-7051d000 rw-p 00004000 b3:02 7062       /usr/lib/arm-linux-gnueabihf/libXdmcp.so.6.0.0
7051d000-7051f000 r-xp 00000000 b3:02 7057       /usr/lib/arm-linux-gnueabihf/libXau.so.6.0.0
7051f000-7052e000 ---p 00002000 b3:02 7057       /usr/lib/arm-linux-gnueabihf/libXau.so.6.0.0
7052e000-7052f000 r--p 00001000 b3:02 7057       /usr/lib/arm-linux-gnueabihf/libXau.so.6.0.0
7052f000-70530000 rw-p 00002000 b3:02 7057       /usr/lib/arm-linux-gnueabihf/libXau.so.6.0.0
70530000-70533000 ---p 00000000 00:00 0 
70533000-705b0000 rw-p 00000000 00:00 0 
705b0000-705b3000 ---p 00000000 00:00 0 
705b3000-70600000 rw-p 00000000 00:00 0 
70600000-706fd000 rw-p 00000000 00:00 0 
706fd000-70700000 ---p 00000000 00:00 0 
70700000-70701000 r--s 00000000 b3:02 26697      /var/cache/fontconfig/24630967-f720-4d46-bf1f-3e7cbd814b4a-le32d8.cache-7
70701000-70721000 r-xp 00000000 b3:02 7819       /usr/lib/arm-linux-gnueabihf/libxcb.so.1.1.0
70721000-70730000 ---p 00020000 b3:02 7819       /usr/lib/arm-linux-gnueabihf/libxcb.so.1.1.0
70730000-70731000 r--p 0001f000 b3:02 7819       /usr/lib/arm-linux-gnueabihf/libxcb.so.1.1.0
70731000-70732000 rw-p 00020000 b3:02 7819       /usr/lib/arm-linux-gnueabihf/libxcb.so.1.1.0
70732000-70733000 ---p 00000000 00:00 0 
70733000-70bfa000 rw-p 00000000 00:00 0 
70bfa000-70c00000 ---p 00000000 00:00 0 
70c00000-70c21000 rw-p 00000000 00:00 0 
70c21000-70d00000 ---p 00000000 00:00 0 
70d00000-70d01000 r--s 00000000 b3:02 26691      /var/cache/fontconfig/7c485869-69ff-4c83-8092-393190ba73cf-le32d8.cache-7
70d01000-70d07000 r-xp 00000000 b3:02 26743      /tmp/libpi4j-pigpio7213058575090665446.so
70d07000-70d0f000 ---p 00006000 b3:02 26743      /tmp/libpi4j-pigpio7213058575090665446.so
70d0f000-70d10000 rw-p 00006000 b3:02 26743      /tmp/libpi4j-pigpio7213058575090665446.so
70d10000-70d1d000 r-xp 00000000 b3:02 7067       /usr/lib/arm-linux-gnueabihf/libXi.so.6.1.0
70d1d000-70d2c000 ---p 0000d000 b3:02 7067       /usr/lib/arm-linux-gnueabihf/libXi.so.6.1.0
70d2c000-70d2d000 r--p 0000c000 b3:02 7067       /usr/lib/arm-linux-gnueabihf/libXi.so.6.1.0
70d2d000-70d2e000 rw-p 0000d000 b3:02 7067       /usr/lib/arm-linux-gnueabihf/libXi.so.6.1.0
70d2e000-70d31000 ---p 00000000 00:00 0 
70d31000-70d7e000 rw-p 00000000 00:00 0 
70d7e000-70d7f000 ---p 00000000 00:00 0 
70d7f000-70e00000 rw-p 00000000 00:00 0 
70e00000-70ef8000 rw-p 00000000 00:00 0 
70ef8000-70f00000 ---p 00000000 00:00 0 
70f00000-70f04000 r-xp 00000000 b3:02 7076       /usr/lib/arm-linux-gnueabihf/libXtst.so.6.1.0
70f04000-70f13000 ---p 00004000 b3:02 7076       /usr/lib/arm-linux-gnueabihf/libXtst.so.6.1.0
70f13000-70f14000 r--p 00003000 b3:02 7076       /usr/lib/arm-linux-gnueabihf/libXtst.so.6.1.0
70f14000-70f15000 rw-p 00004000 b3:02 7076       /usr/lib/arm-linux-gnueabihf/libXtst.so.6.1.0
70f15000-70f1d000 r-xp 00000000 b3:02 7073       /usr/lib/arm-linux-gnueabihf/libXrender.so.1.3.0
70f1d000-70f2c000 ---p 00008000 b3:02 7073       /usr/lib/arm-linux-gnueabihf/libXrender.so.1.3.0
70f2c000-70f2d000 r--p 00007000 b3:02 7073       /usr/lib/arm-linux-gnueabihf/libXrender.so.1.3.0
70f2d000-70f2e000 rw-p 00008000 b3:02 7073       /usr/lib/arm-linux-gnueabihf/libXrender.so.1.3.0
70f2e000-70f31000 ---p 00000000 00:00 0 
70f31000-70f7e000 rw-p 00000000 00:00 0 
70f7e000-70f7f000 ---p 00000000 00:00 0 
70f7f000-71000000 rw-p 00000000 00:00 0 
71000000-710ff000 rw-p 00000000 00:00 0 
710ff000-71100000 ---p 00000000 00:00 0 
71100000-71107000 r--s 00000000 b3:02 19826      /var/cache/fontconfig/bb6e12d2-f51c-4c7f-99b2-0e8a86d53212-le32d8.cache-7
7110a000-7111d000 r-xp 00000000 b3:02 383591     /usr/lib/jvm/java-11-openjdk-armhf/lib/libnet.so
7111d000-7112c000 ---p 00013000 b3:02 383591     /usr/lib/jvm/java-11-openjdk-armhf/lib/libnet.so
7112c000-7112d000 r--p 00012000 b3:02 383591     /usr/lib/jvm/java-11-openjdk-armhf/lib/libnet.so
7112d000-7112e000 rw-p 00013000 b3:02 383591     /usr/lib/jvm/java-11-openjdk-armhf/lib/libnet.so
7112e000-71131000 ---p 00000000 00:00 0 
71131000-7117e000 rw-p 00000000 00:00 0 
7117e000-7117f000 ---p 00000000 00:00 0 
7117f000-71200000 rw-p 00000000 00:00 0 
71200000-71221000 rw-p 00000000 00:00 0 
71221000-71300000 ---p 00000000 00:00 0 
71303000-71304000 rw-s fe100000 00:05 5          /dev/mem
71304000-71312000 r-xp 00000000 b3:02 7063       /usr/lib/arm-linux-gnueabihf/libXext.so.6.4.0
71312000-71321000 ---p 0000e000 b3:02 7063       /usr/lib/arm-linux-gnueabihf/libXext.so.6.4.0
71321000-71322000 r--p 0000d000 b3:02 7063       /usr/lib/arm-linux-gnueabihf/libXext.so.6.4.0
71322000-71323000 rw-p 0000e000 b3:02 7063       /usr/lib/arm-linux-gnueabihf/libXext.so.6.4.0
71323000-7137e000 rw-p 00000000 00:00 0 
7137e000-7137f000 ---p 00000000 00:00 0 
7137f000-71730000 rw-p 00000000 00:00 0 
71730000-72400000 ---p 00000000 00:00 0 
72400000-72730000 rw-p 00000000 00:00 0 
72730000-73400000 ---p 00000000 00:00 0 
73400000-73466000 rw-p 00000000 00:00 0 
73466000-73600000 ---p 00000000 00:00 0 
73600000-73666000 rw-p 00000000 00:00 0 
73666000-73800000 ---p 00000000 00:00 0 
73800000-73866000 rw-p 00000000 00:00 0 
73866000-73a00000 ---p 00000000 00:00 0 
73a00000-80600000 rw-p 00000000 00:00 0 
80600000-b3a00000 ---p 00000000 00:00 0 
b3a00000-b3afa000 rw-p 00000000 00:00 0 
b3afa000-b3b00000 ---p 00000000 00:00 0 
b3b02000-b3b15000 r--p 00000000 b3:02 218868     /usr/share/glib-2.0/schemas/gschemas.compiled
b3b15000-b3b22000 r-xp 00000000 b3:02 383592     /usr/lib/jvm/java-11-openjdk-armhf/lib/libnio.so
b3b22000-b3b31000 ---p 0000d000 b3:02 383592     /usr/lib/jvm/java-11-openjdk-armhf/lib/libnio.so
b3b31000-b3b32000 r--p 0000c000 b3:02 383592     /usr/lib/jvm/java-11-openjdk-armhf/lib/libnio.so
b3b32000-b3b33000 rw-p 0000d000 b3:02 383592     /usr/lib/jvm/java-11-openjdk-armhf/lib/libnio.so
b3b33000-b3b53000 rw-p 00000000 00:00 0 
b3b53000-b3b54000 ---p 00000000 00:00 0 
b3b54000-b3bd8000 rw-p 00000000 00:00 0 
b3bd8000-b3c15000 ---p 00000000 00:00 0 
b3c15000-b3d95000 rwxp 00000000 00:00 0 
b3d95000-b5c15000 ---p 00000000 00:00 0 
b5c15000-b5d84000 r--s 00000000 b3:02 383601     /usr/lib/jvm/java-11-openjdk-armhf/lib/modules
b5d84000-b5d8a000 r-xp 00000000 b3:02 383600     /usr/lib/jvm/java-11-openjdk-armhf/lib/libzip.so
b5d8a000-b5d99000 ---p 00006000 b3:02 383600     /usr/lib/jvm/java-11-openjdk-armhf/lib/libzip.so
b5d99000-b5d9a000 r--p 00005000 b3:02 383600     /usr/lib/jvm/java-11-openjdk-armhf/lib/libzip.so
b5d9a000-b5d9b000 rw-p 00006000 b3:02 383600     /usr/lib/jvm/java-11-openjdk-armhf/lib/libzip.so
b5d9b000-b5da5000 r-xp 00000000 b3:02 7542       /usr/lib/arm-linux-gnueabihf/libnss_files-2.31.so
b5da5000-b5db4000 ---p 0000a000 b3:02 7542       /usr/lib/arm-linux-gnueabihf/libnss_files-2.31.so
b5db4000-b5db5000 r--p 00009000 b3:02 7542       /usr/lib/arm-linux-gnueabihf/libnss_files-2.31.so
b5db5000-b5db6000 rw-p 0000a000 b3:02 7542       /usr/lib/arm-linux-gnueabihf/libnss_files-2.31.so
b5db6000-b5dbc000 rw-p 00000000 00:00 0 
b5dbc000-b5dc0000 r-xp 00000000 b3:02 383583     /usr/lib/jvm/java-11-openjdk-armhf/lib/libjimage.so
b5dc0000-b5dcf000 ---p 00004000 b3:02 383583     /usr/lib/jvm/java-11-openjdk-armhf/lib/libjimage.so
b5dcf000-b5dd0000 r--p 00003000 b3:02 383583     /usr/lib/jvm/java-11-openjdk-armhf/lib/libjimage.so
b5dd0000-b5dd1000 rw-p 00004000 b3:02 383583     /usr/lib/jvm/java-11-openjdk-armhf/lib/libjimage.so
b5dd1000-b5def000 r-xp 00000000 b3:02 383580     /usr/lib/jvm/java-11-openjdk-armhf/lib/libjava.so
b5def000-b5dfe000 ---p 0001e000 b3:02 383580     /usr/lib/jvm/java-11-openjdk-armhf/lib/libjava.so
b5dfe000-b5dff000 r--p 0001d000 b3:02 383580     /usr/lib/jvm/java-11-openjdk-armhf/lib/libjava.so
b5dff000-b5e00000 rw-p 0001e000 b3:02 383580     /usr/lib/jvm/java-11-openjdk-armhf/lib/libjava.so
b5e00000-b5f00000 rw-p 00000000 00:00 0 
b5f04000-b5f0b000 r--s 00000000 b3:02 8292       /usr/lib/arm-linux-gnueabihf/gconv/gconv-modules.cache
b5f0b000-b5f15000 r-xp 00000000 b3:02 383599     /usr/lib/jvm/java-11-openjdk-armhf/lib/libverify.so
b5f15000-b5f24000 ---p 0000a000 b3:02 383599     /usr/lib/jvm/java-11-openjdk-armhf/lib/libverify.so
b5f24000-b5f25000 r--p 00009000 b3:02 383599     /usr/lib/jvm/java-11-openjdk-armhf/lib/libverify.so
b5f25000-b5f26000 rw-p 0000a000 b3:02 383599     /usr/lib/jvm/java-11-openjdk-armhf/lib/libverify.so
b5f26000-b5f2c000 r-xp 00000000 b3:02 7649       /usr/lib/arm-linux-gnueabihf/librt-2.31.so
b5f2c000-b5f3c000 ---p 00006000 b3:02 7649       /usr/lib/arm-linux-gnueabihf/librt-2.31.so
b5f3c000-b5f3d000 r--p 00006000 b3:02 7649       /usr/lib/arm-linux-gnueabihf/librt-2.31.so
b5f3d000-b5f3e000 rw-p 00007000 b3:02 7649       /usr/lib/arm-linux-gnueabihf/librt-2.31.so
b5f3e000-b5f41000 ---p 00000000 00:00 0 
b5f41000-b5f8e000 rw-p 00000000 00:00 0 
b5f8e000-b5faa000 r-xp 00000000 b3:02 7299       /usr/lib/arm-linux-gnueabihf/libgcc_s.so.1
b5faa000-b5fb9000 ---p 0001c000 b3:02 7299       /usr/lib/arm-linux-gnueabihf/libgcc_s.so.1
b5fb9000-b5fba000 r--p 0001b000 b3:02 7299       /usr/lib/arm-linux-gnueabihf/libgcc_s.so.1
b5fba000-b5fbb000 rw-p 0001c000 b3:02 7299       /usr/lib/arm-linux-gnueabihf/libgcc_s.so.1
b5fbb000-b6019000 r-xp 00000000 b3:02 7466       /usr/lib/arm-linux-gnueabihf/libm-2.31.so
b6019000-b6028000 ---p 0005e000 b3:02 7466       /usr/lib/arm-linux-gnueabihf/libm-2.31.so
b6028000-b6029000 r--p 0005d000 b3:02 7466       /usr/lib/arm-linux-gnueabihf/libm-2.31.so
b6029000-b602a000 rw-p 0005e000 b3:02 7466       /usr/lib/arm-linux-gnueabihf/libm-2.31.so
b602a000-b6199000 r-xp 00000000 b3:02 7706       /usr/lib/arm-linux-gnueabihf/libstdc++.so.6.0.28
b6199000-b61a9000 ---p 0016f000 b3:02 7706       /usr/lib/arm-linux-gnueabihf/libstdc++.so.6.0.28
b61a9000-b61ae000 r--p 0016f000 b3:02 7706       /usr/lib/arm-linux-gnueabihf/libstdc++.so.6.0.28
b61ae000-b61b0000 rw-p 00174000 b3:02 7706       /usr/lib/arm-linux-gnueabihf/libstdc++.so.6.0.28
b61b0000-b61b2000 rw-p 00000000 00:00 0 
b61b2000-b6c45000 r-xp 00000000 b3:02 383606     /usr/lib/jvm/java-11-openjdk-armhf/lib/server/libjvm.so
b6c45000-b6c54000 ---p 00a93000 b3:02 383606     /usr/lib/jvm/java-11-openjdk-armhf/lib/server/libjvm.so
b6c54000-b6c96000 r--p 00a92000 b3:02 383606     /usr/lib/jvm/java-11-openjdk-armhf/lib/server/libjvm.so
b6c96000-b6caf000 rw-p 00ad4000 b3:02 383606     /usr/lib/jvm/java-11-openjdk-armhf/lib/server/libjvm.so
b6caf000-b6cda000 rw-p 00000000 00:00 0 
b6cda000-b6cf2000 r-xp 00000000 b3:02 7625       /usr/lib/arm-linux-gnueabihf/libpthread-2.31.so
b6cf2000-b6d02000 ---p 00018000 b3:02 7625       /usr/lib/arm-linux-gnueabihf/libpthread-2.31.so
b6d02000-b6d03000 r--p 00018000 b3:02 7625       /usr/lib/arm-linux-gnueabihf/libpthread-2.31.so
b6d03000-b6d04000 rw-p 00019000 b3:02 7625       /usr/lib/arm-linux-gnueabihf/libpthread-2.31.so
b6d04000-b6d06000 rw-p 00000000 00:00 0 
b6d06000-b6d09000 r-xp 00000000 b3:02 7220       /usr/lib/arm-linux-gnueabihf/libdl-2.31.so
b6d09000-b6d18000 ---p 00003000 b3:02 7220       /usr/lib/arm-linux-gnueabihf/libdl-2.31.so
b6d18000-b6d19000 r--p 00002000 b3:02 7220       /usr/lib/arm-linux-gnueabihf/libdl-2.31.so
b6d19000-b6d1a000 rw-p 00003000 b3:02 7220       /usr/lib/arm-linux-gnueabihf/libdl-2.31.so
b6d1a000-b6d31000 r-xp 00000000 b3:02 7835       /usr/lib/arm-linux-gnueabihf/libz.so.1.2.11
b6d31000-b6d40000 ---p 00017000 b3:02 7835       /usr/lib/arm-linux-gnueabihf/libz.so.1.2.11
b6d40000-b6d41000 r--p 00016000 b3:02 7835       /usr/lib/arm-linux-gnueabihf/libz.so.1.2.11
b6d41000-b6d42000 rw-p 00017000 b3:02 7835       /usr/lib/arm-linux-gnueabihf/libz.so.1.2.11
b6d42000-b6e81000 r-xp 00000000 b3:02 7157       /usr/lib/arm-linux-gnueabihf/libc-2.31.so
b6e81000-b6e90000 ---p 0013f000 b3:02 7157       /usr/lib/arm-linux-gnueabihf/libc-2.31.so
b6e90000-b6e92000 r--p 0013e000 b3:02 7157       /usr/lib/arm-linux-gnueabihf/libc-2.31.so
b6e92000-b6e94000 rw-p 00140000 b3:02 7157       /usr/lib/arm-linux-gnueabihf/libc-2.31.so
b6e94000-b6e96000 rw-p 00000000 00:00 0 
b6e98000-b6eaa000 rw-p 00000000 00:00 0 
b6eaa000-b6eb7000 r-xp 00000000 b3:02 383565     /usr/lib/jvm/java-11-openjdk-armhf/lib/jli/libjli.so
b6eb7000-b6ec6000 ---p 0000d000 b3:02 383565     /usr/lib/jvm/java-11-openjdk-armhf/lib/jli/libjli.so
b6ec6000-b6ec7000 r--p 0000c000 b3:02 383565     /usr/lib/jvm/java-11-openjdk-armhf/lib/jli/libjli.so
b6ec7000-b6ec8000 rw-p 0000d000 b3:02 383565     /usr/lib/jvm/java-11-openjdk-armhf/lib/jli/libjli.so
b6ec8000-b6ecc000 r-xp 00000000 b3:02 7094       /usr/lib/arm-linux-gnueabihf/libarmmem-v7l.so
b6ecc000-b6edb000 ---p 00004000 b3:02 7094       /usr/lib/arm-linux-gnueabihf/libarmmem-v7l.so
b6edb000-b6edc000 r--p 00003000 b3:02 7094       /usr/lib/arm-linux-gnueabihf/libarmmem-v7l.so
b6edc000-b6edd000 rw-p 00004000 b3:02 7094       /usr/lib/arm-linux-gnueabihf/libarmmem-v7l.so
b6edd000-b6eff000 r-xp 00000000 b3:02 6930       /usr/lib/arm-linux-gnueabihf/ld-2.31.so
b6eff000-b6f00000 r--s 00000000 b3:02 387017     /root/.cache/dconf/user
b6f00000-b6f02000 r--s 0000c000 b3:02 202668     /usr/share/java/java-atk-wrapper.jar
b6f02000-b6f0a000 rw-s 00000000 b3:02 768143     /tmp/hsperfdata_root/9267
b6f0a000-b6f0b000 r--p 00000000 00:00 0 
b6f0b000-b6f0f000 rw-p 00000000 00:00 0 
b6f0f000-b6f10000 r--p 00022000 b3:02 6930       /usr/lib/arm-linux-gnueabihf/ld-2.31.so
b6f10000-b6f11000 rw-p 00023000 b3:02 6930       /usr/lib/arm-linux-gnueabihf/ld-2.31.so
bea9e000-beabf000 rw-p 00000000 00:00 0          [stack]
bec7f000-bec80000 r-xp 00000000 00:00 0          [sigpage]
bec80000-bec81000 r--p 00000000 00:00 0          [vvar]
bec81000-bec82000 r-xp 00000000 00:00 0          [vdso]
ffff0000-ffff1000 r-xp 00000000 00:00 0          [vectors]


VM Arguments:
jvm_args: --module-path=. -Djdk.module.main=visual_classes 
java_command: visual_classes/visual_classes.window
java_class_path (initial): <not set>
Launcher Type: SUN_STANDARD

[Global flags]
     uint ConcGCThreads                            = 1                                         {product} {ergonomic}
     uint G1ConcRefinementThreads                  = 4                                         {product} {ergonomic}
   size_t G1HeapRegionSize                         = 1048576                                   {product} {ergonomic}
    uintx GCDrainStackTargetSize                   = 64                                        {product} {ergonomic}
   size_t InitialHeapSize                          = 67108864                                  {product} {ergonomic}
   size_t MarkStackSize                            = 32768                                     {product} {ergonomic}
   size_t MaxHeapSize                              = 1073741824                                {product} {ergonomic}
   size_t MaxNewSize                               = 643825664                                 {product} {ergonomic}
   size_t MinHeapDeltaBytes                        = 1048576                                   {product} {ergonomic}
    uintx NonProfiledCodeHeapSize                  = 0                                      {pd product} {ergonomic}
    uintx ProfiledCodeHeapSize                     = 0                                      {pd product} {ergonomic}
     bool UseG1GC                                  = true                                      {product} {ergonomic}

Logging:
Log output configuration:
 #0: stdout all=warning uptime,level,tags
 #1: stderr all=off uptime,level,tags

Environment Variables:
PATH=/usr/local/sbin:/usr/local/bin:/usr/sbin:/usr/bin:/sbin:/bin
SHELL=/bin/bash
DISPLAY=:0
LANG=es_PA.UTF-8
LC_ALL=es_PA.UTF-8

Signal Handlers:
SIGSEGV: [libjvm.so+0x9ec8c8], sa_mask[0]=11111111011111111101111111111110, sa_flags=SA_RESTART|SA_SIGINFO
SIGBUS: [libjvm.so+0x9ec8c8], sa_mask[0]=11111111011111111101111111111110, sa_flags=SA_RESTART|SA_SIGINFO
SIGFPE: [libjvm.so+0x9ec8c8], sa_mask[0]=11111111011111111101111111111110, sa_flags=SA_RESTART|SA_SIGINFO
SIGPIPE: SIG_IGN, sa_mask[0]=00000000000010000000000000000000, sa_flags=SA_RESTART
SIGXFSZ: [libjvm.so+0x801f78], sa_mask[0]=11111111011111111101111111111110, sa_flags=SA_RESTART|SA_SIGINFO
SIGILL: [libjvm.so+0x9ec8c8], sa_mask[0]=11111111011111111101111111111110, sa_flags=SA_RESTART|SA_SIGINFO
SIGUSR2: [libjvm.so+0x801e18], sa_mask[0]=00000000000000000000000000000000, sa_flags=SA_RESTART|SA_SIGINFO
SIGHUP: [libjvm.so+0x8025f8], sa_mask[0]=11111111011111111101111111111110, sa_flags=SA_RESTART|SA_SIGINFO
SIGINT: [libjvm.so+0x8025f8], sa_mask[0]=11111111011111111101111111111110, sa_flags=SA_RESTART|SA_SIGINFO
SIGTERM: [libjvm.so+0x8025f8], sa_mask[0]=11111111011111111101111111111110, sa_flags=SA_RESTART|SA_SIGINFO
SIGQUIT: [libjvm.so+0x8025f8], sa_mask[0]=11111111011111111101111111111110, sa_flags=SA_RESTART|SA_SIGINFO


---------------  S Y S T E M  ---------------

OS:PRETTY_NAME="Raspbian GNU/Linux 11 (bullseye)"
NAME="Raspbian GNU/Linux"
VERSION_ID="11"
VERSION="11 (bullseye)"
VERSION_CODENAME=bullseye
ID=raspbian
ID_LIKE=debian
HOME_URL="http://www.raspbian.org/"
SUPPORT_URL="http://www.raspbian.org/RaspbianForums"
BUG_REPORT_URL="http://www.raspbian.org/RaspbianBugs"
uname:Linux 5.15.32-v7l+ #1538 SMP Thu Mar 31 19:39:41 BST 2022 armv7l
OS uptime: 0 days 1:46 hours
libc:glibc 2.31 NPTL 2.31 
rlimit (soft/hard): STACK 8192k/infinity , CORE 0k/infinity , NPROC 60615/60615 , NOFILE 1048576/1048576 , AS infinity/infinity , CPU infinity/infinity , DATA infinity/infinity , FSIZE infinity/infinity , MEMLOCK 1011061k/1011061k
load average:0.85 1.22 1.21

/proc/meminfo:
MemTotal:        8088492 kB
MemFree:         4475752 kB
MemAvailable:    5814476 kB
Buffers:           67508 kB
Cached:          1860812 kB
SwapCached:            0 kB
Active:           619456 kB
Inactive:        2582564 kB
Active(anon):       3972 kB
Inactive(anon):  1664296 kB
Active(file):     615484 kB
Inactive(file):   918268 kB
Unevictable:      235704 kB
Mlocked:              64 kB
HighTotal:       7458816 kB
HighFree:        4042972 kB
LowTotal:         629676 kB
LowFree:          432780 kB
SwapTotal:        102396 kB
SwapFree:         102396 kB
Dirty:                24 kB
Writeback:             0 kB
AnonPages:       1509436 kB
Mapped:           585476 kB
Shmem:            394568 kB
KReclaimable:      51728 kB
Slab:              83552 kB
SReclaimable:      51728 kB
SUnreclaim:        31824 kB
KernelStack:        5000 kB
PageTables:        28696 kB
NFS_Unstable:          0 kB
Bounce:                0 kB
WritebackTmp:          0 kB
CommitLimit:     4146640 kB
Committed_AS:    6625960 kB
VmallocTotal:     245760 kB
VmallocUsed:        6128 kB
VmallocChunk:          0 kB
Percpu:              448 kB
CmaTotal:         327680 kB
CmaFree:          311084 kB

/sys/kernel/mm/transparent_hugepage/enabled:
<Not Available>
/sys/kernel/mm/transparent_hugepage/defrag (defrag/compaction efforts parameter):
<Not Available>

Process Memory:
Virtual Size: 1276800K (peak: 1282908K)
Resident Set Size: 305724K (peak: 306560K) (anon: 239456K, file: 24032K, shmem: 42236K)
Swapped out: 0K
C-Heap outstanding allocations: 8208K

/proc/sys/kernel/threads-max (system-wide limit on the number of threads):
121230
/proc/sys/vm/max_map_count (maximum number of memory map areas a process may have):
65530
/proc/sys/kernel/pid_max (system-wide limit on number of process identifiers):
32768

/etc/ld.so.preload:
/usr/lib/arm-linux-gnueabihf/libarmmem-${PLATFORM}.so

Steal ticks since vm start: 0
Steal ticks percentage since vm start:  0.000

CPU:total 4 (initial active 4) (ARMv7), vfp, vfp3-32, simd, mp_ext

/proc/cpuinfo:
processor	: 0
model name	: ARMv7 Processor rev 3 (v7l)
BogoMIPS	: 324.00
Features	: half thumb fastmult vfp edsp neon vfpv3 tls vfpv4 idiva idivt vfpd32 lpae evtstrm crc32 
CPU implementer	: 0x41
CPU architecture: 7
CPU variant	: 0x0
CPU part	: 0xd08
CPU revision	: 3

processor	: 1
model name	: ARMv7 Processor rev 3 (v7l)
BogoMIPS	: 324.00
Features	: half thumb fastmult vfp edsp neon vfpv3 tls vfpv4 idiva idivt vfpd32 lpae evtstrm crc32 
CPU implementer	: 0x41
CPU architecture: 7
CPU variant	: 0x0
CPU part	: 0xd08
CPU revision	: 3

processor	: 2
model name	: ARMv7 Processor rev 3 (v7l)
BogoMIPS	: 324.00
Features	: half thumb fastmult vfp edsp neon vfpv3 tls vfpv4 idiva idivt vfpd32 lpae evtstrm crc32 
CPU implementer	: 0x41
CPU architecture: 7
CPU variant	: 0x0
CPU part	: 0xd08
CPU revision	: 3

processor	: 3
model name	: ARMv7 Processor rev 3 (v7l)
BogoMIPS	: 324.00
Features	: half thumb fastmult vfp edsp neon vfpv3 tls vfpv4 idiva idivt vfpd32 lpae evtstrm crc32 
CPU implementer	: 0x41
CPU architecture: 7
CPU variant	: 0x0
CPU part	: 0xd08
CPU revision	: 3

Hardware	: BCM2711
Revision	: d03114
Serial		: 100000007716ae09
Model		: Raspberry Pi 4 Model B Rev 1.4
Online cpus:
0-3
Offline cpus:


Memory: 4k page, physical 8088492k(4475752k free), swap 102396k(102396k free)

vm_info: OpenJDK Server VM (11.0.15+10-post-Raspbian-1deb11u1) for linux- JRE (11.0.15+10-post-Raspbian-1deb11u1), built on May  3 2022 12:15:06 by "unknown" with gcc 10.2.1 20210110

END.
