#
# A fatal error has been detected by the Java Runtime Environment:
#
#  SIGSEGV (0xb) at pc=0x6ca3f028, pid=28680, tid=28735
#
# JRE version: OpenJDK Runtime Environment (11.0.15+10) (build 11.0.15+10-post-Raspbian-1deb11u1)
# Java VM: OpenJDK Server VM (11.0.15+10-post-Raspbian-1deb11u1, mixed mode, g1 gc, linux-)
# Problematic frame:
# C  [libpigpio.so.1+0x23028]
#
# No core dump will be written. Core dumps have been disabled. To enable core dumping, try "ulimit -c unlimited" before starting Java again
#
# If you would like to submit a bug report, please visit:
#   Unknown
# The crash happened outside the Java Virtual Machine in native code.
# See problematic frame for where to report the bug.
#

---------------  S U M M A R Y ------------

Command Line: --module-path=. -Djdk.module.main=visual_classes visual_classes/visual_classes.window

Host: rev 3 (v7l), 4 cores, 7G, Raspbian GNU/Linux 11 (bullseye)
Time: Thu Nov  3 11:43:17 2022 EST elapsed time: 57.166761 seconds (0d 0h 0m 57s)

---------------  T H R E A D  ---------------

Current thread (0x6be0ec00):  JavaThread "pi4j-shutdown" [_thread_in_native, id=28735, stack(0x6d354000,0x6d3d4000)]

Stack: [0x6d354000,0x6d3d4000],  sp=0x6d3d2898,  free space=506k
Native frames: (J=compiled Java code, A=aot compiled Java code, j=interpreted, Vv=VM code, C=native code)
C  [libpigpio.so.1+0x23028]
C  0x6d3d2a58

Java frames: (J=compiled Java code, j=interpreted, Vv=VM code)
j  com.pi4j.library.pigpio.internal.PIGPIO.gpioTerminate()V+0 com.pi4j.library.pigpio@2.1.1
j  com.pi4j.library.pigpio.impl.PiGpioNativeImpl.gpioTerminate()V+22 com.pi4j.library.pigpio@2.1.1
j  com.pi4j.library.pigpio.PiGpio.shutdown()V+1 com.pi4j.library.pigpio@2.1.1
j  com.pi4j.plugin.pigpio.PiGpioPlugin.shutdown(Lcom/pi4j/context/Context;)V+23 com.pi4j.plugin.pigpio@2.1.1
j  com.pi4j.runtime.impl.DefaultRuntime.shutdown()Lcom/pi4j/runtime/Runtime;+87 com.pi4j@2.1.1
j  com.pi4j.runtime.impl.DefaultRuntime.lambda$new$2()V+8 com.pi4j@2.1.1
j  com.pi4j.runtime.impl.DefaultRuntime$$Lambda$167.run()V+4 com.pi4j@2.1.1
j  java.lang.Thread.run()V+11 java.base@11.0.15
v  ~StubRoutines::call_stub

siginfo: si_signo: 11 (SIGSEGV), si_code: 1 (SEGV_MAPERR), si_addr: 0xb3c02168

Register to memory mapping:

  r0  = 0x00000000
0x0 is NULL

  r1  = 0x00001000
0x00001000 is an unknown value

  r2  = 0xffffffff
0xffffffff is an unknown value

  r3  = 0xb3c0134c
0xb3c0134c is an unknown value

  r4  = 0xb3c02164
0xb3c02164 is an unknown value

  r5  = 0xb3c023dc
0xb3c023dc is an unknown value

  r6  = 0x00000014
0x00000014 is an unknown value

  r7  = 0xb3c01000
0xb3c01000 is an unknown value

  r8  = 0xb6ff687c
0xb6ff687c: __stack_chk_guard+0x00000000 in /lib/ld-linux-armhf.so.3 at 0xb6fc4000

  r9  = 0x6d05a2b8
{method} {0x6d05a2b8} 'gpioTerminate' '()V' in 'com/pi4j/library/pigpio/internal/PIGPIO'

  r10 = 0x6be0ec00
0x6be0ec00 is a thread

  fp  = 0x6d3d2a28
0x6d3d2a28 is pointing into the stack for thread: 0x6be0ec00

  r12 = 0x6ca6a2c4
0x6ca6a2c4: <offset 0x0004e2c4> in /lib/libpigpio.so.1 at 0x6ca1c000

  sp  = 0x6d3d2898
0x6d3d2898 is pointing into the stack for thread: 0x6be0ec00

  lr  = 0x6ca3f034
0x6ca3f034: <offset 0x00023034> in /lib/libpigpio.so.1 at 0x6ca1c000

  pc  = 0x6ca3f028
0x6ca3f028: <offset 0x00023028> in /lib/libpigpio.so.1 at 0x6ca1c000



Registers:
  r0  = 0x00000000
  r1  = 0x00001000
  r2  = 0xffffffff
  r3  = 0xb3c0134c
  r4  = 0xb3c02164
  r5  = 0xb3c023dc
  r6  = 0x00000014
  r7  = 0xb3c01000
  r8  = 0xb6ff687c
  r9  = 0x6d05a2b8
  r10 = 0x6be0ec00
  fp  = 0x6d3d2a28
  r12 = 0x6ca6a2c4
  sp  = 0x6d3d2898
  lr  = 0x6ca3f034
  pc  = 0x6ca3f028
  cpsr = 0x80000010

Top of Stack: (sp=0x6d3d2898)
0x6d3d2898:   00000060 b6ff687c 6f635f61 69705f6d
0x6d3d28a8:   6c5f6a34 61726269 705f7972 69706769
0x6d3d28b8:   6e695f6f 6becb0d0 6d3d29e0 6be0ec00
0x6d3d28c8:   6d3d29e0 6d3d29df 68ff0eb0 b6cc6ccc
0x6d3d28d8:   6d3d29a4 b6a62110 00000001 6d3d29df
0x6d3d28e8:   6be0ec00 b6d7c64c 00000010 707d3768
0x6d3d28f8:   b6d76808 00000002 68ff0eb8 000003ec
0x6d3d2908:   68ff12a4 68ff0eb8 707d3768 00000ff8 

Instructions: (pc=0x6ca3f028)
0x6ca3ef28:   0a000001 e3a01024 ebff8544 e59f368c
0x6ca3ef38:   e08f3003 e5930074 e3700001 0a000001
0x6ca3ef48:   e3a01028 ebff853d e59f3674 e79f0003
0x6ca3ef58:   e3700001 0a000001 e3a0101c ebff8537
0x6ca3ef68:   e59f3660 e08f3003 e5930040 e3700001
0x6ca3ef78:   0a000001 e3a01018 ebff8530 e59f3648
0x6ca3ef88:   e3e02000 e08f3003 e59300c8 e5832038
0x6ca3ef98:   e1500002 e5832050 e5832044 e58320c4
0x6ca3efa8:   e583203c e5832078 e5832074 e5832000
0x6ca3efb8:   e5832040 0a000006 e59f2610 e3a030d4
0x6ca3efc8:   e08f2002 e5922004 e0030293 e2831e35
0x6ca3efd8:   ebff851a e59f35f8 e3e02000 e08f3003
0x6ca3efe8:   e59370cc e58320c8 e1570002 0a000015
0x6ca3eff8:   e59f35e0 e08f3003 e5936004 e0863086
0x6ca3f008:   e0863103 e0863103 e37300d4 0a000008
0x6ca3f018:   e3a050d4 e2873fd3 e0253695 e2474004
0x6ca3f028:   e5b40004 e3a01a01 ebff8504 e1540005
0x6ca3f038:   1afffffa e3a010d4 e1a00007 e0010691
0x6ca3f048:   e2811e35 ebff84fd e59f358c e3e02000
0x6ca3f058:   e08f3003 e59370d0 e58320cc e1570002
0x6ca3f068:   0a000010 e59f3574 e08f3003 e5933004
0x6ca3f078:   e3730004 0a000137 e1a06103 e0875006
0x6ca3f088:   e285500c e2474004 e5b40004 e3a01a35
0x6ca3f098:   ebff84ea e1540005 1afffffa e2861010
0x6ca3f0a8:   e1a00007 ebff84e5 e59f3534 e3e01000
0x6ca3f0b8:   e08f3003 e59320d4 e58310d0 e1520001
0x6ca3f0c8:   0a000048 e59f051c e3a01000 e08f0000
0x6ca3f0d8:   ebff8420 e2507000 ba00010d e59f3508
0x6ca3f0e8:   e59f2508 e08f3003 e08f2002 e5934004
0x6ca3f0f8:   e58270d8 e3740004 0a00002f e59250d4
0x6ca3f108:   e59fb4ec e0854204 e2455040 ea000002
0x6ca3f118:   e2444010 e1550004 0a000027 e5943030 


Stack slot to memory mapping:
stack at sp + 0 slots: 0x00000060 is an unknown value
stack at sp + 1 slots: 0xb6ff687c: __stack_chk_guard+0x00000000 in /lib/ld-linux-armhf.so.3 at 0xb6fc4000
stack at sp + 2 slots: 0x6f635f61: hb_blob_get_data_writable+0x00000041 in /lib/arm-linux-gnueabihf/libharfbuzz.so.0 at 0x6f619000
stack at sp + 3 slots: 0x69705f6d points into unknown readable memory: a3 43 ff
stack at sp + 4 slots: 0x6c5f6a34 is an unknown value
stack at sp + 5 slots: 0x61726269 is an unknown value
stack at sp + 6 slots: 0x705f7972 is an unknown value
stack at sp + 7 slots: 0x69706769 points into unknown readable memory: 19 00 99


---------------  P R O C E S S  ---------------

Threads class SMR info:
_java_thread_list=0x70f1b308, length=15, elements={
0x70735c00, 0x70739400, 0x70743400, 0x70745c00,
0x70747400, 0x70748c00, 0x707a7800, 0x6f748800,
0x6f74cc00, 0x6f750000, 0x6f751000, 0xb5f0ec00,
0x6cc29400, 0x6be86000, 0x6be0ec00
}

Java Threads: ( => current thread )
  0x70735c00 JavaThread "Reference Handler" daemon [_thread_blocked, id=28688, stack(0x7132e000,0x7137e000)]
  0x70739400 JavaThread "Finalizer" daemon [_thread_blocked, id=28689, stack(0x7102e000,0x7107e000)]
  0x70743400 JavaThread "Signal Dispatcher" daemon [_thread_blocked, id=28690, stack(0x70e2e000,0x70e7e000)]
  0x70745c00 JavaThread "Service Thread" daemon [_thread_blocked, id=28691, stack(0x706b0000,0x70700000)]
  0x70747400 JavaThread "C2 CompilerThread0" daemon [_thread_blocked, id=28692, stack(0x70630000,0x706b0000)]
  0x70748c00 JavaThread "Sweeper thread" daemon [_thread_blocked, id=28693, stack(0x70036000,0x70086000)]
  0x707a7800 JavaThread "Common-Cleaner" daemon [_thread_blocked, id=28694, stack(0x6ffe6000,0x70036000)]
  0x6f748800 JavaThread "Java2D Disposer" daemon [_thread_blocked, id=28700, stack(0x6d5c4000,0x6d614000)]
  0x6f74cc00 JavaThread "AWT-XAWT" daemon [_thread_in_native, id=28701, stack(0x6d574000,0x6d5c4000)]
  0x6f750000 JavaThread "AWT-Shutdown" [_thread_blocked, id=28702, stack(0x6d524000,0x6d574000)]
  0x6f751000 JavaThread "AWT-EventQueue-0" [_thread_blocked, id=28703, stack(0x6d4d4000,0x6d524000)]
  0xb5f0ec00 JavaThread "DestroyJavaVM" [_thread_blocked, id=28681, stack(0xb6025000,0xb6075000)]
  0x6cc29400 JavaThread "Timer" [_thread_blocked, id=28714, stack(0x6c292000,0x6c2e2000)]
  0x6be86000 JavaThread "TimerQueue" daemon [_thread_blocked, id=28719, stack(0x6c3e2000,0x6c432000)]
=>0x6be0ec00 JavaThread "pi4j-shutdown" [_thread_in_native, id=28735, stack(0x6d354000,0x6d3d4000)]

Other Threads:
  0x70730800 VMThread "VM Thread" [stack: 0x70834000,0x708b4000] [id=28687]
  0x6fe29000 WatcherThread [stack: 0x6ff66000,0x6ffe6000] [id=28695]
  0xb5f22c00 GCTaskThread "GC Thread#0" [stack: 0xb3c3a000,0xb3cba000] [id=28682]
  0x70510000 GCTaskThread "GC Thread#1" [stack: 0x6cf80000,0x6d000000] [id=28705]
  0x70511000 GCTaskThread "GC Thread#2" [stack: 0x6cefe000,0x6cf7e000] [id=28706]
  0x70512000 GCTaskThread "GC Thread#3" [stack: 0x6ce7c000,0x6cefc000] [id=28707]
  0xb5f78000 ConcurrentGCThread "G1 Main Marker" [stack: 0xb3a80000,0xb3b00000] [id=28683]
  0xb5f79800 ConcurrentGCThread "G1 Conc#0" [stack: 0x71380000,0x71400000] [id=28684]
  0xb5fe0c00 ConcurrentGCThread "G1 Refine#0" [stack: 0x71080000,0x71100000] [id=28685]
  0xb5fe2400 ConcurrentGCThread "G1 Young RemSet Sampling" [stack: 0x70e80000,0x70f00000] [id=28686]

Threads with active compile tasks:

VM state:not at safepoint (normal execution)

VM Mutex/Monitor currently owned by a thread: None

Heap:
 garbage-first heap   total 210944K, used 201969K [0x73a00000, 0xb3a00000)
  region size 1024K, 6 young (6144K), 1 survivors (1024K)
 Metaspace       used 14705K, capacity 14974K, committed 15000K, reserved 15664K
Heap Regions: E=young(eden), S=young(survivor), O=old, HS=humongous(starts), HC=humongous(continues), CS=collection set, F=free, A=archive, TAMS=top-at-mark-start (previous, next)
|   0|0x73a00000, 0x73b00000, 0x73b00000|100%| O|  |TAMS 0x73b00000, 0x73a00000| Untracked 
|   1|0x73b00000, 0x73c00000, 0x73c00000|100%|HS|  |TAMS 0x73c00000, 0x73b00000| Complete 
|   2|0x73c00000, 0x73d00000, 0x73d00000|100%|HS|  |TAMS 0x73d00000, 0x73c00000| Complete 
|   3|0x73d00000, 0x73e00000, 0x73e00000|100%|HC|  |TAMS 0x73e00000, 0x73d00000| Complete 
|   4|0x73e00000, 0x73f00000, 0x73f00000|100%|HS|  |TAMS 0x73f00000, 0x73e00000| Complete 
|   5|0x73f00000, 0x74000000, 0x74000000|100%|HC|  |TAMS 0x74000000, 0x73f00000| Complete 
|   6|0x74000000, 0x74100000, 0x74100000|100%|HS|  |TAMS 0x74100000, 0x74000000| Complete 
|   7|0x74100000, 0x74200000, 0x74200000|100%|HC|  |TAMS 0x74200000, 0x74100000| Complete 
|   8|0x74200000, 0x74300000, 0x74300000|100%|HC|  |TAMS 0x74300000, 0x74200000| Complete 
|   9|0x74300000, 0x74400000, 0x74400000|100%|HS|  |TAMS 0x74400000, 0x74300000| Complete 
|  10|0x74400000, 0x74500000, 0x74500000|100%|HC|  |TAMS 0x74500000, 0x74400000| Complete 
|  11|0x74500000, 0x74600000, 0x74600000|100%|HC|  |TAMS 0x74600000, 0x74500000| Complete 
|  12|0x74600000, 0x74700000, 0x74700000|100%|HS|  |TAMS 0x74700000, 0x74600000| Complete 
|  13|0x74700000, 0x74800000, 0x74800000|100%|HC|  |TAMS 0x74800000, 0x74700000| Complete 
|  14|0x74800000, 0x74900000, 0x74900000|100%|HC|  |TAMS 0x74900000, 0x74800000| Complete 
|  15|0x74900000, 0x74a00000, 0x74a00000|100%|HC|  |TAMS 0x74a00000, 0x74900000| Complete 
|  16|0x74a00000, 0x74b00000, 0x74b00000|100%|HC|  |TAMS 0x74b00000, 0x74a00000| Complete 
|  17|0x74b00000, 0x74c00000, 0x74c00000|100%|HS|  |TAMS 0x74c00000, 0x74b00000| Complete 
|  18|0x74c00000, 0x74d00000, 0x74d00000|100%|HS|  |TAMS 0x74d00000, 0x74c00000| Complete 
|  19|0x74d00000, 0x74e00000, 0x74e00000|100%|HS|  |TAMS 0x74e00000, 0x74d00000| Complete 
|  20|0x74e00000, 0x74f00000, 0x74f00000|100%|HS|  |TAMS 0x74f00000, 0x74e00000| Complete 
|  21|0x74f00000, 0x75000000, 0x75000000|100%|HS|  |TAMS 0x75000000, 0x74f00000| Complete 
|  22|0x75000000, 0x75100000, 0x75100000|100%|HC|  |TAMS 0x75100000, 0x75000000| Complete 
|  23|0x75100000, 0x75200000, 0x75200000|100%|HS|  |TAMS 0x75200000, 0x75100000| Complete 
|  24|0x75200000, 0x75300000, 0x75300000|100%|HC|  |TAMS 0x75300000, 0x75200000| Complete 
|  25|0x75300000, 0x75400000, 0x75400000|100%|HC|  |TAMS 0x75400000, 0x75300000| Complete 
|  26|0x75400000, 0x75500000, 0x75500000|100%|HS|  |TAMS 0x75500000, 0x75400000| Complete 
|  27|0x75500000, 0x75600000, 0x75600000|100%|HC|  |TAMS 0x75600000, 0x75500000| Complete 
|  28|0x75600000, 0x75600000, 0x75700000|  0%| F|  |TAMS 0x75600000, 0x75600000| Untracked 
|  29|0x75700000, 0x75700000, 0x75800000|  0%| F|  |TAMS 0x75700000, 0x75700000| Untracked 
|  30|0x75800000, 0x75900000, 0x75900000|100%| O|  |TAMS 0x75900000, 0x75800000| Untracked 
|  31|0x75900000, 0x75a00000, 0x75a00000|100%| O|  |TAMS 0x75a00000, 0x75900000| Untracked 
|  32|0x75a00000, 0x75b00000, 0x75b00000|100%| O|  |TAMS 0x75b00000, 0x75a00000| Untracked 
|  33|0x75b00000, 0x75c00000, 0x75c00000|100%| O|  |TAMS 0x75c00000, 0x75b00000| Untracked 
|  34|0x75c00000, 0x75d00000, 0x75d00000|100%| O|  |TAMS 0x75d00000, 0x75c00000| Untracked 
|  35|0x75d00000, 0x75e00000, 0x75e00000|100%| O|  |TAMS 0x75e00000, 0x75d00000| Untracked 
|  36|0x75e00000, 0x75f00000, 0x75f00000|100%| O|  |TAMS 0x75f00000, 0x75e00000| Untracked 
|  37|0x75f00000, 0x76000000, 0x76000000|100%|HS|  |TAMS 0x76000000, 0x75f00000| Complete 
|  38|0x76000000, 0x76100000, 0x76100000|100%|HC|  |TAMS 0x76100000, 0x76000000| Complete 
|  39|0x76100000, 0x76200000, 0x76200000|100%|HC|  |TAMS 0x76200000, 0x76100000| Complete 
|  40|0x76200000, 0x76300000, 0x76300000|100%|HS|  |TAMS 0x76300000, 0x76200000| Complete 
|  41|0x76300000, 0x76400000, 0x76400000|100%|HC|  |TAMS 0x76400000, 0x76300000| Complete 
|  42|0x76400000, 0x76500000, 0x76500000|100%|HC|  |TAMS 0x76500000, 0x76400000| Complete 
|  43|0x76500000, 0x76600000, 0x76600000|100%|HS|  |TAMS 0x76600000, 0x76500000| Complete 
|  44|0x76600000, 0x76700000, 0x76700000|100%|HC|  |TAMS 0x76700000, 0x76600000| Complete 
|  45|0x76700000, 0x76800000, 0x76800000|100%|HC|  |TAMS 0x76800000, 0x76700000| Complete 
|  46|0x76800000, 0x76900000, 0x76900000|100%|HS|  |TAMS 0x76900000, 0x76800000| Complete 
|  47|0x76900000, 0x76a00000, 0x76a00000|100%|HC|  |TAMS 0x76a00000, 0x76900000| Complete 
|  48|0x76a00000, 0x76b00000, 0x76b00000|100%|HC|  |TAMS 0x76b00000, 0x76a00000| Complete 
|  49|0x76b00000, 0x76c00000, 0x76c00000|100%|HS|  |TAMS 0x76c00000, 0x76b00000| Complete 
|  50|0x76c00000, 0x76d00000, 0x76d00000|100%|HC|  |TAMS 0x76d00000, 0x76c00000| Complete 
|  51|0x76d00000, 0x76e00000, 0x76e00000|100%|HC|  |TAMS 0x76e00000, 0x76d00000| Complete 
|  52|0x76e00000, 0x76f00000, 0x76f00000|100%| O|  |TAMS 0x76f00000, 0x76e00000| Untracked 
|  53|0x76f00000, 0x77000000, 0x77000000|100%|HS|  |TAMS 0x77000000, 0x76f00000| Complete 
|  54|0x77000000, 0x77100000, 0x77100000|100%|HC|  |TAMS 0x77100000, 0x77000000| Complete 
|  55|0x77100000, 0x77200000, 0x77200000|100%|HC|  |TAMS 0x77200000, 0x77100000| Complete 
|  56|0x77200000, 0x77300000, 0x77300000|100%|HS|  |TAMS 0x77300000, 0x77200000| Complete 
|  57|0x77300000, 0x77400000, 0x77400000|100%|HC|  |TAMS 0x77400000, 0x77300000| Complete 
|  58|0x77400000, 0x77500000, 0x77500000|100%|HC|  |TAMS 0x77500000, 0x77400000| Complete 
|  59|0x77500000, 0x77600000, 0x77600000|100%|HS|  |TAMS 0x77600000, 0x77500000| Complete 
|  60|0x77600000, 0x77700000, 0x77700000|100%|HC|  |TAMS 0x77700000, 0x77600000| Complete 
|  61|0x77700000, 0x77800000, 0x77800000|100%|HC|  |TAMS 0x77800000, 0x77700000| Complete 
|  62|0x77800000, 0x77900000, 0x77900000|100%|HS|  |TAMS 0x77900000, 0x77800000| Complete 
|  63|0x77900000, 0x77a00000, 0x77a00000|100%|HC|  |TAMS 0x77a00000, 0x77900000| Complete 
|  64|0x77a00000, 0x77b00000, 0x77b00000|100%|HC|  |TAMS 0x77b00000, 0x77a00000| Complete 
|  65|0x77b00000, 0x77c00000, 0x77c00000|100%| O|  |TAMS 0x77c00000, 0x77b00000| Untracked 
|  66|0x77c00000, 0x77d00000, 0x77d00000|100%| O|  |TAMS 0x77d00000, 0x77c00000| Untracked 
|  67|0x77d00000, 0x77e00000, 0x77e00000|100%| O|  |TAMS 0x77e00000, 0x77d00000| Untracked 
|  68|0x77e00000, 0x77f00000, 0x77f00000|100%| O|  |TAMS 0x77f00000, 0x77e00000| Untracked 
|  69|0x77f00000, 0x78000000, 0x78000000|100%|HS|  |TAMS 0x78000000, 0x77f00000| Complete 
|  70|0x78000000, 0x78100000, 0x78100000|100%|HC|  |TAMS 0x78100000, 0x78000000| Complete 
|  71|0x78100000, 0x78200000, 0x78200000|100%|HC|  |TAMS 0x78200000, 0x78100000| Complete 
|  72|0x78200000, 0x78300000, 0x78300000|100%|HS|  |TAMS 0x78300000, 0x78200000| Complete 
|  73|0x78300000, 0x78400000, 0x78400000|100%|HC|  |TAMS 0x78400000, 0x78300000| Complete 
|  74|0x78400000, 0x78500000, 0x78500000|100%|HC|  |TAMS 0x78500000, 0x78400000| Complete 
|  75|0x78500000, 0x78600000, 0x78600000|100%| O|  |TAMS 0x78600000, 0x78500000| Untracked 
|  76|0x78600000, 0x78700000, 0x78700000|100%|HS|  |TAMS 0x78700000, 0x78600000| Complete 
|  77|0x78700000, 0x78800000, 0x78800000|100%|HC|  |TAMS 0x78800000, 0x78700000| Complete 
|  78|0x78800000, 0x78900000, 0x78900000|100%| O|  |TAMS 0x78900000, 0x78800000| Untracked 
|  79|0x78900000, 0x78a00000, 0x78a00000|100%| O|  |TAMS 0x78a00000, 0x78900000| Untracked 
|  80|0x78a00000, 0x78b00000, 0x78b00000|100%|HS|  |TAMS 0x78b00000, 0x78a00000| Complete 
|  81|0x78b00000, 0x78c00000, 0x78c00000|100%|HC|  |TAMS 0x78c00000, 0x78b00000| Complete 
|  82|0x78c00000, 0x78d00000, 0x78d00000|100%|HC|  |TAMS 0x78d00000, 0x78c00000| Complete 
|  83|0x78d00000, 0x78e00000, 0x78e00000|100%|HC|  |TAMS 0x78e00000, 0x78d00000| Complete 
|  84|0x78e00000, 0x78f00000, 0x78f00000|100%|HC|  |TAMS 0x78f00000, 0x78e00000| Complete 
|  85|0x78f00000, 0x79000000, 0x79000000|100%|HC|  |TAMS 0x79000000, 0x78f00000| Complete 
|  86|0x79000000, 0x79100000, 0x79100000|100%|HC|  |TAMS 0x79100000, 0x79000000| Complete 
|  87|0x79100000, 0x79200000, 0x79200000|100%|HC|  |TAMS 0x79200000, 0x79100000| Complete 
|  88|0x79200000, 0x79300000, 0x79300000|100%|HC|  |TAMS 0x79300000, 0x79200000| Complete 
|  89|0x79300000, 0x79400000, 0x79400000|100%|HC|  |TAMS 0x79400000, 0x79300000| Complete 
|  90|0x79400000, 0x79500000, 0x79500000|100%|HC|  |TAMS 0x79500000, 0x79400000| Complete 
|  91|0x79500000, 0x79600000, 0x79600000|100%|HC|  |TAMS 0x79600000, 0x79500000| Complete 
|  92|0x79600000, 0x79700000, 0x79700000|100%|HC|  |TAMS 0x79700000, 0x79600000| Complete 
|  93|0x79700000, 0x79800000, 0x79800000|100%|HC|  |TAMS 0x79800000, 0x79700000| Complete 
|  94|0x79800000, 0x79900000, 0x79900000|100%|HC|  |TAMS 0x79900000, 0x79800000| Complete 
|  95|0x79900000, 0x79a00000, 0x79a00000|100%|HC|  |TAMS 0x79a00000, 0x79900000| Complete 
|  96|0x79a00000, 0x79b00000, 0x79b00000|100%|HC|  |TAMS 0x79b00000, 0x79a00000| Complete 
|  97|0x79b00000, 0x79c00000, 0x79c00000|100%|HS|  |TAMS 0x79c00000, 0x79b00000| Complete 
|  98|0x79c00000, 0x79d00000, 0x79d00000|100%|HC|  |TAMS 0x79d00000, 0x79c00000| Complete 
|  99|0x79d00000, 0x79e00000, 0x79e00000|100%|HC|  |TAMS 0x79e00000, 0x79d00000| Complete 
| 100|0x79e00000, 0x79f00000, 0x79f00000|100%|HS|  |TAMS 0x79f00000, 0x79e00000| Complete 
| 101|0x79f00000, 0x7a000000, 0x7a000000|100%|HC|  |TAMS 0x7a000000, 0x79f00000| Complete 
| 102|0x7a000000, 0x7a100000, 0x7a100000|100%|HC|  |TAMS 0x7a100000, 0x7a000000| Complete 
| 103|0x7a100000, 0x7a200000, 0x7a200000|100%|HS|  |TAMS 0x7a200000, 0x7a100000| Complete 
| 104|0x7a200000, 0x7a300000, 0x7a300000|100%|HC|  |TAMS 0x7a300000, 0x7a200000| Complete 
| 105|0x7a300000, 0x7a400000, 0x7a400000|100%|HC|  |TAMS 0x7a400000, 0x7a300000| Complete 
| 106|0x7a400000, 0x7a500000, 0x7a500000|100%|HS|  |TAMS 0x7a500000, 0x7a400000| Complete 
| 107|0x7a500000, 0x7a600000, 0x7a600000|100%|HC|  |TAMS 0x7a600000, 0x7a500000| Complete 
| 108|0x7a600000, 0x7a700000, 0x7a700000|100%|HC|  |TAMS 0x7a700000, 0x7a600000| Complete 
| 109|0x7a700000, 0x7a800000, 0x7a800000|100%|HS|  |TAMS 0x7a800000, 0x7a700000| Complete 
| 110|0x7a800000, 0x7a900000, 0x7a900000|100%|HC|  |TAMS 0x7a900000, 0x7a800000| Complete 
| 111|0x7a900000, 0x7aa00000, 0x7aa00000|100%|HC|  |TAMS 0x7aa00000, 0x7a900000| Complete 
| 112|0x7aa00000, 0x7ab00000, 0x7ab00000|100%|HC|  |TAMS 0x7ab00000, 0x7aa00000| Complete 
| 113|0x7ab00000, 0x7ac00000, 0x7ac00000|100%|HC|  |TAMS 0x7ac00000, 0x7ab00000| Complete 
| 114|0x7ac00000, 0x7ad00000, 0x7ad00000|100%|HC|  |TAMS 0x7ad00000, 0x7ac00000| Complete 
| 115|0x7ad00000, 0x7ae00000, 0x7ae00000|100%|HC|  |TAMS 0x7ae00000, 0x7ad00000| Complete 
| 116|0x7ae00000, 0x7af00000, 0x7af00000|100%|HC|  |TAMS 0x7af00000, 0x7ae00000| Complete 
| 117|0x7af00000, 0x7b000000, 0x7b000000|100%|HC|  |TAMS 0x7b000000, 0x7af00000| Complete 
| 118|0x7b000000, 0x7b100000, 0x7b100000|100%|HC|  |TAMS 0x7b100000, 0x7b000000| Complete 
| 119|0x7b100000, 0x7b200000, 0x7b200000|100%|HC|  |TAMS 0x7b200000, 0x7b100000| Complete 
| 120|0x7b200000, 0x7b300000, 0x7b300000|100%|HC|  |TAMS 0x7b300000, 0x7b200000| Complete 
| 121|0x7b300000, 0x7b400000, 0x7b400000|100%|HC|  |TAMS 0x7b400000, 0x7b300000| Complete 
| 122|0x7b400000, 0x7b500000, 0x7b500000|100%|HC|  |TAMS 0x7b500000, 0x7b400000| Complete 
| 123|0x7b500000, 0x7b600000, 0x7b600000|100%|HC|  |TAMS 0x7b600000, 0x7b500000| Complete 
| 124|0x7b600000, 0x7b700000, 0x7b700000|100%|HC|  |TAMS 0x7b700000, 0x7b600000| Complete 
| 125|0x7b700000, 0x7b800000, 0x7b800000|100%|HC|  |TAMS 0x7b800000, 0x7b700000| Complete 
| 126|0x7b800000, 0x7b900000, 0x7b900000|100%|HC|  |TAMS 0x7b900000, 0x7b800000| Complete 
| 127|0x7b900000, 0x7ba00000, 0x7ba00000|100%|HS|  |TAMS 0x7ba00000, 0x7b900000| Complete 
| 128|0x7ba00000, 0x7bb00000, 0x7bb00000|100%|HC|  |TAMS 0x7bb00000, 0x7ba00000| Complete 
| 129|0x7bb00000, 0x7bc00000, 0x7bc00000|100%|HS|  |TAMS 0x7bc00000, 0x7bb00000| Complete 
| 130|0x7bc00000, 0x7bd00000, 0x7bd00000|100%|HC|  |TAMS 0x7bd00000, 0x7bc00000| Complete 
| 131|0x7bd00000, 0x7be00000, 0x7be00000|100%|HC|  |TAMS 0x7be00000, 0x7bd00000| Complete 
| 132|0x7be00000, 0x7bf00000, 0x7bf00000|100%| O|  |TAMS 0x7bf00000, 0x7be00000| Untracked 
| 133|0x7bf00000, 0x7c000000, 0x7c000000|100%| O|  |TAMS 0x7c000000, 0x7bf00000| Untracked 
| 134|0x7c000000, 0x7c100000, 0x7c100000|100%|HS|  |TAMS 0x7c100000, 0x7c000000| Complete 
| 135|0x7c100000, 0x7c200000, 0x7c200000|100%|HC|  |TAMS 0x7c200000, 0x7c100000| Complete 
| 136|0x7c200000, 0x7c300000, 0x7c300000|100%|HC|  |TAMS 0x7c300000, 0x7c200000| Complete 
| 137|0x7c300000, 0x7c400000, 0x7c400000|100%|HC|  |TAMS 0x7c400000, 0x7c300000| Complete 
| 138|0x7c400000, 0x7c500000, 0x7c500000|100%|HC|  |TAMS 0x7c500000, 0x7c400000| Complete 
| 139|0x7c500000, 0x7c600000, 0x7c600000|100%|HC|  |TAMS 0x7c600000, 0x7c500000| Complete 
| 140|0x7c600000, 0x7c700000, 0x7c700000|100%|HC|  |TAMS 0x7c700000, 0x7c600000| Complete 
| 141|0x7c700000, 0x7c800000, 0x7c800000|100%| O|  |TAMS 0x7c800000, 0x7c700000| Untracked 
| 142|0x7c800000, 0x7c900000, 0x7c900000|100%|HS|  |TAMS 0x7c900000, 0x7c800000| Complete 
| 143|0x7c900000, 0x7ca00000, 0x7ca00000|100%|HS|  |TAMS 0x7ca00000, 0x7c900000| Complete 
| 144|0x7ca00000, 0x7cb00000, 0x7cb00000|100%|HS|  |TAMS 0x7cb00000, 0x7ca00000| Complete 
| 145|0x7cb00000, 0x7cc00000, 0x7cc00000|100%|HC|  |TAMS 0x7cc00000, 0x7cb00000| Complete 
| 146|0x7cc00000, 0x7cd00000, 0x7cd00000|100%|HC|  |TAMS 0x7cd00000, 0x7cc00000| Complete 
| 147|0x7cd00000, 0x7ce00000, 0x7ce00000|100%|HC|  |TAMS 0x7ce00000, 0x7cd00000| Complete 
| 148|0x7ce00000, 0x7cf00000, 0x7cf00000|100%|HC|  |TAMS 0x7cf00000, 0x7ce00000| Complete 
| 149|0x7cf00000, 0x7d000000, 0x7d000000|100%|HC|  |TAMS 0x7d000000, 0x7cf00000| Complete 
| 150|0x7d000000, 0x7d100000, 0x7d100000|100%|HC|  |TAMS 0x7d100000, 0x7d000000| Complete 
| 151|0x7d100000, 0x7d200000, 0x7d200000|100%|HC|  |TAMS 0x7d200000, 0x7d100000| Complete 
| 152|0x7d200000, 0x7d300000, 0x7d300000|100%|HC|  |TAMS 0x7d300000, 0x7d200000| Complete 
| 153|0x7d300000, 0x7d400000, 0x7d400000|100%|HC|  |TAMS 0x7d400000, 0x7d300000| Complete 
| 154|0x7d400000, 0x7d500000, 0x7d500000|100%|HC|  |TAMS 0x7d500000, 0x7d400000| Complete 
| 155|0x7d500000, 0x7d600000, 0x7d600000|100%|HC|  |TAMS 0x7d600000, 0x7d500000| Complete 
| 156|0x7d600000, 0x7d700000, 0x7d700000|100%|HC|  |TAMS 0x7d700000, 0x7d600000| Complete 
| 157|0x7d700000, 0x7d800000, 0x7d800000|100%|HC|  |TAMS 0x7d800000, 0x7d700000| Complete 
| 158|0x7d800000, 0x7d900000, 0x7d900000|100%|HC|  |TAMS 0x7d900000, 0x7d800000| Complete 
| 159|0x7d900000, 0x7da00000, 0x7da00000|100%|HC|  |TAMS 0x7da00000, 0x7d900000| Complete 
| 160|0x7da00000, 0x7db00000, 0x7db00000|100%|HC|  |TAMS 0x7db00000, 0x7da00000| Complete 
| 161|0x7db00000, 0x7dc00000, 0x7dc00000|100%|HC|  |TAMS 0x7dc00000, 0x7db00000| Complete 
| 162|0x7dc00000, 0x7dd00000, 0x7dd00000|100%|HC|  |TAMS 0x7dd00000, 0x7dc00000| Complete 
| 163|0x7dd00000, 0x7de00000, 0x7de00000|100%|HC|  |TAMS 0x7de00000, 0x7dd00000| Complete 
| 164|0x7de00000, 0x7df00000, 0x7df00000|100%|HC|  |TAMS 0x7df00000, 0x7de00000| Complete 
| 165|0x7df00000, 0x7e000000, 0x7e000000|100%|HC|  |TAMS 0x7e000000, 0x7df00000| Complete 
| 166|0x7e000000, 0x7e100000, 0x7e100000|100%|HC|  |TAMS 0x7e100000, 0x7e000000| Complete 
| 167|0x7e100000, 0x7e200000, 0x7e200000|100%|HC|  |TAMS 0x7e200000, 0x7e100000| Complete 
| 168|0x7e200000, 0x7e300000, 0x7e300000|100%|HC|  |TAMS 0x7e300000, 0x7e200000| Complete 
| 169|0x7e300000, 0x7e400000, 0x7e400000|100%|HC|  |TAMS 0x7e400000, 0x7e300000| Complete 
| 170|0x7e400000, 0x7e500000, 0x7e500000|100%|HC|  |TAMS 0x7e500000, 0x7e400000| Complete 
| 171|0x7e500000, 0x7e600000, 0x7e600000|100%|HC|  |TAMS 0x7e600000, 0x7e500000| Complete 
| 172|0x7e600000, 0x7e700000, 0x7e700000|100%|HC|  |TAMS 0x7e700000, 0x7e600000| Complete 
| 173|0x7e700000, 0x7e800000, 0x7e800000|100%|HC|  |TAMS 0x7e800000, 0x7e700000| Complete 
| 174|0x7e800000, 0x7e900000, 0x7e900000|100%|HC|  |TAMS 0x7e900000, 0x7e800000| Complete 
| 175|0x7e900000, 0x7ea00000, 0x7ea00000|100%|HC|  |TAMS 0x7ea00000, 0x7e900000| Complete 
| 176|0x7ea00000, 0x7eb00000, 0x7eb00000|100%|HC|  |TAMS 0x7eb00000, 0x7ea00000| Complete 
| 177|0x7eb00000, 0x7ec00000, 0x7ec00000|100%|HC|  |TAMS 0x7ec00000, 0x7eb00000| Complete 
| 178|0x7ec00000, 0x7ed00000, 0x7ed00000|100%|HC|  |TAMS 0x7ed00000, 0x7ec00000| Complete 
| 179|0x7ed00000, 0x7ee00000, 0x7ee00000|100%|HC|  |TAMS 0x7ee00000, 0x7ed00000| Complete 
| 180|0x7ee00000, 0x7ef00000, 0x7ef00000|100%|HC|  |TAMS 0x7ef00000, 0x7ee00000| Complete 
| 181|0x7ef00000, 0x7f000000, 0x7f000000|100%|HC|  |TAMS 0x7f000000, 0x7ef00000| Complete 
| 182|0x7f000000, 0x7f100000, 0x7f100000|100%|HC|  |TAMS 0x7f100000, 0x7f000000| Complete 
| 183|0x7f100000, 0x7f200000, 0x7f200000|100%|HC|  |TAMS 0x7f200000, 0x7f100000| Complete 
| 184|0x7f200000, 0x7f300000, 0x7f300000|100%|HC|  |TAMS 0x7f300000, 0x7f200000| Complete 
| 185|0x7f300000, 0x7f400000, 0x7f400000|100%|HC|  |TAMS 0x7f400000, 0x7f300000| Complete 
| 186|0x7f400000, 0x7f500000, 0x7f500000|100%|HS|  |TAMS 0x7f500000, 0x7f400000| Complete 
| 187|0x7f500000, 0x7f600000, 0x7f600000|100%|HS|  |TAMS 0x7f600000, 0x7f500000| Complete 
| 188|0x7f600000, 0x7f700000, 0x7f700000|100%|HS|  |TAMS 0x7f700000, 0x7f600000| Complete 
| 189|0x7f700000, 0x7f800000, 0x7f800000|100%|HS|  |TAMS 0x7f800000, 0x7f700000| Complete 
| 190|0x7f800000, 0x7f800000, 0x7f900000|  0%| F|  |TAMS 0x7f800000, 0x7f800000| Untracked 
| 191|0x7f900000, 0x7fa00000, 0x7fa00000|100%| O|  |TAMS 0x7fa00000, 0x7f900000| Untracked 
| 192|0x7fa00000, 0x7faa18c0, 0x7fb00000| 63%| S|CS|TAMS 0x7fa00000, 0x7fa00000| Complete 
| 193|0x7fb00000, 0x7fb00000, 0x7fc00000|  0%| F|  |TAMS 0x7fb00000, 0x7fb00000| Untracked 
| 194|0x7fc00000, 0x7fc00000, 0x7fd00000|  0%| F|  |TAMS 0x7fc00000, 0x7fc00000| Untracked 
| 195|0x7fd00000, 0x7fd00000, 0x7fe00000|  0%| F|  |TAMS 0x7fd00000, 0x7fd00000| Untracked 
| 196|0x7fe00000, 0x7fe00000, 0x7ff00000|  0%| F|  |TAMS 0x7fe00000, 0x7fe00000| Untracked 
| 197|0x7ff00000, 0x7ff2efd8, 0x80000000| 18%| E|  |TAMS 0x7ff00000, 0x7ff00000| Complete 
| 198|0x80000000, 0x80100000, 0x80100000|100%| E|CS|TAMS 0x80000000, 0x80000000| Complete 
| 199|0x80100000, 0x80200000, 0x80200000|100%| E|CS|TAMS 0x80100000, 0x80100000| Complete 
| 200|0x80200000, 0x80300000, 0x80300000|100%| O|  |TAMS 0x80300000, 0x80200000| Untracked 
| 201|0x80300000, 0x80400000, 0x80400000|100%| E|CS|TAMS 0x80300000, 0x80300000| Complete 
| 202|0x80400000, 0x80500000, 0x80500000|100%| O|  |TAMS 0x80500000, 0x80400000| Untracked 
| 203|0x80500000, 0x80600000, 0x80600000|100%| O|  |TAMS 0x80600000, 0x80500000| Untracked 
| 204|0x80600000, 0x80700000, 0x80700000|100%| E|CS|TAMS 0x80600000, 0x80600000| Complete 
| 205|0x80700000, 0x8079ae00, 0x80800000| 60%| O|  |TAMS 0x8079ae00, 0x80700000| Untracked 

Card table byte_map: [0x73600000,0x73800000] _byte_map_base: 0x73263000

Marking Bits (Prev, Next): (CMBitMap*) 0xb5f75788, (CMBitMap*) 0xb5f7576c
 Prev Bits: [0x71400000, 0x72400000)
 Next Bits: [0x72400000, 0x73400000)

Polling page: 0xb6ff1000

Metaspace:

Usage:
   14.62 MB capacity,    14.36 MB ( 98%) used,   174.10 KB (  1%) free+waste,    94.02 KB ( <1%) overhead. 

Virtual space:
     15.30 MB reserved,      14.65 MB ( 96%) committed 

Chunk freelists:
0 bytes

MaxMetaspaceSize: unlimited
No class space
Initial GC threshold: 16.00 MB
Current GC threshold: 24.41 MB
CDS: off

CodeCache: size=32768Kb used=1584Kb max_used=1601Kb free=31183Kb
 bounds [0xb3cfa000, 0xb3e92000, 0xb5cfa000]
 total_blobs=1015 nmethods=741 adapters=227
 compilation: enabled
              stopped_count=0, restarted_count=0
 full_count=0

Compilation events (20 events):
Event: 50.163 Thread 0x70747400  731   !         sun.java2d.SunGraphics2D::clone (114 bytes)
Event: 50.190 Thread 0x70747400 nmethod 731 0xb3e79908 code [0xb3e79a20, 0xb3e79d1c]
Event: 50.190 Thread 0x70747400  732             java.awt.geom.AffineTransform::<init> (69 bytes)
Event: 50.194 Thread 0x70747400 nmethod 732 0xb3e85808 code [0xb3e85900, 0xb3e8599c]
Event: 50.194 Thread 0x70747400  733             java.awt.AWTEvent::getID (5 bytes)
Event: 50.196 Thread 0x70747400 nmethod 733 0xb3e85508 code [0xb3e85600, 0xb3e8565c]
Event: 50.348 Thread 0x70747400  734             java.awt.Component::isShowing (38 bytes)
Event: 50.359 Thread 0x70747400 nmethod 734 0xb3e85208 code [0xb3e85310, 0xb3e853fc]
Event: 52.086 Thread 0x70747400  735   !         javax.swing.RepaintManager::addDirtyRegion0 (205 bytes)
Event: 52.498 Thread 0x70747400 nmethod 735 0xb3e8a008 code [0xb3e8a4a0, 0xb3e8cfd4]
Event: 52.498 Thread 0x70747400  736             java.awt.Rectangle::setBounds (10 bytes)
Event: 52.500 Thread 0x70747400 nmethod 736 0xb3e84f08 code [0xb3e85000, 0xb3e8506c]
Event: 52.500 Thread 0x70747400  737             java.awt.Rectangle::reshape (22 bytes)
Event: 52.501 Thread 0x70747400 nmethod 737 0xb3e84c08 code [0xb3e84d00, 0xb3e84d6c]
Event: 52.502 Thread 0x70747400  738             java.awt.Rectangle::isEmpty (20 bytes)
Event: 52.504 Thread 0x70747400 nmethod 738 0xb3e84908 code [0xb3e84a00, 0xb3e84a8c]
Event: 52.634 Thread 0x70747400  739             sun.awt.X11GraphicsDevice::getScaleFactor (5 bytes)
Event: 52.635 Thread 0x70747400 nmethod 739 0xb3e84608 code [0xb3e84700, 0xb3e8475c]
Event: 57.126 Thread 0x70747400  741             jdk.internal.reflect.ByteVectorImpl::add (38 bytes)
Event: 57.132 Thread 0x70747400 nmethod 741 0xb3e82908 code [0xb3e82a10, 0xb3e82af8]

GC Heap History (20 events):
Event: 20.463 GC heap before
{Heap before GC invocations=75 (full 0):
 garbage-first heap   total 198656K, used 195016K [0x73a00000, 0xb3a00000)
  region size 1024K, 9 young (9216K), 1 survivors (1024K)
 Metaspace       used 11897K, capacity 12127K, committed 12184K, reserved 12592K
}
Event: 20.467 GC heap after
{Heap after GC invocations=76 (full 0):
 garbage-first heap   total 198656K, used 187852K [0x73a00000, 0xb3a00000)
  region size 1024K, 1 young (1024K), 1 survivors (1024K)
 Metaspace       used 11897K, capacity 12127K, committed 12184K, reserved 12592K
}
Event: 20.646 GC heap before
{Heap before GC invocations=77 (full 0):
 garbage-first heap   total 198656K, used 189900K [0x73a00000, 0xb3a00000)
  region size 1024K, 5 young (5120K), 1 survivors (1024K)
 Metaspace       used 11897K, capacity 12127K, committed 12184K, reserved 12592K
}
Event: 20.651 GC heap after
{Heap after GC invocations=78 (full 0):
 garbage-first heap   total 198656K, used 187810K [0x73a00000, 0xb3a00000)
  region size 1024K, 1 young (1024K), 1 survivors (1024K)
 Metaspace       used 11897K, capacity 12127K, committed 12184K, reserved 12592K
}
Event: 20.778 GC heap before
{Heap before GC invocations=79 (full 0):
 garbage-first heap   total 198656K, used 190882K [0x73a00000, 0xb3a00000)
  region size 1024K, 3 young (3072K), 1 survivors (1024K)
 Metaspace       used 11897K, capacity 12127K, committed 12184K, reserved 12592K
}
Event: 20.783 GC heap after
{Heap after GC invocations=80 (full 0):
 garbage-first heap   total 198656K, used 189982K [0x73a00000, 0xb3a00000)
  region size 1024K, 1 young (1024K), 1 survivors (1024K)
 Metaspace       used 11897K, capacity 12127K, committed 12184K, reserved 12592K
}
Event: 20.905 GC heap before
{Heap before GC invocations=81 (full 0):
 garbage-first heap   total 198656K, used 193054K [0x73a00000, 0xb3a00000)
  region size 1024K, 3 young (3072K), 1 survivors (1024K)
 Metaspace       used 11897K, capacity 12127K, committed 12184K, reserved 12592K
}
Event: 20.910 GC heap after
{Heap after GC invocations=82 (full 0):
 garbage-first heap   total 198656K, used 192144K [0x73a00000, 0xb3a00000)
  region size 1024K, 1 young (1024K), 1 survivors (1024K)
 Metaspace       used 11897K, capacity 12127K, committed 12184K, reserved 12592K
}
Event: 21.184 GC heap before
{Heap before GC invocations=83 (full 0):
 garbage-first heap   total 198656K, used 197264K [0x73a00000, 0xb3a00000)
  region size 1024K, 4 young (4096K), 1 survivors (1024K)
 Metaspace       used 11934K, capacity 12159K, committed 12184K, reserved 12592K
}
Event: 21.189 GC heap after
{Heap after GC invocations=84 (full 0):
 garbage-first heap   total 199680K, used 194556K [0x73a00000, 0xb3a00000)
  region size 1024K, 1 young (1024K), 1 survivors (1024K)
 Metaspace       used 11934K, capacity 12159K, committed 12184K, reserved 12592K
}
Event: 23.149 GC heap before
{Heap before GC invocations=84 (full 0):
 garbage-first heap   total 199680K, used 198652K [0x73a00000, 0xb3a00000)
  region size 1024K, 5 young (5120K), 1 survivors (1024K)
 Metaspace       used 13468K, capacity 13700K, committed 13720K, reserved 14640K
}
Event: 23.165 GC heap after
{Heap after GC invocations=85 (full 0):
 garbage-first heap   total 201728K, used 195047K [0x73a00000, 0xb3a00000)
  region size 1024K, 2 young (2048K), 2 survivors (2048K)
 Metaspace       used 13468K, capacity 13700K, committed 13720K, reserved 14640K
}
Event: 24.618 GC heap before
{Heap before GC invocations=86 (full 0):
 garbage-first heap   total 201728K, used 199143K [0x73a00000, 0xb3a00000)
  region size 1024K, 7 young (7168K), 2 survivors (2048K)
 Metaspace       used 13890K, capacity 14163K, committed 14232K, reserved 14640K
}
Event: 24.634 GC heap after
{Heap after GC invocations=87 (full 0):
 garbage-first heap   total 203776K, used 196072K [0x73a00000, 0xb3a00000)
  region size 1024K, 2 young (2048K), 2 survivors (2048K)
 Metaspace       used 13890K, capacity 14163K, committed 14232K, reserved 14640K
}
Event: 26.096 GC heap before
{Heap before GC invocations=87 (full 0):
 garbage-first heap   total 203776K, used 203240K [0x73a00000, 0xb3a00000)
  region size 1024K, 9 young (9216K), 2 survivors (2048K)
 Metaspace       used 13925K, capacity 14195K, committed 14232K, reserved 14640K
}
Event: 26.147 GC heap after
{Heap after GC invocations=88 (full 0):
 garbage-first heap   total 207872K, used 197641K [0x73a00000, 0xb3a00000)
  region size 1024K, 2 young (2048K), 2 survivors (2048K)
 Metaspace       used 13925K, capacity 14195K, committed 14232K, reserved 14640K
}
Event: 30.119 GC heap before
{Heap before GC invocations=89 (full 0):
 garbage-first heap   total 207872K, used 205833K [0x73a00000, 0xb3a00000)
  region size 1024K, 10 young (10240K), 2 survivors (2048K)
 Metaspace       used 14228K, capacity 14485K, committed 14616K, reserved 14640K
}
Event: 30.164 GC heap after
{Heap after GC invocations=90 (full 0):
 garbage-first heap   total 209920K, used 199314K [0x73a00000, 0xb3a00000)
  region size 1024K, 2 young (2048K), 2 survivors (2048K)
 Metaspace       used 14228K, capacity 14485K, committed 14616K, reserved 14640K
}
Event: 45.282 GC heap before
{Heap before GC invocations=90 (full 0):
 garbage-first heap   total 209920K, used 206482K [0x73a00000, 0xb3a00000)
  region size 1024K, 10 young (10240K), 2 survivors (2048K)
 Metaspace       used 14606K, capacity 14873K, committed 15000K, reserved 15664K
}
Event: 45.299 GC heap after
{Heap after GC invocations=91 (full 0):
 garbage-first heap   total 210944K, used 199921K [0x73a00000, 0xb3a00000)
  region size 1024K, 1 young (1024K), 1 survivors (1024K)
 Metaspace       used 14606K, capacity 14873K, committed 15000K, reserved 15664K
}

Deoptimization events (20 events):
Event: 54.176 Thread 0x6f751000 Uncommon trap: trap_request=0xffffffde fr.pc=0xb3e67e54 relative=0x000001a4
Event: 54.176 Thread 0x6f751000 Uncommon trap: reason=class_check action=maybe_recompile pc=0xb3e67e54 method=sun.font.TrueTypeGlyphMapper.getGlyphFromCMAP(I)C @ 5 c2
Event: 54.177 Thread 0x6f751000 DEOPT PACKING pc=0xb3e67e54 sp=0x6d521670
Event: 54.177 Thread 0x6f751000 DEOPT UNPACKING pc=0xb3d29bfc sp=0x6d521628 mode 2
Event: 57.094 Thread 0x6becc400 Uncommon trap: trap_request=0xffffffde fr.pc=0xb3e212f4 relative=0x00000e04
Event: 57.094 Thread 0x6becc400 Uncommon trap: reason=class_check action=maybe_recompile pc=0xb3e212f4 method=java.util.concurrent.ConcurrentHashMap.putVal(Ljava/lang/Object;Ljava/lang/Object;Z)Ljava/lang/Object; @ 242 c2
Event: 57.094 Thread 0x6becc400 DEOPT PACKING pc=0xb3e212f4 sp=0x6c290368
Event: 57.094 Thread 0x6becc400 DEOPT UNPACKING pc=0xb3d29bfc sp=0x6c290340 mode 2
Event: 57.094 Thread 0x6be0ec00 Uncommon trap: trap_request=0xffffffde fr.pc=0xb3e212b0 relative=0x00000dc0
Event: 57.094 Thread 0x6be0ec00 Uncommon trap: reason=class_check action=maybe_recompile pc=0xb3e212b0 method=java.util.concurrent.ConcurrentHashMap.putVal(Ljava/lang/Object;Ljava/lang/Object;Z)Ljava/lang/Object; @ 159 c2
Event: 57.094 Thread 0x6be0ec00 DEOPT PACKING pc=0xb3e212b0 sp=0x6d3d22a0
Event: 57.094 Thread 0x6be0ec00 DEOPT UNPACKING pc=0xb3d29bfc sp=0x6d3d2280 mode 2
Event: 57.096 Thread 0x6be0ec00 Uncommon trap: trap_request=0xffffffde fr.pc=0xb3e212b0 relative=0x00000dc0
Event: 57.096 Thread 0x6be0ec00 Uncommon trap: reason=class_check action=maybe_recompile pc=0xb3e212b0 method=java.util.concurrent.ConcurrentHashMap.putVal(Ljava/lang/Object;Ljava/lang/Object;Z)Ljava/lang/Object; @ 159 c2
Event: 57.096 Thread 0x6be0ec00 DEOPT PACKING pc=0xb3e212b0 sp=0x6d3d2340
Event: 57.096 Thread 0x6be0ec00 DEOPT UNPACKING pc=0xb3d29bfc sp=0x6d3d2320 mode 2
Event: 57.102 Thread 0x6be0ec00 Uncommon trap: trap_request=0xffffffde fr.pc=0xb3e212f4 relative=0x00000e04
Event: 57.102 Thread 0x6be0ec00 Uncommon trap: reason=class_check action=maybe_recompile pc=0xb3e212f4 method=java.util.concurrent.ConcurrentHashMap.putVal(Ljava/lang/Object;Ljava/lang/Object;Z)Ljava/lang/Object; @ 242 c2
Event: 57.102 Thread 0x6be0ec00 DEOPT PACKING pc=0xb3e212f4 sp=0x6d3d1d90
Event: 57.103 Thread 0x6be0ec00 DEOPT UNPACKING pc=0xb3d29bfc sp=0x6d3d1d68 mode 2

Classes redefined (0 events):
No events

Internal exceptions (20 events):
Event: 18.332 Thread 0x6f751000 Exception <a 'java/lang/NoSuchMethodError'{0x7cb6f708}: 'java.lang.Object java.lang.invoke.DirectMethodHandle$Holder.invokeSpecial(java.lang.Object, java.lang.Object, int, int, int, java.lang.Object, java.lang.Object)'> (0x7cb6f708) thrown at [./src/hotspot/share/interpreter/linkResolver.cpp, line 772]
Event: 18.334 Thread 0x6f751000 Exception <a 'java/lang/NoSuchMethodError'{0x7cb72d78}: 'java.lang.Object java.lang.invoke.DelegatingMethodHandle$Holder.reinvoke_L(java.lang.Object, int, int, int, java.lang.Object, java.lang.Object)'> (0x7cb72d78) thrown at [./src/hotspot/share/interpreter/linkResolver.cpp, line 772]
Event: 18.344 Thread 0x6f751000 Exception <a 'java/lang/NoSuchMethodError'{0x7cb831c0}: 'java.lang.Object java.lang.invoke.DirectMethodHandle$Holder.invokeSpecial(java.lang.Object, java.lang.Object, int, java.lang.Object, java.lang.Object)'> (0x7cb831c0) thrown at [./src/hotspot/share/interpreter/linkResolver.cpp, line 772]
Event: 18.346 Thread 0x6f751000 Exception <a 'java/lang/NoSuchMethodError'{0x7cb86a00}: 'java.lang.Object java.lang.invoke.Invokers$Holder.linkToTargetMethod(int, java.lang.Object, java.lang.Object, java.lang.Object)'> (0x7cb86a00) thrown at [./src/hotspot/share/interpreter/linkResolver.cpp, line 772]
Event: 18.403 Thread 0x6f751000 Exception <a 'java/lang/NoSuchMethodError'{0x7cbe6c78}: 'java.lang.Object java.lang.invoke.DirectMethodHandle$Holder.invokeSpecial(java.lang.Object, java.lang.Object, int, int, java.lang.Object, int, java.lang.Object)'> (0x7cbe6c78) thrown at [./src/hotspot/share/interpreter/linkResolver.cpp, line 772]
Event: 18.404 Thread 0x6f751000 Exception <a 'java/lang/NoSuchMethodError'{0x7cbea1d8}: 'java.lang.Object java.lang.invoke.DelegatingMethodHandle$Holder.reinvoke_L(java.lang.Object, int, int, java.lang.Object, int, java.lang.Object)'> (0x7cbea1d8) thrown at [./src/hotspot/share/interpreter/linkResolver.cpp, line 772]
Event: 18.413 Thread 0x6f751000 Exception <a 'java/lang/NoSuchMethodError'{0x7cbfabc0}: 'java.lang.Object java.lang.invoke.DirectMethodHandle$Holder.invokeSpecial(java.lang.Object, java.lang.Object, java.lang.Object, int, java.lang.Object)'> (0x7cbfabc0) thrown at [./src/hotspot/share/interpreter/linkResolver.cpp, line 772]
Event: 18.415 Thread 0x6f751000 Exception <a 'java/lang/NoSuchMethodError'{0x7cbfe368}: 'java.lang.Object java.lang.invoke.Invokers$Holder.linkToTargetMethod(java.lang.Object, int, java.lang.Object, java.lang.Object)'> (0x7cbfe368) thrown at [./src/hotspot/share/interpreter/linkResolver.cpp, line 772]
Event: 21.672 Thread 0x6f751000 Exception <a 'java/lang/NoSuchMethodError'{0x7f9ef158}: 'void java.lang.invoke.DirectMethodHandle$Holder.invokeStaticInit(java.lang.Object)'> (0x7f9ef158) thrown at [./src/hotspot/share/interpreter/linkResolver.cpp, line 772]
Event: 23.139 Thread 0x6f751000 Exception <a 'java/lang/NoSuchMethodError'{0x7f8e7780}: 'java.lang.Object java.lang.invoke.DirectMethodHandle$Holder.invokeSpecial(java.lang.Object, java.lang.Object, int, int, java.lang.Object, java.lang.Object, java.lang.Object, java.lang.Object, java.lang.Object)'> (0x7f8e7780) thrown at [./src/hotspot/share/interpreter/linkResolver.cpp, line 772]
Event: 23.141 Thread 0x6f751000 Exception <a 'java/lang/NoSuchMethodError'{0x7f8eb9a0}: 'java.lang.Object java.lang.invoke.DelegatingMethodHandle$Holder.reinvoke_L(java.lang.Object, int, int, java.lang.Object, java.lang.Object, java.lang.Object, java.lang.Object, java.lang.Object)'> (0x7f8eb9a0) thrown at [./src/hotspot/share/interpreter/linkResolver.cpp, line 772]
Event: 23.212 Thread 0x6f751000 Exception <a 'java/lang/NoSuchMethodError'{0x7fc5fb70}: 'java.lang.Object java.lang.invoke.DirectMethodHandle$Holder.invokeStatic(java.lang.Object, java.lang.Object, java.lang.Object, java.lang.Object, java.lang.Object, java.lang.Object, java.lang.Object, java.lang.Object, java.lang.Object, java.lang.Object, int, int, java.lang.Object, java.lang.Object)'> (0x7fc5fb70) thrown at [./src/hotspot/share/interpreter/linkResolver.cpp, line 772]
Event: 23.227 Thread 0x6f751000 Exception <a 'java/lang/NoSuchMethodError'{0x7fc83260}: 'java.lang.Object java.lang.invoke.DirectMethodHandle$Holder.invokeStatic(java.lang.Object, java.lang.Object, java.lang.Object, java.lang.Object, java.lang.Object, java.lang.Object, java.lang.Object, java.lang.Object, java.lang.Object, java.lang.Object, int, int, java.lang.Object, java.lang.Object, java.lang.Object)'> (0x7fc83260) thrown at [./src/hotspot/share/interpreter/linkResolver.cpp, line 772]
Event: 23.265 Thread 0x6f751000 Exception <a 'java/lang/NoSuchMethodError'{0x7fcb8698}: 'java.lang.Object java.lang.invoke.Invokers$Holder.linkToTargetMethod(java.lang.Object, java.lang.Object, java.lang.Object, java.lang.Object, java.lang.Object, java.lang.Object)'> (0x7fcb8698) thrown at [./src/hotspot/share/interpreter/linkResolver.cpp, line 772]
Event: 23.330 Thread 0x6f751000 Exception <a 'java/lang/NoSuchMethodError'{0x7fb23718}: 'java.lang.Object java.lang.invoke.DirectMethodHandle$Holder.invokeSpecial(java.lang.Object, java.lang.Object, int, int, java.lang.Object, java.lang.Object, java.lang.Object, java.lang.Object)'> (0x7fb23718) thrown at [./src/hotspot/share/interpreter/linkResolver.cpp, line 772]
Event: 23.332 Thread 0x6f751000 Exception <a 'java/lang/NoSuchMethodError'{0x7fb273e0}: 'java.lang.Object java.lang.invoke.DelegatingMethodHandle$Holder.reinvoke_L(java.lang.Object, int, int, java.lang.Object, java.lang.Object, java.lang.Object, java.lang.Object)'> (0x7fb273e0) thrown at [./src/hotspot/share/interpreter/linkResolver.cpp, line 772]
Event: 26.219 Thread 0x6cc3e800 Implicit null exception at 0xb3e15fdc to 0xb3e16190
Event: 35.657 Thread 0x6f751000 Implicit null exception at 0xb3df4fa8 to 0xb3df4ff0
Event: 35.783 Thread 0x6becc400 Implicit null exception at 0xb3e134d8 to 0xb3e136bc
Event: 49.938 Thread 0x6f751000 Implicit null exception at 0xb3e7ab88 to 0xb3e7ad9c

Events (20 events):
Event: 57.114 Executing VM operation: RevokeBias done
Event: 57.114 loading class com/pi4j/io/IO done
Event: 57.114 loading class com/pi4j/io/IO
Event: 57.114 loading class com/pi4j/io/IO done
Event: 57.114 loading class com/pi4j/provider/ProviderBase
Event: 57.114 loading class com/pi4j/provider/ProviderBase done
Event: 57.114 loading class com/pi4j/provider/ProviderBase
Event: 57.114 loading class com/pi4j/provider/ProviderBase done
Event: 57.114 Executing VM operation: RevokeBias
Event: 57.114 Protecting memory [0xb6ff1000,0xb6ff2000] with protection modes 0
Event: 57.114 Protecting memory [0xb6ff1000,0xb6ff2000] with protection modes 1
Event: 57.114 Executing VM operation: RevokeBias done
Event: 57.129 loading class com/pi4j/library/pigpio/impl/PiGpioBase
Event: 57.129 loading class com/pi4j/library/pigpio/impl/PiGpioBase done
Event: 57.132 loading class com/pi4j/library/pigpio/impl/PiGpioBase
Event: 57.132 loading class com/pi4j/library/pigpio/impl/PiGpioBase done
Event: 57.134 loading class com/pi4j/library/pigpio/impl/PiGpioBase
Event: 57.134 loading class com/pi4j/library/pigpio/impl/PiGpioBase done
Event: 57.134 loading class com/pi4j/library/pigpio/impl/PiGpioBase
Event: 57.134 loading class com/pi4j/library/pigpio/impl/PiGpioBase done


Dynamic libraries:
00010000-00011000 r-xp 00000000 b3:02 383446     /usr/lib/jvm/java-11-openjdk-armhf/bin/java
00020000-00021000 r--p 00000000 b3:02 383446     /usr/lib/jvm/java-11-openjdk-armhf/bin/java
00021000-00022000 rw-p 00001000 b3:02 383446     /usr/lib/jvm/java-11-openjdk-armhf/bin/java
00f28000-01052000 rw-p 00000000 00:00 0          [heap]
68a00000-68a60000 rw-p 00000000 00:00 0 
68a60000-68b00000 ---p 00000000 00:00 0 
68b00000-68bbf000 rw-p 00000000 00:00 0 
68bbf000-68c00000 ---p 00000000 00:00 0 
68c00000-68cee000 rw-p 00000000 00:00 0 
68cee000-68d00000 ---p 00000000 00:00 0 
68d00000-68ddb000 rw-p 00000000 00:00 0 
68ddb000-68e00000 ---p 00000000 00:00 0 
68e00000-68ef4000 rw-p 00000000 00:00 0 
68ef4000-68f00000 ---p 00000000 00:00 0 
68f00000-68ffa000 rw-p 00000000 00:00 0 
68ffa000-69000000 ---p 00000000 00:00 0 
690fa000-69389000 r--s 00000000 b3:02 26699      /var/cache/fontconfig/d49871ed-13ec-4c8a-8c25-faac36ae279f-le32d8.cache-7
69389000-693c1000 r--s 00000000 b3:02 26698      /var/cache/fontconfig/d9b9cb7a-afb2-4c5a-8eb5-302864e00ee6-le32d8.cache-7
693c1000-694c1000 rw-p 00000000 00:00 0 
694c1000-6be00000 rw-s 00000000 00:01 25         /SYSV00000000 (deleted)
6be00000-6bef9000 rw-p 00000000 00:00 0 
6bef9000-6bf00000 ---p 00000000 00:00 0 
6bf00000-6c000000 rw-p 00000000 00:00 0 
6c000000-6c100000 rw-p 00000000 00:00 0 
6c100000-6c1fb000 rw-p 00000000 00:00 0 
6c1fb000-6c200000 ---p 00000000 00:00 0 
6c20b000-6c215000 r--s 00000000 b3:02 26683      /var/cache/fontconfig/8a3417c8-283a-44c3-bb2d-f71c6268eef5-le32d8.cache-7
6c242000-6c245000 ---p 00000000 00:00 0 
6c245000-6c292000 rw-p 00000000 00:00 0 
6c292000-6c295000 ---p 00000000 00:00 0 
6c295000-6c3e2000 rw-p 00000000 00:00 0 
6c3e2000-6c3e5000 ---p 00000000 00:00 0 
6c3e5000-6c432000 rw-p 00000000 00:00 0 
6c432000-6c435000 ---p 00000000 00:00 0 
6c435000-6c582000 rw-p 00000000 00:00 0 
6c582000-6c583000 ---p 00000000 00:00 0 
6c583000-6c5c3000 rw-p 00000000 00:00 0 
6ca1c000-6ca59000 r-xp 00000000 b3:02 6896       /usr/lib/libpigpio.so.1
6ca59000-6ca69000 ---p 0003d000 b3:02 6896       /usr/lib/libpigpio.so.1
6ca69000-6ca6a000 r--p 0003d000 b3:02 6896       /usr/lib/libpigpio.so.1
6ca6a000-6ca6c000 rw-p 0003e000 b3:02 6896       /usr/lib/libpigpio.so.1
6ca6c000-6cb00000 rw-p 00000000 00:00 0 
6cb00000-6cbef000 rw-p 00000000 00:00 0 
6cbef000-6cc00000 ---p 00000000 00:00 0 
6cc00000-6ccf9000 rw-p 00000000 00:00 0 
6ccf9000-6cd00000 ---p 00000000 00:00 0 
6cd00000-6cdff000 rw-p 00000000 00:00 0 
6cdff000-6ce00000 ---p 00000000 00:00 0 
6ce02000-6ce04000 r--s 00000000 b3:02 26701      /var/cache/fontconfig/5bd99057-9bdf-4a0d-8647-bbe7fa23703e-le32d8.cache-7
6ce04000-6ce0a000 r--s 00000000 b3:02 26700      /var/cache/fontconfig/83c2204c-249d-4a46-858d-88f356951df9-le32d8.cache-7
6ce0a000-6ce10000 r--s 00000000 b3:02 26695      /var/cache/fontconfig/ee9433fa-b8c5-480c-8437-550867a3b45a-le32d8.cache-7
6ce7a000-6ce7b000 ---p 00000000 00:00 0 
6ce7b000-6cefc000 rw-p 00000000 00:00 0 
6cefc000-6cefd000 ---p 00000000 00:00 0 
6cefd000-6cf7e000 rw-p 00000000 00:00 0 
6cf7e000-6cf7f000 ---p 00000000 00:00 0 
6cf7f000-6d100000 rw-p 00000000 00:00 0 
6d100000-6d200000 rw-p 00000000 00:00 0 
6d200000-6d2e3000 rw-p 00000000 00:00 0 
6d2e3000-6d300000 ---p 00000000 00:00 0 
6d300000-6d305000 r--s 00000000 b3:02 26696      /var/cache/fontconfig/308f41db-948e-422c-8df9-f7b6a847f5d6-le32d8.cache-7
6d305000-6d308000 r--s 00000000 b3:02 26694      /var/cache/fontconfig/bb206561-a442-4056-af3f-db512e4b7d6d-le32d8.cache-7
6d354000-6d357000 ---p 00000000 00:00 0 
6d357000-6d4d4000 rw-p 00000000 00:00 0 
6d4d4000-6d4d7000 ---p 00000000 00:00 0 
6d4d7000-6d524000 rw-p 00000000 00:00 0 
6d524000-6d527000 ---p 00000000 00:00 0 
6d527000-6d574000 rw-p 00000000 00:00 0 
6d574000-6d577000 ---p 00000000 00:00 0 
6d577000-6d5c4000 rw-p 00000000 00:00 0 
6d5c4000-6d5c7000 ---p 00000000 00:00 0 
6d5c7000-6d614000 rw-p 00000000 00:00 0 
6d614000-6d618000 r-xp 00000000 b3:02 7064       /usr/lib/arm-linux-gnueabihf/libXfixes.so.3.1.0
6d618000-6d627000 ---p 00004000 b3:02 7064       /usr/lib/arm-linux-gnueabihf/libXfixes.so.3.1.0
6d627000-6d628000 r--p 00003000 b3:02 7064       /usr/lib/arm-linux-gnueabihf/libXfixes.so.3.1.0
6d628000-6d629000 rw-p 00004000 b3:02 7064       /usr/lib/arm-linux-gnueabihf/libXfixes.so.3.1.0
6d629000-6d631000 r-xp 00000000 b3:02 7060       /usr/lib/arm-linux-gnueabihf/libXcursor.so.1.0.2
6d631000-6d640000 ---p 00008000 b3:02 7060       /usr/lib/arm-linux-gnueabihf/libXcursor.so.1.0.2
6d640000-6d641000 r--p 00007000 b3:02 7060       /usr/lib/arm-linux-gnueabihf/libXcursor.so.1.0.2
6d641000-6d642000 rw-p 00008000 b3:02 7060       /usr/lib/arm-linux-gnueabihf/libXcursor.so.1.0.2
6d642000-6d644000 r--s 00000000 b3:02 26693      /var/cache/fontconfig/b7c3bf8f-85b6-4ea2-a994-cbfa392b96e4-le32d8.cache-7
6d644000-6d656000 r--s 00000000 b3:02 26692      /var/cache/fontconfig/2751fa01-115b-46e2-9c1c-08b35a671483-le32d8.cache-7
6d656000-6d657000 ---p 00000000 00:00 0 
6d657000-6de57000 rw-p 00000000 00:00 0 
6de57000-6de58000 ---p 00000000 00:00 0 
6de58000-6e658000 rw-p 00000000 00:00 0 
6e658000-6e659000 ---p 00000000 00:00 0 
6e659000-6ee59000 rw-p 00000000 00:00 0 
6ee59000-6ee64000 r-xp 00000000 b3:02 8322       /usr/lib/arm-linux-gnueabihf/gio/modules/libdconfsettings.so
6ee64000-6ee73000 ---p 0000b000 b3:02 8322       /usr/lib/arm-linux-gnueabihf/gio/modules/libdconfsettings.so
6ee73000-6ee74000 r--p 0000a000 b3:02 8322       /usr/lib/arm-linux-gnueabihf/gio/modules/libdconfsettings.so
6ee74000-6ee75000 rw-p 0000b000 b3:02 8322       /usr/lib/arm-linux-gnueabihf/gio/modules/libdconfsettings.so
6ee75000-6ee97000 r--p 00000000 b3:02 192308     /usr/share/locale/es/LC_MESSAGES/glib20.mo
6ee97000-6ef20000 r-xp 00000000 b3:02 7587       /usr/lib/arm-linux-gnueabihf/libpcre2-8.so.0.10.1
6ef20000-6ef2f000 ---p 00089000 b3:02 7587       /usr/lib/arm-linux-gnueabihf/libpcre2-8.so.0.10.1
6ef2f000-6ef30000 r--p 00088000 b3:02 7587       /usr/lib/arm-linux-gnueabihf/libpcre2-8.so.0.10.1
6ef30000-6ef31000 rw-p 00089000 b3:02 7587       /usr/lib/arm-linux-gnueabihf/libpcre2-8.so.0.10.1
6ef31000-6ef75000 r-xp 00000000 b3:02 7138       /usr/lib/arm-linux-gnueabihf/libblkid.so.1.1.0
6ef75000-6ef84000 ---p 00044000 b3:02 7138       /usr/lib/arm-linux-gnueabihf/libblkid.so.1.1.0
6ef84000-6ef87000 r--p 00043000 b3:02 7138       /usr/lib/arm-linux-gnueabihf/libblkid.so.1.1.0
6ef87000-6ef88000 rw-p 00046000 b3:02 7138       /usr/lib/arm-linux-gnueabihf/libblkid.so.1.1.0
6ef88000-6ef8f000 r-xp 00000000 b3:02 7258       /usr/lib/arm-linux-gnueabihf/libffi.so.7.1.0
6ef8f000-6ef9e000 ---p 00007000 b3:02 7258       /usr/lib/arm-linux-gnueabihf/libffi.so.7.1.0
6ef9e000-6ef9f000 r--p 00006000 b3:02 7258       /usr/lib/arm-linux-gnueabihf/libffi.so.7.1.0
6ef9f000-6efa0000 rw-p 00007000 b3:02 7258       /usr/lib/arm-linux-gnueabihf/libffi.so.7.1.0
6efa0000-6efb2000 r-xp 00000000 b3:02 7643       /usr/lib/arm-linux-gnueabihf/libresolv-2.31.so
6efb2000-6efc1000 ---p 00012000 b3:02 7643       /usr/lib/arm-linux-gnueabihf/libresolv-2.31.so
6efc1000-6efc2000 r--p 00011000 b3:02 7643       /usr/lib/arm-linux-gnueabihf/libresolv-2.31.so
6efc2000-6efc3000 rw-p 00012000 b3:02 7643       /usr/lib/arm-linux-gnueabihf/libresolv-2.31.so
6efc3000-6efc5000 rw-p 00000000 00:00 0 
6efc5000-6efe8000 r-xp 00000000 b3:02 7666       /usr/lib/arm-linux-gnueabihf/libselinux.so.1
6efe8000-6eff7000 ---p 00023000 b3:02 7666       /usr/lib/arm-linux-gnueabihf/libselinux.so.1
6eff7000-6eff8000 r--p 00022000 b3:02 7666       /usr/lib/arm-linux-gnueabihf/libselinux.so.1
6eff8000-6eff9000 rw-p 00023000 b3:02 7666       /usr/lib/arm-linux-gnueabihf/libselinux.so.1
6eff9000-6effa000 rw-p 00000000 00:00 0 
6effa000-6f04b000 r-xp 00000000 b3:02 7492       /usr/lib/arm-linux-gnueabihf/libmount.so.1.1.0
6f04b000-6f05a000 ---p 00051000 b3:02 7492       /usr/lib/arm-linux-gnueabihf/libmount.so.1.1.0
6f05a000-6f05c000 r--p 00050000 b3:02 7492       /usr/lib/arm-linux-gnueabihf/libmount.so.1.1.0
6f05c000-6f05d000 rw-p 00052000 b3:02 7492       /usr/lib/arm-linux-gnueabihf/libmount.so.1.1.0
6f05d000-6f05f000 r-xp 00000000 b3:02 7327       /usr/lib/arm-linux-gnueabihf/libgmodule-2.0.so.0.6600.8
6f05f000-6f06f000 ---p 00002000 b3:02 7327       /usr/lib/arm-linux-gnueabihf/libgmodule-2.0.so.0.6600.8
6f06f000-6f070000 r--p 00002000 b3:02 7327       /usr/lib/arm-linux-gnueabihf/libgmodule-2.0.so.0.6600.8
6f070000-6f071000 rw-p 00003000 b3:02 7327       /usr/lib/arm-linux-gnueabihf/libgmodule-2.0.so.0.6600.8
6f071000-6f0bb000 r-xp 00000000 b3:02 7333       /usr/lib/arm-linux-gnueabihf/libgobject-2.0.so.0.6600.8
6f0bb000-6f0ca000 ---p 0004a000 b3:02 7333       /usr/lib/arm-linux-gnueabihf/libgobject-2.0.so.0.6600.8
6f0ca000-6f0cc000 r--p 00049000 b3:02 7333       /usr/lib/arm-linux-gnueabihf/libgobject-2.0.so.0.6600.8
6f0cc000-6f0cd000 rw-p 0004b000 b3:02 7333       /usr/lib/arm-linux-gnueabihf/libgobject-2.0.so.0.6600.8
6f0cd000-6f259000 r-xp 00000000 b3:02 7321       /usr/lib/arm-linux-gnueabihf/libgio-2.0.so.0.6600.8
6f259000-6f269000 ---p 0018c000 b3:02 7321       /usr/lib/arm-linux-gnueabihf/libgio-2.0.so.0.6600.8
6f269000-6f26d000 r--p 0018c000 b3:02 7321       /usr/lib/arm-linux-gnueabihf/libgio-2.0.so.0.6600.8
6f26d000-6f26e000 rw-p 00190000 b3:02 7321       /usr/lib/arm-linux-gnueabihf/libgio-2.0.so.0.6600.8
6f26e000-6f26f000 rw-p 00000000 00:00 0 
6f26f000-6f277000 r-xp 00000000 b3:02 7072       /usr/lib/arm-linux-gnueabihf/libXrandr.so.2.2.0
6f277000-6f286000 ---p 00008000 b3:02 7072       /usr/lib/arm-linux-gnueabihf/libXrandr.so.2.2.0
6f286000-6f287000 r--p 00007000 b3:02 7072       /usr/lib/arm-linux-gnueabihf/libXrandr.so.2.2.0
6f287000-6f288000 rw-p 00008000 b3:02 7072       /usr/lib/arm-linux-gnueabihf/libXrandr.so.2.2.0
6f288000-6f388000 rw-p 00000000 00:00 0 
6f388000-6f3a8000 r-xp 00000000 b3:02 7149       /usr/lib/arm-linux-gnueabihf/libbrotlicommon.so.1.0.9
6f3a8000-6f3b7000 ---p 00020000 b3:02 7149       /usr/lib/arm-linux-gnueabihf/libbrotlicommon.so.1.0.9
6f3b7000-6f3b8000 r--p 0001f000 b3:02 7149       /usr/lib/arm-linux-gnueabihf/libbrotlicommon.so.1.0.9
6f3b8000-6f3b9000 rw-p 00020000 b3:02 7149       /usr/lib/arm-linux-gnueabihf/libbrotlicommon.so.1.0.9
6f3b9000-6f41f000 r-xp 00000000 b3:02 7585       /usr/lib/arm-linux-gnueabihf/libpcre.so.3.13.3
6f41f000-6f42e000 ---p 00066000 b3:02 7585       /usr/lib/arm-linux-gnueabihf/libpcre.so.3.13.3
6f42e000-6f42f000 r--p 00065000 b3:02 7585       /usr/lib/arm-linux-gnueabihf/libpcre.so.3.13.3
6f42f000-6f430000 rw-p 00066000 b3:02 7585       /usr/lib/arm-linux-gnueabihf/libpcre.so.3.13.3
6f430000-6f43a000 r-xp 00000000 b3:02 7151       /usr/lib/arm-linux-gnueabihf/libbrotlidec.so.1.0.9
6f43a000-6f449000 ---p 0000a000 b3:02 7151       /usr/lib/arm-linux-gnueabihf/libbrotlidec.so.1.0.9
6f449000-6f44a000 r--p 00009000 b3:02 7151       /usr/lib/arm-linux-gnueabihf/libbrotlidec.so.1.0.9
6f44a000-6f44b000 rw-p 0000a000 b3:02 7151       /usr/lib/arm-linux-gnueabihf/libbrotlidec.so.1.0.9
6f44b000-6f55c000 r-xp 00000000 b3:02 7324       /usr/lib/arm-linux-gnueabihf/libglib-2.0.so.0.6600.8
6f55c000-6f56c000 ---p 00111000 b3:02 7324       /usr/lib/arm-linux-gnueabihf/libglib-2.0.so.0.6600.8
6f56c000-6f56d000 r--p 00111000 b3:02 7324       /usr/lib/arm-linux-gnueabihf/libglib-2.0.so.0.6600.8
6f56d000-6f56e000 rw-p 00112000 b3:02 7324       /usr/lib/arm-linux-gnueabihf/libglib-2.0.so.0.6600.8
6f56e000-6f605000 r-xp 00000000 b3:02 7291       /usr/lib/arm-linux-gnueabihf/libfreetype.so.6.17.4
6f605000-6f614000 ---p 00097000 b3:02 7291       /usr/lib/arm-linux-gnueabihf/libfreetype.so.6.17.4
6f614000-6f618000 r--p 00096000 b3:02 7291       /usr/lib/arm-linux-gnueabihf/libfreetype.so.6.17.4
6f618000-6f619000 rw-p 0009a000 b3:02 7291       /usr/lib/arm-linux-gnueabihf/libfreetype.so.6.17.4
6f619000-6f6ef000 r-xp 00000000 b3:02 7389       /usr/lib/arm-linux-gnueabihf/libharfbuzz.so.0.20704.0
6f6ef000-6f6fe000 ---p 000d6000 b3:02 7389       /usr/lib/arm-linux-gnueabihf/libharfbuzz.so.0.20704.0
6f6fe000-6f6ff000 r--p 000d5000 b3:02 7389       /usr/lib/arm-linux-gnueabihf/libharfbuzz.so.0.20704.0
6f6ff000-6f700000 rw-p 000d6000 b3:02 7389       /usr/lib/arm-linux-gnueabihf/libharfbuzz.so.0.20704.0
6f700000-6f7fe000 rw-p 00000000 00:00 0 
6f7fe000-6f800000 ---p 00000000 00:00 0 
6f800000-6f80c000 r--s 00000000 b3:02 26688      /var/cache/fontconfig/98155356-0163-475d-ae90-3602a4cb076b-le32d8.cache-7
6f80c000-6f839000 r-xp 00000000 b3:02 7605       /usr/lib/arm-linux-gnueabihf/libpng16.so.16.37.0
6f839000-6f849000 ---p 0002d000 b3:02 7605       /usr/lib/arm-linux-gnueabihf/libpng16.so.16.37.0
6f849000-6f84a000 r--p 0002d000 b3:02 7605       /usr/lib/arm-linux-gnueabihf/libpng16.so.16.37.0
6f84a000-6f84b000 rw-p 0002e000 b3:02 7605       /usr/lib/arm-linux-gnueabihf/libpng16.so.16.37.0
6f84b000-6f86a000 r-xp 00000000 b3:02 7341       /usr/lib/arm-linux-gnueabihf/libgraphite2.so.3.2.1
6f86a000-6f87a000 ---p 0001f000 b3:02 7341       /usr/lib/arm-linux-gnueabihf/libgraphite2.so.3.2.1
6f87a000-6f87b000 r--p 0001f000 b3:02 7341       /usr/lib/arm-linux-gnueabihf/libgraphite2.so.3.2.1
6f87b000-6f87c000 rw-p 00020000 b3:02 7341       /usr/lib/arm-linux-gnueabihf/libgraphite2.so.3.2.1
6f87c000-6f885000 r-xp 00000000 b3:02 383574     /usr/lib/jvm/java-11-openjdk-armhf/lib/libfontmanager.so
6f885000-6f895000 ---p 00009000 b3:02 383574     /usr/lib/jvm/java-11-openjdk-armhf/lib/libfontmanager.so
6f895000-6f896000 r--p 00009000 b3:02 383574     /usr/lib/jvm/java-11-openjdk-armhf/lib/libfontmanager.so
6f896000-6f897000 rw-p 0000a000 b3:02 383574     /usr/lib/jvm/java-11-openjdk-armhf/lib/libfontmanager.so
6f897000-6f8ba000 r--p 00000000 b3:02 192344     /usr/share/locale/es/LC_MESSAGES/libc.mo
6f8ba000-6f9ba000 rw-p 00000000 00:00 0 
6f9ba000-6facd000 r-xp 00000000 b3:02 7055       /usr/lib/arm-linux-gnueabihf/libX11.so.6.4.0
6facd000-6fadc000 ---p 00113000 b3:02 7055       /usr/lib/arm-linux-gnueabihf/libX11.so.6.4.0
6fadc000-6fadd000 r--p 00112000 b3:02 7055       /usr/lib/arm-linux-gnueabihf/libX11.so.6.4.0
6fadd000-6fae0000 rw-p 00113000 b3:02 7055       /usr/lib/arm-linux-gnueabihf/libX11.so.6.4.0
6fae0000-6fb37000 r-xp 00000000 b3:02 383752     /usr/lib/jvm/java-11-openjdk-armhf/lib/libawt_xawt.so
6fb37000-6fb47000 ---p 00057000 b3:02 383752     /usr/lib/jvm/java-11-openjdk-armhf/lib/libawt_xawt.so
6fb47000-6fb48000 r--p 00057000 b3:02 383752     /usr/lib/jvm/java-11-openjdk-armhf/lib/libawt_xawt.so
6fb48000-6fb4a000 rw-p 00058000 b3:02 383752     /usr/lib/jvm/java-11-openjdk-armhf/lib/libawt_xawt.so
6fb4a000-6fb4b000 rw-p 00000000 00:00 0 
6fb4b000-6fbc5000 r-xp 00000000 b3:02 383570     /usr/lib/jvm/java-11-openjdk-armhf/lib/libawt.so
6fbc5000-6fbd4000 ---p 0007a000 b3:02 383570     /usr/lib/jvm/java-11-openjdk-armhf/lib/libawt.so
6fbd4000-6fbd5000 r--p 00079000 b3:02 383570     /usr/lib/jvm/java-11-openjdk-armhf/lib/libawt.so
6fbd5000-6fbdb000 rw-p 0007a000 b3:02 383570     /usr/lib/jvm/java-11-openjdk-armhf/lib/libawt.so
6fbdb000-6fc00000 rw-p 00000000 00:00 0 
6fc00000-6fcfd000 rw-p 00000000 00:00 0 
6fcfd000-6fd00000 ---p 00000000 00:00 0 
6fd00000-6fe00000 rw-p 00000000 00:00 0 
6fe00000-6ff00000 rw-p 00000000 00:00 0 
6ff01000-6ff0b000 r--s 00000000 b3:02 26690      /var/cache/fontconfig/3d431aec-86d7-4332-88bc-13739b09c69f-le32d8.cache-7
6ff0b000-6ff11000 r--s 00000000 b3:02 26687      /var/cache/fontconfig/a2ec7f52-0094-43c8-9c50-7211e0d99bdf-le32d8.cache-7
6ff11000-6ff21000 r-xp 00000000 b3:02 7155       /usr/lib/arm-linux-gnueabihf/libbsd.so.0.11.3
6ff21000-6ff31000 ---p 00010000 b3:02 7155       /usr/lib/arm-linux-gnueabihf/libbsd.so.0.11.3
6ff31000-6ff32000 r--p 00010000 b3:02 7155       /usr/lib/arm-linux-gnueabihf/libbsd.so.0.11.3
6ff32000-6ff33000 rw-p 00011000 b3:02 7155       /usr/lib/arm-linux-gnueabihf/libbsd.so.0.11.3
6ff33000-6ff53000 r-xp 00000000 b3:02 7819       /usr/lib/arm-linux-gnueabihf/libxcb.so.1.1.0
6ff53000-6ff62000 ---p 00020000 b3:02 7819       /usr/lib/arm-linux-gnueabihf/libxcb.so.1.1.0
6ff62000-6ff63000 r--p 0001f000 b3:02 7819       /usr/lib/arm-linux-gnueabihf/libxcb.so.1.1.0
6ff63000-6ff64000 rw-p 00020000 b3:02 7819       /usr/lib/arm-linux-gnueabihf/libxcb.so.1.1.0
6ff64000-6ff65000 ---p 00000000 00:00 0 
6ff65000-6ffe6000 rw-p 00000000 00:00 0 
6ffe6000-6ffe9000 ---p 00000000 00:00 0 
6ffe9000-70036000 rw-p 00000000 00:00 0 
70036000-70039000 ---p 00000000 00:00 0 
70039000-70086000 rw-p 00000000 00:00 0 
70086000-70300000 r--p 0006d000 b3:02 1197       /usr/lib/locale/locale-archive
70300000-70500000 r--p 00000000 b3:02 1197       /usr/lib/locale/locale-archive
70500000-7054e000 rw-p 00000000 00:00 0 
7054e000-70600000 ---p 00000000 00:00 0 
70600000-70609000 r-xp 00000000 b3:02 7475       /usr/lib/arm-linux-gnueabihf/libmd.so.0.0.4
70609000-70619000 ---p 00009000 b3:02 7475       /usr/lib/arm-linux-gnueabihf/libmd.so.0.0.4
70619000-7061a000 r--p 00009000 b3:02 7475       /usr/lib/arm-linux-gnueabihf/libmd.so.0.0.4
7061a000-7061b000 rw-p 0000a000 b3:02 7475       /usr/lib/arm-linux-gnueabihf/libmd.so.0.0.4
7061b000-7061f000 r-xp 00000000 b3:02 7062       /usr/lib/arm-linux-gnueabihf/libXdmcp.so.6.0.0
7061f000-7062e000 ---p 00004000 b3:02 7062       /usr/lib/arm-linux-gnueabihf/libXdmcp.so.6.0.0
7062e000-7062f000 r--p 00003000 b3:02 7062       /usr/lib/arm-linux-gnueabihf/libXdmcp.so.6.0.0
7062f000-70630000 rw-p 00004000 b3:02 7062       /usr/lib/arm-linux-gnueabihf/libXdmcp.so.6.0.0
70630000-70633000 ---p 00000000 00:00 0 
70633000-706b0000 rw-p 00000000 00:00 0 
706b0000-706b3000 ---p 00000000 00:00 0 
706b3000-70700000 rw-p 00000000 00:00 0 
70700000-707fb000 rw-p 00000000 00:00 0 
707fb000-70800000 ---p 00000000 00:00 0 
70800000-70801000 r--s 00000000 b3:02 26697      /var/cache/fontconfig/24630967-f720-4d46-bf1f-3e7cbd814b4a-le32d8.cache-7
70801000-70803000 r-xp 00000000 b3:02 7057       /usr/lib/arm-linux-gnueabihf/libXau.so.6.0.0
70803000-70812000 ---p 00002000 b3:02 7057       /usr/lib/arm-linux-gnueabihf/libXau.so.6.0.0
70812000-70813000 r--p 00001000 b3:02 7057       /usr/lib/arm-linux-gnueabihf/libXau.so.6.0.0
70813000-70814000 rw-p 00002000 b3:02 7057       /usr/lib/arm-linux-gnueabihf/libXau.so.6.0.0
70814000-70821000 r-xp 00000000 b3:02 7067       /usr/lib/arm-linux-gnueabihf/libXi.so.6.1.0
70821000-70830000 ---p 0000d000 b3:02 7067       /usr/lib/arm-linux-gnueabihf/libXi.so.6.1.0
70830000-70831000 r--p 0000c000 b3:02 7067       /usr/lib/arm-linux-gnueabihf/libXi.so.6.1.0
70831000-70832000 rw-p 0000d000 b3:02 7067       /usr/lib/arm-linux-gnueabihf/libXi.so.6.1.0
70832000-70833000 ---p 00000000 00:00 0 
70833000-70cfa000 rw-p 00000000 00:00 0 
70cfa000-70d00000 ---p 00000000 00:00 0 
70d00000-70dfe000 rw-p 00000000 00:00 0 
70dfe000-70e00000 ---p 00000000 00:00 0 
70e00000-70e04000 r-xp 00000000 b3:02 7076       /usr/lib/arm-linux-gnueabihf/libXtst.so.6.1.0
70e04000-70e13000 ---p 00004000 b3:02 7076       /usr/lib/arm-linux-gnueabihf/libXtst.so.6.1.0
70e13000-70e14000 r--p 00003000 b3:02 7076       /usr/lib/arm-linux-gnueabihf/libXtst.so.6.1.0
70e14000-70e15000 rw-p 00004000 b3:02 7076       /usr/lib/arm-linux-gnueabihf/libXtst.so.6.1.0
70e15000-70e1d000 r-xp 00000000 b3:02 7073       /usr/lib/arm-linux-gnueabihf/libXrender.so.1.3.0
70e1d000-70e2c000 ---p 00008000 b3:02 7073       /usr/lib/arm-linux-gnueabihf/libXrender.so.1.3.0
70e2c000-70e2d000 r--p 00007000 b3:02 7073       /usr/lib/arm-linux-gnueabihf/libXrender.so.1.3.0
70e2d000-70e2e000 rw-p 00008000 b3:02 7073       /usr/lib/arm-linux-gnueabihf/libXrender.so.1.3.0
70e2e000-70e31000 ---p 00000000 00:00 0 
70e31000-70e7e000 rw-p 00000000 00:00 0 
70e7e000-70e7f000 ---p 00000000 00:00 0 
70e7f000-70f00000 rw-p 00000000 00:00 0 
70f00000-70ffd000 rw-p 00000000 00:00 0 
70ffd000-71000000 ---p 00000000 00:00 0 
71000000-71006000 r-xp 00000000 b3:02 25722      /tmp/libpi4j-pigpio10195504503560795030.so
71006000-7100e000 ---p 00006000 b3:02 25722      /tmp/libpi4j-pigpio10195504503560795030.so
7100e000-7100f000 rw-p 00006000 b3:02 25722      /tmp/libpi4j-pigpio10195504503560795030.so
7100f000-7101d000 r-xp 00000000 b3:02 7063       /usr/lib/arm-linux-gnueabihf/libXext.so.6.4.0
7101d000-7102c000 ---p 0000e000 b3:02 7063       /usr/lib/arm-linux-gnueabihf/libXext.so.6.4.0
7102c000-7102d000 r--p 0000d000 b3:02 7063       /usr/lib/arm-linux-gnueabihf/libXext.so.6.4.0
7102d000-7102e000 rw-p 0000e000 b3:02 7063       /usr/lib/arm-linux-gnueabihf/libXext.so.6.4.0
7102e000-71031000 ---p 00000000 00:00 0 
71031000-7107e000 rw-p 00000000 00:00 0 
7107e000-7107f000 ---p 00000000 00:00 0 
7107f000-71100000 rw-p 00000000 00:00 0 
71100000-711f7000 rw-p 00000000 00:00 0 
711f7000-71200000 ---p 00000000 00:00 0 
71200000-71231000 rw-p 00000000 00:00 0 
71231000-71300000 ---p 00000000 00:00 0 
71300000-71303000 r--s 00000000 b3:02 26670      /var/cache/fontconfig/4525f385-a7a9-4735-80bb-259a3ff546b9-le32d8.cache-7
71303000-7130a000 r--s 00000000 b3:02 19826      /var/cache/fontconfig/bb6e12d2-f51c-4c7f-99b2-0e8a86d53212-le32d8.cache-7
7130a000-7131d000 r-xp 00000000 b3:02 383591     /usr/lib/jvm/java-11-openjdk-armhf/lib/libnet.so
7131d000-7132c000 ---p 00013000 b3:02 383591     /usr/lib/jvm/java-11-openjdk-armhf/lib/libnet.so
7132c000-7132d000 r--p 00012000 b3:02 383591     /usr/lib/jvm/java-11-openjdk-armhf/lib/libnet.so
7132d000-7132e000 rw-p 00013000 b3:02 383591     /usr/lib/jvm/java-11-openjdk-armhf/lib/libnet.so
7132e000-71331000 ---p 00000000 00:00 0 
71331000-7137e000 rw-p 00000000 00:00 0 
7137e000-7137f000 ---p 00000000 00:00 0 
7137f000-71738000 rw-p 00000000 00:00 0 
71738000-72400000 ---p 00000000 00:00 0 
72400000-72738000 rw-p 00000000 00:00 0 
72738000-73400000 ---p 00000000 00:00 0 
73400000-73467000 rw-p 00000000 00:00 0 
73467000-73600000 ---p 00000000 00:00 0 
73600000-73667000 rw-p 00000000 00:00 0 
73667000-73800000 ---p 00000000 00:00 0 
73800000-73867000 rw-p 00000000 00:00 0 
73867000-73a00000 ---p 00000000 00:00 0 
73a00000-80800000 rw-p 00000000 00:00 0 
80800000-b3a00000 ---p 00000000 00:00 0 
b3a00000-b3a01000 r--s 00000000 b3:02 26691      /var/cache/fontconfig/7c485869-69ff-4c83-8092-393190ba73cf-le32d8.cache-7
b3a01000-b3a03000 r--s 00000000 b3:02 26667      /var/cache/fontconfig/b27cc278-df04-4c9c-8a71-645862d01404-le32d8.cache-7
b3a05000-b3a12000 r-xp 00000000 b3:02 383592     /usr/lib/jvm/java-11-openjdk-armhf/lib/libnio.so
b3a12000-b3a21000 ---p 0000d000 b3:02 383592     /usr/lib/jvm/java-11-openjdk-armhf/lib/libnio.so
b3a21000-b3a22000 r--p 0000c000 b3:02 383592     /usr/lib/jvm/java-11-openjdk-armhf/lib/libnio.so
b3a22000-b3a23000 rw-p 0000d000 b3:02 383592     /usr/lib/jvm/java-11-openjdk-armhf/lib/libnio.so
b3a23000-b3a7e000 rw-p 00000000 00:00 0 
b3a7e000-b3a7f000 ---p 00000000 00:00 0 
b3a7f000-b3b00000 rw-p 00000000 00:00 0 
b3b00000-b3bfd000 rw-p 00000000 00:00 0 
b3bfd000-b3c00000 ---p 00000000 00:00 0 
b3c04000-b3c05000 rw-s fe100000 00:05 5          /dev/mem
b3c05000-b3c18000 r--p 00000000 b3:02 218868     /usr/share/glib-2.0/schemas/gschemas.compiled
b3c18000-b3c38000 rw-p 00000000 00:00 0 
b3c38000-b3c39000 ---p 00000000 00:00 0 
b3c39000-b3cbe000 rw-p 00000000 00:00 0 
b3cbe000-b3cfa000 ---p 00000000 00:00 0 
b3cfa000-b3e92000 rwxp 00000000 00:00 0 
b3e92000-b5cfa000 ---p 00000000 00:00 0 
b5cfa000-b5e69000 r--s 00000000 b3:02 383601     /usr/lib/jvm/java-11-openjdk-armhf/lib/modules
b5e69000-b5e6f000 r-xp 00000000 b3:02 383600     /usr/lib/jvm/java-11-openjdk-armhf/lib/libzip.so
b5e6f000-b5e7e000 ---p 00006000 b3:02 383600     /usr/lib/jvm/java-11-openjdk-armhf/lib/libzip.so
b5e7e000-b5e7f000 r--p 00005000 b3:02 383600     /usr/lib/jvm/java-11-openjdk-armhf/lib/libzip.so
b5e7f000-b5e80000 rw-p 00006000 b3:02 383600     /usr/lib/jvm/java-11-openjdk-armhf/lib/libzip.so
b5e80000-b5e8a000 r-xp 00000000 b3:02 7542       /usr/lib/arm-linux-gnueabihf/libnss_files-2.31.so
b5e8a000-b5e99000 ---p 0000a000 b3:02 7542       /usr/lib/arm-linux-gnueabihf/libnss_files-2.31.so
b5e99000-b5e9a000 r--p 00009000 b3:02 7542       /usr/lib/arm-linux-gnueabihf/libnss_files-2.31.so
b5e9a000-b5e9b000 rw-p 0000a000 b3:02 7542       /usr/lib/arm-linux-gnueabihf/libnss_files-2.31.so
b5e9b000-b5ea1000 rw-p 00000000 00:00 0 
b5ea1000-b5ea5000 r-xp 00000000 b3:02 383583     /usr/lib/jvm/java-11-openjdk-armhf/lib/libjimage.so
b5ea5000-b5eb4000 ---p 00004000 b3:02 383583     /usr/lib/jvm/java-11-openjdk-armhf/lib/libjimage.so
b5eb4000-b5eb5000 r--p 00003000 b3:02 383583     /usr/lib/jvm/java-11-openjdk-armhf/lib/libjimage.so
b5eb5000-b5eb6000 rw-p 00004000 b3:02 383583     /usr/lib/jvm/java-11-openjdk-armhf/lib/libjimage.so
b5eb6000-b5ed4000 r-xp 00000000 b3:02 383580     /usr/lib/jvm/java-11-openjdk-armhf/lib/libjava.so
b5ed4000-b5ee3000 ---p 0001e000 b3:02 383580     /usr/lib/jvm/java-11-openjdk-armhf/lib/libjava.so
b5ee3000-b5ee4000 r--p 0001d000 b3:02 383580     /usr/lib/jvm/java-11-openjdk-armhf/lib/libjava.so
b5ee4000-b5ee5000 rw-p 0001e000 b3:02 383580     /usr/lib/jvm/java-11-openjdk-armhf/lib/libjava.so
b5ee5000-b5eef000 r-xp 00000000 b3:02 383599     /usr/lib/jvm/java-11-openjdk-armhf/lib/libverify.so
b5eef000-b5efe000 ---p 0000a000 b3:02 383599     /usr/lib/jvm/java-11-openjdk-armhf/lib/libverify.so
b5efe000-b5eff000 r--p 00009000 b3:02 383599     /usr/lib/jvm/java-11-openjdk-armhf/lib/libverify.so
b5eff000-b5f00000 rw-p 0000a000 b3:02 383599     /usr/lib/jvm/java-11-openjdk-armhf/lib/libverify.so
b5f00000-b6000000 rw-p 00000000 00:00 0 
b6006000-b600d000 r--s 00000000 b3:02 8292       /usr/lib/arm-linux-gnueabihf/gconv/gconv-modules.cache
b600d000-b6013000 r-xp 00000000 b3:02 7649       /usr/lib/arm-linux-gnueabihf/librt-2.31.so
b6013000-b6023000 ---p 00006000 b3:02 7649       /usr/lib/arm-linux-gnueabihf/librt-2.31.so
b6023000-b6024000 r--p 00006000 b3:02 7649       /usr/lib/arm-linux-gnueabihf/librt-2.31.so
b6024000-b6025000 rw-p 00007000 b3:02 7649       /usr/lib/arm-linux-gnueabihf/librt-2.31.so
b6025000-b6028000 ---p 00000000 00:00 0 
b6028000-b6075000 rw-p 00000000 00:00 0 
b6075000-b6091000 r-xp 00000000 b3:02 7299       /usr/lib/arm-linux-gnueabihf/libgcc_s.so.1
b6091000-b60a0000 ---p 0001c000 b3:02 7299       /usr/lib/arm-linux-gnueabihf/libgcc_s.so.1
b60a0000-b60a1000 r--p 0001b000 b3:02 7299       /usr/lib/arm-linux-gnueabihf/libgcc_s.so.1
b60a1000-b60a2000 rw-p 0001c000 b3:02 7299       /usr/lib/arm-linux-gnueabihf/libgcc_s.so.1
b60a2000-b6100000 r-xp 00000000 b3:02 7466       /usr/lib/arm-linux-gnueabihf/libm-2.31.so
b6100000-b610f000 ---p 0005e000 b3:02 7466       /usr/lib/arm-linux-gnueabihf/libm-2.31.so
b610f000-b6110000 r--p 0005d000 b3:02 7466       /usr/lib/arm-linux-gnueabihf/libm-2.31.so
b6110000-b6111000 rw-p 0005e000 b3:02 7466       /usr/lib/arm-linux-gnueabihf/libm-2.31.so
b6111000-b6280000 r-xp 00000000 b3:02 7706       /usr/lib/arm-linux-gnueabihf/libstdc++.so.6.0.28
b6280000-b6290000 ---p 0016f000 b3:02 7706       /usr/lib/arm-linux-gnueabihf/libstdc++.so.6.0.28
b6290000-b6295000 r--p 0016f000 b3:02 7706       /usr/lib/arm-linux-gnueabihf/libstdc++.so.6.0.28
b6295000-b6297000 rw-p 00174000 b3:02 7706       /usr/lib/arm-linux-gnueabihf/libstdc++.so.6.0.28
b6297000-b6299000 rw-p 00000000 00:00 0 
b6299000-b6d2c000 r-xp 00000000 b3:02 383606     /usr/lib/jvm/java-11-openjdk-armhf/lib/server/libjvm.so
b6d2c000-b6d3b000 ---p 00a93000 b3:02 383606     /usr/lib/jvm/java-11-openjdk-armhf/lib/server/libjvm.so
b6d3b000-b6d7d000 r--p 00a92000 b3:02 383606     /usr/lib/jvm/java-11-openjdk-armhf/lib/server/libjvm.so
b6d7d000-b6d96000 rw-p 00ad4000 b3:02 383606     /usr/lib/jvm/java-11-openjdk-armhf/lib/server/libjvm.so
b6d96000-b6dc1000 rw-p 00000000 00:00 0 
b6dc1000-b6dd9000 r-xp 00000000 b3:02 7625       /usr/lib/arm-linux-gnueabihf/libpthread-2.31.so
b6dd9000-b6de9000 ---p 00018000 b3:02 7625       /usr/lib/arm-linux-gnueabihf/libpthread-2.31.so
b6de9000-b6dea000 r--p 00018000 b3:02 7625       /usr/lib/arm-linux-gnueabihf/libpthread-2.31.so
b6dea000-b6deb000 rw-p 00019000 b3:02 7625       /usr/lib/arm-linux-gnueabihf/libpthread-2.31.so
b6deb000-b6ded000 rw-p 00000000 00:00 0 
b6ded000-b6df0000 r-xp 00000000 b3:02 7220       /usr/lib/arm-linux-gnueabihf/libdl-2.31.so
b6df0000-b6dff000 ---p 00003000 b3:02 7220       /usr/lib/arm-linux-gnueabihf/libdl-2.31.so
b6dff000-b6e00000 r--p 00002000 b3:02 7220       /usr/lib/arm-linux-gnueabihf/libdl-2.31.so
b6e00000-b6e01000 rw-p 00003000 b3:02 7220       /usr/lib/arm-linux-gnueabihf/libdl-2.31.so
b6e01000-b6e18000 r-xp 00000000 b3:02 7835       /usr/lib/arm-linux-gnueabihf/libz.so.1.2.11
b6e18000-b6e27000 ---p 00017000 b3:02 7835       /usr/lib/arm-linux-gnueabihf/libz.so.1.2.11
b6e27000-b6e28000 r--p 00016000 b3:02 7835       /usr/lib/arm-linux-gnueabihf/libz.so.1.2.11
b6e28000-b6e29000 rw-p 00017000 b3:02 7835       /usr/lib/arm-linux-gnueabihf/libz.so.1.2.11
b6e29000-b6f68000 r-xp 00000000 b3:02 7157       /usr/lib/arm-linux-gnueabihf/libc-2.31.so
b6f68000-b6f77000 ---p 0013f000 b3:02 7157       /usr/lib/arm-linux-gnueabihf/libc-2.31.so
b6f77000-b6f79000 r--p 0013e000 b3:02 7157       /usr/lib/arm-linux-gnueabihf/libc-2.31.so
b6f79000-b6f7b000 rw-p 00140000 b3:02 7157       /usr/lib/arm-linux-gnueabihf/libc-2.31.so
b6f7b000-b6f7d000 rw-p 00000000 00:00 0 
b6f7f000-b6f91000 rw-p 00000000 00:00 0 
b6f91000-b6f9e000 r-xp 00000000 b3:02 383565     /usr/lib/jvm/java-11-openjdk-armhf/lib/jli/libjli.so
b6f9e000-b6fad000 ---p 0000d000 b3:02 383565     /usr/lib/jvm/java-11-openjdk-armhf/lib/jli/libjli.so
b6fad000-b6fae000 r--p 0000c000 b3:02 383565     /usr/lib/jvm/java-11-openjdk-armhf/lib/jli/libjli.so
b6fae000-b6faf000 rw-p 0000d000 b3:02 383565     /usr/lib/jvm/java-11-openjdk-armhf/lib/jli/libjli.so
b6faf000-b6fb3000 r-xp 00000000 b3:02 7094       /usr/lib/arm-linux-gnueabihf/libarmmem-v7l.so
b6fb3000-b6fc2000 ---p 00004000 b3:02 7094       /usr/lib/arm-linux-gnueabihf/libarmmem-v7l.so
b6fc2000-b6fc3000 r--p 00003000 b3:02 7094       /usr/lib/arm-linux-gnueabihf/libarmmem-v7l.so
b6fc3000-b6fc4000 rw-p 00004000 b3:02 7094       /usr/lib/arm-linux-gnueabihf/libarmmem-v7l.so
b6fc4000-b6fe6000 r-xp 00000000 b3:02 6930       /usr/lib/arm-linux-gnueabihf/ld-2.31.so
b6fe6000-b6fe7000 r--s 00000000 b3:02 387017     /root/.cache/dconf/user
b6fe7000-b6fe9000 r--s 0000c000 b3:02 202668     /usr/share/java/java-atk-wrapper.jar
b6fe9000-b6ff1000 rw-s 00000000 b3:02 385355     /tmp/hsperfdata_root/28680
b6ff1000-b6ff2000 r--p 00000000 00:00 0 
b6ff2000-b6ff6000 rw-p 00000000 00:00 0 
b6ff6000-b6ff7000 r--p 00022000 b3:02 6930       /usr/lib/arm-linux-gnueabihf/ld-2.31.so
b6ff7000-b6ff8000 rw-p 00023000 b3:02 6930       /usr/lib/arm-linux-gnueabihf/ld-2.31.so
be88c000-be8ad000 rw-p 00000000 00:00 0          [stack]
be9b9000-be9ba000 r-xp 00000000 00:00 0          [sigpage]
be9ba000-be9bb000 r--p 00000000 00:00 0          [vvar]
be9bb000-be9bc000 r-xp 00000000 00:00 0          [vdso]
ffff0000-ffff1000 r-xp 00000000 00:00 0          [vectors]


VM Arguments:
jvm_args: --module-path=. -Djdk.module.main=visual_classes 
java_command: visual_classes/visual_classes.window
java_class_path (initial): <not set>
Launcher Type: SUN_STANDARD

[Global flags]
     uint ConcGCThreads                            = 1                                         {product} {ergonomic}
     uint G1ConcRefinementThreads                  = 4                                         {product} {ergonomic}
   size_t G1HeapRegionSize                         = 1048576                                   {product} {ergonomic}
    uintx GCDrainStackTargetSize                   = 64                                        {product} {ergonomic}
   size_t InitialHeapSize                          = 67108864                                  {product} {ergonomic}
   size_t MarkStackSize                            = 32768                                     {product} {ergonomic}
   size_t MaxHeapSize                              = 1073741824                                {product} {ergonomic}
   size_t MaxNewSize                               = 643825664                                 {product} {ergonomic}
   size_t MinHeapDeltaBytes                        = 1048576                                   {product} {ergonomic}
    uintx NonProfiledCodeHeapSize                  = 0                                      {pd product} {ergonomic}
    uintx ProfiledCodeHeapSize                     = 0                                      {pd product} {ergonomic}
     bool UseG1GC                                  = true                                      {product} {ergonomic}

Logging:
Log output configuration:
 #0: stdout all=warning uptime,level,tags
 #1: stderr all=off uptime,level,tags

Environment Variables:
PATH=/usr/local/sbin:/usr/local/bin:/usr/sbin:/usr/bin:/sbin:/bin
SHELL=/bin/bash
DISPLAY=:0
LANG=es_PA.UTF-8
LC_ALL=es_PA.UTF-8

Signal Handlers:
SIGSEGV: [libjvm.so+0x9ec8c8], sa_mask[0]=11111111011111111101111111111110, sa_flags=SA_RESTART|SA_SIGINFO
SIGBUS: [libjvm.so+0x9ec8c8], sa_mask[0]=11111111011111111101111111111110, sa_flags=SA_RESTART|SA_SIGINFO
SIGFPE: [libjvm.so+0x9ec8c8], sa_mask[0]=11111111011111111101111111111110, sa_flags=SA_RESTART|SA_SIGINFO
SIGPIPE: SIG_IGN, sa_mask[0]=00000000000010000000000000000000, sa_flags=SA_RESTART
SIGXFSZ: [libjvm.so+0x801f78], sa_mask[0]=11111111011111111101111111111110, sa_flags=SA_RESTART|SA_SIGINFO
SIGILL: [libjvm.so+0x9ec8c8], sa_mask[0]=11111111011111111101111111111110, sa_flags=SA_RESTART|SA_SIGINFO
SIGUSR2: [libjvm.so+0x801e18], sa_mask[0]=00000000000000000000000000000000, sa_flags=SA_RESTART|SA_SIGINFO
SIGHUP: [libjvm.so+0x8025f8], sa_mask[0]=11111111011111111101111111111110, sa_flags=SA_RESTART|SA_SIGINFO
SIGINT: [libjvm.so+0x8025f8], sa_mask[0]=11111111011111111101111111111110, sa_flags=SA_RESTART|SA_SIGINFO
SIGTERM: [libjvm.so+0x8025f8], sa_mask[0]=11111111011111111101111111111110, sa_flags=SA_RESTART|SA_SIGINFO
SIGQUIT: [libjvm.so+0x8025f8], sa_mask[0]=11111111011111111101111111111110, sa_flags=SA_RESTART|SA_SIGINFO


---------------  S Y S T E M  ---------------

OS:PRETTY_NAME="Raspbian GNU/Linux 11 (bullseye)"
NAME="Raspbian GNU/Linux"
VERSION_ID="11"
VERSION="11 (bullseye)"
VERSION_CODENAME=bullseye
ID=raspbian
ID_LIKE=debian
HOME_URL="http://www.raspbian.org/"
SUPPORT_URL="http://www.raspbian.org/RaspbianForums"
BUG_REPORT_URL="http://www.raspbian.org/RaspbianBugs"
uname:Linux 5.15.32-v7l+ #1538 SMP Thu Mar 31 19:39:41 BST 2022 armv7l
OS uptime: 11 days 19:43 hours
libc:glibc 2.31 NPTL 2.31 
rlimit (soft/hard): STACK 8192k/infinity , CORE 0k/infinity , NPROC 60615/60615 , NOFILE 1048576/1048576 , AS infinity/infinity , CPU infinity/infinity , DATA infinity/infinity , FSIZE infinity/infinity , MEMLOCK 1011061k/1011061k
load average:1.23 0.98 0.57

/proc/meminfo:
MemTotal:        8088492 kB
MemFree:         6754200 kB
MemAvailable:    7255796 kB
Buffers:          112580 kB
Cached:           736696 kB
SwapCached:            0 kB
Active:           303384 kB
Inactive:         816460 kB
Active(anon):       1108 kB
Inactive(anon):   414400 kB
Active(file):     302276 kB
Inactive(file):   402060 kB
Unevictable:       95280 kB
Mlocked:              12 kB
HighTotal:       7458816 kB
HighFree:        6330412 kB
LowTotal:         629676 kB
LowFree:          423788 kB
SwapTotal:        102396 kB
SwapFree:         102396 kB
Dirty:                16 kB
Writeback:             0 kB
AnonPages:        365892 kB
Mapped:           230212 kB
Shmem:            144940 kB
KReclaimable:      36300 kB
Slab:              58876 kB
SReclaimable:      36300 kB
SUnreclaim:        22576 kB
KernelStack:        2248 kB
PageTables:         5832 kB
NFS_Unstable:          0 kB
Bounce:                0 kB
WritebackTmp:          0 kB
CommitLimit:     4146640 kB
Committed_AS:    1531196 kB
VmallocTotal:     245760 kB
VmallocUsed:        5872 kB
VmallocChunk:          0 kB
Percpu:              448 kB
CmaTotal:         327680 kB
CmaFree:          311864 kB

/sys/kernel/mm/transparent_hugepage/enabled:
<Not Available>
/sys/kernel/mm/transparent_hugepage/defrag (defrag/compaction efforts parameter):
<Not Available>

Process Memory:
Virtual Size: 1278940K (peak: 1286132K)
Resident Set Size: 310948K (peak: 311572K) (anon: 244568K, file: 24144K, shmem: 42236K)
Swapped out: 0K
C-Heap outstanding allocations: 8159K

/proc/sys/kernel/threads-max (system-wide limit on the number of threads):
121230
/proc/sys/vm/max_map_count (maximum number of memory map areas a process may have):
65530
/proc/sys/kernel/pid_max (system-wide limit on number of process identifiers):
32768

/etc/ld.so.preload:
/usr/lib/arm-linux-gnueabihf/libarmmem-${PLATFORM}.so

Steal ticks since vm start: 0
Steal ticks percentage since vm start:  0.000

CPU:total 4 (initial active 4) (ARMv7), vfp, vfp3-32, simd, mp_ext

/proc/cpuinfo:
processor	: 0
model name	: ARMv7 Processor rev 3 (v7l)
BogoMIPS	: 324.00
Features	: half thumb fastmult vfp edsp neon vfpv3 tls vfpv4 idiva idivt vfpd32 lpae evtstrm crc32 
CPU implementer	: 0x41
CPU architecture: 7
CPU variant	: 0x0
CPU part	: 0xd08
CPU revision	: 3

processor	: 1
model name	: ARMv7 Processor rev 3 (v7l)
BogoMIPS	: 324.00
Features	: half thumb fastmult vfp edsp neon vfpv3 tls vfpv4 idiva idivt vfpd32 lpae evtstrm crc32 
CPU implementer	: 0x41
CPU architecture: 7
CPU variant	: 0x0
CPU part	: 0xd08
CPU revision	: 3

processor	: 2
model name	: ARMv7 Processor rev 3 (v7l)
BogoMIPS	: 324.00
Features	: half thumb fastmult vfp edsp neon vfpv3 tls vfpv4 idiva idivt vfpd32 lpae evtstrm crc32 
CPU implementer	: 0x41
CPU architecture: 7
CPU variant	: 0x0
CPU part	: 0xd08
CPU revision	: 3

processor	: 3
model name	: ARMv7 Processor rev 3 (v7l)
BogoMIPS	: 324.00
Features	: half thumb fastmult vfp edsp neon vfpv3 tls vfpv4 idiva idivt vfpd32 lpae evtstrm crc32 
CPU implementer	: 0x41
CPU architecture: 7
CPU variant	: 0x0
CPU part	: 0xd08
CPU revision	: 3

Hardware	: BCM2711
Revision	: d03114
Serial		: 100000007716ae09
Model		: Raspberry Pi 4 Model B Rev 1.4
Online cpus:
0-3
Offline cpus:


Memory: 4k page, physical 8088492k(6754200k free), swap 102396k(102396k free)

vm_info: OpenJDK Server VM (11.0.15+10-post-Raspbian-1deb11u1) for linux- JRE (11.0.15+10-post-Raspbian-1deb11u1), built on May  3 2022 12:15:06 by "unknown" with gcc 10.2.1 20210110

END.
