#
# A fatal error has been detected by the Java Runtime Environment:
#
#  SIGSEGV (0xb) at pc=0x6c93f028, pid=28557, tid=28618
#
# JRE version: OpenJDK Runtime Environment (11.0.15+10) (build 11.0.15+10-post-Raspbian-1deb11u1)
# Java VM: OpenJDK Server VM (11.0.15+10-post-Raspbian-1deb11u1, mixed mode, g1 gc, linux-)
# Problematic frame:
# C  [libpigpio.so.1+0x23028]
#
# No core dump will be written. Core dumps have been disabled. To enable core dumping, try "ulimit -c unlimited" before starting Java again
#
# If you would like to submit a bug report, please visit:
#   Unknown
# The crash happened outside the Java Virtual Machine in native code.
# See problematic frame for where to report the bug.
#

---------------  S U M M A R Y ------------

Command Line: --module-path=. -Djdk.module.main=visual_classes visual_classes/visual_classes.window

Host: rev 3 (v7l), 4 cores, 7G, Raspbian GNU/Linux 11 (bullseye)
Time: Thu Nov  3 11:38:55 2022 EST elapsed time: 76.642314 seconds (0d 0h 1m 16s)

---------------  T H R E A D  ---------------

Current thread (0xb3a4e800):  JavaThread "pi4j-shutdown" [_thread_in_native, id=28618, stack(0x68e46000,0x68ec6000)]

Stack: [0x68e46000,0x68ec6000],  sp=0x68ec4898,  free space=506k
Native frames: (J=compiled Java code, A=aot compiled Java code, j=interpreted, Vv=VM code, C=native code)
C  [libpigpio.so.1+0x23028]
C  0x68ec4a58

Java frames: (J=compiled Java code, j=interpreted, Vv=VM code)
j  com.pi4j.library.pigpio.internal.PIGPIO.gpioTerminate()V+0 com.pi4j.library.pigpio@2.1.1
j  com.pi4j.library.pigpio.impl.PiGpioNativeImpl.gpioTerminate()V+22 com.pi4j.library.pigpio@2.1.1
j  com.pi4j.library.pigpio.PiGpio.shutdown()V+1 com.pi4j.library.pigpio@2.1.1
j  com.pi4j.plugin.pigpio.PiGpioPlugin.shutdown(Lcom/pi4j/context/Context;)V+23 com.pi4j.plugin.pigpio@2.1.1
j  com.pi4j.runtime.impl.DefaultRuntime.shutdown()Lcom/pi4j/runtime/Runtime;+87 com.pi4j@2.1.1
j  com.pi4j.runtime.impl.DefaultRuntime.lambda$new$2()V+8 com.pi4j@2.1.1
j  com.pi4j.runtime.impl.DefaultRuntime$$Lambda$167.run()V+4 com.pi4j@2.1.1
j  java.lang.Thread.run()V+11 java.base@11.0.15
v  ~StubRoutines::call_stub

siginfo: si_signo: 11 (SIGSEGV), si_code: 1 (SEGV_MAPERR), si_addr: 0x71007dbc

Register to memory mapping:

  r0  = 0x00000000
0x0 is NULL

  r1  = 0x00001000
0x00001000 is an unknown value

  r2  = 0xffffffff
0xffffffff is an unknown value

  r3  = 0x7100734c
0x7100734c is an unknown value

  r4  = 0x71007db8
0x71007db8 is an unknown value

  r5  = 0x710083dc
0x710083dc is an unknown value

  r6  = 0x00000014
0x00000014 is an unknown value

  r7  = 0x71007000
0x71007000 is an unknown value

  r8  = 0xb6f3887c
0xb6f3887c: __stack_chk_guard+0x00000000 in /lib/ld-linux-armhf.so.3 at 0xb6f06000

  r9  = 0x6d18a2b8
{method} {0x6d18a2b8} 'gpioTerminate' '()V' in 'com/pi4j/library/pigpio/internal/PIGPIO'

  r10 = 0xb3a4e800
0xb3a4e800 is a thread

  fp  = 0x68ec4a28
0x68ec4a28 is pointing into the stack for thread: 0xb3a4e800

  r12 = 0x6c96a2c4
0x6c96a2c4: <offset 0x0004e2c4> in /lib/libpigpio.so.1 at 0x6c91c000

  sp  = 0x68ec4898
0x68ec4898 is pointing into the stack for thread: 0xb3a4e800

  lr  = 0x6c93f034
0x6c93f034: <offset 0x00023034> in /lib/libpigpio.so.1 at 0x6c91c000

  pc  = 0x6c93f028
0x6c93f028: <offset 0x00023028> in /lib/libpigpio.so.1 at 0x6c91c000



Registers:
  r0  = 0x00000000
  r1  = 0x00001000
  r2  = 0xffffffff
  r3  = 0x7100734c
  r4  = 0x71007db8
  r5  = 0x710083dc
  r6  = 0x00000014
  r7  = 0x71007000
  r8  = 0xb6f3887c
  r9  = 0x6d18a2b8
  r10 = 0xb3a4e800
  fp  = 0x68ec4a28
  r12 = 0x6c96a2c4
  sp  = 0x68ec4898
  lr  = 0x6c93f034
  pc  = 0x6c93f028
  cpsr = 0x80000010

Top of Stack: (sp=0x68ec4898)
0x68ec4898:   00000060 b6f3887c 00000000 00000000
0x68ec48a8:   00000000 6cc3b458 68ec4924 70602355
0x68ec48b8:   f675bd9d 00000000 6cc3b288 68ec497c
0x68ec48c8:   00000000 b6f110e4 68ec4924 6cc3b3f4
0x68ec48d8:   00000001 00000000 00000005 00000000
0x68ec48e8:   00000001 6cc3b288 0000015d 00000000
0x68ec48f8:   6cc3b454 00000000 00000000 00000000
0x68ec4908:   6cc38ed0 712049e8 707cb2c8 00000ffc 

Instructions: (pc=0x6c93f028)
0x6c93ef28:   0a000001 e3a01024 ebff8544 e59f368c
0x6c93ef38:   e08f3003 e5930074 e3700001 0a000001
0x6c93ef48:   e3a01028 ebff853d e59f3674 e79f0003
0x6c93ef58:   e3700001 0a000001 e3a0101c ebff8537
0x6c93ef68:   e59f3660 e08f3003 e5930040 e3700001
0x6c93ef78:   0a000001 e3a01018 ebff8530 e59f3648
0x6c93ef88:   e3e02000 e08f3003 e59300c8 e5832038
0x6c93ef98:   e1500002 e5832050 e5832044 e58320c4
0x6c93efa8:   e583203c e5832078 e5832074 e5832000
0x6c93efb8:   e5832040 0a000006 e59f2610 e3a030d4
0x6c93efc8:   e08f2002 e5922004 e0030293 e2831e35
0x6c93efd8:   ebff851a e59f35f8 e3e02000 e08f3003
0x6c93efe8:   e59370cc e58320c8 e1570002 0a000015
0x6c93eff8:   e59f35e0 e08f3003 e5936004 e0863086
0x6c93f008:   e0863103 e0863103 e37300d4 0a000008
0x6c93f018:   e3a050d4 e2873fd3 e0253695 e2474004
0x6c93f028:   e5b40004 e3a01a01 ebff8504 e1540005
0x6c93f038:   1afffffa e3a010d4 e1a00007 e0010691
0x6c93f048:   e2811e35 ebff84fd e59f358c e3e02000
0x6c93f058:   e08f3003 e59370d0 e58320cc e1570002
0x6c93f068:   0a000010 e59f3574 e08f3003 e5933004
0x6c93f078:   e3730004 0a000137 e1a06103 e0875006
0x6c93f088:   e285500c e2474004 e5b40004 e3a01a35
0x6c93f098:   ebff84ea e1540005 1afffffa e2861010
0x6c93f0a8:   e1a00007 ebff84e5 e59f3534 e3e01000
0x6c93f0b8:   e08f3003 e59320d4 e58310d0 e1520001
0x6c93f0c8:   0a000048 e59f051c e3a01000 e08f0000
0x6c93f0d8:   ebff8420 e2507000 ba00010d e59f3508
0x6c93f0e8:   e59f2508 e08f3003 e08f2002 e5934004
0x6c93f0f8:   e58270d8 e3740004 0a00002f e59250d4
0x6c93f108:   e59fb4ec e0854204 e2455040 ea000002
0x6c93f118:   e2444010 e1550004 0a000027 e5943030 


Stack slot to memory mapping:
stack at sp + 0 slots: 0x00000060 is an unknown value
stack at sp + 1 slots: 0xb6f3887c: __stack_chk_guard+0x00000000 in /lib/ld-linux-armhf.so.3 at 0xb6f06000
stack at sp + 2 slots: 0x0 is NULL
stack at sp + 3 slots: 0x0 is NULL
stack at sp + 4 slots: 0x0 is NULL
stack at sp + 5 slots: 0x6cc3b458 points into unknown readable memory: 0x6cc3b3f4 | f4 b3 c3 6c
stack at sp + 6 slots: 0x68ec4924 is pointing into the stack for thread: 0xb3a4e800
stack at sp + 7 slots: 0x70602355: <offset 0x00001355> in /tmp/libpi4j-pigpio13945240907180274210.so at 0x70601000


---------------  P R O C E S S  ---------------

Threads class SMR info:
_java_thread_list=0x6ce5b838, length=16, elements={
0x70735c00, 0x70739400, 0x70743400, 0x70745c00,
0x70747400, 0x70748c00, 0x707a9000, 0x6f65ac00,
0x6f65f400, 0x6f662c00, 0x6f664000, 0xb5e0ec00,
0x6cc87800, 0x6bca4c00, 0x6cc17800, 0xb3a4e800
}

Java Threads: ( => current thread )
  0x70735c00 JavaThread "Reference Handler" daemon [_thread_blocked, id=28565, stack(0x7102e000,0x7107e000)]
  0x70739400 JavaThread "Finalizer" daemon [_thread_blocked, id=28566, stack(0x70e2e000,0x70e7e000)]
  0x70743400 JavaThread "Signal Dispatcher" daemon [_thread_blocked, id=28567, stack(0x706b0000,0x70700000)]
  0x70745c00 JavaThread "Service Thread" daemon [_thread_blocked, id=28568, stack(0x70660000,0x706b0000)]
  0x70747400 JavaThread "C2 CompilerThread0" daemon [_thread_blocked, id=28569, stack(0x70006000,0x70086000)]
  0x70748c00 JavaThread "Sweeper thread" daemon [_thread_blocked, id=28570, stack(0x70610000,0x70660000)]
  0x707a9000 JavaThread "Common-Cleaner" daemon [_thread_blocked, id=28571, stack(0x6ffb6000,0x70006000)]
  0x6f65ac00 JavaThread "Java2D Disposer" daemon [_thread_blocked, id=28577, stack(0x6d51a000,0x6d56a000)]
  0x6f65f400 JavaThread "AWT-XAWT" daemon [_thread_in_native, id=28578, stack(0x6d4ca000,0x6d51a000)]
  0x6f662c00 JavaThread "AWT-Shutdown" [_thread_blocked, id=28579, stack(0x6d47a000,0x6d4ca000)]
  0x6f664000 JavaThread "AWT-EventQueue-0" [_thread_blocked, id=28580, stack(0x6d42a000,0x6d47a000)]
  0xb5e0ec00 JavaThread "DestroyJavaVM" [_thread_blocked, id=28558, stack(0xb5f67000,0xb5fb7000)]
  0x6cc87800 JavaThread "Timer" [_thread_blocked, id=28597, stack(0x6d0aa000,0x6d12a000)]
  0x6bca4c00 JavaThread "TimerQueue" daemon [_thread_blocked, id=28605, stack(0x6c332000,0x6c382000)]
  0x6cc17800 JavaThread "Image Fetcher 0" daemon [_thread_blocked, id=28617, stack(0x6c2e2000,0x6c332000)]
=>0xb3a4e800 JavaThread "pi4j-shutdown" [_thread_in_native, id=28618, stack(0x68e46000,0x68ec6000)]

Other Threads:
  0x70730800 VMThread "VM Thread" [stack: 0x70834000,0x708b4000] [id=28564]
  0x6fe29000 WatcherThread [stack: 0x6ff36000,0x6ffb6000] [id=28572]
  0xb5e22c00 GCTaskThread "GC Thread#0" [stack: 0xb3b84000,0xb3c04000] [id=28559]
  0x70510000 GCTaskThread "GC Thread#1" [stack: 0x6d02a000,0x6d0aa000] [id=28589]
  0x70511000 GCTaskThread "GC Thread#2" [stack: 0x6cfa8000,0x6d028000] [id=28590]
  0x70512000 GCTaskThread "GC Thread#3" [stack: 0x6cf26000,0x6cfa6000] [id=28591]
  0xb5e78000 ConcurrentGCThread "G1 Main Marker" [stack: 0xb3b02000,0xb3b82000] [id=28560]
  0xb5e79800 ConcurrentGCThread "G1 Conc#0" [stack: 0x71380000,0x71400000] [id=28561]
  0xb5ee0c00 ConcurrentGCThread "G1 Refine#0" [stack: 0x71080000,0x71100000] [id=28562]
  0xb5ee2400 ConcurrentGCThread "G1 Young RemSet Sampling" [stack: 0x70e80000,0x70f00000] [id=28563]

Threads with active compile tasks:

VM state:not at safepoint (normal execution)

VM Mutex/Monitor currently owned by a thread: None

Heap:
 garbage-first heap   total 210944K, used 197121K [0x73a00000, 0xb3a00000)
  region size 1024K, 2 young (2048K), 1 survivors (1024K)
 Metaspace       used 14728K, capacity 15005K, committed 15128K, reserved 15664K
Heap Regions: E=young(eden), S=young(survivor), O=old, HS=humongous(starts), HC=humongous(continues), CS=collection set, F=free, A=archive, TAMS=top-at-mark-start (previous, next)
|   0|0x73a00000, 0x73b00000, 0x73b00000|100%| O|  |TAMS 0x73b00000, 0x73a00000| Untracked 
|   1|0x73b00000, 0x73c00000, 0x73c00000|100%|HS|  |TAMS 0x73c00000, 0x73b00000| Complete 
|   2|0x73c00000, 0x73d00000, 0x73d00000|100%|HS|  |TAMS 0x73d00000, 0x73c00000| Complete 
|   3|0x73d00000, 0x73e00000, 0x73e00000|100%|HC|  |TAMS 0x73e00000, 0x73d00000| Complete 
|   4|0x73e00000, 0x73f00000, 0x73f00000|100%|HS|  |TAMS 0x73f00000, 0x73e00000| Complete 
|   5|0x73f00000, 0x74000000, 0x74000000|100%|HC|  |TAMS 0x74000000, 0x73f00000| Complete 
|   6|0x74000000, 0x74100000, 0x74100000|100%|HS|  |TAMS 0x74100000, 0x74000000| Complete 
|   7|0x74100000, 0x74200000, 0x74200000|100%|HC|  |TAMS 0x74200000, 0x74100000| Complete 
|   8|0x74200000, 0x74300000, 0x74300000|100%|HC|  |TAMS 0x74300000, 0x74200000| Complete 
|   9|0x74300000, 0x74400000, 0x74400000|100%|HS|  |TAMS 0x74400000, 0x74300000| Complete 
|  10|0x74400000, 0x74500000, 0x74500000|100%|HC|  |TAMS 0x74500000, 0x74400000| Complete 
|  11|0x74500000, 0x74600000, 0x74600000|100%|HC|  |TAMS 0x74600000, 0x74500000| Complete 
|  12|0x74600000, 0x74700000, 0x74700000|100%|HS|  |TAMS 0x74700000, 0x74600000| Complete 
|  13|0x74700000, 0x74800000, 0x74800000|100%|HC|  |TAMS 0x74800000, 0x74700000| Complete 
|  14|0x74800000, 0x74900000, 0x74900000|100%|HC|  |TAMS 0x74900000, 0x74800000| Complete 
|  15|0x74900000, 0x74a00000, 0x74a00000|100%|HC|  |TAMS 0x74a00000, 0x74900000| Complete 
|  16|0x74a00000, 0x74b00000, 0x74b00000|100%|HC|  |TAMS 0x74b00000, 0x74a00000| Complete 
|  17|0x74b00000, 0x74c00000, 0x74c00000|100%|HS|  |TAMS 0x74c00000, 0x74b00000| Complete 
|  18|0x74c00000, 0x74d00000, 0x74d00000|100%|HS|  |TAMS 0x74d00000, 0x74c00000| Complete 
|  19|0x74d00000, 0x74e00000, 0x74e00000|100%|HS|  |TAMS 0x74e00000, 0x74d00000| Complete 
|  20|0x74e00000, 0x74f00000, 0x74f00000|100%|HS|  |TAMS 0x74f00000, 0x74e00000| Complete 
|  21|0x74f00000, 0x75000000, 0x75000000|100%|HS|  |TAMS 0x75000000, 0x74f00000| Complete 
|  22|0x75000000, 0x75100000, 0x75100000|100%|HC|  |TAMS 0x75100000, 0x75000000| Complete 
|  23|0x75100000, 0x75200000, 0x75200000|100%|HS|  |TAMS 0x75200000, 0x75100000| Complete 
|  24|0x75200000, 0x75300000, 0x75300000|100%|HC|  |TAMS 0x75300000, 0x75200000| Complete 
|  25|0x75300000, 0x75400000, 0x75400000|100%|HC|  |TAMS 0x75400000, 0x75300000| Complete 
|  26|0x75400000, 0x75500000, 0x75500000|100%|HS|  |TAMS 0x75500000, 0x75400000| Complete 
|  27|0x75500000, 0x75600000, 0x75600000|100%|HC|  |TAMS 0x75600000, 0x75500000| Complete 
|  28|0x75600000, 0x75619200, 0x75700000|  9%| O|  |TAMS 0x75619200, 0x75600000| Untracked 
|  29|0x75700000, 0x75700000, 0x75800000|  0%| F|  |TAMS 0x75700000, 0x75700000| Untracked 
|  30|0x75800000, 0x75900000, 0x75900000|100%| O|  |TAMS 0x75900000, 0x75800000| Untracked 
|  31|0x75900000, 0x75a00000, 0x75a00000|100%| O|  |TAMS 0x75a00000, 0x75900000| Untracked 
|  32|0x75a00000, 0x75b00000, 0x75b00000|100%| O|  |TAMS 0x75b00000, 0x75a00000| Untracked 
|  33|0x75b00000, 0x75c00000, 0x75c00000|100%| O|  |TAMS 0x75c00000, 0x75b00000| Untracked 
|  34|0x75c00000, 0x75d00000, 0x75d00000|100%| O|  |TAMS 0x75d00000, 0x75c00000| Untracked 
|  35|0x75d00000, 0x75e00000, 0x75e00000|100%| O|  |TAMS 0x75e00000, 0x75d00000| Untracked 
|  36|0x75e00000, 0x75f00000, 0x75f00000|100%| O|  |TAMS 0x75f00000, 0x75e00000| Untracked 
|  37|0x75f00000, 0x76000000, 0x76000000|100%|HS|  |TAMS 0x76000000, 0x75f00000| Complete 
|  38|0x76000000, 0x76100000, 0x76100000|100%|HC|  |TAMS 0x76100000, 0x76000000| Complete 
|  39|0x76100000, 0x76200000, 0x76200000|100%|HC|  |TAMS 0x76200000, 0x76100000| Complete 
|  40|0x76200000, 0x76300000, 0x76300000|100%|HS|  |TAMS 0x76300000, 0x76200000| Complete 
|  41|0x76300000, 0x76400000, 0x76400000|100%|HC|  |TAMS 0x76400000, 0x76300000| Complete 
|  42|0x76400000, 0x76500000, 0x76500000|100%|HC|  |TAMS 0x76500000, 0x76400000| Complete 
|  43|0x76500000, 0x76600000, 0x76600000|100%|HS|  |TAMS 0x76600000, 0x76500000| Complete 
|  44|0x76600000, 0x76700000, 0x76700000|100%|HC|  |TAMS 0x76700000, 0x76600000| Complete 
|  45|0x76700000, 0x76800000, 0x76800000|100%|HC|  |TAMS 0x76800000, 0x76700000| Complete 
|  46|0x76800000, 0x76900000, 0x76900000|100%|HS|  |TAMS 0x76900000, 0x76800000| Complete 
|  47|0x76900000, 0x76a00000, 0x76a00000|100%|HC|  |TAMS 0x76a00000, 0x76900000| Complete 
|  48|0x76a00000, 0x76b00000, 0x76b00000|100%|HC|  |TAMS 0x76b00000, 0x76a00000| Complete 
|  49|0x76b00000, 0x76c00000, 0x76c00000|100%|HS|  |TAMS 0x76c00000, 0x76b00000| Complete 
|  50|0x76c00000, 0x76d00000, 0x76d00000|100%|HC|  |TAMS 0x76d00000, 0x76c00000| Complete 
|  51|0x76d00000, 0x76e00000, 0x76e00000|100%|HC|  |TAMS 0x76e00000, 0x76d00000| Complete 
|  52|0x76e00000, 0x76f00000, 0x76f00000|100%| O|  |TAMS 0x76f00000, 0x76e00000| Untracked 
|  53|0x76f00000, 0x77000000, 0x77000000|100%|HS|  |TAMS 0x77000000, 0x76f00000| Complete 
|  54|0x77000000, 0x77100000, 0x77100000|100%|HC|  |TAMS 0x77100000, 0x77000000| Complete 
|  55|0x77100000, 0x77200000, 0x77200000|100%|HC|  |TAMS 0x77200000, 0x77100000| Complete 
|  56|0x77200000, 0x77300000, 0x77300000|100%|HS|  |TAMS 0x77300000, 0x77200000| Complete 
|  57|0x77300000, 0x77400000, 0x77400000|100%|HC|  |TAMS 0x77400000, 0x77300000| Complete 
|  58|0x77400000, 0x77500000, 0x77500000|100%|HC|  |TAMS 0x77500000, 0x77400000| Complete 
|  59|0x77500000, 0x77600000, 0x77600000|100%|HS|  |TAMS 0x77600000, 0x77500000| Complete 
|  60|0x77600000, 0x77700000, 0x77700000|100%|HC|  |TAMS 0x77700000, 0x77600000| Complete 
|  61|0x77700000, 0x77800000, 0x77800000|100%|HC|  |TAMS 0x77800000, 0x77700000| Complete 
|  62|0x77800000, 0x77900000, 0x77900000|100%|HS|  |TAMS 0x77900000, 0x77800000| Complete 
|  63|0x77900000, 0x77a00000, 0x77a00000|100%|HC|  |TAMS 0x77a00000, 0x77900000| Complete 
|  64|0x77a00000, 0x77b00000, 0x77b00000|100%|HC|  |TAMS 0x77b00000, 0x77a00000| Complete 
|  65|0x77b00000, 0x77c00000, 0x77c00000|100%| O|  |TAMS 0x77c00000, 0x77b00000| Untracked 
|  66|0x77c00000, 0x77d00000, 0x77d00000|100%| O|  |TAMS 0x77d00000, 0x77c00000| Untracked 
|  67|0x77d00000, 0x77e00000, 0x77e00000|100%| O|  |TAMS 0x77e00000, 0x77d00000| Untracked 
|  68|0x77e00000, 0x77f00000, 0x77f00000|100%| O|  |TAMS 0x77f00000, 0x77e00000| Untracked 
|  69|0x77f00000, 0x78000000, 0x78000000|100%|HS|  |TAMS 0x78000000, 0x77f00000| Complete 
|  70|0x78000000, 0x78100000, 0x78100000|100%|HC|  |TAMS 0x78100000, 0x78000000| Complete 
|  71|0x78100000, 0x78200000, 0x78200000|100%|HC|  |TAMS 0x78200000, 0x78100000| Complete 
|  72|0x78200000, 0x78300000, 0x78300000|100%|HS|  |TAMS 0x78300000, 0x78200000| Complete 
|  73|0x78300000, 0x78400000, 0x78400000|100%|HC|  |TAMS 0x78400000, 0x78300000| Complete 
|  74|0x78400000, 0x78500000, 0x78500000|100%|HC|  |TAMS 0x78500000, 0x78400000| Complete 
|  75|0x78500000, 0x78600000, 0x78600000|100%|HS|  |TAMS 0x78600000, 0x78500000| Complete 
|  76|0x78600000, 0x78700000, 0x78700000|100%|HC|  |TAMS 0x78700000, 0x78600000| Complete 
|  77|0x78700000, 0x78800000, 0x78800000|100%|HS|  |TAMS 0x78800000, 0x78700000| Complete 
|  78|0x78800000, 0x78900000, 0x78900000|100%|HC|  |TAMS 0x78900000, 0x78800000| Complete 
|  79|0x78900000, 0x78a00000, 0x78a00000|100%|HC|  |TAMS 0x78a00000, 0x78900000| Complete 
|  80|0x78a00000, 0x78b00000, 0x78b00000|100%|HS|  |TAMS 0x78b00000, 0x78a00000| Complete 
|  81|0x78b00000, 0x78c00000, 0x78c00000|100%|HC|  |TAMS 0x78c00000, 0x78b00000| Complete 
|  82|0x78c00000, 0x78d00000, 0x78d00000|100%|HC|  |TAMS 0x78d00000, 0x78c00000| Complete 
|  83|0x78d00000, 0x78e00000, 0x78e00000|100%|HS|  |TAMS 0x78e00000, 0x78d00000| Complete 
|  84|0x78e00000, 0x78f00000, 0x78f00000|100%|HC|  |TAMS 0x78f00000, 0x78e00000| Complete 
|  85|0x78f00000, 0x79000000, 0x79000000|100%|HC|  |TAMS 0x79000000, 0x78f00000| Complete 
|  86|0x79000000, 0x79100000, 0x79100000|100%|HS|  |TAMS 0x79100000, 0x79000000| Complete 
|  87|0x79100000, 0x79200000, 0x79200000|100%|HC|  |TAMS 0x79200000, 0x79100000| Complete 
|  88|0x79200000, 0x79300000, 0x79300000|100%|HC|  |TAMS 0x79300000, 0x79200000| Complete 
|  89|0x79300000, 0x79400000, 0x79400000|100%| O|  |TAMS 0x79400000, 0x79300000| Untracked 
|  90|0x79400000, 0x79500000, 0x79500000|100%|HS|  |TAMS 0x79500000, 0x79400000| Complete 
|  91|0x79500000, 0x79600000, 0x79600000|100%|HC|  |TAMS 0x79600000, 0x79500000| Complete 
|  92|0x79600000, 0x79700000, 0x79700000|100%|HC|  |TAMS 0x79700000, 0x79600000| Complete 
|  93|0x79700000, 0x79800000, 0x79800000|100%|HC|  |TAMS 0x79800000, 0x79700000| Complete 
|  94|0x79800000, 0x79900000, 0x79900000|100%|HC|  |TAMS 0x79900000, 0x79800000| Complete 
|  95|0x79900000, 0x79a00000, 0x79a00000|100%|HC|  |TAMS 0x79a00000, 0x79900000| Complete 
|  96|0x79a00000, 0x79b00000, 0x79b00000|100%|HC|  |TAMS 0x79b00000, 0x79a00000| Complete 
|  97|0x79b00000, 0x79c00000, 0x79c00000|100%|HC|  |TAMS 0x79c00000, 0x79b00000| Complete 
|  98|0x79c00000, 0x79d00000, 0x79d00000|100%|HC|  |TAMS 0x79d00000, 0x79c00000| Complete 
|  99|0x79d00000, 0x79e00000, 0x79e00000|100%|HC|  |TAMS 0x79e00000, 0x79d00000| Complete 
| 100|0x79e00000, 0x79f00000, 0x79f00000|100%|HC|  |TAMS 0x79f00000, 0x79e00000| Complete 
| 101|0x79f00000, 0x7a000000, 0x7a000000|100%|HC|  |TAMS 0x7a000000, 0x79f00000| Complete 
| 102|0x7a000000, 0x7a100000, 0x7a100000|100%|HC|  |TAMS 0x7a100000, 0x7a000000| Complete 
| 103|0x7a100000, 0x7a200000, 0x7a200000|100%|HC|  |TAMS 0x7a200000, 0x7a100000| Complete 
| 104|0x7a200000, 0x7a300000, 0x7a300000|100%|HC|  |TAMS 0x7a300000, 0x7a200000| Complete 
| 105|0x7a300000, 0x7a400000, 0x7a400000|100%|HC|  |TAMS 0x7a400000, 0x7a300000| Complete 
| 106|0x7a400000, 0x7a500000, 0x7a500000|100%|HC|  |TAMS 0x7a500000, 0x7a400000| Complete 
| 107|0x7a500000, 0x7a600000, 0x7a600000|100%| O|  |TAMS 0x7a600000, 0x7a500000| Untracked 
| 108|0x7a600000, 0x7a700000, 0x7a700000|100%|HS|  |TAMS 0x7a700000, 0x7a600000| Complete 
| 109|0x7a700000, 0x7a800000, 0x7a800000|100%|HS|  |TAMS 0x7a800000, 0x7a700000| Complete 
| 110|0x7a800000, 0x7a900000, 0x7a900000|100%|HC|  |TAMS 0x7a900000, 0x7a800000| Complete 
| 111|0x7a900000, 0x7aa00000, 0x7aa00000|100%|HS|  |TAMS 0x7aa00000, 0x7a900000| Complete 
| 112|0x7aa00000, 0x7ab00000, 0x7ab00000|100%|HC|  |TAMS 0x7ab00000, 0x7aa00000| Complete 
| 113|0x7ab00000, 0x7ac00000, 0x7ac00000|100%|HC|  |TAMS 0x7ac00000, 0x7ab00000| Complete 
| 114|0x7ac00000, 0x7ad00000, 0x7ad00000|100%|HC|  |TAMS 0x7ad00000, 0x7ac00000| Complete 
| 115|0x7ad00000, 0x7ae00000, 0x7ae00000|100%|HC|  |TAMS 0x7ae00000, 0x7ad00000| Complete 
| 116|0x7ae00000, 0x7af00000, 0x7af00000|100%|HC|  |TAMS 0x7af00000, 0x7ae00000| Complete 
| 117|0x7af00000, 0x7b000000, 0x7b000000|100%|HC|  |TAMS 0x7b000000, 0x7af00000| Complete 
| 118|0x7b000000, 0x7b100000, 0x7b100000|100%|HC|  |TAMS 0x7b100000, 0x7b000000| Complete 
| 119|0x7b100000, 0x7b200000, 0x7b200000|100%|HC|  |TAMS 0x7b200000, 0x7b100000| Complete 
| 120|0x7b200000, 0x7b300000, 0x7b300000|100%|HC|  |TAMS 0x7b300000, 0x7b200000| Complete 
| 121|0x7b300000, 0x7b400000, 0x7b400000|100%|HC|  |TAMS 0x7b400000, 0x7b300000| Complete 
| 122|0x7b400000, 0x7b500000, 0x7b500000|100%|HC|  |TAMS 0x7b500000, 0x7b400000| Complete 
| 123|0x7b500000, 0x7b600000, 0x7b600000|100%|HC|  |TAMS 0x7b600000, 0x7b500000| Complete 
| 124|0x7b600000, 0x7b700000, 0x7b700000|100%|HC|  |TAMS 0x7b700000, 0x7b600000| Complete 
| 125|0x7b700000, 0x7b800000, 0x7b800000|100%|HC|  |TAMS 0x7b800000, 0x7b700000| Complete 
| 126|0x7b800000, 0x7b900000, 0x7b900000|100%|HC|  |TAMS 0x7b900000, 0x7b800000| Complete 
| 127|0x7b900000, 0x7ba00000, 0x7ba00000|100%|HC|  |TAMS 0x7ba00000, 0x7b900000| Complete 
| 128|0x7ba00000, 0x7bb00000, 0x7bb00000|100%|HC|  |TAMS 0x7bb00000, 0x7ba00000| Complete 
| 129|0x7bb00000, 0x7bc00000, 0x7bc00000|100%|HS|  |TAMS 0x7bc00000, 0x7bb00000| Complete 
| 130|0x7bc00000, 0x7bd00000, 0x7bd00000|100%|HC|  |TAMS 0x7bd00000, 0x7bc00000| Complete 
| 131|0x7bd00000, 0x7be00000, 0x7be00000|100%|HC|  |TAMS 0x7be00000, 0x7bd00000| Complete 
| 132|0x7be00000, 0x7bf00000, 0x7bf00000|100%| O|  |TAMS 0x7bf00000, 0x7be00000| Untracked 
| 133|0x7bf00000, 0x7c000000, 0x7c000000|100%| O|  |TAMS 0x7c000000, 0x7bf00000| Untracked 
| 134|0x7c000000, 0x7c100000, 0x7c100000|100%|HS|  |TAMS 0x7c100000, 0x7c000000| Complete 
| 135|0x7c100000, 0x7c200000, 0x7c200000|100%|HC|  |TAMS 0x7c200000, 0x7c100000| Complete 
| 136|0x7c200000, 0x7c300000, 0x7c300000|100%|HC|  |TAMS 0x7c300000, 0x7c200000| Complete 
| 137|0x7c300000, 0x7c400000, 0x7c400000|100%|HC|  |TAMS 0x7c400000, 0x7c300000| Complete 
| 138|0x7c400000, 0x7c500000, 0x7c500000|100%|HC|  |TAMS 0x7c500000, 0x7c400000| Complete 
| 139|0x7c500000, 0x7c600000, 0x7c600000|100%|HC|  |TAMS 0x7c600000, 0x7c500000| Complete 
| 140|0x7c600000, 0x7c700000, 0x7c700000|100%|HC|  |TAMS 0x7c700000, 0x7c600000| Complete 
| 141|0x7c700000, 0x7c800000, 0x7c800000|100%|HS|  |TAMS 0x7c800000, 0x7c700000| Complete 
| 142|0x7c800000, 0x7c900000, 0x7c900000|100%|HC|  |TAMS 0x7c900000, 0x7c800000| Complete 
| 143|0x7c900000, 0x7ca00000, 0x7ca00000|100%|HC|  |TAMS 0x7ca00000, 0x7c900000| Complete 
| 144|0x7ca00000, 0x7cb00000, 0x7cb00000|100%|HC|  |TAMS 0x7cb00000, 0x7ca00000| Complete 
| 145|0x7cb00000, 0x7cc00000, 0x7cc00000|100%|HC|  |TAMS 0x7cc00000, 0x7cb00000| Complete 
| 146|0x7cc00000, 0x7cd00000, 0x7cd00000|100%|HC|  |TAMS 0x7cd00000, 0x7cc00000| Complete 
| 147|0x7cd00000, 0x7ce00000, 0x7ce00000|100%|HC|  |TAMS 0x7ce00000, 0x7cd00000| Complete 
| 148|0x7ce00000, 0x7cf00000, 0x7cf00000|100%|HC|  |TAMS 0x7cf00000, 0x7ce00000| Complete 
| 149|0x7cf00000, 0x7d000000, 0x7d000000|100%|HC|  |TAMS 0x7d000000, 0x7cf00000| Complete 
| 150|0x7d000000, 0x7d100000, 0x7d100000|100%|HC|  |TAMS 0x7d100000, 0x7d000000| Complete 
| 151|0x7d100000, 0x7d200000, 0x7d200000|100%|HC|  |TAMS 0x7d200000, 0x7d100000| Complete 
| 152|0x7d200000, 0x7d300000, 0x7d300000|100%|HC|  |TAMS 0x7d300000, 0x7d200000| Complete 
| 153|0x7d300000, 0x7d400000, 0x7d400000|100%|HC|  |TAMS 0x7d400000, 0x7d300000| Complete 
| 154|0x7d400000, 0x7d500000, 0x7d500000|100%|HC|  |TAMS 0x7d500000, 0x7d400000| Complete 
| 155|0x7d500000, 0x7d600000, 0x7d600000|100%|HC|  |TAMS 0x7d600000, 0x7d500000| Complete 
| 156|0x7d600000, 0x7d700000, 0x7d700000|100%|HC|  |TAMS 0x7d700000, 0x7d600000| Complete 
| 157|0x7d700000, 0x7d800000, 0x7d800000|100%|HC|  |TAMS 0x7d800000, 0x7d700000| Complete 
| 158|0x7d800000, 0x7d900000, 0x7d900000|100%|HC|  |TAMS 0x7d900000, 0x7d800000| Complete 
| 159|0x7d900000, 0x7da00000, 0x7da00000|100%|HC|  |TAMS 0x7da00000, 0x7d900000| Complete 
| 160|0x7da00000, 0x7db00000, 0x7db00000|100%|HC|  |TAMS 0x7db00000, 0x7da00000| Complete 
| 161|0x7db00000, 0x7dc00000, 0x7dc00000|100%|HC|  |TAMS 0x7dc00000, 0x7db00000| Complete 
| 162|0x7dc00000, 0x7dd00000, 0x7dd00000|100%|HC|  |TAMS 0x7dd00000, 0x7dc00000| Complete 
| 163|0x7dd00000, 0x7de00000, 0x7de00000|100%|HC|  |TAMS 0x7de00000, 0x7dd00000| Complete 
| 164|0x7de00000, 0x7df00000, 0x7df00000|100%|HC|  |TAMS 0x7df00000, 0x7de00000| Complete 
| 165|0x7df00000, 0x7e000000, 0x7e000000|100%|HC|  |TAMS 0x7e000000, 0x7df00000| Complete 
| 166|0x7e000000, 0x7e100000, 0x7e100000|100%|HC|  |TAMS 0x7e100000, 0x7e000000| Complete 
| 167|0x7e100000, 0x7e200000, 0x7e200000|100%|HC|  |TAMS 0x7e200000, 0x7e100000| Complete 
| 168|0x7e200000, 0x7e300000, 0x7e300000|100%|HC|  |TAMS 0x7e300000, 0x7e200000| Complete 
| 169|0x7e300000, 0x7e400000, 0x7e400000|100%|HC|  |TAMS 0x7e400000, 0x7e300000| Complete 
| 170|0x7e400000, 0x7e500000, 0x7e500000|100%|HC|  |TAMS 0x7e500000, 0x7e400000| Complete 
| 171|0x7e500000, 0x7e600000, 0x7e600000|100%|HC|  |TAMS 0x7e600000, 0x7e500000| Complete 
| 172|0x7e600000, 0x7e700000, 0x7e700000|100%|HC|  |TAMS 0x7e700000, 0x7e600000| Complete 
| 173|0x7e700000, 0x7e800000, 0x7e800000|100%|HC|  |TAMS 0x7e800000, 0x7e700000| Complete 
| 174|0x7e800000, 0x7e900000, 0x7e900000|100%|HC|  |TAMS 0x7e900000, 0x7e800000| Complete 
| 175|0x7e900000, 0x7ea00000, 0x7ea00000|100%|HC|  |TAMS 0x7ea00000, 0x7e900000| Complete 
| 176|0x7ea00000, 0x7eb00000, 0x7eb00000|100%|HC|  |TAMS 0x7eb00000, 0x7ea00000| Complete 
| 177|0x7eb00000, 0x7ec00000, 0x7ec00000|100%|HC|  |TAMS 0x7ec00000, 0x7eb00000| Complete 
| 178|0x7ec00000, 0x7ed00000, 0x7ed00000|100%|HC|  |TAMS 0x7ed00000, 0x7ec00000| Complete 
| 179|0x7ed00000, 0x7ee00000, 0x7ee00000|100%|HC|  |TAMS 0x7ee00000, 0x7ed00000| Complete 
| 180|0x7ee00000, 0x7ef00000, 0x7ef00000|100%|HC|  |TAMS 0x7ef00000, 0x7ee00000| Complete 
| 181|0x7ef00000, 0x7f000000, 0x7f000000|100%|HC|  |TAMS 0x7f000000, 0x7ef00000| Complete 
| 182|0x7f000000, 0x7f100000, 0x7f100000|100%|HC|  |TAMS 0x7f100000, 0x7f000000| Complete 
| 183|0x7f100000, 0x7f200000, 0x7f200000|100%|HS|  |TAMS 0x7f200000, 0x7f100000| Complete 
| 184|0x7f200000, 0x7f300000, 0x7f300000|100%|HS|  |TAMS 0x7f300000, 0x7f200000| Complete 
| 185|0x7f300000, 0x7f400000, 0x7f400000|100%|HS|  |TAMS 0x7f400000, 0x7f300000| Complete 
| 186|0x7f400000, 0x7f500000, 0x7f500000|100%|HS|  |TAMS 0x7f500000, 0x7f400000| Complete 
| 187|0x7f500000, 0x7f600000, 0x7f600000|100%| O|  |TAMS 0x7f600000, 0x7f500000| Untracked 
| 188|0x7f600000, 0x7f700000, 0x7f700000|100%|HS|  |TAMS 0x7f700000, 0x7f600000| Complete 
| 189|0x7f700000, 0x7f800000, 0x7f800000|100%| O|  |TAMS 0x7f800000, 0x7f700000| Untracked 
| 190|0x7f800000, 0x7f800000, 0x7f900000|  0%| F|  |TAMS 0x7f800000, 0x7f800000| Untracked 
| 191|0x7f900000, 0x7f967288, 0x7fa00000| 40%| S|CS|TAMS 0x7f900000, 0x7f900000| Complete 
| 192|0x7fa00000, 0x7fa00000, 0x7fb00000|  0%| F|  |TAMS 0x7fa00000, 0x7fa00000| Untracked 
| 193|0x7fb00000, 0x7fb00000, 0x7fc00000|  0%| F|  |TAMS 0x7fb00000, 0x7fb00000| Untracked 
| 194|0x7fc00000, 0x7fc00000, 0x7fd00000|  0%| F|  |TAMS 0x7fc00000, 0x7fc00000| Untracked 
| 195|0x7fd00000, 0x7fd00000, 0x7fe00000|  0%| F|  |TAMS 0x7fd00000, 0x7fd00000| Untracked 
| 196|0x7fe00000, 0x7fe00000, 0x7ff00000|  0%| F|  |TAMS 0x7fe00000, 0x7fe00000| Untracked 
| 197|0x7ff00000, 0x7ff00000, 0x80000000|  0%| F|  |TAMS 0x7ff00000, 0x7ff00000| Untracked 
| 198|0x80000000, 0x80000000, 0x80100000|  0%| F|  |TAMS 0x80000000, 0x80000000| Untracked 
| 199|0x80100000, 0x80100000, 0x80200000|  0%| F|  |TAMS 0x80100000, 0x80100000| Untracked 
| 200|0x80200000, 0x80300000, 0x80300000|100%| O|  |TAMS 0x80300000, 0x80200000| Untracked 
| 201|0x80300000, 0x80400000, 0x80400000|100%| O|  |TAMS 0x80400000, 0x80300000| Untracked 
| 202|0x80400000, 0x80500000, 0x80500000|100%| O|  |TAMS 0x80500000, 0x80400000| Untracked 
| 203|0x80500000, 0x80500000, 0x80600000|  0%| F|  |TAMS 0x80500000, 0x80500000| Untracked 
| 204|0x80600000, 0x80700000, 0x80700000|100%| O|  |TAMS 0x80700000, 0x80600000| Untracked 
| 205|0x80700000, 0x807d2d20, 0x80800000| 82%| E|  |TAMS 0x80700000, 0x80700000| Complete 

Card table byte_map: [0x73600000,0x73800000] _byte_map_base: 0x73263000

Marking Bits (Prev, Next): (CMBitMap*) 0xb5e7576c, (CMBitMap*) 0xb5e75788
 Prev Bits: [0x72400000, 0x73400000)
 Next Bits: [0x71400000, 0x72400000)

Polling page: 0xb6f33000

Metaspace:

Usage:
   14.65 MB capacity,    14.38 MB ( 98%) used,   182.88 KB (  1%) free+waste,    93.98 KB ( <1%) overhead. 

Virtual space:
     15.30 MB reserved,      14.77 MB ( 97%) committed 

Chunk freelists:
0 bytes

MaxMetaspaceSize: unlimited
No class space
Initial GC threshold: 16.00 MB
Current GC threshold: 24.21 MB
CDS: off

CodeCache: size=32768Kb used=1589Kb max_used=1599Kb free=31178Kb
 bounds [0xb3c44000, 0xb3ddc000, 0xb5c44000]
 total_blobs=1031 nmethods=757 adapters=227
 compilation: enabled
              stopped_count=0, restarted_count=0
 full_count=0

Compilation events (20 events):
Event: 58.040 Thread 0x70747400  746             java.util.IdentityHashMap$IdentityHashMapIterator::hasNext (50 bytes)
Event: 58.060 Thread 0x70747400 nmethod 746 0xb3dcfa08 code [0xb3dcfb00, 0xb3dcfd1c]
Event: 58.060 Thread 0x70747400  747             sun.awt.X11GraphicsConfig::getScale (8 bytes)
Event: 58.063 Thread 0x70747400 nmethod 747 0xb3dcf708 code [0xb3dcf800, 0xb3dcf86c]
Event: 61.299 Thread 0x70747400  748             java.awt.Component::isEnabledImpl (5 bytes)
Event: 61.300 Thread 0x70747400 nmethod 748 0xb3dcf408 code [0xb3dcf500, 0xb3dcf55c]
Event: 62.107 Thread 0x70747400  749             java.awt.geom.AffineTransform::equals (92 bytes)
Event: 62.115 Thread 0x70747400 nmethod 749 0xb3dcf008 code [0xb3dcf110, 0xb3dcf2cc]
Event: 64.033 Thread 0x70747400  750 %           java.io.UnixFileSystem::normalize @ 10 (75 bytes)
Event: 64.059 Thread 0x70747400 nmethod 750% 0xb3dd1088 code [0xb3dd11a0, 0xb3dd14e8]
Event: 64.136 Thread 0x70747400  751             java.io.UnixFileSystem::normalize (75 bytes)
Event: 64.155 Thread 0x70747400 nmethod 751 0xb3dd0c08 code [0xb3dd0d10, 0xb3dd0f28]
Event: 65.753 Thread 0x70747400  752             java.util.EventObject::getSource (5 bytes)
Event: 65.754 Thread 0x70747400 nmethod 752 0xb3dd0908 code [0xb3dd0a00, 0xb3dd0a5c]
Event: 66.044 Thread 0x70747400  753             sun.awt.X11.XToolkit::getDisplay (20 bytes)
Event: 66.046 Thread 0x70747400 nmethod 753 0xb3dd0608 code [0xb3dd0700, 0xb3dd074c]
Event: 67.703 Thread 0x70747400  754             java.awt.Component::isEnabled (5 bytes)
Event: 67.705 Thread 0x70747400 nmethod 754 0xb3dd0308 code [0xb3dd0400, 0xb3dd045c]
Event: 74.750 Thread 0x70747400  755             sun.java2d.SurfaceData::markDirty (8 bytes)
Event: 74.755 Thread 0x70747400 nmethod 755 0xb3dcfe08 code [0xb3dcff00, 0xb3dcffcc]

GC Heap History (20 events):
Event: 21.170 GC heap before
{Heap before GC invocations=82 (full 0):
 garbage-first heap   total 197632K, used 195516K [0x73a00000, 0xb3a00000)
  region size 1024K, 4 young (4096K), 1 survivors (1024K)
 Metaspace       used 11934K, capacity 12159K, committed 12184K, reserved 12592K
}
Event: 21.175 GC heap after
{Heap after GC invocations=83 (full 0):
 garbage-first heap   total 198656K, used 193818K [0x73a00000, 0xb3a00000)
  region size 1024K, 1 young (1024K), 1 survivors (1024K)
 Metaspace       used 11934K, capacity 12159K, committed 12184K, reserved 12592K
}
Event: 21.560 GC heap before
{Heap before GC invocations=83 (full 0):
 garbage-first heap   total 198656K, used 197914K [0x73a00000, 0xb3a00000)
  region size 1024K, 5 young (5120K), 1 survivors (1024K)
 Metaspace       used 11968K, capacity 12159K, committed 12184K, reserved 12592K
}
Event: 21.566 GC heap after
{Heap after GC invocations=84 (full 0):
 garbage-first heap   total 199680K, used 193923K [0x73a00000, 0xb3a00000)
  region size 1024K, 1 young (1024K), 1 survivors (1024K)
 Metaspace       used 11968K, capacity 12159K, committed 12184K, reserved 12592K
}
Event: 21.687 GC heap before
{Heap before GC invocations=85 (full 0):
 garbage-first heap   total 199680K, used 199043K [0x73a00000, 0xb3a00000)
  region size 1024K, 6 young (6144K), 1 survivors (1024K)
 Metaspace       used 11968K, capacity 12159K, committed 12184K, reserved 12592K
}
Event: 21.691 GC heap after
{Heap after GC invocations=86 (full 0):
 garbage-first heap   total 200704K, used 193921K [0x73a00000, 0xb3a00000)
  region size 1024K, 1 young (1024K), 1 survivors (1024K)
 Metaspace       used 11968K, capacity 12159K, committed 12184K, reserved 12592K
}
Event: 21.786 GC heap before
{Heap before GC invocations=86 (full 0):
 garbage-first heap   total 200704K, used 200065K [0x73a00000, 0xb3a00000)
  region size 1024K, 7 young (7168K), 1 survivors (1024K)
 Metaspace       used 11968K, capacity 12159K, committed 12184K, reserved 12592K
}
Event: 21.792 GC heap after
{Heap after GC invocations=87 (full 0):
 garbage-first heap   total 201728K, used 193922K [0x73a00000, 0xb3a00000)
  region size 1024K, 1 young (1024K), 1 survivors (1024K)
 Metaspace       used 11968K, capacity 12159K, committed 12184K, reserved 12592K
}
Event: 23.510 GC heap before
{Heap before GC invocations=88 (full 0):
 garbage-first heap   total 201728K, used 201090K [0x73a00000, 0xb3a00000)
  region size 1024K, 8 young (8192K), 1 survivors (1024K)
 Metaspace       used 13492K, capacity 13719K, committed 13720K, reserved 14640K
}
Event: 23.530 GC heap after
{Heap after GC invocations=89 (full 0):
 garbage-first heap   total 203776K, used 194252K [0x73a00000, 0xb3a00000)
  region size 1024K, 2 young (2048K), 2 survivors (2048K)
 Metaspace       used 13492K, capacity 13719K, committed 13720K, reserved 14640K
}
Event: 25.344 GC heap before
{Heap before GC invocations=89 (full 0):
 garbage-first heap   total 203776K, used 201420K [0x73a00000, 0xb3a00000)
  region size 1024K, 9 young (9216K), 2 survivors (2048K)
 Metaspace       used 13905K, capacity 14165K, committed 14232K, reserved 14640K
}
Event: 25.385 GC heap after
{Heap after GC invocations=90 (full 0):
 garbage-first heap   total 205824K, used 195904K [0x73a00000, 0xb3a00000)
  region size 1024K, 2 young (2048K), 2 survivors (2048K)
 Metaspace       used 13905K, capacity 14165K, committed 14232K, reserved 14640K
}
Event: 26.884 GC heap before
{Heap before GC invocations=91 (full 0):
 garbage-first heap   total 205824K, used 204096K [0x73a00000, 0xb3a00000)
  region size 1024K, 10 young (10240K), 2 survivors (2048K)
 Metaspace       used 13939K, capacity 14197K, committed 14232K, reserved 14640K
}
Event: 26.916 GC heap after
{Heap after GC invocations=92 (full 0):
 garbage-first heap   total 208896K, used 197836K [0x73a00000, 0xb3a00000)
  region size 1024K, 2 young (2048K), 2 survivors (2048K)
 Metaspace       used 13939K, capacity 14197K, committed 14232K, reserved 14640K
}
Event: 44.882 GC heap before
{Heap before GC invocations=92 (full 0):
 garbage-first heap   total 208896K, used 205004K [0x73a00000, 0xb3a00000)
  region size 1024K, 10 young (10240K), 2 survivors (2048K)
 Metaspace       used 14571K, capacity 14809K, committed 14872K, reserved 15664K
}
Event: 44.901 GC heap after
{Heap after GC invocations=93 (full 0):
 garbage-first heap   total 210944K, used 199189K [0x73a00000, 0xb3a00000)
  region size 1024K, 2 young (2048K), 2 survivors (2048K)
 Metaspace       used 14571K, capacity 14809K, committed 14872K, reserved 15664K
}
Event: 55.807 GC heap before
{Heap before GC invocations=94 (full 0):
 garbage-first heap   total 210944K, used 204309K [0x73a00000, 0xb3a00000)
  region size 1024K, 10 young (10240K), 2 survivors (2048K)
 Metaspace       used 14646K, capacity 14905K, committed 15000K, reserved 15664K
}
Event: 55.819 GC heap after
{Heap after GC invocations=95 (full 0):
 garbage-first heap   total 210944K, used 197061K [0x73a00000, 0xb3a00000)
  region size 1024K, 1 young (1024K), 1 survivors (1024K)
 Metaspace       used 14646K, capacity 14905K, committed 15000K, reserved 15664K
}
Event: 72.812 GC heap before
{Heap before GC invocations=95 (full 0):
 garbage-first heap   total 210944K, used 205253K [0x73a00000, 0xb3a00000)
  region size 1024K, 10 young (10240K), 1 survivors (1024K)
 Metaspace       used 14676K, capacity 14937K, committed 15000K, reserved 15664K
}
Event: 72.817 GC heap after
{Heap after GC invocations=96 (full 0):
 garbage-first heap   total 210944K, used 197121K [0x73a00000, 0xb3a00000)
  region size 1024K, 1 young (1024K), 1 survivors (1024K)
 Metaspace       used 14676K, capacity 14937K, committed 15000K, reserved 15664K
}

Deoptimization events (20 events):
Event: 76.569 Thread 0xb3a4e800 Uncommon trap: trap_request=0xffffffde fr.pc=0xb3d696e0 relative=0x00000df0
Event: 76.570 Thread 0xb3a4e800 Uncommon trap: reason=class_check action=maybe_recompile pc=0xb3d696e0 method=java.util.concurrent.ConcurrentHashMap.putVal(Ljava/lang/Object;Ljava/lang/Object;Z)Ljava/lang/Object; @ 242 c2
Event: 76.570 Thread 0xb3a4e800 DEOPT PACKING pc=0xb3d696e0 sp=0x68ec4370
Event: 76.570 Thread 0xb3a4e800 DEOPT UNPACKING pc=0xb3c73bfc sp=0x68ec4340 mode 2
Event: 76.580 Thread 0xb3a4f800 Uncommon trap: trap_request=0xffffffde fr.pc=0xb3d696e0 relative=0x00000df0
Event: 76.580 Thread 0xb3a4f800 Uncommon trap: reason=class_check action=maybe_recompile pc=0xb3d696e0 method=java.util.concurrent.ConcurrentHashMap.putVal(Ljava/lang/Object;Ljava/lang/Object;Z)Ljava/lang/Object; @ 242 c2
Event: 76.580 Thread 0xb3a4f800 DEOPT PACKING pc=0xb3d696e0 sp=0x6c25fd98
Event: 76.580 Thread 0xb3a4f800 DEOPT UNPACKING pc=0xb3c73bfc sp=0x6c25fd68 mode 2
Event: 76.584 Thread 0xb3a4e800 Uncommon trap: trap_request=0xffffffde fr.pc=0xb3d696e0 relative=0x00000df0
Event: 76.585 Thread 0xb3a4e800 Uncommon trap: reason=class_check action=maybe_recompile pc=0xb3d696e0 method=java.util.concurrent.ConcurrentHashMap.putVal(Ljava/lang/Object;Ljava/lang/Object;Z)Ljava/lang/Object; @ 242 c2
Event: 76.585 Thread 0xb3a4e800 DEOPT PACKING pc=0xb3d696e0 sp=0x68ec3ee8
Event: 76.585 Thread 0xb3a4e800 DEOPT UNPACKING pc=0xb3c73bfc sp=0x68ec3ea8 mode 2
Event: 76.587 Thread 0xb3a4e800 Uncommon trap: trap_request=0xffffffde fr.pc=0xb3d696a4 relative=0x00000db4
Event: 76.587 Thread 0xb3a4e800 Uncommon trap: reason=class_check action=maybe_recompile pc=0xb3d696a4 method=java.util.concurrent.ConcurrentHashMap.putVal(Ljava/lang/Object;Ljava/lang/Object;Z)Ljava/lang/Object; @ 159 c2
Event: 76.587 Thread 0xb3a4e800 DEOPT PACKING pc=0xb3d696a4 sp=0x68ec3d68
Event: 76.587 Thread 0xb3a4e800 DEOPT UNPACKING pc=0xb3c73bfc sp=0x68ec3d40 mode 2
Event: 76.590 Thread 0xb3a4e800 Uncommon trap: trap_request=0xffffffde fr.pc=0xb3d696e0 relative=0x00000df0
Event: 76.590 Thread 0xb3a4e800 Uncommon trap: reason=class_check action=maybe_recompile pc=0xb3d696e0 method=java.util.concurrent.ConcurrentHashMap.putVal(Ljava/lang/Object;Ljava/lang/Object;Z)Ljava/lang/Object; @ 242 c2
Event: 76.590 Thread 0xb3a4e800 DEOPT PACKING pc=0xb3d696e0 sp=0x68ec3d08
Event: 76.590 Thread 0xb3a4e800 DEOPT UNPACKING pc=0xb3c73bfc sp=0x68ec3cd8 mode 2

Classes redefined (0 events):
No events

Internal exceptions (20 events):
Event: 18.289 Thread 0x6f664000 Exception <a 'java/lang/NoSuchMethodError'{0x7c87c5c8}: 'java.lang.Object java.lang.invoke.DirectMethodHandle$Holder.invokeSpecial(java.lang.Object, java.lang.Object, int, int, int, java.lang.Object, java.lang.Object)'> (0x7c87c5c8) thrown at [./src/hotspot/share/interpreter/linkResolver.cpp, line 772]
Event: 18.290 Thread 0x6f664000 Exception <a 'java/lang/NoSuchMethodError'{0x7c87fd00}: 'java.lang.Object java.lang.invoke.DelegatingMethodHandle$Holder.reinvoke_L(java.lang.Object, int, int, int, java.lang.Object, java.lang.Object)'> (0x7c87fd00) thrown at [./src/hotspot/share/interpreter/linkResolver.cpp, line 772]
Event: 18.301 Thread 0x6f664000 Exception <a 'java/lang/NoSuchMethodError'{0x7c890cd0}: 'java.lang.Object java.lang.invoke.DirectMethodHandle$Holder.invokeSpecial(java.lang.Object, java.lang.Object, int, java.lang.Object, java.lang.Object)'> (0x7c890cd0) thrown at [./src/hotspot/share/interpreter/linkResolver.cpp, line 772]
Event: 18.302 Thread 0x6f664000 Exception <a 'java/lang/NoSuchMethodError'{0x7c8945f8}: 'java.lang.Object java.lang.invoke.Invokers$Holder.linkToTargetMethod(int, java.lang.Object, java.lang.Object, java.lang.Object)'> (0x7c8945f8) thrown at [./src/hotspot/share/interpreter/linkResolver.cpp, line 772]
Event: 18.360 Thread 0x6f664000 Exception <a 'java/lang/NoSuchMethodError'{0x7c8f8678}: 'java.lang.Object java.lang.invoke.DirectMethodHandle$Holder.invokeSpecial(java.lang.Object, java.lang.Object, int, int, java.lang.Object, int, java.lang.Object)'> (0x7c8f8678) thrown at [./src/hotspot/share/interpreter/linkResolver.cpp, line 772]
Event: 18.361 Thread 0x6f664000 Exception <a 'java/lang/NoSuchMethodError'{0x7c8fbe80}: 'java.lang.Object java.lang.invoke.DelegatingMethodHandle$Holder.reinvoke_L(java.lang.Object, int, int, java.lang.Object, int, java.lang.Object)'> (0x7c8fbe80) thrown at [./src/hotspot/share/interpreter/linkResolver.cpp, line 772]
Event: 18.371 Thread 0x6f664000 Exception <a 'java/lang/NoSuchMethodError'{0x7c70d378}: 'java.lang.Object java.lang.invoke.DirectMethodHandle$Holder.invokeSpecial(java.lang.Object, java.lang.Object, java.lang.Object, int, java.lang.Object)'> (0x7c70d378) thrown at [./src/hotspot/share/interpreter/linkResolver.cpp, line 772]
Event: 18.372 Thread 0x6f664000 Exception <a 'java/lang/NoSuchMethodError'{0x7c710cb8}: 'java.lang.Object java.lang.invoke.Invokers$Holder.linkToTargetMethod(java.lang.Object, int, java.lang.Object, java.lang.Object)'> (0x7c710cb8) thrown at [./src/hotspot/share/interpreter/linkResolver.cpp, line 772]
Event: 22.030 Thread 0x6f664000 Exception <a 'java/lang/NoSuchMethodError'{0x7f8a3fd0}: 'void java.lang.invoke.DirectMethodHandle$Holder.invokeStaticInit(java.lang.Object)'> (0x7f8a3fd0) thrown at [./src/hotspot/share/interpreter/linkResolver.cpp, line 772]
Event: 23.463 Thread 0x6f664000 Exception <a 'java/lang/NoSuchMethodError'{0x7f79c058}: 'java.lang.Object java.lang.invoke.DirectMethodHandle$Holder.invokeSpecial(java.lang.Object, java.lang.Object, int, int, java.lang.Object, java.lang.Object, java.lang.Object, java.lang.Object, java.lang.Object)'> (0x7f79c058) thrown at [./src/hotspot/share/interpreter/linkResolver.cpp, line 772]
Event: 23.465 Thread 0x6f664000 Exception <a 'java/lang/NoSuchMethodError'{0x7f7a0178}: 'java.lang.Object java.lang.invoke.DelegatingMethodHandle$Holder.reinvoke_L(java.lang.Object, int, int, java.lang.Object, java.lang.Object, java.lang.Object, java.lang.Object, java.lang.Object)'> (0x7f7a0178) thrown at [./src/hotspot/share/interpreter/linkResolver.cpp, line 772]
Event: 23.502 Thread 0x6f664000 Exception <a 'java/lang/NoSuchMethodError'{0x7f7ef670}: 'java.lang.Object java.lang.invoke.DirectMethodHandle$Holder.invokeStatic(java.lang.Object, java.lang.Object, java.lang.Object, java.lang.Object, java.lang.Object, java.lang.Object, java.lang.Object, java.lang.Object, java.lang.Object, java.lang.Object, int, int, java.lang.Object, java.lang.Object)'> (0x7f7ef670) thrown at [./src/hotspot/share/interpreter/linkResolver.cpp, line 772]
Event: 23.538 Thread 0x6f664000 Exception <a 'java/lang/NoSuchMethodError'{0x7fe12c20}: 'java.lang.Object java.lang.invoke.DirectMethodHandle$Holder.invokeStatic(java.lang.Object, java.lang.Object, java.lang.Object, java.lang.Object, java.lang.Object, java.lang.Object, java.lang.Object, java.lang.Object, java.lang.Object, java.lang.Object, int, int, java.lang.Object, java.lang.Object, java.lang.Object)'> (0x7fe12c20) thrown at [./src/hotspot/share/interpreter/linkResolver.cpp, line 772]
Event: 23.563 Thread 0x6f664000 Exception <a 'java/lang/NoSuchMethodError'{0x7fe703b0}: 'java.lang.Object java.lang.invoke.Invokers$Holder.linkToTargetMethod(java.lang.Object, java.lang.Object, java.lang.Object, java.lang.Object, java.lang.Object, java.lang.Object)'> (0x7fe703b0) thrown at [./src/hotspot/share/interpreter/linkResolver.cpp, line 772]
Event: 23.623 Thread 0x6f664000 Exception <a 'java/lang/NoSuchMethodError'{0x7feda4b8}: 'java.lang.Object java.lang.invoke.DirectMethodHandle$Holder.invokeSpecial(java.lang.Object, java.lang.Object, int, int, java.lang.Object, java.lang.Object, java.lang.Object, java.lang.Object)'> (0x7feda4b8) thrown at [./src/hotspot/share/interpreter/linkResolver.cpp, line 772]
Event: 23.625 Thread 0x6f664000 Exception <a 'java/lang/NoSuchMethodError'{0x7fede180}: 'java.lang.Object java.lang.invoke.DelegatingMethodHandle$Holder.reinvoke_L(java.lang.Object, int, int, java.lang.Object, java.lang.Object, java.lang.Object, java.lang.Object)'> (0x7fede180) thrown at [./src/hotspot/share/interpreter/linkResolver.cpp, line 772]
Event: 26.190 Thread 0x6cc4b400 Implicit null exception at 0xb3d4c1dc to 0xb3d4c39c
Event: 37.322 Thread 0x6f664000 Implicit null exception at 0xb3d3c7a8 to 0xb3d3c7f0
Event: 37.444 Thread 0x6bcaa000 Implicit null exception at 0xb3d4c758 to 0xb3d4c938
Event: 55.433 Thread 0x6f664000 Implicit null exception at 0xb3dbe108 to 0xb3dbe31c

Events (20 events):
Event: 76.590 Executing VM operation: RevokeBias done
Event: 76.590 loading class com/pi4j/provider/ProviderBase done
Event: 76.590 loading class com/pi4j/provider/ProviderBase
Event: 76.590 loading class com/pi4j/provider/ProviderBase done
Event: 76.602 loading class com/pi4j/library/pigpio/impl/PiGpioBase
Event: 76.602 loading class com/pi4j/library/pigpio/impl/PiGpioBase done
Event: 76.602 loading class com/pi4j/library/pigpio/impl/PiGpioBase
Event: 76.602 loading class com/pi4j/library/pigpio/impl/PiGpioBase done
Event: 76.602 Executing VM operation: RevokeBias
Event: 76.602 Protecting memory [0xb6f33000,0xb6f34000] with protection modes 0
Event: 76.603 Protecting memory [0xb6f33000,0xb6f34000] with protection modes 1
Event: 76.603 Executing VM operation: RevokeBias done
Event: 76.605 loading class com/pi4j/library/pigpio/impl/PiGpioBase
Event: 76.605 loading class com/pi4j/library/pigpio/impl/PiGpioBase done
Event: 76.605 loading class com/pi4j/library/pigpio/impl/PiGpioBase
Event: 76.605 loading class com/pi4j/library/pigpio/impl/PiGpioBase done
Event: 76.607 loading class com/pi4j/library/pigpio/impl/PiGpioBase
Event: 76.607 loading class com/pi4j/library/pigpio/impl/PiGpioBase done
Event: 76.607 loading class com/pi4j/library/pigpio/impl/PiGpioBase
Event: 76.607 loading class com/pi4j/library/pigpio/impl/PiGpioBase done


Dynamic libraries:
00010000-00011000 r-xp 00000000 b3:02 383446     /usr/lib/jvm/java-11-openjdk-armhf/bin/java
00020000-00021000 r--p 00000000 b3:02 383446     /usr/lib/jvm/java-11-openjdk-armhf/bin/java
00021000-00022000 rw-p 00001000 b3:02 383446     /usr/lib/jvm/java-11-openjdk-armhf/bin/java
01ef3000-02024000 rw-p 00000000 00:00 0          [heap]
68900000-689e6000 rw-p 00000000 00:00 0 
689e6000-68a00000 ---p 00000000 00:00 0 
68b00000-68be3000 rw-p 00000000 00:00 0 
68be3000-68c00000 ---p 00000000 00:00 0 
68c00000-68c80000 rw-p 00000000 00:00 0 
68c80000-68d00000 ---p 00000000 00:00 0 
68d00000-68d78000 rw-p 00000000 00:00 0 
68d78000-68e00000 ---p 00000000 00:00 0 
68e46000-68e49000 ---p 00000000 00:00 0 
68e49000-68ec6000 rw-p 00000000 00:00 0 
68ec6000-69155000 r--s 00000000 b3:02 26699      /var/cache/fontconfig/d49871ed-13ec-4c8a-8c25-faac36ae279f-le32d8.cache-7
69155000-6918d000 r--s 00000000 b3:02 26698      /var/cache/fontconfig/d9b9cb7a-afb2-4c5a-8eb5-302864e00ee6-le32d8.cache-7
691c1000-692c1000 rw-p 00000000 00:00 0 
692c1000-6bc00000 rw-s 00000000 00:01 23         /SYSV00000000 (deleted)
6bc00000-6bd00000 rw-p 00000000 00:00 0 
6bd00000-6be00000 rw-p 00000000 00:00 0 
6be00000-6bf00000 rw-p 00000000 00:00 0 
6bf00000-6bffc000 rw-p 00000000 00:00 0 
6bffc000-6c000000 ---p 00000000 00:00 0 
6c000000-6c0fc000 rw-p 00000000 00:00 0 
6c0fc000-6c100000 ---p 00000000 00:00 0 
6c100000-6c17e000 rw-p 00000000 00:00 0 
6c17e000-6c200000 ---p 00000000 00:00 0 
6c212000-6c215000 ---p 00000000 00:00 0 
6c215000-6c262000 rw-p 00000000 00:00 0 
6c262000-6c265000 ---p 00000000 00:00 0 
6c265000-6c2e2000 rw-p 00000000 00:00 0 
6c2e2000-6c2e5000 ---p 00000000 00:00 0 
6c2e5000-6c332000 rw-p 00000000 00:00 0 
6c332000-6c335000 ---p 00000000 00:00 0 
6c335000-6c482000 rw-p 00000000 00:00 0 
6c482000-6c483000 ---p 00000000 00:00 0 
6c483000-6c4c3000 rw-p 00000000 00:00 0 
6c91c000-6c959000 r-xp 00000000 b3:02 6896       /usr/lib/libpigpio.so.1
6c959000-6c969000 ---p 0003d000 b3:02 6896       /usr/lib/libpigpio.so.1
6c969000-6c96a000 r--p 0003d000 b3:02 6896       /usr/lib/libpigpio.so.1
6c96a000-6c96c000 rw-p 0003e000 b3:02 6896       /usr/lib/libpigpio.so.1
6c96c000-6ca00000 rw-p 00000000 00:00 0 
6ca00000-6cae3000 rw-p 00000000 00:00 0 
6cae3000-6cb00000 ---p 00000000 00:00 0 
6cbd3000-6cbdd000 r--s 00000000 b3:02 26683      /var/cache/fontconfig/8a3417c8-283a-44c3-bb2d-f71c6268eef5-le32d8.cache-7
6cbdd000-6cbe3000 r--s 00000000 b3:02 26700      /var/cache/fontconfig/83c2204c-249d-4a46-858d-88f356951df9-le32d8.cache-7
6cbe3000-6cbe8000 r--s 00000000 b3:02 26696      /var/cache/fontconfig/308f41db-948e-422c-8df9-f7b6a847f5d6-le32d8.cache-7
6cbe8000-6cbee000 r--s 00000000 b3:02 26695      /var/cache/fontconfig/ee9433fa-b8c5-480c-8437-550867a3b45a-le32d8.cache-7
6cbee000-6cc00000 r--s 00000000 b3:02 26692      /var/cache/fontconfig/2751fa01-115b-46e2-9c1c-08b35a671483-le32d8.cache-7
6cc00000-6ccfc000 rw-p 00000000 00:00 0 
6ccfc000-6cd00000 ---p 00000000 00:00 0 
6cd00000-6cdea000 rw-p 00000000 00:00 0 
6cdea000-6ce00000 ---p 00000000 00:00 0 
6ce00000-6cf00000 rw-p 00000000 00:00 0 
6cf03000-6cf0d000 r--s 00000000 b3:02 26690      /var/cache/fontconfig/3d431aec-86d7-4332-88bc-13739b09c69f-le32d8.cache-7
6cf24000-6cf25000 ---p 00000000 00:00 0 
6cf25000-6cfa6000 rw-p 00000000 00:00 0 
6cfa6000-6cfa7000 ---p 00000000 00:00 0 
6cfa7000-6d028000 rw-p 00000000 00:00 0 
6d028000-6d029000 ---p 00000000 00:00 0 
6d029000-6d0aa000 rw-p 00000000 00:00 0 
6d0aa000-6d0ad000 ---p 00000000 00:00 0 
6d0ad000-6d22a000 rw-p 00000000 00:00 0 
6d22a000-6d32a000 rw-p 00000000 00:00 0 
6d32a000-6d42a000 rw-p 00000000 00:00 0 
6d42a000-6d42d000 ---p 00000000 00:00 0 
6d42d000-6d47a000 rw-p 00000000 00:00 0 
6d47a000-6d47d000 ---p 00000000 00:00 0 
6d47d000-6d4ca000 rw-p 00000000 00:00 0 
6d4ca000-6d4cd000 ---p 00000000 00:00 0 
6d4cd000-6d51a000 rw-p 00000000 00:00 0 
6d51a000-6d51d000 ---p 00000000 00:00 0 
6d51d000-6d56a000 rw-p 00000000 00:00 0 
6d56a000-6d56e000 r-xp 00000000 b3:02 7064       /usr/lib/arm-linux-gnueabihf/libXfixes.so.3.1.0
6d56e000-6d57d000 ---p 00004000 b3:02 7064       /usr/lib/arm-linux-gnueabihf/libXfixes.so.3.1.0
6d57d000-6d57e000 r--p 00003000 b3:02 7064       /usr/lib/arm-linux-gnueabihf/libXfixes.so.3.1.0
6d57e000-6d57f000 rw-p 00004000 b3:02 7064       /usr/lib/arm-linux-gnueabihf/libXfixes.so.3.1.0
6d57f000-6d587000 r-xp 00000000 b3:02 7060       /usr/lib/arm-linux-gnueabihf/libXcursor.so.1.0.2
6d587000-6d596000 ---p 00008000 b3:02 7060       /usr/lib/arm-linux-gnueabihf/libXcursor.so.1.0.2
6d596000-6d597000 r--p 00007000 b3:02 7060       /usr/lib/arm-linux-gnueabihf/libXcursor.so.1.0.2
6d597000-6d598000 rw-p 00008000 b3:02 7060       /usr/lib/arm-linux-gnueabihf/libXcursor.so.1.0.2
6d59a000-6d5a6000 r--s 00000000 b3:02 26688      /var/cache/fontconfig/98155356-0163-475d-ae90-3602a4cb076b-le32d8.cache-7
6d5a6000-6d5ac000 r--s 00000000 b3:02 26687      /var/cache/fontconfig/a2ec7f52-0094-43c8-9c50-7211e0d99bdf-le32d8.cache-7
6d5ac000-6d5ad000 ---p 00000000 00:00 0 
6d5ad000-6ddad000 rw-p 00000000 00:00 0 
6ddad000-6ddae000 ---p 00000000 00:00 0 
6ddae000-6e5ae000 rw-p 00000000 00:00 0 
6e5ae000-6e5af000 ---p 00000000 00:00 0 
6e5af000-6edaf000 rw-p 00000000 00:00 0 
6edaf000-6edba000 r-xp 00000000 b3:02 8322       /usr/lib/arm-linux-gnueabihf/gio/modules/libdconfsettings.so
6edba000-6edc9000 ---p 0000b000 b3:02 8322       /usr/lib/arm-linux-gnueabihf/gio/modules/libdconfsettings.so
6edc9000-6edca000 r--p 0000a000 b3:02 8322       /usr/lib/arm-linux-gnueabihf/gio/modules/libdconfsettings.so
6edca000-6edcb000 rw-p 0000b000 b3:02 8322       /usr/lib/arm-linux-gnueabihf/gio/modules/libdconfsettings.so
6edcb000-6eded000 r--p 00000000 b3:02 192308     /usr/share/locale/es/LC_MESSAGES/glib20.mo
6eded000-6ee76000 r-xp 00000000 b3:02 7587       /usr/lib/arm-linux-gnueabihf/libpcre2-8.so.0.10.1
6ee76000-6ee85000 ---p 00089000 b3:02 7587       /usr/lib/arm-linux-gnueabihf/libpcre2-8.so.0.10.1
6ee85000-6ee86000 r--p 00088000 b3:02 7587       /usr/lib/arm-linux-gnueabihf/libpcre2-8.so.0.10.1
6ee86000-6ee87000 rw-p 00089000 b3:02 7587       /usr/lib/arm-linux-gnueabihf/libpcre2-8.so.0.10.1
6ee87000-6eecb000 r-xp 00000000 b3:02 7138       /usr/lib/arm-linux-gnueabihf/libblkid.so.1.1.0
6eecb000-6eeda000 ---p 00044000 b3:02 7138       /usr/lib/arm-linux-gnueabihf/libblkid.so.1.1.0
6eeda000-6eedd000 r--p 00043000 b3:02 7138       /usr/lib/arm-linux-gnueabihf/libblkid.so.1.1.0
6eedd000-6eede000 rw-p 00046000 b3:02 7138       /usr/lib/arm-linux-gnueabihf/libblkid.so.1.1.0
6eede000-6eee5000 r-xp 00000000 b3:02 7258       /usr/lib/arm-linux-gnueabihf/libffi.so.7.1.0
6eee5000-6eef4000 ---p 00007000 b3:02 7258       /usr/lib/arm-linux-gnueabihf/libffi.so.7.1.0
6eef4000-6eef5000 r--p 00006000 b3:02 7258       /usr/lib/arm-linux-gnueabihf/libffi.so.7.1.0
6eef5000-6eef6000 rw-p 00007000 b3:02 7258       /usr/lib/arm-linux-gnueabihf/libffi.so.7.1.0
6eef6000-6ef08000 r-xp 00000000 b3:02 7643       /usr/lib/arm-linux-gnueabihf/libresolv-2.31.so
6ef08000-6ef17000 ---p 00012000 b3:02 7643       /usr/lib/arm-linux-gnueabihf/libresolv-2.31.so
6ef17000-6ef18000 r--p 00011000 b3:02 7643       /usr/lib/arm-linux-gnueabihf/libresolv-2.31.so
6ef18000-6ef19000 rw-p 00012000 b3:02 7643       /usr/lib/arm-linux-gnueabihf/libresolv-2.31.so
6ef19000-6ef1b000 rw-p 00000000 00:00 0 
6ef1b000-6ef3e000 r-xp 00000000 b3:02 7666       /usr/lib/arm-linux-gnueabihf/libselinux.so.1
6ef3e000-6ef4d000 ---p 00023000 b3:02 7666       /usr/lib/arm-linux-gnueabihf/libselinux.so.1
6ef4d000-6ef4e000 r--p 00022000 b3:02 7666       /usr/lib/arm-linux-gnueabihf/libselinux.so.1
6ef4e000-6ef4f000 rw-p 00023000 b3:02 7666       /usr/lib/arm-linux-gnueabihf/libselinux.so.1
6ef4f000-6ef50000 rw-p 00000000 00:00 0 
6ef50000-6efa1000 r-xp 00000000 b3:02 7492       /usr/lib/arm-linux-gnueabihf/libmount.so.1.1.0
6efa1000-6efb0000 ---p 00051000 b3:02 7492       /usr/lib/arm-linux-gnueabihf/libmount.so.1.1.0
6efb0000-6efb2000 r--p 00050000 b3:02 7492       /usr/lib/arm-linux-gnueabihf/libmount.so.1.1.0
6efb2000-6efb3000 rw-p 00052000 b3:02 7492       /usr/lib/arm-linux-gnueabihf/libmount.so.1.1.0
6efb3000-6efb5000 r-xp 00000000 b3:02 7327       /usr/lib/arm-linux-gnueabihf/libgmodule-2.0.so.0.6600.8
6efb5000-6efc5000 ---p 00002000 b3:02 7327       /usr/lib/arm-linux-gnueabihf/libgmodule-2.0.so.0.6600.8
6efc5000-6efc6000 r--p 00002000 b3:02 7327       /usr/lib/arm-linux-gnueabihf/libgmodule-2.0.so.0.6600.8
6efc6000-6efc7000 rw-p 00003000 b3:02 7327       /usr/lib/arm-linux-gnueabihf/libgmodule-2.0.so.0.6600.8
6efc7000-6f011000 r-xp 00000000 b3:02 7333       /usr/lib/arm-linux-gnueabihf/libgobject-2.0.so.0.6600.8
6f011000-6f020000 ---p 0004a000 b3:02 7333       /usr/lib/arm-linux-gnueabihf/libgobject-2.0.so.0.6600.8
6f020000-6f022000 r--p 00049000 b3:02 7333       /usr/lib/arm-linux-gnueabihf/libgobject-2.0.so.0.6600.8
6f022000-6f023000 rw-p 0004b000 b3:02 7333       /usr/lib/arm-linux-gnueabihf/libgobject-2.0.so.0.6600.8
6f023000-6f1af000 r-xp 00000000 b3:02 7321       /usr/lib/arm-linux-gnueabihf/libgio-2.0.so.0.6600.8
6f1af000-6f1bf000 ---p 0018c000 b3:02 7321       /usr/lib/arm-linux-gnueabihf/libgio-2.0.so.0.6600.8
6f1bf000-6f1c3000 r--p 0018c000 b3:02 7321       /usr/lib/arm-linux-gnueabihf/libgio-2.0.so.0.6600.8
6f1c3000-6f1c4000 rw-p 00190000 b3:02 7321       /usr/lib/arm-linux-gnueabihf/libgio-2.0.so.0.6600.8
6f1c4000-6f1c5000 rw-p 00000000 00:00 0 
6f1c5000-6f1cd000 r-xp 00000000 b3:02 7072       /usr/lib/arm-linux-gnueabihf/libXrandr.so.2.2.0
6f1cd000-6f1dc000 ---p 00008000 b3:02 7072       /usr/lib/arm-linux-gnueabihf/libXrandr.so.2.2.0
6f1dc000-6f1dd000 r--p 00007000 b3:02 7072       /usr/lib/arm-linux-gnueabihf/libXrandr.so.2.2.0
6f1dd000-6f1de000 rw-p 00008000 b3:02 7072       /usr/lib/arm-linux-gnueabihf/libXrandr.so.2.2.0
6f1de000-6f2de000 rw-p 00000000 00:00 0 
6f2de000-6f2fe000 r-xp 00000000 b3:02 7149       /usr/lib/arm-linux-gnueabihf/libbrotlicommon.so.1.0.9
6f2fe000-6f30d000 ---p 00020000 b3:02 7149       /usr/lib/arm-linux-gnueabihf/libbrotlicommon.so.1.0.9
6f30d000-6f30e000 r--p 0001f000 b3:02 7149       /usr/lib/arm-linux-gnueabihf/libbrotlicommon.so.1.0.9
6f30e000-6f30f000 rw-p 00020000 b3:02 7149       /usr/lib/arm-linux-gnueabihf/libbrotlicommon.so.1.0.9
6f30f000-6f375000 r-xp 00000000 b3:02 7585       /usr/lib/arm-linux-gnueabihf/libpcre.so.3.13.3
6f375000-6f384000 ---p 00066000 b3:02 7585       /usr/lib/arm-linux-gnueabihf/libpcre.so.3.13.3
6f384000-6f385000 r--p 00065000 b3:02 7585       /usr/lib/arm-linux-gnueabihf/libpcre.so.3.13.3
6f385000-6f386000 rw-p 00066000 b3:02 7585       /usr/lib/arm-linux-gnueabihf/libpcre.so.3.13.3
6f386000-6f3b3000 r-xp 00000000 b3:02 7605       /usr/lib/arm-linux-gnueabihf/libpng16.so.16.37.0
6f3b3000-6f3c3000 ---p 0002d000 b3:02 7605       /usr/lib/arm-linux-gnueabihf/libpng16.so.16.37.0
6f3c3000-6f3c4000 r--p 0002d000 b3:02 7605       /usr/lib/arm-linux-gnueabihf/libpng16.so.16.37.0
6f3c4000-6f3c5000 rw-p 0002e000 b3:02 7605       /usr/lib/arm-linux-gnueabihf/libpng16.so.16.37.0
6f3c5000-6f3e4000 r-xp 00000000 b3:02 7341       /usr/lib/arm-linux-gnueabihf/libgraphite2.so.3.2.1
6f3e4000-6f3f4000 ---p 0001f000 b3:02 7341       /usr/lib/arm-linux-gnueabihf/libgraphite2.so.3.2.1
6f3f4000-6f3f5000 r--p 0001f000 b3:02 7341       /usr/lib/arm-linux-gnueabihf/libgraphite2.so.3.2.1
6f3f5000-6f3f6000 rw-p 00020000 b3:02 7341       /usr/lib/arm-linux-gnueabihf/libgraphite2.so.3.2.1
6f3f6000-6f507000 r-xp 00000000 b3:02 7324       /usr/lib/arm-linux-gnueabihf/libglib-2.0.so.0.6600.8
6f507000-6f517000 ---p 00111000 b3:02 7324       /usr/lib/arm-linux-gnueabihf/libglib-2.0.so.0.6600.8
6f517000-6f518000 r--p 00111000 b3:02 7324       /usr/lib/arm-linux-gnueabihf/libglib-2.0.so.0.6600.8
6f518000-6f519000 rw-p 00112000 b3:02 7324       /usr/lib/arm-linux-gnueabihf/libglib-2.0.so.0.6600.8
6f519000-6f5ef000 r-xp 00000000 b3:02 7389       /usr/lib/arm-linux-gnueabihf/libharfbuzz.so.0.20704.0
6f5ef000-6f5fe000 ---p 000d6000 b3:02 7389       /usr/lib/arm-linux-gnueabihf/libharfbuzz.so.0.20704.0
6f5fe000-6f5ff000 r--p 000d5000 b3:02 7389       /usr/lib/arm-linux-gnueabihf/libharfbuzz.so.0.20704.0
6f5ff000-6f600000 rw-p 000d6000 b3:02 7389       /usr/lib/arm-linux-gnueabihf/libharfbuzz.so.0.20704.0
6f600000-6f6fd000 rw-p 00000000 00:00 0 
6f6fd000-6f700000 ---p 00000000 00:00 0 
6f700000-6f702000 r--s 00000000 b3:02 26701      /var/cache/fontconfig/5bd99057-9bdf-4a0d-8647-bbe7fa23703e-le32d8.cache-7
6f702000-6f70c000 r-xp 00000000 b3:02 7151       /usr/lib/arm-linux-gnueabihf/libbrotlidec.so.1.0.9
6f70c000-6f71b000 ---p 0000a000 b3:02 7151       /usr/lib/arm-linux-gnueabihf/libbrotlidec.so.1.0.9
6f71b000-6f71c000 r--p 00009000 b3:02 7151       /usr/lib/arm-linux-gnueabihf/libbrotlidec.so.1.0.9
6f71c000-6f71d000 rw-p 0000a000 b3:02 7151       /usr/lib/arm-linux-gnueabihf/libbrotlidec.so.1.0.9
6f71d000-6f7b4000 r-xp 00000000 b3:02 7291       /usr/lib/arm-linux-gnueabihf/libfreetype.so.6.17.4
6f7b4000-6f7c3000 ---p 00097000 b3:02 7291       /usr/lib/arm-linux-gnueabihf/libfreetype.so.6.17.4
6f7c3000-6f7c7000 r--p 00096000 b3:02 7291       /usr/lib/arm-linux-gnueabihf/libfreetype.so.6.17.4
6f7c7000-6f7c8000 rw-p 0009a000 b3:02 7291       /usr/lib/arm-linux-gnueabihf/libfreetype.so.6.17.4
6f7c8000-6f7d1000 r-xp 00000000 b3:02 383574     /usr/lib/jvm/java-11-openjdk-armhf/lib/libfontmanager.so
6f7d1000-6f7e1000 ---p 00009000 b3:02 383574     /usr/lib/jvm/java-11-openjdk-armhf/lib/libfontmanager.so
6f7e1000-6f7e2000 r--p 00009000 b3:02 383574     /usr/lib/jvm/java-11-openjdk-armhf/lib/libfontmanager.so
6f7e2000-6f7e3000 rw-p 0000a000 b3:02 383574     /usr/lib/jvm/java-11-openjdk-armhf/lib/libfontmanager.so
6f7e3000-6f806000 r--p 00000000 b3:02 192344     /usr/share/locale/es/LC_MESSAGES/libc.mo
6f806000-6f906000 rw-p 00000000 00:00 0 
6f906000-6f90f000 r-xp 00000000 b3:02 7475       /usr/lib/arm-linux-gnueabihf/libmd.so.0.0.4
6f90f000-6f91f000 ---p 00009000 b3:02 7475       /usr/lib/arm-linux-gnueabihf/libmd.so.0.0.4
6f91f000-6f920000 r--p 00009000 b3:02 7475       /usr/lib/arm-linux-gnueabihf/libmd.so.0.0.4
6f920000-6f921000 rw-p 0000a000 b3:02 7475       /usr/lib/arm-linux-gnueabihf/libmd.so.0.0.4
6f921000-6f931000 r-xp 00000000 b3:02 7155       /usr/lib/arm-linux-gnueabihf/libbsd.so.0.11.3
6f931000-6f941000 ---p 00010000 b3:02 7155       /usr/lib/arm-linux-gnueabihf/libbsd.so.0.11.3
6f941000-6f942000 r--p 00010000 b3:02 7155       /usr/lib/arm-linux-gnueabihf/libbsd.so.0.11.3
6f942000-6f943000 rw-p 00011000 b3:02 7155       /usr/lib/arm-linux-gnueabihf/libbsd.so.0.11.3
6f943000-6f947000 r-xp 00000000 b3:02 7062       /usr/lib/arm-linux-gnueabihf/libXdmcp.so.6.0.0
6f947000-6f956000 ---p 00004000 b3:02 7062       /usr/lib/arm-linux-gnueabihf/libXdmcp.so.6.0.0
6f956000-6f957000 r--p 00003000 b3:02 7062       /usr/lib/arm-linux-gnueabihf/libXdmcp.so.6.0.0
6f957000-6f958000 rw-p 00004000 b3:02 7062       /usr/lib/arm-linux-gnueabihf/libXdmcp.so.6.0.0
6f958000-6f95a000 r-xp 00000000 b3:02 7057       /usr/lib/arm-linux-gnueabihf/libXau.so.6.0.0
6f95a000-6f969000 ---p 00002000 b3:02 7057       /usr/lib/arm-linux-gnueabihf/libXau.so.6.0.0
6f969000-6f96a000 r--p 00001000 b3:02 7057       /usr/lib/arm-linux-gnueabihf/libXau.so.6.0.0
6f96a000-6f96b000 rw-p 00002000 b3:02 7057       /usr/lib/arm-linux-gnueabihf/libXau.so.6.0.0
6f96b000-6f98b000 r-xp 00000000 b3:02 7819       /usr/lib/arm-linux-gnueabihf/libxcb.so.1.1.0
6f98b000-6f99a000 ---p 00020000 b3:02 7819       /usr/lib/arm-linux-gnueabihf/libxcb.so.1.1.0
6f99a000-6f99b000 r--p 0001f000 b3:02 7819       /usr/lib/arm-linux-gnueabihf/libxcb.so.1.1.0
6f99b000-6f99c000 rw-p 00020000 b3:02 7819       /usr/lib/arm-linux-gnueabihf/libxcb.so.1.1.0
6f99c000-6f9a9000 r-xp 00000000 b3:02 7067       /usr/lib/arm-linux-gnueabihf/libXi.so.6.1.0
6f9a9000-6f9b8000 ---p 0000d000 b3:02 7067       /usr/lib/arm-linux-gnueabihf/libXi.so.6.1.0
6f9b8000-6f9b9000 r--p 0000c000 b3:02 7067       /usr/lib/arm-linux-gnueabihf/libXi.so.6.1.0
6f9b9000-6f9ba000 rw-p 0000d000 b3:02 7067       /usr/lib/arm-linux-gnueabihf/libXi.so.6.1.0
6f9ba000-6facd000 r-xp 00000000 b3:02 7055       /usr/lib/arm-linux-gnueabihf/libX11.so.6.4.0
6facd000-6fadc000 ---p 00113000 b3:02 7055       /usr/lib/arm-linux-gnueabihf/libX11.so.6.4.0
6fadc000-6fadd000 r--p 00112000 b3:02 7055       /usr/lib/arm-linux-gnueabihf/libX11.so.6.4.0
6fadd000-6fae0000 rw-p 00113000 b3:02 7055       /usr/lib/arm-linux-gnueabihf/libX11.so.6.4.0
6fae0000-6fb37000 r-xp 00000000 b3:02 383752     /usr/lib/jvm/java-11-openjdk-armhf/lib/libawt_xawt.so
6fb37000-6fb47000 ---p 00057000 b3:02 383752     /usr/lib/jvm/java-11-openjdk-armhf/lib/libawt_xawt.so
6fb47000-6fb48000 r--p 00057000 b3:02 383752     /usr/lib/jvm/java-11-openjdk-armhf/lib/libawt_xawt.so
6fb48000-6fb4a000 rw-p 00058000 b3:02 383752     /usr/lib/jvm/java-11-openjdk-armhf/lib/libawt_xawt.so
6fb4a000-6fb4b000 rw-p 00000000 00:00 0 
6fb4b000-6fbc5000 r-xp 00000000 b3:02 383570     /usr/lib/jvm/java-11-openjdk-armhf/lib/libawt.so
6fbc5000-6fbd4000 ---p 0007a000 b3:02 383570     /usr/lib/jvm/java-11-openjdk-armhf/lib/libawt.so
6fbd4000-6fbd5000 r--p 00079000 b3:02 383570     /usr/lib/jvm/java-11-openjdk-armhf/lib/libawt.so
6fbd5000-6fbdb000 rw-p 0007a000 b3:02 383570     /usr/lib/jvm/java-11-openjdk-armhf/lib/libawt.so
6fbdb000-6fc00000 rw-p 00000000 00:00 0 
6fc00000-6fcec000 rw-p 00000000 00:00 0 
6fcec000-6fd00000 ---p 00000000 00:00 0 
6fd00000-6fe00000 rw-p 00000000 00:00 0 
6fe00000-6fefd000 rw-p 00000000 00:00 0 
6fefd000-6ff00000 ---p 00000000 00:00 0 
6ff00000-6ff04000 r-xp 00000000 b3:02 7076       /usr/lib/arm-linux-gnueabihf/libXtst.so.6.1.0
6ff04000-6ff13000 ---p 00004000 b3:02 7076       /usr/lib/arm-linux-gnueabihf/libXtst.so.6.1.0
6ff13000-6ff14000 r--p 00003000 b3:02 7076       /usr/lib/arm-linux-gnueabihf/libXtst.so.6.1.0
6ff14000-6ff15000 rw-p 00004000 b3:02 7076       /usr/lib/arm-linux-gnueabihf/libXtst.so.6.1.0
6ff15000-6ff23000 r-xp 00000000 b3:02 7063       /usr/lib/arm-linux-gnueabihf/libXext.so.6.4.0
6ff23000-6ff32000 ---p 0000e000 b3:02 7063       /usr/lib/arm-linux-gnueabihf/libXext.so.6.4.0
6ff32000-6ff33000 r--p 0000d000 b3:02 7063       /usr/lib/arm-linux-gnueabihf/libXext.so.6.4.0
6ff33000-6ff34000 rw-p 0000e000 b3:02 7063       /usr/lib/arm-linux-gnueabihf/libXext.so.6.4.0
6ff34000-6ff35000 ---p 00000000 00:00 0 
6ff35000-6ffb6000 rw-p 00000000 00:00 0 
6ffb6000-6ffb9000 ---p 00000000 00:00 0 
6ffb9000-70006000 rw-p 00000000 00:00 0 
70006000-70009000 ---p 00000000 00:00 0 
70009000-70086000 rw-p 00000000 00:00 0 
70086000-70300000 r--p 0006d000 b3:02 1197       /usr/lib/locale/locale-archive
70300000-70500000 r--p 00000000 b3:02 1197       /usr/lib/locale/locale-archive
70500000-7056a000 rw-p 00000000 00:00 0 
7056a000-70600000 ---p 00000000 00:00 0 
70601000-70607000 r-xp 00000000 b3:02 2431       /tmp/libpi4j-pigpio13945240907180274210.so
70607000-7060f000 ---p 00006000 b3:02 2431       /tmp/libpi4j-pigpio13945240907180274210.so
7060f000-70610000 rw-p 00006000 b3:02 2431       /tmp/libpi4j-pigpio13945240907180274210.so
70610000-70613000 ---p 00000000 00:00 0 
70613000-70660000 rw-p 00000000 00:00 0 
70660000-70663000 ---p 00000000 00:00 0 
70663000-706b0000 rw-p 00000000 00:00 0 
706b0000-706b3000 ---p 00000000 00:00 0 
706b3000-70700000 rw-p 00000000 00:00 0 
70700000-707fb000 rw-p 00000000 00:00 0 
707fb000-70800000 ---p 00000000 00:00 0 
70800000-70803000 r--s 00000000 b3:02 26694      /var/cache/fontconfig/bb206561-a442-4056-af3f-db512e4b7d6d-le32d8.cache-7
70803000-70805000 r--s 00000000 b3:02 26693      /var/cache/fontconfig/b7c3bf8f-85b6-4ea2-a994-cbfa392b96e4-le32d8.cache-7
70805000-7080d000 r-xp 00000000 b3:02 7073       /usr/lib/arm-linux-gnueabihf/libXrender.so.1.3.0
7080d000-7081c000 ---p 00008000 b3:02 7073       /usr/lib/arm-linux-gnueabihf/libXrender.so.1.3.0
7081c000-7081d000 r--p 00007000 b3:02 7073       /usr/lib/arm-linux-gnueabihf/libXrender.so.1.3.0
7081d000-7081e000 rw-p 00008000 b3:02 7073       /usr/lib/arm-linux-gnueabihf/libXrender.so.1.3.0
7081f000-70832000 r--p 00000000 b3:02 218868     /usr/share/glib-2.0/schemas/gschemas.compiled
70832000-70833000 ---p 00000000 00:00 0 
70833000-70cfa000 rw-p 00000000 00:00 0 
70cfa000-70d00000 ---p 00000000 00:00 0 
70d00000-70d69000 rw-p 00000000 00:00 0 
70d69000-70e00000 ---p 00000000 00:00 0 
70e00000-70e03000 r--s 00000000 b3:02 26670      /var/cache/fontconfig/4525f385-a7a9-4735-80bb-259a3ff546b9-le32d8.cache-7
70e03000-70e0a000 r--s 00000000 b3:02 19826      /var/cache/fontconfig/bb6e12d2-f51c-4c7f-99b2-0e8a86d53212-le32d8.cache-7
70e0a000-70e1d000 r-xp 00000000 b3:02 383591     /usr/lib/jvm/java-11-openjdk-armhf/lib/libnet.so
70e1d000-70e2c000 ---p 00013000 b3:02 383591     /usr/lib/jvm/java-11-openjdk-armhf/lib/libnet.so
70e2c000-70e2d000 r--p 00012000 b3:02 383591     /usr/lib/jvm/java-11-openjdk-armhf/lib/libnet.so
70e2d000-70e2e000 rw-p 00013000 b3:02 383591     /usr/lib/jvm/java-11-openjdk-armhf/lib/libnet.so
70e2e000-70e31000 ---p 00000000 00:00 0 
70e31000-70e7e000 rw-p 00000000 00:00 0 
70e7e000-70e7f000 ---p 00000000 00:00 0 
70e7f000-70f00000 rw-p 00000000 00:00 0 
70f00000-70ffc000 rw-p 00000000 00:00 0 
70ffc000-71000000 ---p 00000000 00:00 0 
71000000-71001000 r--s 00000000 b3:02 26697      /var/cache/fontconfig/24630967-f720-4d46-bf1f-3e7cbd814b4a-le32d8.cache-7
71001000-71002000 r--s 00000000 b3:02 26691      /var/cache/fontconfig/7c485869-69ff-4c83-8092-393190ba73cf-le32d8.cache-7
71002000-71004000 r--s 00000000 b3:02 26667      /var/cache/fontconfig/b27cc278-df04-4c9c-8a71-645862d01404-le32d8.cache-7
71009000-71010000 r--s 00000000 b3:02 8292       /usr/lib/arm-linux-gnueabihf/gconv/gconv-modules.cache
71010000-7101d000 r-xp 00000000 b3:02 383592     /usr/lib/jvm/java-11-openjdk-armhf/lib/libnio.so
7101d000-7102c000 ---p 0000d000 b3:02 383592     /usr/lib/jvm/java-11-openjdk-armhf/lib/libnio.so
7102c000-7102d000 r--p 0000c000 b3:02 383592     /usr/lib/jvm/java-11-openjdk-armhf/lib/libnio.so
7102d000-7102e000 rw-p 0000d000 b3:02 383592     /usr/lib/jvm/java-11-openjdk-armhf/lib/libnio.so
7102e000-71031000 ---p 00000000 00:00 0 
71031000-7107e000 rw-p 00000000 00:00 0 
7107e000-7107f000 ---p 00000000 00:00 0 
7107f000-71100000 rw-p 00000000 00:00 0 
71100000-711ff000 rw-p 00000000 00:00 0 
711ff000-71200000 ---p 00000000 00:00 0 
71200000-712fb000 rw-p 00000000 00:00 0 
712fb000-71300000 ---p 00000000 00:00 0 
71301000-71302000 rw-s fe100000 00:05 5          /dev/mem
71303000-7137e000 rw-p 00000000 00:00 0 
7137e000-7137f000 ---p 00000000 00:00 0 
7137f000-71738000 rw-p 00000000 00:00 0 
71738000-72400000 ---p 00000000 00:00 0 
72400000-72738000 rw-p 00000000 00:00 0 
72738000-73400000 ---p 00000000 00:00 0 
73400000-73467000 rw-p 00000000 00:00 0 
73467000-73600000 ---p 00000000 00:00 0 
73600000-73667000 rw-p 00000000 00:00 0 
73667000-73800000 ---p 00000000 00:00 0 
73800000-73867000 rw-p 00000000 00:00 0 
73867000-73a00000 ---p 00000000 00:00 0 
73a00000-80800000 rw-p 00000000 00:00 0 
80800000-b3a00000 ---p 00000000 00:00 0 
b3a00000-b3b00000 rw-p 00000000 00:00 0 
b3b00000-b3b01000 ---p 00000000 00:00 0 
b3b01000-b3b82000 rw-p 00000000 00:00 0 
b3b82000-b3b83000 ---p 00000000 00:00 0 
b3b83000-b3c08000 rw-p 00000000 00:00 0 
b3c08000-b3c44000 ---p 00000000 00:00 0 
b3c44000-b3ddc000 rwxp 00000000 00:00 0 
b3ddc000-b5c44000 ---p 00000000 00:00 0 
b5c44000-b5db3000 r--s 00000000 b3:02 383601     /usr/lib/jvm/java-11-openjdk-armhf/lib/modules
b5db3000-b5db9000 r-xp 00000000 b3:02 383600     /usr/lib/jvm/java-11-openjdk-armhf/lib/libzip.so
b5db9000-b5dc8000 ---p 00006000 b3:02 383600     /usr/lib/jvm/java-11-openjdk-armhf/lib/libzip.so
b5dc8000-b5dc9000 r--p 00005000 b3:02 383600     /usr/lib/jvm/java-11-openjdk-armhf/lib/libzip.so
b5dc9000-b5dca000 rw-p 00006000 b3:02 383600     /usr/lib/jvm/java-11-openjdk-armhf/lib/libzip.so
b5dca000-b5dd4000 r-xp 00000000 b3:02 7542       /usr/lib/arm-linux-gnueabihf/libnss_files-2.31.so
b5dd4000-b5de3000 ---p 0000a000 b3:02 7542       /usr/lib/arm-linux-gnueabihf/libnss_files-2.31.so
b5de3000-b5de4000 r--p 00009000 b3:02 7542       /usr/lib/arm-linux-gnueabihf/libnss_files-2.31.so
b5de4000-b5de5000 rw-p 0000a000 b3:02 7542       /usr/lib/arm-linux-gnueabihf/libnss_files-2.31.so
b5de5000-b5deb000 rw-p 00000000 00:00 0 
b5deb000-b5def000 r-xp 00000000 b3:02 383583     /usr/lib/jvm/java-11-openjdk-armhf/lib/libjimage.so
b5def000-b5dfe000 ---p 00004000 b3:02 383583     /usr/lib/jvm/java-11-openjdk-armhf/lib/libjimage.so
b5dfe000-b5dff000 r--p 00003000 b3:02 383583     /usr/lib/jvm/java-11-openjdk-armhf/lib/libjimage.so
b5dff000-b5e00000 rw-p 00004000 b3:02 383583     /usr/lib/jvm/java-11-openjdk-armhf/lib/libjimage.so
b5e00000-b5f00000 rw-p 00000000 00:00 0 
b5f05000-b5f23000 r-xp 00000000 b3:02 383580     /usr/lib/jvm/java-11-openjdk-armhf/lib/libjava.so
b5f23000-b5f32000 ---p 0001e000 b3:02 383580     /usr/lib/jvm/java-11-openjdk-armhf/lib/libjava.so
b5f32000-b5f33000 r--p 0001d000 b3:02 383580     /usr/lib/jvm/java-11-openjdk-armhf/lib/libjava.so
b5f33000-b5f34000 rw-p 0001e000 b3:02 383580     /usr/lib/jvm/java-11-openjdk-armhf/lib/libjava.so
b5f34000-b5f3e000 r-xp 00000000 b3:02 383599     /usr/lib/jvm/java-11-openjdk-armhf/lib/libverify.so
b5f3e000-b5f4d000 ---p 0000a000 b3:02 383599     /usr/lib/jvm/java-11-openjdk-armhf/lib/libverify.so
b5f4d000-b5f4e000 r--p 00009000 b3:02 383599     /usr/lib/jvm/java-11-openjdk-armhf/lib/libverify.so
b5f4e000-b5f4f000 rw-p 0000a000 b3:02 383599     /usr/lib/jvm/java-11-openjdk-armhf/lib/libverify.so
b5f4f000-b5f55000 r-xp 00000000 b3:02 7649       /usr/lib/arm-linux-gnueabihf/librt-2.31.so
b5f55000-b5f65000 ---p 00006000 b3:02 7649       /usr/lib/arm-linux-gnueabihf/librt-2.31.so
b5f65000-b5f66000 r--p 00006000 b3:02 7649       /usr/lib/arm-linux-gnueabihf/librt-2.31.so
b5f66000-b5f67000 rw-p 00007000 b3:02 7649       /usr/lib/arm-linux-gnueabihf/librt-2.31.so
b5f67000-b5f6a000 ---p 00000000 00:00 0 
b5f6a000-b5fb7000 rw-p 00000000 00:00 0 
b5fb7000-b5fd3000 r-xp 00000000 b3:02 7299       /usr/lib/arm-linux-gnueabihf/libgcc_s.so.1
b5fd3000-b5fe2000 ---p 0001c000 b3:02 7299       /usr/lib/arm-linux-gnueabihf/libgcc_s.so.1
b5fe2000-b5fe3000 r--p 0001b000 b3:02 7299       /usr/lib/arm-linux-gnueabihf/libgcc_s.so.1
b5fe3000-b5fe4000 rw-p 0001c000 b3:02 7299       /usr/lib/arm-linux-gnueabihf/libgcc_s.so.1
b5fe4000-b6042000 r-xp 00000000 b3:02 7466       /usr/lib/arm-linux-gnueabihf/libm-2.31.so
b6042000-b6051000 ---p 0005e000 b3:02 7466       /usr/lib/arm-linux-gnueabihf/libm-2.31.so
b6051000-b6052000 r--p 0005d000 b3:02 7466       /usr/lib/arm-linux-gnueabihf/libm-2.31.so
b6052000-b6053000 rw-p 0005e000 b3:02 7466       /usr/lib/arm-linux-gnueabihf/libm-2.31.so
b6053000-b61c2000 r-xp 00000000 b3:02 7706       /usr/lib/arm-linux-gnueabihf/libstdc++.so.6.0.28
b61c2000-b61d2000 ---p 0016f000 b3:02 7706       /usr/lib/arm-linux-gnueabihf/libstdc++.so.6.0.28
b61d2000-b61d7000 r--p 0016f000 b3:02 7706       /usr/lib/arm-linux-gnueabihf/libstdc++.so.6.0.28
b61d7000-b61d9000 rw-p 00174000 b3:02 7706       /usr/lib/arm-linux-gnueabihf/libstdc++.so.6.0.28
b61d9000-b61db000 rw-p 00000000 00:00 0 
b61db000-b6c6e000 r-xp 00000000 b3:02 383606     /usr/lib/jvm/java-11-openjdk-armhf/lib/server/libjvm.so
b6c6e000-b6c7d000 ---p 00a93000 b3:02 383606     /usr/lib/jvm/java-11-openjdk-armhf/lib/server/libjvm.so
b6c7d000-b6cbf000 r--p 00a92000 b3:02 383606     /usr/lib/jvm/java-11-openjdk-armhf/lib/server/libjvm.so
b6cbf000-b6cd8000 rw-p 00ad4000 b3:02 383606     /usr/lib/jvm/java-11-openjdk-armhf/lib/server/libjvm.so
b6cd8000-b6d03000 rw-p 00000000 00:00 0 
b6d03000-b6d1b000 r-xp 00000000 b3:02 7625       /usr/lib/arm-linux-gnueabihf/libpthread-2.31.so
b6d1b000-b6d2b000 ---p 00018000 b3:02 7625       /usr/lib/arm-linux-gnueabihf/libpthread-2.31.so
b6d2b000-b6d2c000 r--p 00018000 b3:02 7625       /usr/lib/arm-linux-gnueabihf/libpthread-2.31.so
b6d2c000-b6d2d000 rw-p 00019000 b3:02 7625       /usr/lib/arm-linux-gnueabihf/libpthread-2.31.so
b6d2d000-b6d2f000 rw-p 00000000 00:00 0 
b6d2f000-b6d32000 r-xp 00000000 b3:02 7220       /usr/lib/arm-linux-gnueabihf/libdl-2.31.so
b6d32000-b6d41000 ---p 00003000 b3:02 7220       /usr/lib/arm-linux-gnueabihf/libdl-2.31.so
b6d41000-b6d42000 r--p 00002000 b3:02 7220       /usr/lib/arm-linux-gnueabihf/libdl-2.31.so
b6d42000-b6d43000 rw-p 00003000 b3:02 7220       /usr/lib/arm-linux-gnueabihf/libdl-2.31.so
b6d43000-b6d5a000 r-xp 00000000 b3:02 7835       /usr/lib/arm-linux-gnueabihf/libz.so.1.2.11
b6d5a000-b6d69000 ---p 00017000 b3:02 7835       /usr/lib/arm-linux-gnueabihf/libz.so.1.2.11
b6d69000-b6d6a000 r--p 00016000 b3:02 7835       /usr/lib/arm-linux-gnueabihf/libz.so.1.2.11
b6d6a000-b6d6b000 rw-p 00017000 b3:02 7835       /usr/lib/arm-linux-gnueabihf/libz.so.1.2.11
b6d6b000-b6eaa000 r-xp 00000000 b3:02 7157       /usr/lib/arm-linux-gnueabihf/libc-2.31.so
b6eaa000-b6eb9000 ---p 0013f000 b3:02 7157       /usr/lib/arm-linux-gnueabihf/libc-2.31.so
b6eb9000-b6ebb000 r--p 0013e000 b3:02 7157       /usr/lib/arm-linux-gnueabihf/libc-2.31.so
b6ebb000-b6ebd000 rw-p 00140000 b3:02 7157       /usr/lib/arm-linux-gnueabihf/libc-2.31.so
b6ebd000-b6ebf000 rw-p 00000000 00:00 0 
b6ec1000-b6ed3000 rw-p 00000000 00:00 0 
b6ed3000-b6ee0000 r-xp 00000000 b3:02 383565     /usr/lib/jvm/java-11-openjdk-armhf/lib/jli/libjli.so
b6ee0000-b6eef000 ---p 0000d000 b3:02 383565     /usr/lib/jvm/java-11-openjdk-armhf/lib/jli/libjli.so
b6eef000-b6ef0000 r--p 0000c000 b3:02 383565     /usr/lib/jvm/java-11-openjdk-armhf/lib/jli/libjli.so
b6ef0000-b6ef1000 rw-p 0000d000 b3:02 383565     /usr/lib/jvm/java-11-openjdk-armhf/lib/jli/libjli.so
b6ef1000-b6ef5000 r-xp 00000000 b3:02 7094       /usr/lib/arm-linux-gnueabihf/libarmmem-v7l.so
b6ef5000-b6f04000 ---p 00004000 b3:02 7094       /usr/lib/arm-linux-gnueabihf/libarmmem-v7l.so
b6f04000-b6f05000 r--p 00003000 b3:02 7094       /usr/lib/arm-linux-gnueabihf/libarmmem-v7l.so
b6f05000-b6f06000 rw-p 00004000 b3:02 7094       /usr/lib/arm-linux-gnueabihf/libarmmem-v7l.so
b6f06000-b6f28000 r-xp 00000000 b3:02 6930       /usr/lib/arm-linux-gnueabihf/ld-2.31.so
b6f28000-b6f29000 r--s 00000000 b3:02 387017     /root/.cache/dconf/user
b6f29000-b6f2b000 r--s 0000c000 b3:02 202668     /usr/share/java/java-atk-wrapper.jar
b6f2b000-b6f33000 rw-s 00000000 b3:02 385355     /tmp/hsperfdata_root/28557
b6f33000-b6f34000 r--p 00000000 00:00 0 
b6f34000-b6f38000 rw-p 00000000 00:00 0 
b6f38000-b6f39000 r--p 00022000 b3:02 6930       /usr/lib/arm-linux-gnueabihf/ld-2.31.so
b6f39000-b6f3a000 rw-p 00023000 b3:02 6930       /usr/lib/arm-linux-gnueabihf/ld-2.31.so
be7f7000-be818000 rw-p 00000000 00:00 0          [stack]
bef20000-bef21000 r-xp 00000000 00:00 0          [sigpage]
bef21000-bef22000 r--p 00000000 00:00 0          [vvar]
bef22000-bef23000 r-xp 00000000 00:00 0          [vdso]
ffff0000-ffff1000 r-xp 00000000 00:00 0          [vectors]


VM Arguments:
jvm_args: --module-path=. -Djdk.module.main=visual_classes 
java_command: visual_classes/visual_classes.window
java_class_path (initial): <not set>
Launcher Type: SUN_STANDARD

[Global flags]
     uint ConcGCThreads                            = 1                                         {product} {ergonomic}
     uint G1ConcRefinementThreads                  = 4                                         {product} {ergonomic}
   size_t G1HeapRegionSize                         = 1048576                                   {product} {ergonomic}
    uintx GCDrainStackTargetSize                   = 64                                        {product} {ergonomic}
   size_t InitialHeapSize                          = 67108864                                  {product} {ergonomic}
   size_t MarkStackSize                            = 32768                                     {product} {ergonomic}
   size_t MaxHeapSize                              = 1073741824                                {product} {ergonomic}
   size_t MaxNewSize                               = 643825664                                 {product} {ergonomic}
   size_t MinHeapDeltaBytes                        = 1048576                                   {product} {ergonomic}
    uintx NonProfiledCodeHeapSize                  = 0                                      {pd product} {ergonomic}
    uintx ProfiledCodeHeapSize                     = 0                                      {pd product} {ergonomic}
     bool UseG1GC                                  = true                                      {product} {ergonomic}

Logging:
Log output configuration:
 #0: stdout all=warning uptime,level,tags
 #1: stderr all=off uptime,level,tags

Environment Variables:
PATH=/usr/local/sbin:/usr/local/bin:/usr/sbin:/usr/bin:/sbin:/bin
SHELL=/bin/bash
DISPLAY=:0
LANG=es_PA.UTF-8
LC_ALL=es_PA.UTF-8

Signal Handlers:
SIGSEGV: [libjvm.so+0x9ec8c8], sa_mask[0]=11111111011111111101111111111110, sa_flags=SA_RESTART|SA_SIGINFO
SIGBUS: [libjvm.so+0x9ec8c8], sa_mask[0]=11111111011111111101111111111110, sa_flags=SA_RESTART|SA_SIGINFO
SIGFPE: [libjvm.so+0x9ec8c8], sa_mask[0]=11111111011111111101111111111110, sa_flags=SA_RESTART|SA_SIGINFO
SIGPIPE: SIG_IGN, sa_mask[0]=00000000000010000000000000000000, sa_flags=SA_RESTART
SIGXFSZ: [libjvm.so+0x801f78], sa_mask[0]=11111111011111111101111111111110, sa_flags=SA_RESTART|SA_SIGINFO
SIGILL: [libjvm.so+0x9ec8c8], sa_mask[0]=11111111011111111101111111111110, sa_flags=SA_RESTART|SA_SIGINFO
SIGUSR2: [libjvm.so+0x801e18], sa_mask[0]=00000000000000000000000000000000, sa_flags=SA_RESTART|SA_SIGINFO
SIGHUP: [libjvm.so+0x8025f8], sa_mask[0]=11111111011111111101111111111110, sa_flags=SA_RESTART|SA_SIGINFO
SIGINT: [libjvm.so+0x8025f8], sa_mask[0]=11111111011111111101111111111110, sa_flags=SA_RESTART|SA_SIGINFO
SIGTERM: [libjvm.so+0x8025f8], sa_mask[0]=11111111011111111101111111111110, sa_flags=SA_RESTART|SA_SIGINFO
SIGQUIT: [libjvm.so+0x8025f8], sa_mask[0]=11111111011111111101111111111110, sa_flags=SA_RESTART|SA_SIGINFO


---------------  S Y S T E M  ---------------

OS:PRETTY_NAME="Raspbian GNU/Linux 11 (bullseye)"
NAME="Raspbian GNU/Linux"
VERSION_ID="11"
VERSION="11 (bullseye)"
VERSION_CODENAME=bullseye
ID=raspbian
ID_LIKE=debian
HOME_URL="http://www.raspbian.org/"
SUPPORT_URL="http://www.raspbian.org/RaspbianForums"
BUG_REPORT_URL="http://www.raspbian.org/RaspbianBugs"
uname:Linux 5.15.32-v7l+ #1538 SMP Thu Mar 31 19:39:41 BST 2022 armv7l
OS uptime: 11 days 19:38 hours
libc:glibc 2.31 NPTL 2.31 
rlimit (soft/hard): STACK 8192k/infinity , CORE 0k/infinity , NPROC 60615/60615 , NOFILE 1048576/1048576 , AS infinity/infinity , CPU infinity/infinity , DATA infinity/infinity , FSIZE infinity/infinity , MEMLOCK 1011061k/1011061k
load average:0.82 0.58 0.34

/proc/meminfo:
MemTotal:        8088492 kB
MemFree:         6768172 kB
MemAvailable:    7251200 kB
Buffers:          111184 kB
Cached:           724348 kB
SwapCached:            0 kB
Active:           284052 kB
Inactive:         817324 kB
Active(anon):       1108 kB
Inactive(anon):   413916 kB
Active(file):     282944 kB
Inactive(file):   403408 kB
Unevictable:       99560 kB
Mlocked:              12 kB
HighTotal:       7458816 kB
HighFree:        6339384 kB
LowTotal:         629676 kB
LowFree:          428788 kB
SwapTotal:        102396 kB
SwapFree:         102396 kB
Dirty:                16 kB
Writeback:             0 kB
AnonPages:        365464 kB
Mapped:           229916 kB
Shmem:            149180 kB
KReclaimable:      35132 kB
Slab:              57616 kB
SReclaimable:      35132 kB
SUnreclaim:        22484 kB
KernelStack:        2224 kB
PageTables:         5836 kB
NFS_Unstable:          0 kB
Bounce:                0 kB
WritebackTmp:          0 kB
CommitLimit:     4146640 kB
Committed_AS:    1536028 kB
VmallocTotal:     245760 kB
VmallocUsed:        5872 kB
VmallocChunk:          0 kB
Percpu:              448 kB
CmaTotal:         327680 kB
CmaFree:          311864 kB

/sys/kernel/mm/transparent_hugepage/enabled:
<Not Available>
/sys/kernel/mm/transparent_hugepage/defrag (defrag/compaction efforts parameter):
<Not Available>

Process Memory:
Virtual Size: 1278648K (peak: 1285520K)
Resident Set Size: 311296K (peak: 311712K) (anon: 244724K, file: 24336K, shmem: 42236K)
Swapped out: 0K
C-Heap outstanding allocations: 8273K

/proc/sys/kernel/threads-max (system-wide limit on the number of threads):
121230
/proc/sys/vm/max_map_count (maximum number of memory map areas a process may have):
65530
/proc/sys/kernel/pid_max (system-wide limit on number of process identifiers):
32768

/etc/ld.so.preload:
/usr/lib/arm-linux-gnueabihf/libarmmem-${PLATFORM}.so

Steal ticks since vm start: 0
Steal ticks percentage since vm start:  0.000

CPU:total 4 (initial active 4) (ARMv7), vfp, vfp3-32, simd, mp_ext

/proc/cpuinfo:
processor	: 0
model name	: ARMv7 Processor rev 3 (v7l)
BogoMIPS	: 324.00
Features	: half thumb fastmult vfp edsp neon vfpv3 tls vfpv4 idiva idivt vfpd32 lpae evtstrm crc32 
CPU implementer	: 0x41
CPU architecture: 7
CPU variant	: 0x0
CPU part	: 0xd08
CPU revision	: 3

processor	: 1
model name	: ARMv7 Processor rev 3 (v7l)
BogoMIPS	: 324.00
Features	: half thumb fastmult vfp edsp neon vfpv3 tls vfpv4 idiva idivt vfpd32 lpae evtstrm crc32 
CPU implementer	: 0x41
CPU architecture: 7
CPU variant	: 0x0
CPU part	: 0xd08
CPU revision	: 3

processor	: 2
model name	: ARMv7 Processor rev 3 (v7l)
BogoMIPS	: 324.00
Features	: half thumb fastmult vfp edsp neon vfpv3 tls vfpv4 idiva idivt vfpd32 lpae evtstrm crc32 
CPU implementer	: 0x41
CPU architecture: 7
CPU variant	: 0x0
CPU part	: 0xd08
CPU revision	: 3

processor	: 3
model name	: ARMv7 Processor rev 3 (v7l)
BogoMIPS	: 324.00
Features	: half thumb fastmult vfp edsp neon vfpv3 tls vfpv4 idiva idivt vfpd32 lpae evtstrm crc32 
CPU implementer	: 0x41
CPU architecture: 7
CPU variant	: 0x0
CPU part	: 0xd08
CPU revision	: 3

Hardware	: BCM2711
Revision	: d03114
Serial		: 100000007716ae09
Model		: Raspberry Pi 4 Model B Rev 1.4
Online cpus:
0-3
Offline cpus:


Memory: 4k page, physical 8088492k(6768172k free), swap 102396k(102396k free)

vm_info: OpenJDK Server VM (11.0.15+10-post-Raspbian-1deb11u1) for linux- JRE (11.0.15+10-post-Raspbian-1deb11u1), built on May  3 2022 12:15:06 by "unknown" with gcc 10.2.1 20210110

END.
