#
# A fatal error has been detected by the Java Runtime Environment:
#
#  SIGSEGV (0xb) at pc=0x6c93f028, pid=2574, tid=2685
#
# JRE version: OpenJDK Runtime Environment (11.0.15+10) (build 11.0.15+10-post-Raspbian-1deb11u1)
# Java VM: OpenJDK Server VM (11.0.15+10-post-Raspbian-1deb11u1, mixed mode, g1 gc, linux-)
# Problematic frame:
# C  [libpigpio.so.1+0x23028]
#
# No core dump will be written. Core dumps have been disabled. To enable core dumping, try "ulimit -c unlimited" before starting Java again
#
# If you would like to submit a bug report, please visit:
#   Unknown
# The crash happened outside the Java Virtual Machine in native code.
# See problematic frame for where to report the bug.
#

---------------  S U M M A R Y ------------

Command Line: --module-path=. -Djdk.module.main=visual_classes visual_classes/visual_classes.window

Host: rev 3 (v7l), 4 cores, 7G, Raspbian GNU/Linux 11 (bullseye)
Time: Fri Jul 22 20:57:49 2022 EST elapsed time: 158.568443 seconds (0d 0h 2m 38s)

---------------  T H R E A D  ---------------

Current thread (0x69281800):  JavaThread "pi4j-shutdown" [_thread_in_native, id=2685, stack(0x69305000,0x69355000)]

Stack: [0x69305000,0x69355000],  sp=0x69353898,  free space=314k
Native frames: (J=compiled Java code, A=aot compiled Java code, j=interpreted, Vv=VM code, C=native code)
C  [libpigpio.so.1+0x23028]
C  0x69353a58

Java frames: (J=compiled Java code, j=interpreted, Vv=VM code)
j  com.pi4j.library.pigpio.internal.PIGPIO.gpioTerminate()V+0 com.pi4j.library.pigpio@2.1.1
j  com.pi4j.library.pigpio.impl.PiGpioNativeImpl.gpioTerminate()V+22 com.pi4j.library.pigpio@2.1.1
j  com.pi4j.library.pigpio.PiGpio.shutdown()V+1 com.pi4j.library.pigpio@2.1.1
j  com.pi4j.plugin.pigpio.PiGpioPlugin.shutdown(Lcom/pi4j/context/Context;)V+23 com.pi4j.plugin.pigpio@2.1.1
j  com.pi4j.runtime.impl.DefaultRuntime.shutdown()Lcom/pi4j/runtime/Runtime;+87 com.pi4j@2.1.1
j  com.pi4j.runtime.impl.DefaultRuntime.lambda$new$2()V+8 com.pi4j@2.1.1
j  com.pi4j.runtime.impl.DefaultRuntime$$Lambda$167.run()V+4 com.pi4j@2.1.1
j  java.lang.Thread.run()V+11 java.base@11.0.15
v  ~StubRoutines::call_stub

siginfo: si_signo: 11 (SIGSEGV), si_code: 1 (SEGV_MAPERR), si_addr: 0xb3b05250

Register to memory mapping:

  r0  = 0x00000000
0x0 is NULL

  r1  = 0x00001000
0x00001000 is an unknown value

  r2  = 0xffffffff
0xffffffff is an unknown value

  r3  = 0xb3b0434c
0xb3b0434c is an unknown value

  r4  = 0xb3b0524c
0xb3b0524c is an unknown value

  r5  = 0xb3b053dc
0xb3b053dc is an unknown value

  r6  = 0x00000014
0x00000014 is an unknown value

  r7  = 0xb3b04000
0xb3b04000 is an unknown value

  r8  = 0xb6f2887c
0xb6f2887c: __stack_chk_guard+0x00000000 in /lib/ld-linux-armhf.so.3 at 0xb6ef6000

  r9  = 0x6d059d28
{method} {0x6d059d28} 'gpioTerminate' '()V' in 'com/pi4j/library/pigpio/internal/PIGPIO'

  r10 = 0x69281800
0x69281800 is a thread

  fp  = 0x69353a28
0x69353a28 is pointing into the stack for thread: 0x69281800

  r12 = 0x6c96a2c4
0x6c96a2c4: <offset 0x0004e2c4> in /lib/libpigpio.so.1 at 0x6c91c000

  sp  = 0x69353898
0x69353898 is pointing into the stack for thread: 0x69281800

  lr  = 0x6c93f034
0x6c93f034: <offset 0x00023034> in /lib/libpigpio.so.1 at 0x6c91c000

  pc  = 0x6c93f028
0x6c93f028: <offset 0x00023028> in /lib/libpigpio.so.1 at 0x6c91c000



Registers:
  r0  = 0x00000000
  r1  = 0x00001000
  r2  = 0xffffffff
  r3  = 0xb3b0434c
  r4  = 0xb3b0524c
  r5  = 0xb3b053dc
  r6  = 0x00000014
  r7  = 0xb3b04000
  r8  = 0xb6f2887c
  r9  = 0x6d059d28
  r10 = 0x69281800
  fp  = 0x69353a28
  r12 = 0x6c96a2c4
  sp  = 0x69353898
  lr  = 0x6c93f034
  pc  = 0x6c93f028
  cpsr = 0x80000010

Top of Stack: (sp=0x69353898)
0x69353898:   00000000 b6f2887c 69353900 00000000
0x693538a8:   80313578 00000000 80313578 693538b4
0x693538b8:   70a077c6 693538e8 70a07d90 6d0152a4
0x693538c8:   77e09d38 70a07848 00000000 693538e4
0x693538d8:   69353910 b3c2e3f0 00000000 7ba7a7d0
0x693538e8:   80313578 693538ec 70a0740f 6935391c
0x693538f8:   70a07ea0 00000000 77e09d98 70a07438
0x69353908:   00000000 69353918 69353948 b3c2e3f0 

Instructions: (pc=0x6c93f028)
0x6c93ef28:   0a000001 e3a01024 ebff8544 e59f368c
0x6c93ef38:   e08f3003 e5930074 e3700001 0a000001
0x6c93ef48:   e3a01028 ebff853d e59f3674 e79f0003
0x6c93ef58:   e3700001 0a000001 e3a0101c ebff8537
0x6c93ef68:   e59f3660 e08f3003 e5930040 e3700001
0x6c93ef78:   0a000001 e3a01018 ebff8530 e59f3648
0x6c93ef88:   e3e02000 e08f3003 e59300c8 e5832038
0x6c93ef98:   e1500002 e5832050 e5832044 e58320c4
0x6c93efa8:   e583203c e5832078 e5832074 e5832000
0x6c93efb8:   e5832040 0a000006 e59f2610 e3a030d4
0x6c93efc8:   e08f2002 e5922004 e0030293 e2831e35
0x6c93efd8:   ebff851a e59f35f8 e3e02000 e08f3003
0x6c93efe8:   e59370cc e58320c8 e1570002 0a000015
0x6c93eff8:   e59f35e0 e08f3003 e5936004 e0863086
0x6c93f008:   e0863103 e0863103 e37300d4 0a000008
0x6c93f018:   e3a050d4 e2873fd3 e0253695 e2474004
0x6c93f028:   e5b40004 e3a01a01 ebff8504 e1540005
0x6c93f038:   1afffffa e3a010d4 e1a00007 e0010691
0x6c93f048:   e2811e35 ebff84fd e59f358c e3e02000
0x6c93f058:   e08f3003 e59370d0 e58320cc e1570002
0x6c93f068:   0a000010 e59f3574 e08f3003 e5933004
0x6c93f078:   e3730004 0a000137 e1a06103 e0875006
0x6c93f088:   e285500c e2474004 e5b40004 e3a01a35
0x6c93f098:   ebff84ea e1540005 1afffffa e2861010
0x6c93f0a8:   e1a00007 ebff84e5 e59f3534 e3e01000
0x6c93f0b8:   e08f3003 e59320d4 e58310d0 e1520001
0x6c93f0c8:   0a000048 e59f051c e3a01000 e08f0000
0x6c93f0d8:   ebff8420 e2507000 ba00010d e59f3508
0x6c93f0e8:   e59f2508 e08f3003 e08f2002 e5934004
0x6c93f0f8:   e58270d8 e3740004 0a00002f e59250d4
0x6c93f108:   e59fb4ec e0854204 e2455040 ea000002
0x6c93f118:   e2444010 e1550004 0a000027 e5943030 


Stack slot to memory mapping:
stack at sp + 0 slots: 0x0 is NULL
stack at sp + 1 slots: 0xb6f2887c: __stack_chk_guard+0x00000000 in /lib/ld-linux-armhf.so.3 at 0xb6ef6000
stack at sp + 2 slots: 0x69353900 is pointing into the stack for thread: 0x69281800
stack at sp + 3 slots: 0x0 is NULL
stack at sp + 4 slots: 0x80313578 is an oop: java.util.HashMap$KeyIterator 
{0x80313578} - klass: 'java/util/HashMap$KeyIterator'
stack at sp + 5 slots: 0x0 is NULL
stack at sp + 6 slots: 0x80313578 is an oop: java.util.HashMap$KeyIterator 
{0x80313578} - klass: 'java/util/HashMap$KeyIterator'
stack at sp + 7 slots: 0x693538b4 is pointing into the stack for thread: 0x69281800


---------------  P R O C E S S  ---------------

Threads class SMR info:
_java_thread_list=0x69287cb0, length=15, elements={
0x70635c00, 0x70639400, 0x70643400, 0x70645c00,
0x70647400, 0x70648c00, 0x706a7800, 0x6f648400,
0x6f64cc00, 0x6f650000, 0x6f651000, 0xb5e0ec00,
0xb3af9c00, 0x692a2400, 0x69281800
}

Java Threads: ( => current thread )
  0x70635c00 JavaThread "Reference Handler" daemon [_thread_blocked, id=2582, stack(0x7112e000,0x7117e000)]
  0x70639400 JavaThread "Finalizer" daemon [_thread_blocked, id=2583, stack(0x70f2e000,0x70f7e000)]
  0x70643400 JavaThread "Signal Dispatcher" daemon [_thread_blocked, id=2584, stack(0x70d2e000,0x70d7e000)]
  0x70645c00 JavaThread "Service Thread" daemon [_thread_blocked, id=2585, stack(0x705b0000,0x70600000)]
  0x70647400 JavaThread "C2 CompilerThread0" daemon [_thread_blocked, id=2586, stack(0x70530000,0x705b0000)]
  0x70648c00 JavaThread "Sweeper thread" daemon [_thread_blocked, id=2587, stack(0x6ff36000,0x6ff86000)]
  0x706a7800 JavaThread "Common-Cleaner" daemon [_thread_blocked, id=2588, stack(0x6fee6000,0x6ff36000)]
  0x6f648400 JavaThread "Java2D Disposer" daemon [_thread_blocked, id=2595, stack(0x6d4f8000,0x6d548000)]
  0x6f64cc00 JavaThread "AWT-XAWT" daemon [_thread_in_native, id=2596, stack(0x6d4a8000,0x6d4f8000)]
  0x6f650000 JavaThread "AWT-Shutdown" [_thread_blocked, id=2597, stack(0x6d458000,0x6d4a8000)]
  0x6f651000 JavaThread "AWT-EventQueue-0" [_thread_blocked, id=2598, stack(0x6d408000,0x6d458000)]
  0xb5e0ec00 JavaThread "DestroyJavaVM" [_thread_blocked, id=2575, stack(0xb5f57000,0xb5fa7000)]
  0xb3af9c00 JavaThread "Timer" [_thread_blocked, id=2608, stack(0x6cf80000,0x6d000000)]
  0x692a2400 JavaThread "TimerQueue" daemon [_thread_blocked, id=2612, stack(0x6c212000,0x6c262000)]
=>0x69281800 JavaThread "pi4j-shutdown" [_thread_in_native, id=2685, stack(0x69305000,0x69355000)]

Other Threads:
  0x70630800 VMThread "VM Thread" [stack: 0x70734000,0x707b4000] [id=2581]
  0x6fd29000 WatcherThread [stack: 0x6fe66000,0x6fee6000] [id=2589]
  0xb5e22c00 GCTaskThread "GC Thread#0" [stack: 0xb3b6a000,0xb3bea000] [id=2576]
  0x70410000 GCTaskThread "GC Thread#1" [stack: 0x6cf00000,0x6cf80000] [id=2600]
  0x70411400 GCTaskThread "GC Thread#2" [stack: 0x6ce7e000,0x6cefe000] [id=2601]
  0x70412800 GCTaskThread "GC Thread#3" [stack: 0x6cdfc000,0x6ce7c000] [id=2602]
  0xb5e78000 ConcurrentGCThread "G1 Main Marker" [stack: 0x71380000,0x71400000] [id=2577]
  0xb5e79800 ConcurrentGCThread "G1 Conc#0" [stack: 0x71180000,0x71200000] [id=2578]
  0xb5ee0c00 ConcurrentGCThread "G1 Refine#0" [stack: 0x70f80000,0x71000000] [id=2579]
  0xb5ee2400 ConcurrentGCThread "G1 Young RemSet Sampling" [stack: 0x70d80000,0x70e00000] [id=2580]

Threads with active compile tasks:

VM state:not at safepoint (normal execution)

VM Mutex/Monitor currently owned by a thread: None

Heap:
 garbage-first heap   total 210944K, used 199162K [0x73a00000, 0xb3a00000)
  region size 1024K, 4 young (4096K), 1 survivors (1024K)
 Metaspace       used 14807K, capacity 15069K, committed 15128K, reserved 15664K
Heap Regions: E=young(eden), S=young(survivor), O=old, HS=humongous(starts), HC=humongous(continues), CS=collection set, F=free, A=archive, TAMS=top-at-mark-start (previous, next)
|   0|0x73a00000, 0x73b00000, 0x73b00000|100%| O|  |TAMS 0x73b00000, 0x73a00000| Untracked 
|   1|0x73b00000, 0x73c00000, 0x73c00000|100%|HS|  |TAMS 0x73c00000, 0x73b00000| Complete 
|   2|0x73c00000, 0x73d00000, 0x73d00000|100%|HS|  |TAMS 0x73d00000, 0x73c00000| Complete 
|   3|0x73d00000, 0x73e00000, 0x73e00000|100%|HC|  |TAMS 0x73e00000, 0x73d00000| Complete 
|   4|0x73e00000, 0x73f00000, 0x73f00000|100%|HS|  |TAMS 0x73f00000, 0x73e00000| Complete 
|   5|0x73f00000, 0x74000000, 0x74000000|100%|HC|  |TAMS 0x74000000, 0x73f00000| Complete 
|   6|0x74000000, 0x74100000, 0x74100000|100%|HS|  |TAMS 0x74100000, 0x74000000| Complete 
|   7|0x74100000, 0x74200000, 0x74200000|100%|HC|  |TAMS 0x74200000, 0x74100000| Complete 
|   8|0x74200000, 0x74300000, 0x74300000|100%|HC|  |TAMS 0x74300000, 0x74200000| Complete 
|   9|0x74300000, 0x74400000, 0x74400000|100%|HS|  |TAMS 0x74400000, 0x74300000| Complete 
|  10|0x74400000, 0x74500000, 0x74500000|100%|HC|  |TAMS 0x74500000, 0x74400000| Complete 
|  11|0x74500000, 0x74600000, 0x74600000|100%|HC|  |TAMS 0x74600000, 0x74500000| Complete 
|  12|0x74600000, 0x74700000, 0x74700000|100%|HS|  |TAMS 0x74700000, 0x74600000| Complete 
|  13|0x74700000, 0x74800000, 0x74800000|100%|HC|  |TAMS 0x74800000, 0x74700000| Complete 
|  14|0x74800000, 0x74900000, 0x74900000|100%|HC|  |TAMS 0x74900000, 0x74800000| Complete 
|  15|0x74900000, 0x74a00000, 0x74a00000|100%|HC|  |TAMS 0x74a00000, 0x74900000| Complete 
|  16|0x74a00000, 0x74b00000, 0x74b00000|100%|HC|  |TAMS 0x74b00000, 0x74a00000| Complete 
|  17|0x74b00000, 0x74c00000, 0x74c00000|100%|HS|  |TAMS 0x74c00000, 0x74b00000| Complete 
|  18|0x74c00000, 0x74d00000, 0x74d00000|100%|HS|  |TAMS 0x74d00000, 0x74c00000| Complete 
|  19|0x74d00000, 0x74e00000, 0x74e00000|100%|HS|  |TAMS 0x74e00000, 0x74d00000| Complete 
|  20|0x74e00000, 0x74f00000, 0x74f00000|100%|HS|  |TAMS 0x74f00000, 0x74e00000| Complete 
|  21|0x74f00000, 0x75000000, 0x75000000|100%|HS|  |TAMS 0x75000000, 0x74f00000| Complete 
|  22|0x75000000, 0x75100000, 0x75100000|100%|HC|  |TAMS 0x75100000, 0x75000000| Complete 
|  23|0x75100000, 0x75200000, 0x75200000|100%|HS|  |TAMS 0x75200000, 0x75100000| Complete 
|  24|0x75200000, 0x75300000, 0x75300000|100%|HC|  |TAMS 0x75300000, 0x75200000| Complete 
|  25|0x75300000, 0x75400000, 0x75400000|100%|HC|  |TAMS 0x75400000, 0x75300000| Complete 
|  26|0x75400000, 0x75500000, 0x75500000|100%|HS|  |TAMS 0x75500000, 0x75400000| Complete 
|  27|0x75500000, 0x75600000, 0x75600000|100%|HC|  |TAMS 0x75600000, 0x75500000| Complete 
|  28|0x75600000, 0x75600000, 0x75700000|  0%| F|  |TAMS 0x75600000, 0x75600000| Untracked 
|  29|0x75700000, 0x75700000, 0x75800000|  0%| F|  |TAMS 0x75700000, 0x75700000| Untracked 
|  30|0x75800000, 0x75900000, 0x75900000|100%| O|  |TAMS 0x75900000, 0x75800000| Untracked 
|  31|0x75900000, 0x75a00000, 0x75a00000|100%| O|  |TAMS 0x75a00000, 0x75900000| Untracked 
|  32|0x75a00000, 0x75b00000, 0x75b00000|100%| O|  |TAMS 0x75b00000, 0x75a00000| Untracked 
|  33|0x75b00000, 0x75c00000, 0x75c00000|100%| O|  |TAMS 0x75c00000, 0x75b00000| Untracked 
|  34|0x75c00000, 0x75d00000, 0x75d00000|100%| O|  |TAMS 0x75d00000, 0x75c00000| Untracked 
|  35|0x75d00000, 0x75e00000, 0x75e00000|100%| O|  |TAMS 0x75e00000, 0x75d00000| Untracked 
|  36|0x75e00000, 0x75f00000, 0x75f00000|100%| O|  |TAMS 0x75f00000, 0x75e00000| Untracked 
|  37|0x75f00000, 0x76000000, 0x76000000|100%|HS|  |TAMS 0x76000000, 0x75f00000| Complete 
|  38|0x76000000, 0x76100000, 0x76100000|100%|HC|  |TAMS 0x76100000, 0x76000000| Complete 
|  39|0x76100000, 0x76200000, 0x76200000|100%|HC|  |TAMS 0x76200000, 0x76100000| Complete 
|  40|0x76200000, 0x76300000, 0x76300000|100%|HS|  |TAMS 0x76300000, 0x76200000| Complete 
|  41|0x76300000, 0x76400000, 0x76400000|100%|HC|  |TAMS 0x76400000, 0x76300000| Complete 
|  42|0x76400000, 0x76500000, 0x76500000|100%|HC|  |TAMS 0x76500000, 0x76400000| Complete 
|  43|0x76500000, 0x76600000, 0x76600000|100%|HS|  |TAMS 0x76600000, 0x76500000| Complete 
|  44|0x76600000, 0x76700000, 0x76700000|100%|HC|  |TAMS 0x76700000, 0x76600000| Complete 
|  45|0x76700000, 0x76800000, 0x76800000|100%|HC|  |TAMS 0x76800000, 0x76700000| Complete 
|  46|0x76800000, 0x76900000, 0x76900000|100%|HS|  |TAMS 0x76900000, 0x76800000| Complete 
|  47|0x76900000, 0x76a00000, 0x76a00000|100%|HC|  |TAMS 0x76a00000, 0x76900000| Complete 
|  48|0x76a00000, 0x76b00000, 0x76b00000|100%|HC|  |TAMS 0x76b00000, 0x76a00000| Complete 
|  49|0x76b00000, 0x76c00000, 0x76c00000|100%|HS|  |TAMS 0x76c00000, 0x76b00000| Complete 
|  50|0x76c00000, 0x76d00000, 0x76d00000|100%|HC|  |TAMS 0x76d00000, 0x76c00000| Complete 
|  51|0x76d00000, 0x76e00000, 0x76e00000|100%|HC|  |TAMS 0x76e00000, 0x76d00000| Complete 
|  52|0x76e00000, 0x76f00000, 0x76f00000|100%| O|  |TAMS 0x76f00000, 0x76e00000| Untracked 
|  53|0x76f00000, 0x77000000, 0x77000000|100%|HS|  |TAMS 0x77000000, 0x76f00000| Complete 
|  54|0x77000000, 0x77100000, 0x77100000|100%|HC|  |TAMS 0x77100000, 0x77000000| Complete 
|  55|0x77100000, 0x77200000, 0x77200000|100%|HC|  |TAMS 0x77200000, 0x77100000| Complete 
|  56|0x77200000, 0x77300000, 0x77300000|100%|HS|  |TAMS 0x77300000, 0x77200000| Complete 
|  57|0x77300000, 0x77400000, 0x77400000|100%|HC|  |TAMS 0x77400000, 0x77300000| Complete 
|  58|0x77400000, 0x77500000, 0x77500000|100%|HC|  |TAMS 0x77500000, 0x77400000| Complete 
|  59|0x77500000, 0x77600000, 0x77600000|100%|HS|  |TAMS 0x77600000, 0x77500000| Complete 
|  60|0x77600000, 0x77700000, 0x77700000|100%|HC|  |TAMS 0x77700000, 0x77600000| Complete 
|  61|0x77700000, 0x77800000, 0x77800000|100%|HC|  |TAMS 0x77800000, 0x77700000| Complete 
|  62|0x77800000, 0x77900000, 0x77900000|100%|HS|  |TAMS 0x77900000, 0x77800000| Complete 
|  63|0x77900000, 0x77a00000, 0x77a00000|100%|HC|  |TAMS 0x77a00000, 0x77900000| Complete 
|  64|0x77a00000, 0x77b00000, 0x77b00000|100%|HC|  |TAMS 0x77b00000, 0x77a00000| Complete 
|  65|0x77b00000, 0x77c00000, 0x77c00000|100%| O|  |TAMS 0x77c00000, 0x77b00000| Untracked 
|  66|0x77c00000, 0x77d00000, 0x77d00000|100%| O|  |TAMS 0x77d00000, 0x77c00000| Untracked 
|  67|0x77d00000, 0x77e00000, 0x77e00000|100%| O|  |TAMS 0x77e00000, 0x77d00000| Untracked 
|  68|0x77e00000, 0x77f00000, 0x77f00000|100%| O|  |TAMS 0x77f00000, 0x77e00000| Untracked 
|  69|0x77f00000, 0x78000000, 0x78000000|100%|HS|  |TAMS 0x78000000, 0x77f00000| Complete 
|  70|0x78000000, 0x78100000, 0x78100000|100%|HC|  |TAMS 0x78100000, 0x78000000| Complete 
|  71|0x78100000, 0x78200000, 0x78200000|100%|HC|  |TAMS 0x78200000, 0x78100000| Complete 
|  72|0x78200000, 0x78300000, 0x78300000|100%|HS|  |TAMS 0x78300000, 0x78200000| Complete 
|  73|0x78300000, 0x78400000, 0x78400000|100%|HC|  |TAMS 0x78400000, 0x78300000| Complete 
|  74|0x78400000, 0x78500000, 0x78500000|100%|HC|  |TAMS 0x78500000, 0x78400000| Complete 
|  75|0x78500000, 0x78600000, 0x78600000|100%|HS|  |TAMS 0x78600000, 0x78500000| Complete 
|  76|0x78600000, 0x78700000, 0x78700000|100%|HC|  |TAMS 0x78700000, 0x78600000| Complete 
|  77|0x78700000, 0x78800000, 0x78800000|100%|HC|  |TAMS 0x78800000, 0x78700000| Complete 
|  78|0x78800000, 0x78900000, 0x78900000|100%|HC|  |TAMS 0x78900000, 0x78800000| Complete 
|  79|0x78900000, 0x78a00000, 0x78a00000|100%|HC|  |TAMS 0x78a00000, 0x78900000| Complete 
|  80|0x78a00000, 0x78b00000, 0x78b00000|100%|HC|  |TAMS 0x78b00000, 0x78a00000| Complete 
|  81|0x78b00000, 0x78c00000, 0x78c00000|100%|HC|  |TAMS 0x78c00000, 0x78b00000| Complete 
|  82|0x78c00000, 0x78d00000, 0x78d00000|100%|HC|  |TAMS 0x78d00000, 0x78c00000| Complete 
|  83|0x78d00000, 0x78e00000, 0x78e00000|100%|HC|  |TAMS 0x78e00000, 0x78d00000| Complete 
|  84|0x78e00000, 0x78f00000, 0x78f00000|100%|HC|  |TAMS 0x78f00000, 0x78e00000| Complete 
|  85|0x78f00000, 0x79000000, 0x79000000|100%|HC|  |TAMS 0x79000000, 0x78f00000| Complete 
|  86|0x79000000, 0x79100000, 0x79100000|100%|HC|  |TAMS 0x79100000, 0x79000000| Complete 
|  87|0x79100000, 0x79200000, 0x79200000|100%|HC|  |TAMS 0x79200000, 0x79100000| Complete 
|  88|0x79200000, 0x79300000, 0x79300000|100%|HC|  |TAMS 0x79300000, 0x79200000| Complete 
|  89|0x79300000, 0x79400000, 0x79400000|100%|HC|  |TAMS 0x79400000, 0x79300000| Complete 
|  90|0x79400000, 0x79500000, 0x79500000|100%|HC|  |TAMS 0x79500000, 0x79400000| Complete 
|  91|0x79500000, 0x79600000, 0x79600000|100%|HC|  |TAMS 0x79600000, 0x79500000| Complete 
|  92|0x79600000, 0x79700000, 0x79700000|100%| O|  |TAMS 0x79700000, 0x79600000| Untracked 
|  93|0x79700000, 0x79800000, 0x79800000|100%|HS|  |TAMS 0x79800000, 0x79700000| Complete 
|  94|0x79800000, 0x79900000, 0x79900000|100%|HC|  |TAMS 0x79900000, 0x79800000| Complete 
|  95|0x79900000, 0x79a00000, 0x79a00000|100%|HS|  |TAMS 0x79a00000, 0x79900000| Complete 
|  96|0x79a00000, 0x79b00000, 0x79b00000|100%|HC|  |TAMS 0x79b00000, 0x79a00000| Complete 
|  97|0x79b00000, 0x79c00000, 0x79c00000|100%|HC|  |TAMS 0x79c00000, 0x79b00000| Complete 
|  98|0x79c00000, 0x79d00000, 0x79d00000|100%|HS|  |TAMS 0x79d00000, 0x79c00000| Complete 
|  99|0x79d00000, 0x79e00000, 0x79e00000|100%|HC|  |TAMS 0x79e00000, 0x79d00000| Complete 
| 100|0x79e00000, 0x79f00000, 0x79f00000|100%|HC|  |TAMS 0x79f00000, 0x79e00000| Complete 
| 101|0x79f00000, 0x7a000000, 0x7a000000|100%|HS|  |TAMS 0x7a000000, 0x79f00000| Complete 
| 102|0x7a000000, 0x7a100000, 0x7a100000|100%|HC|  |TAMS 0x7a100000, 0x7a000000| Complete 
| 103|0x7a100000, 0x7a200000, 0x7a200000|100%|HC|  |TAMS 0x7a200000, 0x7a100000| Complete 
| 104|0x7a200000, 0x7a300000, 0x7a300000|100%|HS|  |TAMS 0x7a300000, 0x7a200000| Complete 
| 105|0x7a300000, 0x7a400000, 0x7a400000|100%|HC|  |TAMS 0x7a400000, 0x7a300000| Complete 
| 106|0x7a400000, 0x7a500000, 0x7a500000|100%|HC|  |TAMS 0x7a500000, 0x7a400000| Complete 
| 107|0x7a500000, 0x7a600000, 0x7a600000|100%| O|  |TAMS 0x7a600000, 0x7a500000| Untracked 
| 108|0x7a600000, 0x7a700000, 0x7a700000|100%| O|  |TAMS 0x7a700000, 0x7a600000| Untracked 
| 109|0x7a700000, 0x7a800000, 0x7a800000|100%|HS|  |TAMS 0x7a800000, 0x7a700000| Complete 
| 110|0x7a800000, 0x7a900000, 0x7a900000|100%|HC|  |TAMS 0x7a900000, 0x7a800000| Complete 
| 111|0x7a900000, 0x7aa00000, 0x7aa00000|100%|HC|  |TAMS 0x7aa00000, 0x7a900000| Complete 
| 112|0x7aa00000, 0x7ab00000, 0x7ab00000|100%|HC|  |TAMS 0x7ab00000, 0x7aa00000| Complete 
| 113|0x7ab00000, 0x7ac00000, 0x7ac00000|100%|HC|  |TAMS 0x7ac00000, 0x7ab00000| Complete 
| 114|0x7ac00000, 0x7ad00000, 0x7ad00000|100%|HC|  |TAMS 0x7ad00000, 0x7ac00000| Complete 
| 115|0x7ad00000, 0x7ae00000, 0x7ae00000|100%|HC|  |TAMS 0x7ae00000, 0x7ad00000| Complete 
| 116|0x7ae00000, 0x7af00000, 0x7af00000|100%|HC|  |TAMS 0x7af00000, 0x7ae00000| Complete 
| 117|0x7af00000, 0x7b000000, 0x7b000000|100%|HC|  |TAMS 0x7b000000, 0x7af00000| Complete 
| 118|0x7b000000, 0x7b100000, 0x7b100000|100%|HC|  |TAMS 0x7b100000, 0x7b000000| Complete 
| 119|0x7b100000, 0x7b200000, 0x7b200000|100%|HC|  |TAMS 0x7b200000, 0x7b100000| Complete 
| 120|0x7b200000, 0x7b300000, 0x7b300000|100%|HC|  |TAMS 0x7b300000, 0x7b200000| Complete 
| 121|0x7b300000, 0x7b400000, 0x7b400000|100%|HC|  |TAMS 0x7b400000, 0x7b300000| Complete 
| 122|0x7b400000, 0x7b500000, 0x7b500000|100%|HC|  |TAMS 0x7b500000, 0x7b400000| Complete 
| 123|0x7b500000, 0x7b600000, 0x7b600000|100%|HC|  |TAMS 0x7b600000, 0x7b500000| Complete 
| 124|0x7b600000, 0x7b700000, 0x7b700000|100%|HC|  |TAMS 0x7b700000, 0x7b600000| Complete 
| 125|0x7b700000, 0x7b800000, 0x7b800000|100%|HC|  |TAMS 0x7b800000, 0x7b700000| Complete 
| 126|0x7b800000, 0x7b900000, 0x7b900000|100%|HC|  |TAMS 0x7b900000, 0x7b800000| Complete 
| 127|0x7b900000, 0x7ba00000, 0x7ba00000|100%| O|  |TAMS 0x7ba00000, 0x7b900000| Untracked 
| 128|0x7ba00000, 0x7bb00000, 0x7bb00000|100%| O|  |TAMS 0x7bb00000, 0x7ba00000| Untracked 
| 129|0x7bb00000, 0x7bc00000, 0x7bc00000|100%|HS|  |TAMS 0x7bc00000, 0x7bb00000| Complete 
| 130|0x7bc00000, 0x7bd00000, 0x7bd00000|100%|HC|  |TAMS 0x7bd00000, 0x7bc00000| Complete 
| 131|0x7bd00000, 0x7be00000, 0x7be00000|100%|HS|  |TAMS 0x7be00000, 0x7bd00000| Complete 
| 132|0x7be00000, 0x7bf00000, 0x7bf00000|100%|HC|  |TAMS 0x7bf00000, 0x7be00000| Complete 
| 133|0x7bf00000, 0x7c000000, 0x7c000000|100%|HC|  |TAMS 0x7c000000, 0x7bf00000| Complete 
| 134|0x7c000000, 0x7c100000, 0x7c100000|100%|HS|  |TAMS 0x7c100000, 0x7c000000| Complete 
| 135|0x7c100000, 0x7c200000, 0x7c200000|100%|HC|  |TAMS 0x7c200000, 0x7c100000| Complete 
| 136|0x7c200000, 0x7c300000, 0x7c300000|100%|HC|  |TAMS 0x7c300000, 0x7c200000| Complete 
| 137|0x7c300000, 0x7c400000, 0x7c400000|100%|HC|  |TAMS 0x7c400000, 0x7c300000| Complete 
| 138|0x7c400000, 0x7c500000, 0x7c500000|100%|HC|  |TAMS 0x7c500000, 0x7c400000| Complete 
| 139|0x7c500000, 0x7c600000, 0x7c600000|100%|HC|  |TAMS 0x7c600000, 0x7c500000| Complete 
| 140|0x7c600000, 0x7c700000, 0x7c700000|100%|HC|  |TAMS 0x7c700000, 0x7c600000| Complete 
| 141|0x7c700000, 0x7c800000, 0x7c800000|100%|HS|  |TAMS 0x7c800000, 0x7c700000| Complete 
| 142|0x7c800000, 0x7c900000, 0x7c900000|100%|HS|  |TAMS 0x7c900000, 0x7c800000| Complete 
| 143|0x7c900000, 0x7ca00000, 0x7ca00000|100%|HC|  |TAMS 0x7ca00000, 0x7c900000| Complete 
| 144|0x7ca00000, 0x7cb00000, 0x7cb00000|100%|HC|  |TAMS 0x7cb00000, 0x7ca00000| Complete 
| 145|0x7cb00000, 0x7cc00000, 0x7cc00000|100%|HC|  |TAMS 0x7cc00000, 0x7cb00000| Complete 
| 146|0x7cc00000, 0x7cd00000, 0x7cd00000|100%|HC|  |TAMS 0x7cd00000, 0x7cc00000| Complete 
| 147|0x7cd00000, 0x7ce00000, 0x7ce00000|100%|HC|  |TAMS 0x7ce00000, 0x7cd00000| Complete 
| 148|0x7ce00000, 0x7cf00000, 0x7cf00000|100%|HC|  |TAMS 0x7cf00000, 0x7ce00000| Complete 
| 149|0x7cf00000, 0x7d000000, 0x7d000000|100%|HC|  |TAMS 0x7d000000, 0x7cf00000| Complete 
| 150|0x7d000000, 0x7d100000, 0x7d100000|100%|HC|  |TAMS 0x7d100000, 0x7d000000| Complete 
| 151|0x7d100000, 0x7d200000, 0x7d200000|100%|HC|  |TAMS 0x7d200000, 0x7d100000| Complete 
| 152|0x7d200000, 0x7d300000, 0x7d300000|100%|HC|  |TAMS 0x7d300000, 0x7d200000| Complete 
| 153|0x7d300000, 0x7d400000, 0x7d400000|100%|HC|  |TAMS 0x7d400000, 0x7d300000| Complete 
| 154|0x7d400000, 0x7d500000, 0x7d500000|100%|HC|  |TAMS 0x7d500000, 0x7d400000| Complete 
| 155|0x7d500000, 0x7d600000, 0x7d600000|100%|HC|  |TAMS 0x7d600000, 0x7d500000| Complete 
| 156|0x7d600000, 0x7d700000, 0x7d700000|100%|HC|  |TAMS 0x7d700000, 0x7d600000| Complete 
| 157|0x7d700000, 0x7d800000, 0x7d800000|100%|HC|  |TAMS 0x7d800000, 0x7d700000| Complete 
| 158|0x7d800000, 0x7d900000, 0x7d900000|100%|HC|  |TAMS 0x7d900000, 0x7d800000| Complete 
| 159|0x7d900000, 0x7da00000, 0x7da00000|100%|HC|  |TAMS 0x7da00000, 0x7d900000| Complete 
| 160|0x7da00000, 0x7db00000, 0x7db00000|100%|HC|  |TAMS 0x7db00000, 0x7da00000| Complete 
| 161|0x7db00000, 0x7dc00000, 0x7dc00000|100%|HC|  |TAMS 0x7dc00000, 0x7db00000| Complete 
| 162|0x7dc00000, 0x7dd00000, 0x7dd00000|100%|HC|  |TAMS 0x7dd00000, 0x7dc00000| Complete 
| 163|0x7dd00000, 0x7de00000, 0x7de00000|100%|HC|  |TAMS 0x7de00000, 0x7dd00000| Complete 
| 164|0x7de00000, 0x7df00000, 0x7df00000|100%|HC|  |TAMS 0x7df00000, 0x7de00000| Complete 
| 165|0x7df00000, 0x7e000000, 0x7e000000|100%|HC|  |TAMS 0x7e000000, 0x7df00000| Complete 
| 166|0x7e000000, 0x7e100000, 0x7e100000|100%|HC|  |TAMS 0x7e100000, 0x7e000000| Complete 
| 167|0x7e100000, 0x7e200000, 0x7e200000|100%|HC|  |TAMS 0x7e200000, 0x7e100000| Complete 
| 168|0x7e200000, 0x7e300000, 0x7e300000|100%|HC|  |TAMS 0x7e300000, 0x7e200000| Complete 
| 169|0x7e300000, 0x7e400000, 0x7e400000|100%|HC|  |TAMS 0x7e400000, 0x7e300000| Complete 
| 170|0x7e400000, 0x7e500000, 0x7e500000|100%|HC|  |TAMS 0x7e500000, 0x7e400000| Complete 
| 171|0x7e500000, 0x7e600000, 0x7e600000|100%|HC|  |TAMS 0x7e600000, 0x7e500000| Complete 
| 172|0x7e600000, 0x7e700000, 0x7e700000|100%|HC|  |TAMS 0x7e700000, 0x7e600000| Complete 
| 173|0x7e700000, 0x7e800000, 0x7e800000|100%|HC|  |TAMS 0x7e800000, 0x7e700000| Complete 
| 174|0x7e800000, 0x7e900000, 0x7e900000|100%|HC|  |TAMS 0x7e900000, 0x7e800000| Complete 
| 175|0x7e900000, 0x7ea00000, 0x7ea00000|100%|HC|  |TAMS 0x7ea00000, 0x7e900000| Complete 
| 176|0x7ea00000, 0x7eb00000, 0x7eb00000|100%|HC|  |TAMS 0x7eb00000, 0x7ea00000| Complete 
| 177|0x7eb00000, 0x7ec00000, 0x7ec00000|100%|HC|  |TAMS 0x7ec00000, 0x7eb00000| Complete 
| 178|0x7ec00000, 0x7ed00000, 0x7ed00000|100%|HC|  |TAMS 0x7ed00000, 0x7ec00000| Complete 
| 179|0x7ed00000, 0x7ee00000, 0x7ee00000|100%|HC|  |TAMS 0x7ee00000, 0x7ed00000| Complete 
| 180|0x7ee00000, 0x7ef00000, 0x7ef00000|100%|HC|  |TAMS 0x7ef00000, 0x7ee00000| Complete 
| 181|0x7ef00000, 0x7f000000, 0x7f000000|100%|HC|  |TAMS 0x7f000000, 0x7ef00000| Complete 
| 182|0x7f000000, 0x7f100000, 0x7f100000|100%|HC|  |TAMS 0x7f100000, 0x7f000000| Complete 
| 183|0x7f100000, 0x7f200000, 0x7f200000|100%|HC|  |TAMS 0x7f200000, 0x7f100000| Complete 
| 184|0x7f200000, 0x7f300000, 0x7f300000|100%|HS|  |TAMS 0x7f300000, 0x7f200000| Complete 
| 185|0x7f300000, 0x7f400000, 0x7f400000|100%|HS|  |TAMS 0x7f400000, 0x7f300000| Complete 
| 186|0x7f400000, 0x7f500000, 0x7f500000|100%|HS|  |TAMS 0x7f500000, 0x7f400000| Complete 
| 187|0x7f500000, 0x7f600000, 0x7f600000|100%|HS|  |TAMS 0x7f600000, 0x7f500000| Complete 
| 188|0x7f600000, 0x7f700000, 0x7f700000|100%|HS|  |TAMS 0x7f700000, 0x7f600000| Complete 
| 189|0x7f700000, 0x7f800000, 0x7f800000|100%| O|  |TAMS 0x7f800000, 0x7f700000| Untracked 
| 190|0x7f800000, 0x7f900000, 0x7f900000|100%| O|  |TAMS 0x7f900000, 0x7f800000| Untracked 
| 191|0x7f900000, 0x7fa00000, 0x7fa00000|100%| O|  |TAMS 0x7fa00000, 0x7f900000| Untracked 
| 192|0x7fa00000, 0x7fa00000, 0x7fb00000|  0%| F|  |TAMS 0x7fa00000, 0x7fa00000| Untracked 
| 193|0x7fb00000, 0x7fb47e30, 0x7fc00000| 28%| S|CS|TAMS 0x7fb00000, 0x7fb00000| Complete 
| 194|0x7fc00000, 0x7fc00000, 0x7fd00000|  0%| F|  |TAMS 0x7fc00000, 0x7fc00000| Untracked 
| 195|0x7fd00000, 0x7fd00000, 0x7fe00000|  0%| F|  |TAMS 0x7fd00000, 0x7fd00000| Untracked 
| 196|0x7fe00000, 0x7fe00000, 0x7ff00000|  0%| F|  |TAMS 0x7fe00000, 0x7fe00000| Untracked 
| 197|0x7ff00000, 0x80000000, 0x80000000|100%| O|  |TAMS 0x80000000, 0x7ff00000| Untracked 
| 198|0x80000000, 0x80000000, 0x80100000|  0%| F|  |TAMS 0x80000000, 0x80000000| Untracked 
| 199|0x80100000, 0x80100000, 0x80200000|  0%| F|  |TAMS 0x80100000, 0x80100000| Untracked 
| 200|0x80200000, 0x80200000, 0x80300000|  0%| F|  |TAMS 0x80200000, 0x80200000| Untracked 
| 201|0x80300000, 0x8031c790, 0x80400000| 11%| E|  |TAMS 0x80300000, 0x80300000| Complete 
| 202|0x80400000, 0x80500000, 0x80500000|100%| E|CS|TAMS 0x80400000, 0x80400000| Complete 
| 203|0x80500000, 0x80600000, 0x80600000|100%| O|  |TAMS 0x80600000, 0x80500000| Untracked 
| 204|0x80600000, 0x80700000, 0x80700000|100%| E|CS|TAMS 0x80600000, 0x80600000| Complete 
| 205|0x80700000, 0x80736a00, 0x80800000| 21%| O|  |TAMS 0x80736a00, 0x80700000| Untracked 

Card table byte_map: [0x73600000,0x73800000] _byte_map_base: 0x73263000

Marking Bits (Prev, Next): (CMBitMap*) 0xb5e7576c, (CMBitMap*) 0xb5e75788
 Prev Bits: [0x72400000, 0x73400000)
 Next Bits: [0x71400000, 0x72400000)

Polling page: 0xb6f23000

Metaspace:

Usage:
   14.72 MB capacity,    14.46 MB ( 98%) used,   167.06 KB (  1%) free+waste,    94.06 KB ( <1%) overhead. 

Virtual space:
     15.30 MB reserved,      14.77 MB ( 97%) committed 

Chunk freelists:
0 bytes

MaxMetaspaceSize: unlimited
No class space
Initial GC threshold: 16.00 MB
Current GC threshold: 24.21 MB
CDS: off

CodeCache: size=32768Kb used=1806Kb max_used=1823Kb free=30961Kb
 bounds [0xb3c2a000, 0xb3dfa000, 0xb5c2a000]
 total_blobs=1112 nmethods=838 adapters=227
 compilation: enabled
              stopped_count=0, restarted_count=0
 full_count=0

Compilation events (20 events):
Event: 147.410 Thread 0x6d239800  826             sun.java2d.xr.GrowableIntArray::getArray (5 bytes)
Event: 147.410 Thread 0x70647400  827             sun.java2d.loops.ProcessPath::DrawMonotonicCubic (670 bytes)
Event: 147.411 Thread 0x6d239800 nmethod 826 0xb3de8508 code [0xb3de8600, 0xb3de865c]
Event: 147.453 Thread 0x70647400 nmethod 827 0xb3dd2d88 code [0xb3dd2ec0, 0xb3dd3478]
Event: 147.482 Thread 0x6d239800  828             java.beans.PropertyChangeEvent::getOldValue (5 bytes)
Event: 147.482 Thread 0x70647400  829             java.beans.PropertyChangeEvent::getNewValue (5 bytes)
Event: 147.483 Thread 0x70647400 nmethod 829 0xb3dd2908 code [0xb3dd2a00, 0xb3dd2a5c]
Event: 147.484 Thread 0x6d239800 nmethod 828 0xb3dcd608 code [0xb3dcd700, 0xb3dcd75c]
Event: 147.513 Thread 0x70647400  830  s          java.beans.ChangeListenerMap::get (25 bytes)
Event: 147.513 Thread 0x6d239800  831   !         javax.swing.RepaintManager::addDirtyRegion0 (205 bytes)
Event: 147.549 Thread 0x70647400 nmethod 830 0xb3de9308 code [0xb3de9430, 0xb3de9b4c]
Event: 147.549 Thread 0x70647400  832             java.util.Calendar::setTimeInMillis (84 bytes)
Event: 147.555 Thread 0x70647400 nmethod 832 0xb3de8e08 code [0xb3de8f20, 0xb3de9084]
Event: 147.644 Thread 0x70647400  833             java.awt.Component::isEnabled (5 bytes)
Event: 147.645 Thread 0x70647400 nmethod 833 0xb3dea488 code [0xb3dea580, 0xb3dea5dc]
Event: 147.652 Thread 0x6d239800 nmethod 831 0xb3df2888 code [0xb3df2be0, 0xb3df5164]
Event: 152.544 Thread 0x70647400  834             java.lang.reflect.Array::newInstance (6 bytes)
Event: 152.549 Thread 0x70647400 nmethod 834 0xb3dcd308 code [0xb3dcd400, 0xb3dcd51c]
Event: 158.543 Thread 0x70647400  838             java.util.Arrays::copyOf (10 bytes)
Event: 158.550 Thread 0x70647400 nmethod 838 0xb3dcc988 code [0xb3dcca80, 0xb3dccc0c]

GC Heap History (20 events):
Event: 8.305 GC heap before
{Heap before GC invocations=91 (full 0):
 garbage-first heap   total 205824K, used 203738K [0x73a00000, 0xb3a00000)
  region size 1024K, 10 young (10240K), 1 survivors (1024K)
 Metaspace       used 11974K, capacity 12159K, committed 12184K, reserved 12592K
}
Event: 8.307 GC heap after
{Heap after GC invocations=92 (full 0):
 garbage-first heap   total 205824K, used 194521K [0x73a00000, 0xb3a00000)
  region size 1024K, 1 young (1024K), 1 survivors (1024K)
 Metaspace       used 11974K, capacity 12159K, committed 12184K, reserved 12592K
}
Event: 8.360 GC heap before
{Heap before GC invocations=93 (full 0):
 garbage-first heap   total 205824K, used 203737K [0x73a00000, 0xb3a00000)
  region size 1024K, 10 young (10240K), 1 survivors (1024K)
 Metaspace       used 11974K, capacity 12159K, committed 12184K, reserved 12592K
}
Event: 8.362 GC heap after
{Heap after GC invocations=94 (full 0):
 garbage-first heap   total 205824K, used 194522K [0x73a00000, 0xb3a00000)
  region size 1024K, 1 young (1024K), 1 survivors (1024K)
 Metaspace       used 11974K, capacity 12159K, committed 12184K, reserved 12592K
}
Event: 8.410 GC heap before
{Heap before GC invocations=94 (full 0):
 garbage-first heap   total 205824K, used 203738K [0x73a00000, 0xb3a00000)
  region size 1024K, 10 young (10240K), 1 survivors (1024K)
 Metaspace       used 11974K, capacity 12159K, committed 12184K, reserved 12592K
}
Event: 8.412 GC heap after
{Heap after GC invocations=95 (full 0):
 garbage-first heap   total 205824K, used 194520K [0x73a00000, 0xb3a00000)
  region size 1024K, 1 young (1024K), 1 survivors (1024K)
 Metaspace       used 11974K, capacity 12159K, committed 12184K, reserved 12592K
}
Event: 8.465 GC heap before
{Heap before GC invocations=96 (full 0):
 garbage-first heap   total 205824K, used 203736K [0x73a00000, 0xb3a00000)
  region size 1024K, 10 young (10240K), 1 survivors (1024K)
 Metaspace       used 11974K, capacity 12159K, committed 12184K, reserved 12592K
}
Event: 8.467 GC heap after
{Heap after GC invocations=97 (full 0):
 garbage-first heap   total 205824K, used 194521K [0x73a00000, 0xb3a00000)
  region size 1024K, 1 young (1024K), 1 survivors (1024K)
 Metaspace       used 11974K, capacity 12159K, committed 12184K, reserved 12592K
}
Event: 8.515 GC heap before
{Heap before GC invocations=97 (full 0):
 garbage-first heap   total 205824K, used 203737K [0x73a00000, 0xb3a00000)
  region size 1024K, 10 young (10240K), 1 survivors (1024K)
 Metaspace       used 11974K, capacity 12159K, committed 12184K, reserved 12592K
}
Event: 8.521 GC heap after
{Heap after GC invocations=98 (full 0):
 garbage-first heap   total 205824K, used 194521K [0x73a00000, 0xb3a00000)
  region size 1024K, 1 young (1024K), 1 survivors (1024K)
 Metaspace       used 11974K, capacity 12159K, committed 12184K, reserved 12592K
}
Event: 9.662 GC heap before
{Heap before GC invocations=99 (full 0):
 garbage-first heap   total 205824K, used 203737K [0x73a00000, 0xb3a00000)
  region size 1024K, 10 young (10240K), 1 survivors (1024K)
 Metaspace       used 13797K, capacity 14067K, committed 14104K, reserved 14640K
}
Event: 9.672 GC heap after
{Heap after GC invocations=100 (full 0):
 garbage-first heap   total 207872K, used 195526K [0x73a00000, 0xb3a00000)
  region size 1024K, 2 young (2048K), 2 survivors (2048K)
 Metaspace       used 13797K, capacity 14067K, committed 14104K, reserved 14640K
}
Event: 10.362 GC heap before
{Heap before GC invocations=100 (full 0):
 garbage-first heap   total 207872K, used 203718K [0x73a00000, 0xb3a00000)
  region size 1024K, 10 young (10240K), 2 survivors (2048K)
 Metaspace       used 13947K, capacity 14195K, committed 14232K, reserved 14640K
}
Event: 10.373 GC heap after
{Heap after GC invocations=101 (full 0):
 garbage-first heap   total 207872K, used 197365K [0x73a00000, 0xb3a00000)
  region size 1024K, 2 young (2048K), 2 survivors (2048K)
 Metaspace       used 13947K, capacity 14195K, committed 14232K, reserved 14640K
}
Event: 11.654 GC heap before
{Heap before GC invocations=102 (full 0):
 garbage-first heap   total 207872K, used 205557K [0x73a00000, 0xb3a00000)
  region size 1024K, 10 young (10240K), 2 survivors (2048K)
 Metaspace       used 14244K, capacity 14517K, committed 14616K, reserved 14640K
}
Event: 11.678 GC heap after
{Heap after GC invocations=103 (full 0):
 garbage-first heap   total 209920K, used 198929K [0x73a00000, 0xb3a00000)
  region size 1024K, 2 young (2048K), 2 survivors (2048K)
 Metaspace       used 14244K, capacity 14517K, committed 14616K, reserved 14640K
}
Event: 43.007 GC heap before
{Heap before GC invocations=103 (full 0):
 garbage-first heap   total 209920K, used 207121K [0x73a00000, 0xb3a00000)
  region size 1024K, 10 young (10240K), 2 survivors (2048K)
 Metaspace       used 14538K, capacity 14775K, committed 14872K, reserved 15664K
}
Event: 43.018 GC heap after
{Heap after GC invocations=104 (full 0):
 garbage-first heap   total 210944K, used 199273K [0x73a00000, 0xb3a00000)
  region size 1024K, 1 young (1024K), 1 survivors (1024K)
 Metaspace       used 14538K, capacity 14775K, committed 14872K, reserved 15664K
}
Event: 145.766 GC heap before
{Heap before GC invocations=105 (full 0):
 garbage-first heap   total 210944K, used 206441K [0x73a00000, 0xb3a00000)
  region size 1024K, 10 young (10240K), 1 survivors (1024K)
 Metaspace       used 14754K, capacity 15001K, committed 15128K, reserved 15664K
}
Event: 145.768 GC heap after
{Heap after GC invocations=106 (full 0):
 garbage-first heap   total 210944K, used 197114K [0x73a00000, 0xb3a00000)
  region size 1024K, 1 young (1024K), 1 survivors (1024K)
 Metaspace       used 14754K, capacity 15001K, committed 15128K, reserved 15664K
}

Deoptimization events (20 events):
Event: 50.557 Thread 0x6f651000 Uncommon trap: trap_request=0xffffff4d fr.pc=0xb3da6378 relative=0x000001d8
Event: 50.557 Thread 0x6f651000 Uncommon trap: reason=unstable_if action=reinterpret pc=0xb3da6378 method=sun.font.FontDesignMetrics.getLatinCharWidth(C)F @ 11 c2
Event: 50.557 Thread 0x6f651000 DEOPT PACKING pc=0xb3da6378 sp=0x6d455718
Event: 50.557 Thread 0x6f651000 DEOPT UNPACKING pc=0xb3c59bfc sp=0x6d4556cc mode 2
Event: 50.558 Thread 0x6f651000 Uncommon trap: trap_request=0xffffff4d fr.pc=0xb3da7970 relative=0x000004a0
Event: 50.558 Thread 0x6f651000 Uncommon trap: reason=unstable_if action=reinterpret pc=0xb3da7970 method=sun.font.XRGlyphCache.getEntryForPointer(J)Lsun/font/XRGlyphCacheEntry; @ 6 c2
Event: 50.558 Thread 0x6f651000 DEOPT PACKING pc=0xb3da7970 sp=0x6d455690
Event: 50.558 Thread 0x6f651000 DEOPT UNPACKING pc=0xb3c59bfc sp=0x6d455640 mode 2
Event: 74.445 Thread 0x6f651000 Uncommon trap: trap_request=0xfffffff4 fr.pc=0xb3dd4450 relative=0x00000320
Event: 74.445 Thread 0x6f651000 Uncommon trap: reason=null_check action=make_not_entrant pc=0xb3dd4450 method=javax.swing.RepaintManager.extendDirtyRegion(Ljava/awt/Component;IIII)Z @ 10 c2
Event: 74.445 Thread 0x6f651000 DEOPT PACKING pc=0xb3dd4450 sp=0x6d455b10
Event: 74.445 Thread 0x6f651000 DEOPT UNPACKING pc=0xb3c59bfc sp=0x6d455abc mode 2
Event: 158.511 Thread 0x69281800 Uncommon trap: trap_request=0xffffffde fr.pc=0xb3d51580 relative=0x00000d90
Event: 158.511 Thread 0x69281800 Uncommon trap: reason=class_check action=maybe_recompile pc=0xb3d51580 method=java.util.concurrent.ConcurrentHashMap.putVal(Ljava/lang/Object;Ljava/lang/Object;Z)Ljava/lang/Object; @ 159 c2
Event: 158.511 Thread 0x69281800 DEOPT PACKING pc=0xb3d51580 sp=0x69353348
Event: 158.511 Thread 0x69281800 DEOPT UNPACKING pc=0xb3c59bfc sp=0x69353320 mode 2
Event: 158.521 Thread 0x69281800 Uncommon trap: trap_request=0xffffff4d fr.pc=0xb3d51458 relative=0x00000c68
Event: 158.521 Thread 0x69281800 Uncommon trap: reason=unstable_if action=reinterpret pc=0xb3d51458 method=java.util.concurrent.ConcurrentHashMap.putVal(Ljava/lang/Object;Ljava/lang/Object;Z)Ljava/lang/Object; @ 97 c2
Event: 158.521 Thread 0x69281800 DEOPT PACKING pc=0xb3d51458 sp=0x69352db8
Event: 158.521 Thread 0x69281800 DEOPT UNPACKING pc=0xb3c59bfc sp=0x69352d94 mode 2

Classes redefined (0 events):
No events

Internal exceptions (20 events):
Event: 6.768 Thread 0x6f651000 Exception <a 'java/lang/NoSuchMethodError'{0x7c98ac28}: 'java.lang.Object java.lang.invoke.DirectMethodHandle$Holder.invokeSpecial(java.lang.Object, java.lang.Object, int, java.lang.Object, java.lang.Object)'> (0x7c98ac28) thrown at [./src/hotspot/share/interpreter/linkResolver.cpp, line 772]
Event: 6.768 Thread 0x6f651000 Exception <a 'java/lang/NoSuchMethodError'{0x7c98e598}: 'java.lang.Object java.lang.invoke.Invokers$Holder.linkToTargetMethod(int, java.lang.Object, java.lang.Object, java.lang.Object)'> (0x7c98e598) thrown at [./src/hotspot/share/interpreter/linkResolver.cpp, line 772]
Event: 6.792 Thread 0x6f651000 Exception <a 'java/lang/NoSuchMethodError'{0x7c9f2d30}: 'java.lang.Object java.lang.invoke.DirectMethodHandle$Holder.invokeSpecial(java.lang.Object, java.lang.Object, int, int, java.lang.Object, int, java.lang.Object)'> (0x7c9f2d30) thrown at [./src/hotspot/share/interpreter/linkResolver.cpp, line 772]
Event: 6.793 Thread 0x6f651000 Exception <a 'java/lang/NoSuchMethodError'{0x7c9f6518}: 'java.lang.Object java.lang.invoke.DelegatingMethodHandle$Holder.reinvoke_L(java.lang.Object, int, int, java.lang.Object, int, java.lang.Object)'> (0x7c9f6518) thrown at [./src/hotspot/share/interpreter/linkResolver.cpp, line 772]
Event: 6.797 Thread 0x6f651000 Exception <a 'java/lang/NoSuchMethodError'{0x7c807a30}: 'java.lang.Object java.lang.invoke.DirectMethodHandle$Holder.invokeSpecial(java.lang.Object, java.lang.Object, java.lang.Object, int, java.lang.Object)'> (0x7c807a30) thrown at [./src/hotspot/share/interpreter/linkResolver.cpp, line 772]
Event: 6.798 Thread 0x6f651000 Exception <a 'java/lang/NoSuchMethodError'{0x7c80b380}: 'java.lang.Object java.lang.invoke.Invokers$Holder.linkToTargetMethod(java.lang.Object, int, java.lang.Object, java.lang.Object)'> (0x7c80b380) thrown at [./src/hotspot/share/interpreter/linkResolver.cpp, line 772]
Event: 8.599 Thread 0x6f651000 Exception <a 'java/lang/NoSuchMethodError'{0x7fd44ea8}: 'void java.lang.invoke.DirectMethodHandle$Holder.invokeStaticInit(java.lang.Object)'> (0x7fd44ea8) thrown at [./src/hotspot/share/interpreter/linkResolver.cpp, line 772]
Event: 9.170 Thread 0x6f651000 Exception <a 'java/lang/NoSuchMethodError'{0x7fc3a718}: 'java.lang.Object java.lang.invoke.DirectMethodHandle$Holder.invokeSpecial(java.lang.Object, java.lang.Object, int, int, java.lang.Object, java.lang.Object, java.lang.Object, java.lang.Object, java.lang.Object)'> (0x7fc3a718) thrown at [./src/hotspot/share/interpreter/linkResolver.cpp, line 772]
Event: 9.171 Thread 0x6f651000 Exception <a 'java/lang/NoSuchMethodError'{0x7fc3e838}: 'java.lang.Object java.lang.invoke.DelegatingMethodHandle$Holder.reinvoke_L(java.lang.Object, int, int, java.lang.Object, java.lang.Object, java.lang.Object, java.lang.Object, java.lang.Object)'> (0x7fc3e838) thrown at [./src/hotspot/share/interpreter/linkResolver.cpp, line 772]
Event: 9.185 Thread 0x6f651000 Exception <a 'java/lang/NoSuchMethodError'{0x7fc8db80}: 'java.lang.Object java.lang.invoke.DirectMethodHandle$Holder.invokeStatic(java.lang.Object, java.lang.Object, java.lang.Object, java.lang.Object, java.lang.Object, java.lang.Object, java.lang.Object, java.lang.Object, java.lang.Object, java.lang.Object, int, int, java.lang.Object, java.lang.Object)'> (0x7fc8db80) thrown at [./src/hotspot/share/interpreter/linkResolver.cpp, line 772]
Event: 9.191 Thread 0x6f651000 Exception <a 'java/lang/NoSuchMethodError'{0x7fcb0b10}: 'java.lang.Object java.lang.invoke.DirectMethodHandle$Holder.invokeStatic(java.lang.Object, java.lang.Object, java.lang.Object, java.lang.Object, java.lang.Object, java.lang.Object, java.lang.Object, java.lang.Object, java.lang.Object, java.lang.Object, int, int, java.lang.Object, java.lang.Object, java.lang.Object)'> (0x7fcb0b10) thrown at [./src/hotspot/share/interpreter/linkResolver.cpp, line 772]
Event: 9.200 Thread 0x6f651000 Exception <a 'java/lang/NoSuchMethodError'{0x7fce5638}: 'java.lang.Object java.lang.invoke.Invokers$Holder.linkToTargetMethod(java.lang.Object, java.lang.Object, java.lang.Object, java.lang.Object, java.lang.Object, java.lang.Object)'> (0x7fce5638) thrown at [./src/hotspot/share/interpreter/linkResolver.cpp, line 772]
Event: 9.226 Thread 0x6f651000 Exception <a 'java/lang/NoSuchMethodError'{0x7fb4f508}: 'java.lang.Object java.lang.invoke.DirectMethodHandle$Holder.invokeSpecial(java.lang.Object, java.lang.Object, int, int, java.lang.Object, java.lang.Object, java.lang.Object, java.lang.Object)'> (0x7fb4f508) thrown at [./src/hotspot/share/interpreter/linkResolver.cpp, line 772]
Event: 9.227 Thread 0x6f651000 Exception <a 'java/lang/NoSuchMethodError'{0x7fb531d0}: 'java.lang.Object java.lang.invoke.DelegatingMethodHandle$Holder.reinvoke_L(java.lang.Object, int, int, java.lang.Object, java.lang.Object, java.lang.Object, java.lang.Object)'> (0x7fb531d0) thrown at [./src/hotspot/share/interpreter/linkResolver.cpp, line 772]
Event: 9.361 Thread 0x6f651000 Implicit null exception at 0xb3d3a670 to 0xb3d3b114
Event: 9.362 Thread 0x6f651000 Implicit null exception at 0xb3d3a670 to 0xb3d3b114
Event: 12.852 Thread 0x6cb13400 Implicit null exception at 0xb3d5025c to 0xb3d50410
Event: 15.155 Thread 0x6f651000 Implicit null exception at 0xb3d275a8 to 0xb3d275f0
Event: 15.232 Thread 0x6cb0e000 Implicit null exception at 0xb3d4fbd8 to 0xb3d4fdbc
Event: 74.445 Thread 0x6f651000 Implicit null exception at 0xb3dd4210 to 0xb3dd4448

Events (20 events):
Event: 158.530 Executing coalesced safepoint VM operation: BulkRevokeBias
Event: 158.530 Executing coalesced safepoint VM operation: BulkRevokeBias done
Event: 158.530 Protecting memory [0xb6f23000,0xb6f24000] with protection modes 1
Event: 158.530 Executing VM operation: RevokeBias done
Event: 158.540 loading class com/pi4j/library/pigpio/impl/PiGpioBase
Event: 158.540 loading class com/pi4j/library/pigpio/impl/PiGpioBase done
Event: 158.540 loading class com/pi4j/library/pigpio/impl/PiGpioBase
Event: 158.540 loading class com/pi4j/library/pigpio/impl/PiGpioBase done
Event: 158.540 Executing VM operation: RevokeBias
Event: 158.540 Protecting memory [0xb6f23000,0xb6f24000] with protection modes 0
Event: 158.540 Protecting memory [0xb6f23000,0xb6f24000] with protection modes 1
Event: 158.540 Executing VM operation: RevokeBias done
Event: 158.542 loading class com/pi4j/library/pigpio/impl/PiGpioBase
Event: 158.542 loading class com/pi4j/library/pigpio/impl/PiGpioBase done
Event: 158.542 loading class com/pi4j/library/pigpio/impl/PiGpioBase
Event: 158.542 loading class com/pi4j/library/pigpio/impl/PiGpioBase done
Event: 158.544 loading class com/pi4j/library/pigpio/impl/PiGpioBase
Event: 158.544 loading class com/pi4j/library/pigpio/impl/PiGpioBase done
Event: 158.545 loading class com/pi4j/library/pigpio/impl/PiGpioBase
Event: 158.545 loading class com/pi4j/library/pigpio/impl/PiGpioBase done


Dynamic libraries:
00010000-00011000 r-xp 00000000 b3:02 383446     /usr/lib/jvm/java-11-openjdk-armhf/bin/java
00020000-00021000 r--p 00000000 b3:02 383446     /usr/lib/jvm/java-11-openjdk-armhf/bin/java
00021000-00022000 rw-p 00001000 b3:02 383446     /usr/lib/jvm/java-11-openjdk-armhf/bin/java
0171c000-01763000 rw-p 00000000 00:00 0          [heap]
68900000-68982000 rw-p 00000000 00:00 0 
68982000-68a00000 ---p 00000000 00:00 0 
68b00000-68b5a000 rw-p 00000000 00:00 0 
68b5a000-68c00000 ---p 00000000 00:00 0 
68c00000-68c80000 rw-p 00000000 00:00 0 
68c80000-68d00000 ---p 00000000 00:00 0 
68d00000-68df9000 rw-p 00000000 00:00 0 
68df9000-68e00000 ---p 00000000 00:00 0 
68e00000-68eea000 rw-p 00000000 00:00 0 
68eea000-68f00000 ---p 00000000 00:00 0 
68f21000-68f24000 ---p 00000000 00:00 0 
68f24000-68f71000 rw-p 00000000 00:00 0 
68f71000-69200000 r--s 00000000 b3:02 26699      /var/cache/fontconfig/d49871ed-13ec-4c8a-8c25-faac36ae279f-le32d8.cache-7
69200000-692d4000 rw-p 00000000 00:00 0 
692d4000-69300000 ---p 00000000 00:00 0 
69305000-69308000 ---p 00000000 00:00 0 
69308000-69355000 rw-p 00000000 00:00 0 
69355000-6938d000 r--s 00000000 b3:02 26698      /var/cache/fontconfig/d9b9cb7a-afb2-4c5a-8eb5-302864e00ee6-le32d8.cache-7
693c1000-694c1000 rw-p 00000000 00:00 0 
694c1000-6be00000 rw-s 00000000 00:01 16         /SYSV00000000 (deleted)
6be00000-6bf00000 rw-p 00000000 00:00 0 
6bf00000-6bf3a000 rw-p 00000000 00:00 0 
6bf3a000-6c000000 ---p 00000000 00:00 0 
6c000000-6c100000 rw-p 00000000 00:00 0 
6c100000-6c1db000 rw-p 00000000 00:00 0 
6c1db000-6c200000 ---p 00000000 00:00 0 
6c212000-6c215000 ---p 00000000 00:00 0 
6c215000-6c262000 rw-p 00000000 00:00 0 
6c262000-6c265000 ---p 00000000 00:00 0 
6c265000-6c2e2000 rw-p 00000000 00:00 0 
6c2e2000-6c2e5000 ---p 00000000 00:00 0 
6c2e5000-6c332000 rw-p 00000000 00:00 0 
6c332000-6c335000 ---p 00000000 00:00 0 
6c335000-6c482000 rw-p 00000000 00:00 0 
6c482000-6c483000 ---p 00000000 00:00 0 
6c483000-6c4c3000 rw-p 00000000 00:00 0 
6c91c000-6c959000 r-xp 00000000 b3:02 6896       /usr/lib/libpigpio.so.1
6c959000-6c969000 ---p 0003d000 b3:02 6896       /usr/lib/libpigpio.so.1
6c969000-6c96a000 r--p 0003d000 b3:02 6896       /usr/lib/libpigpio.so.1
6c96a000-6c96c000 rw-p 0003e000 b3:02 6896       /usr/lib/libpigpio.so.1
6c96c000-6ca00000 rw-p 00000000 00:00 0 
6ca00000-6caf9000 rw-p 00000000 00:00 0 
6caf9000-6cb00000 ---p 00000000 00:00 0 
6cb00000-6cc00000 rw-p 00000000 00:00 0 
6cc00000-6ccef000 rw-p 00000000 00:00 0 
6ccef000-6cd00000 ---p 00000000 00:00 0 
6cd1f000-6cd29000 r--s 00000000 b3:02 26683      /var/cache/fontconfig/8a3417c8-283a-44c3-bb2d-f71c6268eef5-le32d8.cache-7
6cdcb000-6cdd1000 r--s 00000000 b3:02 26700      /var/cache/fontconfig/83c2204c-249d-4a46-858d-88f356951df9-le32d8.cache-7
6cdd1000-6cde3000 r--s 00000000 b3:02 26692      /var/cache/fontconfig/2751fa01-115b-46e2-9c1c-08b35a671483-le32d8.cache-7
6cdfa000-6cdfb000 ---p 00000000 00:00 0 
6cdfb000-6ce7c000 rw-p 00000000 00:00 0 
6ce7c000-6ce7d000 ---p 00000000 00:00 0 
6ce7d000-6cefe000 rw-p 00000000 00:00 0 
6cefe000-6ceff000 ---p 00000000 00:00 0 
6ceff000-6cf80000 rw-p 00000000 00:00 0 
6cf80000-6cf83000 ---p 00000000 00:00 0 
6cf83000-6d100000 rw-p 00000000 00:00 0 
6d100000-6d200000 rw-p 00000000 00:00 0 
6d200000-6d2fe000 rw-p 00000000 00:00 0 
6d2fe000-6d300000 ---p 00000000 00:00 0 
6d303000-6d308000 r--s 00000000 b3:02 26696      /var/cache/fontconfig/308f41db-948e-422c-8df9-f7b6a847f5d6-le32d8.cache-7
6d308000-6d408000 rw-p 00000000 00:00 0 
6d408000-6d40b000 ---p 00000000 00:00 0 
6d40b000-6d458000 rw-p 00000000 00:00 0 
6d458000-6d45b000 ---p 00000000 00:00 0 
6d45b000-6d4a8000 rw-p 00000000 00:00 0 
6d4a8000-6d4ab000 ---p 00000000 00:00 0 
6d4ab000-6d4f8000 rw-p 00000000 00:00 0 
6d4f8000-6d4fb000 ---p 00000000 00:00 0 
6d4fb000-6d548000 rw-p 00000000 00:00 0 
6d548000-6d54c000 r-xp 00000000 b3:02 7064       /usr/lib/arm-linux-gnueabihf/libXfixes.so.3.1.0
6d54c000-6d55b000 ---p 00004000 b3:02 7064       /usr/lib/arm-linux-gnueabihf/libXfixes.so.3.1.0
6d55b000-6d55c000 r--p 00003000 b3:02 7064       /usr/lib/arm-linux-gnueabihf/libXfixes.so.3.1.0
6d55c000-6d55d000 rw-p 00004000 b3:02 7064       /usr/lib/arm-linux-gnueabihf/libXfixes.so.3.1.0
6d55d000-6d565000 r-xp 00000000 b3:02 7060       /usr/lib/arm-linux-gnueabihf/libXcursor.so.1.0.2
6d565000-6d574000 ---p 00008000 b3:02 7060       /usr/lib/arm-linux-gnueabihf/libXcursor.so.1.0.2
6d574000-6d575000 r--p 00007000 b3:02 7060       /usr/lib/arm-linux-gnueabihf/libXcursor.so.1.0.2
6d575000-6d576000 rw-p 00008000 b3:02 7060       /usr/lib/arm-linux-gnueabihf/libXcursor.so.1.0.2
6d57a000-6d580000 r--s 00000000 b3:02 26695      /var/cache/fontconfig/ee9433fa-b8c5-480c-8437-550867a3b45a-le32d8.cache-7
6d580000-6d58a000 r--s 00000000 b3:02 26690      /var/cache/fontconfig/3d431aec-86d7-4332-88bc-13739b09c69f-le32d8.cache-7
6d58a000-6d58b000 ---p 00000000 00:00 0 
6d58b000-6dd8b000 rw-p 00000000 00:00 0 
6dd8b000-6dd8c000 ---p 00000000 00:00 0 
6dd8c000-6e58c000 rw-p 00000000 00:00 0 
6e58c000-6e58d000 ---p 00000000 00:00 0 
6e58d000-6ed8d000 rw-p 00000000 00:00 0 
6ed8d000-6ed98000 r-xp 00000000 b3:02 8322       /usr/lib/arm-linux-gnueabihf/gio/modules/libdconfsettings.so
6ed98000-6eda7000 ---p 0000b000 b3:02 8322       /usr/lib/arm-linux-gnueabihf/gio/modules/libdconfsettings.so
6eda7000-6eda8000 r--p 0000a000 b3:02 8322       /usr/lib/arm-linux-gnueabihf/gio/modules/libdconfsettings.so
6eda8000-6eda9000 rw-p 0000b000 b3:02 8322       /usr/lib/arm-linux-gnueabihf/gio/modules/libdconfsettings.so
6eda9000-6edcb000 r--p 00000000 b3:02 192308     /usr/share/locale/es/LC_MESSAGES/glib20.mo
6edcb000-6ee54000 r-xp 00000000 b3:02 7587       /usr/lib/arm-linux-gnueabihf/libpcre2-8.so.0.10.1
6ee54000-6ee63000 ---p 00089000 b3:02 7587       /usr/lib/arm-linux-gnueabihf/libpcre2-8.so.0.10.1
6ee63000-6ee64000 r--p 00088000 b3:02 7587       /usr/lib/arm-linux-gnueabihf/libpcre2-8.so.0.10.1
6ee64000-6ee65000 rw-p 00089000 b3:02 7587       /usr/lib/arm-linux-gnueabihf/libpcre2-8.so.0.10.1
6ee65000-6eea9000 r-xp 00000000 b3:02 7138       /usr/lib/arm-linux-gnueabihf/libblkid.so.1.1.0
6eea9000-6eeb8000 ---p 00044000 b3:02 7138       /usr/lib/arm-linux-gnueabihf/libblkid.so.1.1.0
6eeb8000-6eebb000 r--p 00043000 b3:02 7138       /usr/lib/arm-linux-gnueabihf/libblkid.so.1.1.0
6eebb000-6eebc000 rw-p 00046000 b3:02 7138       /usr/lib/arm-linux-gnueabihf/libblkid.so.1.1.0
6eebc000-6eec3000 r-xp 00000000 b3:02 7258       /usr/lib/arm-linux-gnueabihf/libffi.so.7.1.0
6eec3000-6eed2000 ---p 00007000 b3:02 7258       /usr/lib/arm-linux-gnueabihf/libffi.so.7.1.0
6eed2000-6eed3000 r--p 00006000 b3:02 7258       /usr/lib/arm-linux-gnueabihf/libffi.so.7.1.0
6eed3000-6eed4000 rw-p 00007000 b3:02 7258       /usr/lib/arm-linux-gnueabihf/libffi.so.7.1.0
6eed4000-6eee6000 r-xp 00000000 b3:02 7643       /usr/lib/arm-linux-gnueabihf/libresolv-2.31.so
6eee6000-6eef5000 ---p 00012000 b3:02 7643       /usr/lib/arm-linux-gnueabihf/libresolv-2.31.so
6eef5000-6eef6000 r--p 00011000 b3:02 7643       /usr/lib/arm-linux-gnueabihf/libresolv-2.31.so
6eef6000-6eef7000 rw-p 00012000 b3:02 7643       /usr/lib/arm-linux-gnueabihf/libresolv-2.31.so
6eef7000-6eef9000 rw-p 00000000 00:00 0 
6eef9000-6ef1c000 r-xp 00000000 b3:02 7666       /usr/lib/arm-linux-gnueabihf/libselinux.so.1
6ef1c000-6ef2b000 ---p 00023000 b3:02 7666       /usr/lib/arm-linux-gnueabihf/libselinux.so.1
6ef2b000-6ef2c000 r--p 00022000 b3:02 7666       /usr/lib/arm-linux-gnueabihf/libselinux.so.1
6ef2c000-6ef2d000 rw-p 00023000 b3:02 7666       /usr/lib/arm-linux-gnueabihf/libselinux.so.1
6ef2d000-6ef2e000 rw-p 00000000 00:00 0 
6ef2e000-6ef7f000 r-xp 00000000 b3:02 7492       /usr/lib/arm-linux-gnueabihf/libmount.so.1.1.0
6ef7f000-6ef8e000 ---p 00051000 b3:02 7492       /usr/lib/arm-linux-gnueabihf/libmount.so.1.1.0
6ef8e000-6ef90000 r--p 00050000 b3:02 7492       /usr/lib/arm-linux-gnueabihf/libmount.so.1.1.0
6ef90000-6ef91000 rw-p 00052000 b3:02 7492       /usr/lib/arm-linux-gnueabihf/libmount.so.1.1.0
6ef91000-6ef93000 r-xp 00000000 b3:02 7327       /usr/lib/arm-linux-gnueabihf/libgmodule-2.0.so.0.6600.8
6ef93000-6efa3000 ---p 00002000 b3:02 7327       /usr/lib/arm-linux-gnueabihf/libgmodule-2.0.so.0.6600.8
6efa3000-6efa4000 r--p 00002000 b3:02 7327       /usr/lib/arm-linux-gnueabihf/libgmodule-2.0.so.0.6600.8
6efa4000-6efa5000 rw-p 00003000 b3:02 7327       /usr/lib/arm-linux-gnueabihf/libgmodule-2.0.so.0.6600.8
6efa5000-6efef000 r-xp 00000000 b3:02 7333       /usr/lib/arm-linux-gnueabihf/libgobject-2.0.so.0.6600.8
6efef000-6effe000 ---p 0004a000 b3:02 7333       /usr/lib/arm-linux-gnueabihf/libgobject-2.0.so.0.6600.8
6effe000-6f000000 r--p 00049000 b3:02 7333       /usr/lib/arm-linux-gnueabihf/libgobject-2.0.so.0.6600.8
6f000000-6f001000 rw-p 0004b000 b3:02 7333       /usr/lib/arm-linux-gnueabihf/libgobject-2.0.so.0.6600.8
6f001000-6f18d000 r-xp 00000000 b3:02 7321       /usr/lib/arm-linux-gnueabihf/libgio-2.0.so.0.6600.8
6f18d000-6f19d000 ---p 0018c000 b3:02 7321       /usr/lib/arm-linux-gnueabihf/libgio-2.0.so.0.6600.8
6f19d000-6f1a1000 r--p 0018c000 b3:02 7321       /usr/lib/arm-linux-gnueabihf/libgio-2.0.so.0.6600.8
6f1a1000-6f1a2000 rw-p 00190000 b3:02 7321       /usr/lib/arm-linux-gnueabihf/libgio-2.0.so.0.6600.8
6f1a2000-6f2a3000 rw-p 00000000 00:00 0 
6f2a3000-6f2c3000 r-xp 00000000 b3:02 7149       /usr/lib/arm-linux-gnueabihf/libbrotlicommon.so.1.0.9
6f2c3000-6f2d2000 ---p 00020000 b3:02 7149       /usr/lib/arm-linux-gnueabihf/libbrotlicommon.so.1.0.9
6f2d2000-6f2d3000 r--p 0001f000 b3:02 7149       /usr/lib/arm-linux-gnueabihf/libbrotlicommon.so.1.0.9
6f2d3000-6f2d4000 rw-p 00020000 b3:02 7149       /usr/lib/arm-linux-gnueabihf/libbrotlicommon.so.1.0.9
6f2d4000-6f33a000 r-xp 00000000 b3:02 7585       /usr/lib/arm-linux-gnueabihf/libpcre.so.3.13.3
6f33a000-6f349000 ---p 00066000 b3:02 7585       /usr/lib/arm-linux-gnueabihf/libpcre.so.3.13.3
6f349000-6f34a000 r--p 00065000 b3:02 7585       /usr/lib/arm-linux-gnueabihf/libpcre.so.3.13.3
6f34a000-6f34b000 rw-p 00066000 b3:02 7585       /usr/lib/arm-linux-gnueabihf/libpcre.so.3.13.3
6f34b000-6f45c000 r-xp 00000000 b3:02 7324       /usr/lib/arm-linux-gnueabihf/libglib-2.0.so.0.6600.8
6f45c000-6f46c000 ---p 00111000 b3:02 7324       /usr/lib/arm-linux-gnueabihf/libglib-2.0.so.0.6600.8
6f46c000-6f46d000 r--p 00111000 b3:02 7324       /usr/lib/arm-linux-gnueabihf/libglib-2.0.so.0.6600.8
6f46d000-6f46e000 rw-p 00112000 b3:02 7324       /usr/lib/arm-linux-gnueabihf/libglib-2.0.so.0.6600.8
6f46e000-6f505000 r-xp 00000000 b3:02 7291       /usr/lib/arm-linux-gnueabihf/libfreetype.so.6.17.4
6f505000-6f514000 ---p 00097000 b3:02 7291       /usr/lib/arm-linux-gnueabihf/libfreetype.so.6.17.4
6f514000-6f518000 r--p 00096000 b3:02 7291       /usr/lib/arm-linux-gnueabihf/libfreetype.so.6.17.4
6f518000-6f519000 rw-p 0009a000 b3:02 7291       /usr/lib/arm-linux-gnueabihf/libfreetype.so.6.17.4
6f519000-6f5ef000 r-xp 00000000 b3:02 7389       /usr/lib/arm-linux-gnueabihf/libharfbuzz.so.0.20704.0
6f5ef000-6f5fe000 ---p 000d6000 b3:02 7389       /usr/lib/arm-linux-gnueabihf/libharfbuzz.so.0.20704.0
6f5fe000-6f5ff000 r--p 000d5000 b3:02 7389       /usr/lib/arm-linux-gnueabihf/libharfbuzz.so.0.20704.0
6f5ff000-6f600000 rw-p 000d6000 b3:02 7389       /usr/lib/arm-linux-gnueabihf/libharfbuzz.so.0.20704.0
6f600000-6f6fc000 rw-p 00000000 00:00 0 
6f6fc000-6f700000 ---p 00000000 00:00 0 
6f700000-6f702000 r--s 00000000 b3:02 26701      /var/cache/fontconfig/5bd99057-9bdf-4a0d-8647-bbe7fa23703e-le32d8.cache-7
6f702000-6f70a000 r-xp 00000000 b3:02 7072       /usr/lib/arm-linux-gnueabihf/libXrandr.so.2.2.0
6f70a000-6f719000 ---p 00008000 b3:02 7072       /usr/lib/arm-linux-gnueabihf/libXrandr.so.2.2.0
6f719000-6f71a000 r--p 00007000 b3:02 7072       /usr/lib/arm-linux-gnueabihf/libXrandr.so.2.2.0
6f71a000-6f71b000 rw-p 00008000 b3:02 7072       /usr/lib/arm-linux-gnueabihf/libXrandr.so.2.2.0
6f71b000-6f725000 r-xp 00000000 b3:02 7151       /usr/lib/arm-linux-gnueabihf/libbrotlidec.so.1.0.9
6f725000-6f734000 ---p 0000a000 b3:02 7151       /usr/lib/arm-linux-gnueabihf/libbrotlidec.so.1.0.9
6f734000-6f735000 r--p 00009000 b3:02 7151       /usr/lib/arm-linux-gnueabihf/libbrotlidec.so.1.0.9
6f735000-6f736000 rw-p 0000a000 b3:02 7151       /usr/lib/arm-linux-gnueabihf/libbrotlidec.so.1.0.9
6f736000-6f763000 r-xp 00000000 b3:02 7605       /usr/lib/arm-linux-gnueabihf/libpng16.so.16.37.0
6f763000-6f773000 ---p 0002d000 b3:02 7605       /usr/lib/arm-linux-gnueabihf/libpng16.so.16.37.0
6f773000-6f774000 r--p 0002d000 b3:02 7605       /usr/lib/arm-linux-gnueabihf/libpng16.so.16.37.0
6f774000-6f775000 rw-p 0002e000 b3:02 7605       /usr/lib/arm-linux-gnueabihf/libpng16.so.16.37.0
6f775000-6f794000 r-xp 00000000 b3:02 7341       /usr/lib/arm-linux-gnueabihf/libgraphite2.so.3.2.1
6f794000-6f7a4000 ---p 0001f000 b3:02 7341       /usr/lib/arm-linux-gnueabihf/libgraphite2.so.3.2.1
6f7a4000-6f7a5000 r--p 0001f000 b3:02 7341       /usr/lib/arm-linux-gnueabihf/libgraphite2.so.3.2.1
6f7a5000-6f7a6000 rw-p 00020000 b3:02 7341       /usr/lib/arm-linux-gnueabihf/libgraphite2.so.3.2.1
6f7a7000-6f7ba000 r--p 00000000 b3:02 218868     /usr/share/glib-2.0/schemas/gschemas.compiled
6f7ba000-6f8ba000 rw-p 00000000 00:00 0 
6f8ba000-6f9cd000 r-xp 00000000 b3:02 7055       /usr/lib/arm-linux-gnueabihf/libX11.so.6.4.0
6f9cd000-6f9dc000 ---p 00113000 b3:02 7055       /usr/lib/arm-linux-gnueabihf/libX11.so.6.4.0
6f9dc000-6f9dd000 r--p 00112000 b3:02 7055       /usr/lib/arm-linux-gnueabihf/libX11.so.6.4.0
6f9dd000-6f9e0000 rw-p 00113000 b3:02 7055       /usr/lib/arm-linux-gnueabihf/libX11.so.6.4.0
6f9e0000-6fa37000 r-xp 00000000 b3:02 383752     /usr/lib/jvm/java-11-openjdk-armhf/lib/libawt_xawt.so
6fa37000-6fa47000 ---p 00057000 b3:02 383752     /usr/lib/jvm/java-11-openjdk-armhf/lib/libawt_xawt.so
6fa47000-6fa48000 r--p 00057000 b3:02 383752     /usr/lib/jvm/java-11-openjdk-armhf/lib/libawt_xawt.so
6fa48000-6fa4a000 rw-p 00058000 b3:02 383752     /usr/lib/jvm/java-11-openjdk-armhf/lib/libawt_xawt.so
6fa4a000-6fa4b000 rw-p 00000000 00:00 0 
6fa4b000-6fac5000 r-xp 00000000 b3:02 383570     /usr/lib/jvm/java-11-openjdk-armhf/lib/libawt.so
6fac5000-6fad4000 ---p 0007a000 b3:02 383570     /usr/lib/jvm/java-11-openjdk-armhf/lib/libawt.so
6fad4000-6fad5000 r--p 00079000 b3:02 383570     /usr/lib/jvm/java-11-openjdk-armhf/lib/libawt.so
6fad5000-6fadb000 rw-p 0007a000 b3:02 383570     /usr/lib/jvm/java-11-openjdk-armhf/lib/libawt.so
6fadb000-6fb00000 rw-p 00000000 00:00 0 
6fb00000-6fbfb000 rw-p 00000000 00:00 0 
6fbfb000-6fc00000 ---p 00000000 00:00 0 
6fc00000-6fd00000 rw-p 00000000 00:00 0 
6fd00000-6fe00000 rw-p 00000000 00:00 0 
6fe00000-6fe0c000 r--s 00000000 b3:02 26688      /var/cache/fontconfig/98155356-0163-475d-ae90-3602a4cb076b-le32d8.cache-7
6fe0c000-6fe15000 r-xp 00000000 b3:02 383574     /usr/lib/jvm/java-11-openjdk-armhf/lib/libfontmanager.so
6fe15000-6fe25000 ---p 00009000 b3:02 383574     /usr/lib/jvm/java-11-openjdk-armhf/lib/libfontmanager.so
6fe25000-6fe26000 r--p 00009000 b3:02 383574     /usr/lib/jvm/java-11-openjdk-armhf/lib/libfontmanager.so
6fe26000-6fe27000 rw-p 0000a000 b3:02 383574     /usr/lib/jvm/java-11-openjdk-armhf/lib/libfontmanager.so
6fe27000-6fe30000 r-xp 00000000 b3:02 7475       /usr/lib/arm-linux-gnueabihf/libmd.so.0.0.4
6fe30000-6fe40000 ---p 00009000 b3:02 7475       /usr/lib/arm-linux-gnueabihf/libmd.so.0.0.4
6fe40000-6fe41000 r--p 00009000 b3:02 7475       /usr/lib/arm-linux-gnueabihf/libmd.so.0.0.4
6fe41000-6fe42000 rw-p 0000a000 b3:02 7475       /usr/lib/arm-linux-gnueabihf/libmd.so.0.0.4
6fe42000-6fe52000 r-xp 00000000 b3:02 7155       /usr/lib/arm-linux-gnueabihf/libbsd.so.0.11.3
6fe52000-6fe62000 ---p 00010000 b3:02 7155       /usr/lib/arm-linux-gnueabihf/libbsd.so.0.11.3
6fe62000-6fe63000 r--p 00010000 b3:02 7155       /usr/lib/arm-linux-gnueabihf/libbsd.so.0.11.3
6fe63000-6fe64000 rw-p 00011000 b3:02 7155       /usr/lib/arm-linux-gnueabihf/libbsd.so.0.11.3
6fe64000-6fe65000 ---p 00000000 00:00 0 
6fe65000-6fee6000 rw-p 00000000 00:00 0 
6fee6000-6fee9000 ---p 00000000 00:00 0 
6fee9000-6ff36000 rw-p 00000000 00:00 0 
6ff36000-6ff39000 ---p 00000000 00:00 0 
6ff39000-6ff86000 rw-p 00000000 00:00 0 
6ff86000-70200000 r--p 0006d000 b3:02 1197       /usr/lib/locale/locale-archive
70200000-70400000 r--p 00000000 b3:02 1197       /usr/lib/locale/locale-archive
70400000-70500000 rw-p 00000000 00:00 0 
70500000-70503000 r--s 00000000 b3:02 26694      /var/cache/fontconfig/bb206561-a442-4056-af3f-db512e4b7d6d-le32d8.cache-7
70503000-70505000 r--s 00000000 b3:02 26693      /var/cache/fontconfig/b7c3bf8f-85b6-4ea2-a994-cbfa392b96e4-le32d8.cache-7
70505000-70508000 r--s 00000000 b3:02 26670      /var/cache/fontconfig/4525f385-a7a9-4735-80bb-259a3ff546b9-le32d8.cache-7
70508000-7050c000 r-xp 00000000 b3:02 7062       /usr/lib/arm-linux-gnueabihf/libXdmcp.so.6.0.0
7050c000-7051b000 ---p 00004000 b3:02 7062       /usr/lib/arm-linux-gnueabihf/libXdmcp.so.6.0.0
7051b000-7051c000 r--p 00003000 b3:02 7062       /usr/lib/arm-linux-gnueabihf/libXdmcp.so.6.0.0
7051c000-7051d000 rw-p 00004000 b3:02 7062       /usr/lib/arm-linux-gnueabihf/libXdmcp.so.6.0.0
7051d000-7051f000 r-xp 00000000 b3:02 7057       /usr/lib/arm-linux-gnueabihf/libXau.so.6.0.0
7051f000-7052e000 ---p 00002000 b3:02 7057       /usr/lib/arm-linux-gnueabihf/libXau.so.6.0.0
7052e000-7052f000 r--p 00001000 b3:02 7057       /usr/lib/arm-linux-gnueabihf/libXau.so.6.0.0
7052f000-70530000 rw-p 00002000 b3:02 7057       /usr/lib/arm-linux-gnueabihf/libXau.so.6.0.0
70530000-70533000 ---p 00000000 00:00 0 
70533000-705b0000 rw-p 00000000 00:00 0 
705b0000-705b3000 ---p 00000000 00:00 0 
705b3000-70600000 rw-p 00000000 00:00 0 
70600000-706fb000 rw-p 00000000 00:00 0 
706fb000-70700000 ---p 00000000 00:00 0 
70701000-70721000 r-xp 00000000 b3:02 7819       /usr/lib/arm-linux-gnueabihf/libxcb.so.1.1.0
70721000-70730000 ---p 00020000 b3:02 7819       /usr/lib/arm-linux-gnueabihf/libxcb.so.1.1.0
70730000-70731000 r--p 0001f000 b3:02 7819       /usr/lib/arm-linux-gnueabihf/libxcb.so.1.1.0
70731000-70732000 rw-p 00020000 b3:02 7819       /usr/lib/arm-linux-gnueabihf/libxcb.so.1.1.0
70732000-70733000 ---p 00000000 00:00 0 
70733000-70bfa000 rw-p 00000000 00:00 0 
70bfa000-70c00000 ---p 00000000 00:00 0 
70c00000-70cff000 rw-p 00000000 00:00 0 
70cff000-70d00000 ---p 00000000 00:00 0 
70d00000-70d01000 r--s 00000000 b3:02 26697      /var/cache/fontconfig/24630967-f720-4d46-bf1f-3e7cbd814b4a-le32d8.cache-7
70d01000-70d07000 r--s 00000000 b3:02 26687      /var/cache/fontconfig/a2ec7f52-0094-43c8-9c50-7211e0d99bdf-le32d8.cache-7
70d07000-70d09000 r--s 00000000 b3:02 26667      /var/cache/fontconfig/b27cc278-df04-4c9c-8a71-645862d01404-le32d8.cache-7
70d09000-70d10000 r--s 00000000 b3:02 19826      /var/cache/fontconfig/bb6e12d2-f51c-4c7f-99b2-0e8a86d53212-le32d8.cache-7
70d10000-70d1d000 r-xp 00000000 b3:02 7067       /usr/lib/arm-linux-gnueabihf/libXi.so.6.1.0
70d1d000-70d2c000 ---p 0000d000 b3:02 7067       /usr/lib/arm-linux-gnueabihf/libXi.so.6.1.0
70d2c000-70d2d000 r--p 0000c000 b3:02 7067       /usr/lib/arm-linux-gnueabihf/libXi.so.6.1.0
70d2d000-70d2e000 rw-p 0000d000 b3:02 7067       /usr/lib/arm-linux-gnueabihf/libXi.so.6.1.0
70d2e000-70d31000 ---p 00000000 00:00 0 
70d31000-70d7e000 rw-p 00000000 00:00 0 
70d7e000-70d7f000 ---p 00000000 00:00 0 
70d7f000-70e00000 rw-p 00000000 00:00 0 
70e00000-70efa000 rw-p 00000000 00:00 0 
70efa000-70f00000 ---p 00000000 00:00 0 
70f00000-70f04000 r-xp 00000000 b3:02 7076       /usr/lib/arm-linux-gnueabihf/libXtst.so.6.1.0
70f04000-70f13000 ---p 00004000 b3:02 7076       /usr/lib/arm-linux-gnueabihf/libXtst.so.6.1.0
70f13000-70f14000 r--p 00003000 b3:02 7076       /usr/lib/arm-linux-gnueabihf/libXtst.so.6.1.0
70f14000-70f15000 rw-p 00004000 b3:02 7076       /usr/lib/arm-linux-gnueabihf/libXtst.so.6.1.0
70f15000-70f1d000 r-xp 00000000 b3:02 7073       /usr/lib/arm-linux-gnueabihf/libXrender.so.1.3.0
70f1d000-70f2c000 ---p 00008000 b3:02 7073       /usr/lib/arm-linux-gnueabihf/libXrender.so.1.3.0
70f2c000-70f2d000 r--p 00007000 b3:02 7073       /usr/lib/arm-linux-gnueabihf/libXrender.so.1.3.0
70f2d000-70f2e000 rw-p 00008000 b3:02 7073       /usr/lib/arm-linux-gnueabihf/libXrender.so.1.3.0
70f2e000-70f31000 ---p 00000000 00:00 0 
70f31000-70f7e000 rw-p 00000000 00:00 0 
70f7e000-70f7f000 ---p 00000000 00:00 0 
70f7f000-71000000 rw-p 00000000 00:00 0 
71000000-710ff000 rw-p 00000000 00:00 0 
710ff000-71100000 ---p 00000000 00:00 0 
71100000-71106000 r-xp 00000000 b3:02 12144      /tmp/libpi4j-pigpio13388088045834400037.so
71106000-7110e000 ---p 00006000 b3:02 12144      /tmp/libpi4j-pigpio13388088045834400037.so
7110e000-7110f000 rw-p 00006000 b3:02 12144      /tmp/libpi4j-pigpio13388088045834400037.so
7110f000-7111d000 r-xp 00000000 b3:02 7063       /usr/lib/arm-linux-gnueabihf/libXext.so.6.4.0
7111d000-7112c000 ---p 0000e000 b3:02 7063       /usr/lib/arm-linux-gnueabihf/libXext.so.6.4.0
7112c000-7112d000 r--p 0000d000 b3:02 7063       /usr/lib/arm-linux-gnueabihf/libXext.so.6.4.0
7112d000-7112e000 rw-p 0000e000 b3:02 7063       /usr/lib/arm-linux-gnueabihf/libXext.so.6.4.0
7112e000-71131000 ---p 00000000 00:00 0 
71131000-7117e000 rw-p 00000000 00:00 0 
7117e000-7117f000 ---p 00000000 00:00 0 
7117f000-71200000 rw-p 00000000 00:00 0 
71200000-7125c000 rw-p 00000000 00:00 0 
7125c000-71300000 ---p 00000000 00:00 0 
71300000-71323000 r--p 00000000 b3:02 192344     /usr/share/locale/es/LC_MESSAGES/libc.mo
71323000-7137e000 rw-p 00000000 00:00 0 
7137e000-7137f000 ---p 00000000 00:00 0 
7137f000-71738000 rw-p 00000000 00:00 0 
71738000-72400000 ---p 00000000 00:00 0 
72400000-72738000 rw-p 00000000 00:00 0 
72738000-73400000 ---p 00000000 00:00 0 
73400000-73467000 rw-p 00000000 00:00 0 
73467000-73600000 ---p 00000000 00:00 0 
73600000-73667000 rw-p 00000000 00:00 0 
73667000-73800000 ---p 00000000 00:00 0 
73800000-73867000 rw-p 00000000 00:00 0 
73867000-73a00000 ---p 00000000 00:00 0 
73a00000-80800000 rw-p 00000000 00:00 0 
80800000-b3a00000 ---p 00000000 00:00 0 
b3a00000-b3b00000 rw-p 00000000 00:00 0 
b3b00000-b3b01000 r--s 00000000 b3:02 26691      /var/cache/fontconfig/7c485869-69ff-4c83-8092-393190ba73cf-le32d8.cache-7
b3b06000-b3b19000 r-xp 00000000 b3:02 383591     /usr/lib/jvm/java-11-openjdk-armhf/lib/libnet.so
b3b19000-b3b28000 ---p 00013000 b3:02 383591     /usr/lib/jvm/java-11-openjdk-armhf/lib/libnet.so
b3b28000-b3b29000 r--p 00012000 b3:02 383591     /usr/lib/jvm/java-11-openjdk-armhf/lib/libnet.so
b3b29000-b3b2a000 rw-p 00013000 b3:02 383591     /usr/lib/jvm/java-11-openjdk-armhf/lib/libnet.so
b3b2a000-b3b37000 r-xp 00000000 b3:02 383592     /usr/lib/jvm/java-11-openjdk-armhf/lib/libnio.so
b3b37000-b3b46000 ---p 0000d000 b3:02 383592     /usr/lib/jvm/java-11-openjdk-armhf/lib/libnio.so
b3b46000-b3b47000 r--p 0000c000 b3:02 383592     /usr/lib/jvm/java-11-openjdk-armhf/lib/libnio.so
b3b47000-b3b48000 rw-p 0000d000 b3:02 383592     /usr/lib/jvm/java-11-openjdk-armhf/lib/libnio.so
b3b48000-b3b68000 rw-p 00000000 00:00 0 
b3b68000-b3b69000 ---p 00000000 00:00 0 
b3b69000-b3bee000 rw-p 00000000 00:00 0 
b3bee000-b3c2a000 ---p 00000000 00:00 0 
b3c2a000-b3dfa000 rwxp 00000000 00:00 0 
b3dfa000-b5c2a000 ---p 00000000 00:00 0 
b5c2a000-b5d99000 r--s 00000000 b3:02 383601     /usr/lib/jvm/java-11-openjdk-armhf/lib/modules
b5d99000-b5d9f000 r-xp 00000000 b3:02 383600     /usr/lib/jvm/java-11-openjdk-armhf/lib/libzip.so
b5d9f000-b5dae000 ---p 00006000 b3:02 383600     /usr/lib/jvm/java-11-openjdk-armhf/lib/libzip.so
b5dae000-b5daf000 r--p 00005000 b3:02 383600     /usr/lib/jvm/java-11-openjdk-armhf/lib/libzip.so
b5daf000-b5db0000 rw-p 00006000 b3:02 383600     /usr/lib/jvm/java-11-openjdk-armhf/lib/libzip.so
b5db0000-b5dba000 r-xp 00000000 b3:02 7542       /usr/lib/arm-linux-gnueabihf/libnss_files-2.31.so
b5dba000-b5dc9000 ---p 0000a000 b3:02 7542       /usr/lib/arm-linux-gnueabihf/libnss_files-2.31.so
b5dc9000-b5dca000 r--p 00009000 b3:02 7542       /usr/lib/arm-linux-gnueabihf/libnss_files-2.31.so
b5dca000-b5dcb000 rw-p 0000a000 b3:02 7542       /usr/lib/arm-linux-gnueabihf/libnss_files-2.31.so
b5dcb000-b5dd1000 rw-p 00000000 00:00 0 
b5dd1000-b5def000 r-xp 00000000 b3:02 383580     /usr/lib/jvm/java-11-openjdk-armhf/lib/libjava.so
b5def000-b5dfe000 ---p 0001e000 b3:02 383580     /usr/lib/jvm/java-11-openjdk-armhf/lib/libjava.so
b5dfe000-b5dff000 r--p 0001d000 b3:02 383580     /usr/lib/jvm/java-11-openjdk-armhf/lib/libjava.so
b5dff000-b5e00000 rw-p 0001e000 b3:02 383580     /usr/lib/jvm/java-11-openjdk-armhf/lib/libjava.so
b5e00000-b5f00000 rw-p 00000000 00:00 0 
b5f01000-b5f02000 rw-s fe100000 00:05 5          /dev/mem
b5f08000-b5f0f000 r--s 00000000 b3:02 8292       /usr/lib/arm-linux-gnueabihf/gconv/gconv-modules.cache
b5f0f000-b5f13000 r-xp 00000000 b3:02 383583     /usr/lib/jvm/java-11-openjdk-armhf/lib/libjimage.so
b5f13000-b5f22000 ---p 00004000 b3:02 383583     /usr/lib/jvm/java-11-openjdk-armhf/lib/libjimage.so
b5f22000-b5f23000 r--p 00003000 b3:02 383583     /usr/lib/jvm/java-11-openjdk-armhf/lib/libjimage.so
b5f23000-b5f24000 rw-p 00004000 b3:02 383583     /usr/lib/jvm/java-11-openjdk-armhf/lib/libjimage.so
b5f24000-b5f2e000 r-xp 00000000 b3:02 383599     /usr/lib/jvm/java-11-openjdk-armhf/lib/libverify.so
b5f2e000-b5f3d000 ---p 0000a000 b3:02 383599     /usr/lib/jvm/java-11-openjdk-armhf/lib/libverify.so
b5f3d000-b5f3e000 r--p 00009000 b3:02 383599     /usr/lib/jvm/java-11-openjdk-armhf/lib/libverify.so
b5f3e000-b5f3f000 rw-p 0000a000 b3:02 383599     /usr/lib/jvm/java-11-openjdk-armhf/lib/libverify.so
b5f3f000-b5f45000 r-xp 00000000 b3:02 7649       /usr/lib/arm-linux-gnueabihf/librt-2.31.so
b5f45000-b5f55000 ---p 00006000 b3:02 7649       /usr/lib/arm-linux-gnueabihf/librt-2.31.so
b5f55000-b5f56000 r--p 00006000 b3:02 7649       /usr/lib/arm-linux-gnueabihf/librt-2.31.so
b5f56000-b5f57000 rw-p 00007000 b3:02 7649       /usr/lib/arm-linux-gnueabihf/librt-2.31.so
b5f57000-b5f5a000 ---p 00000000 00:00 0 
b5f5a000-b5fa7000 rw-p 00000000 00:00 0 
b5fa7000-b5fc3000 r-xp 00000000 b3:02 7299       /usr/lib/arm-linux-gnueabihf/libgcc_s.so.1
b5fc3000-b5fd2000 ---p 0001c000 b3:02 7299       /usr/lib/arm-linux-gnueabihf/libgcc_s.so.1
b5fd2000-b5fd3000 r--p 0001b000 b3:02 7299       /usr/lib/arm-linux-gnueabihf/libgcc_s.so.1
b5fd3000-b5fd4000 rw-p 0001c000 b3:02 7299       /usr/lib/arm-linux-gnueabihf/libgcc_s.so.1
b5fd4000-b6032000 r-xp 00000000 b3:02 7466       /usr/lib/arm-linux-gnueabihf/libm-2.31.so
b6032000-b6041000 ---p 0005e000 b3:02 7466       /usr/lib/arm-linux-gnueabihf/libm-2.31.so
b6041000-b6042000 r--p 0005d000 b3:02 7466       /usr/lib/arm-linux-gnueabihf/libm-2.31.so
b6042000-b6043000 rw-p 0005e000 b3:02 7466       /usr/lib/arm-linux-gnueabihf/libm-2.31.so
b6043000-b61b2000 r-xp 00000000 b3:02 7706       /usr/lib/arm-linux-gnueabihf/libstdc++.so.6.0.28
b61b2000-b61c2000 ---p 0016f000 b3:02 7706       /usr/lib/arm-linux-gnueabihf/libstdc++.so.6.0.28
b61c2000-b61c7000 r--p 0016f000 b3:02 7706       /usr/lib/arm-linux-gnueabihf/libstdc++.so.6.0.28
b61c7000-b61c9000 rw-p 00174000 b3:02 7706       /usr/lib/arm-linux-gnueabihf/libstdc++.so.6.0.28
b61c9000-b61cb000 rw-p 00000000 00:00 0 
b61cb000-b6c5e000 r-xp 00000000 b3:02 383606     /usr/lib/jvm/java-11-openjdk-armhf/lib/server/libjvm.so
b6c5e000-b6c6d000 ---p 00a93000 b3:02 383606     /usr/lib/jvm/java-11-openjdk-armhf/lib/server/libjvm.so
b6c6d000-b6caf000 r--p 00a92000 b3:02 383606     /usr/lib/jvm/java-11-openjdk-armhf/lib/server/libjvm.so
b6caf000-b6cc8000 rw-p 00ad4000 b3:02 383606     /usr/lib/jvm/java-11-openjdk-armhf/lib/server/libjvm.so
b6cc8000-b6cf3000 rw-p 00000000 00:00 0 
b6cf3000-b6d0b000 r-xp 00000000 b3:02 7625       /usr/lib/arm-linux-gnueabihf/libpthread-2.31.so
b6d0b000-b6d1b000 ---p 00018000 b3:02 7625       /usr/lib/arm-linux-gnueabihf/libpthread-2.31.so
b6d1b000-b6d1c000 r--p 00018000 b3:02 7625       /usr/lib/arm-linux-gnueabihf/libpthread-2.31.so
b6d1c000-b6d1d000 rw-p 00019000 b3:02 7625       /usr/lib/arm-linux-gnueabihf/libpthread-2.31.so
b6d1d000-b6d1f000 rw-p 00000000 00:00 0 
b6d1f000-b6d22000 r-xp 00000000 b3:02 7220       /usr/lib/arm-linux-gnueabihf/libdl-2.31.so
b6d22000-b6d31000 ---p 00003000 b3:02 7220       /usr/lib/arm-linux-gnueabihf/libdl-2.31.so
b6d31000-b6d32000 r--p 00002000 b3:02 7220       /usr/lib/arm-linux-gnueabihf/libdl-2.31.so
b6d32000-b6d33000 rw-p 00003000 b3:02 7220       /usr/lib/arm-linux-gnueabihf/libdl-2.31.so
b6d33000-b6d4a000 r-xp 00000000 b3:02 7835       /usr/lib/arm-linux-gnueabihf/libz.so.1.2.11
b6d4a000-b6d59000 ---p 00017000 b3:02 7835       /usr/lib/arm-linux-gnueabihf/libz.so.1.2.11
b6d59000-b6d5a000 r--p 00016000 b3:02 7835       /usr/lib/arm-linux-gnueabihf/libz.so.1.2.11
b6d5a000-b6d5b000 rw-p 00017000 b3:02 7835       /usr/lib/arm-linux-gnueabihf/libz.so.1.2.11
b6d5b000-b6e9a000 r-xp 00000000 b3:02 7157       /usr/lib/arm-linux-gnueabihf/libc-2.31.so
b6e9a000-b6ea9000 ---p 0013f000 b3:02 7157       /usr/lib/arm-linux-gnueabihf/libc-2.31.so
b6ea9000-b6eab000 r--p 0013e000 b3:02 7157       /usr/lib/arm-linux-gnueabihf/libc-2.31.so
b6eab000-b6ead000 rw-p 00140000 b3:02 7157       /usr/lib/arm-linux-gnueabihf/libc-2.31.so
b6ead000-b6eaf000 rw-p 00000000 00:00 0 
b6eb1000-b6ec3000 rw-p 00000000 00:00 0 
b6ec3000-b6ed0000 r-xp 00000000 b3:02 383565     /usr/lib/jvm/java-11-openjdk-armhf/lib/jli/libjli.so
b6ed0000-b6edf000 ---p 0000d000 b3:02 383565     /usr/lib/jvm/java-11-openjdk-armhf/lib/jli/libjli.so
b6edf000-b6ee0000 r--p 0000c000 b3:02 383565     /usr/lib/jvm/java-11-openjdk-armhf/lib/jli/libjli.so
b6ee0000-b6ee1000 rw-p 0000d000 b3:02 383565     /usr/lib/jvm/java-11-openjdk-armhf/lib/jli/libjli.so
b6ee1000-b6ee5000 r-xp 00000000 b3:02 7094       /usr/lib/arm-linux-gnueabihf/libarmmem-v7l.so
b6ee5000-b6ef4000 ---p 00004000 b3:02 7094       /usr/lib/arm-linux-gnueabihf/libarmmem-v7l.so
b6ef4000-b6ef5000 r--p 00003000 b3:02 7094       /usr/lib/arm-linux-gnueabihf/libarmmem-v7l.so
b6ef5000-b6ef6000 rw-p 00004000 b3:02 7094       /usr/lib/arm-linux-gnueabihf/libarmmem-v7l.so
b6ef6000-b6f18000 r-xp 00000000 b3:02 6930       /usr/lib/arm-linux-gnueabihf/ld-2.31.so
b6f18000-b6f19000 r--s 00000000 b3:02 387017     /root/.cache/dconf/user
b6f19000-b6f1b000 r--s 0000c000 b3:02 202668     /usr/share/java/java-atk-wrapper.jar
b6f1b000-b6f23000 rw-s 00000000 b3:02 383382     /tmp/hsperfdata_root/2574
b6f23000-b6f24000 r--p 00000000 00:00 0 
b6f24000-b6f28000 rw-p 00000000 00:00 0 
b6f28000-b6f29000 r--p 00022000 b3:02 6930       /usr/lib/arm-linux-gnueabihf/ld-2.31.so
b6f29000-b6f2a000 rw-p 00023000 b3:02 6930       /usr/lib/arm-linux-gnueabihf/ld-2.31.so
bebd7000-bebf8000 rw-p 00000000 00:00 0          [stack]
bed07000-bed08000 r-xp 00000000 00:00 0          [sigpage]
bed08000-bed09000 r--p 00000000 00:00 0          [vvar]
bed09000-bed0a000 r-xp 00000000 00:00 0          [vdso]
ffff0000-ffff1000 r-xp 00000000 00:00 0          [vectors]


VM Arguments:
jvm_args: --module-path=. -Djdk.module.main=visual_classes 
java_command: visual_classes/visual_classes.window
java_class_path (initial): <not set>
Launcher Type: SUN_STANDARD

[Global flags]
     uint ConcGCThreads                            = 1                                         {product} {ergonomic}
     uint G1ConcRefinementThreads                  = 4                                         {product} {ergonomic}
   size_t G1HeapRegionSize                         = 1048576                                   {product} {ergonomic}
    uintx GCDrainStackTargetSize                   = 64                                        {product} {ergonomic}
   size_t InitialHeapSize                          = 67108864                                  {product} {ergonomic}
   size_t MarkStackSize                            = 32768                                     {product} {ergonomic}
   size_t MaxHeapSize                              = 1073741824                                {product} {ergonomic}
   size_t MaxNewSize                               = 643825664                                 {product} {ergonomic}
   size_t MinHeapDeltaBytes                        = 1048576                                   {product} {ergonomic}
    uintx NonProfiledCodeHeapSize                  = 0                                      {pd product} {ergonomic}
    uintx ProfiledCodeHeapSize                     = 0                                      {pd product} {ergonomic}
     bool UseG1GC                                  = true                                      {product} {ergonomic}

Logging:
Log output configuration:
 #0: stdout all=warning uptime,level,tags
 #1: stderr all=off uptime,level,tags

Environment Variables:
PATH=/usr/local/sbin:/usr/local/bin:/usr/sbin:/usr/bin:/sbin:/bin
SHELL=/bin/bash
DISPLAY=:0
LANG=es_PA.UTF-8
LC_ALL=es_PA.UTF-8

Signal Handlers:
SIGSEGV: [libjvm.so+0x9ec8c8], sa_mask[0]=11111111011111111101111111111110, sa_flags=SA_RESTART|SA_SIGINFO
SIGBUS: [libjvm.so+0x9ec8c8], sa_mask[0]=11111111011111111101111111111110, sa_flags=SA_RESTART|SA_SIGINFO
SIGFPE: [libjvm.so+0x9ec8c8], sa_mask[0]=11111111011111111101111111111110, sa_flags=SA_RESTART|SA_SIGINFO
SIGPIPE: SIG_IGN, sa_mask[0]=00000000000010000000000000000000, sa_flags=SA_RESTART
SIGXFSZ: [libjvm.so+0x801f78], sa_mask[0]=11111111011111111101111111111110, sa_flags=SA_RESTART|SA_SIGINFO
SIGILL: [libjvm.so+0x9ec8c8], sa_mask[0]=11111111011111111101111111111110, sa_flags=SA_RESTART|SA_SIGINFO
SIGUSR2: [libjvm.so+0x801e18], sa_mask[0]=00000000000000000000000000000000, sa_flags=SA_RESTART|SA_SIGINFO
SIGHUP: [libjvm.so+0x8025f8], sa_mask[0]=11111111011111111101111111111110, sa_flags=SA_RESTART|SA_SIGINFO
SIGINT: [libjvm.so+0x8025f8], sa_mask[0]=11111111011111111101111111111110, sa_flags=SA_RESTART|SA_SIGINFO
SIGTERM: [libjvm.so+0x8025f8], sa_mask[0]=11111111011111111101111111111110, sa_flags=SA_RESTART|SA_SIGINFO
SIGQUIT: [libjvm.so+0x8025f8], sa_mask[0]=11111111011111111101111111111110, sa_flags=SA_RESTART|SA_SIGINFO


---------------  S Y S T E M  ---------------

OS:PRETTY_NAME="Raspbian GNU/Linux 11 (bullseye)"
NAME="Raspbian GNU/Linux"
VERSION_ID="11"
VERSION="11 (bullseye)"
VERSION_CODENAME=bullseye
ID=raspbian
ID_LIKE=debian
HOME_URL="http://www.raspbian.org/"
SUPPORT_URL="http://www.raspbian.org/RaspbianForums"
BUG_REPORT_URL="http://www.raspbian.org/RaspbianBugs"
uname:Linux 5.15.32-v7l+ #1538 SMP Thu Mar 31 19:39:41 BST 2022 armv7l
OS uptime: 0 days 0:54 hours
libc:glibc 2.31 NPTL 2.31 
rlimit (soft/hard): STACK 8192k/infinity , CORE 0k/infinity , NPROC 60615/60615 , NOFILE 1048576/1048576 , AS infinity/infinity , CPU infinity/infinity , DATA infinity/infinity , FSIZE infinity/infinity , MEMLOCK 1011061k/1011061k
load average:0.07 0.16 0.12

/proc/meminfo:
MemTotal:        8088492 kB
MemFree:         6472476 kB
MemAvailable:    6822520 kB
Buffers:           38324 kB
Cached:           759152 kB
SwapCached:            0 kB
Active:           144408 kB
Inactive:        1200220 kB
Active(anon):       1108 kB
Inactive(anon):   787984 kB
Active(file):     143300 kB
Inactive(file):   412236 kB
Unevictable:      150332 kB
Mlocked:              32 kB
HighTotal:       7458816 kB
HighFree:        5965476 kB
LowTotal:         629676 kB
LowFree:          507000 kB
SwapTotal:        102396 kB
SwapFree:         102396 kB
Dirty:                20 kB
Writeback:             0 kB
AnonPages:        697560 kB
Mapped:           298460 kB
Shmem:            241932 kB
KReclaimable:      30800 kB
Slab:              52124 kB
SReclaimable:      30800 kB
SUnreclaim:        21324 kB
KernelStack:        2464 kB
PageTables:         6876 kB
NFS_Unstable:          0 kB
Bounce:                0 kB
WritebackTmp:          0 kB
CommitLimit:     4146640 kB
Committed_AS:    1859328 kB
VmallocTotal:     245760 kB
VmallocUsed:        5844 kB
VmallocChunk:          0 kB
Percpu:              448 kB
CmaTotal:         327680 kB
CmaFree:          311884 kB

/sys/kernel/mm/transparent_hugepage/enabled:
<Not Available>
/sys/kernel/mm/transparent_hugepage/defrag (defrag/compaction efforts parameter):
<Not Available>

Process Memory:
Virtual Size: 1277840K (peak: 1283856K)
Resident Set Size: 310308K (peak: 310336K) (anon: 243608K, file: 24464K, shmem: 42236K)
Swapped out: 0K
C-Heap outstanding allocations: 8199K

/proc/sys/kernel/threads-max (system-wide limit on the number of threads):
121230
/proc/sys/vm/max_map_count (maximum number of memory map areas a process may have):
65530
/proc/sys/kernel/pid_max (system-wide limit on number of process identifiers):
32768

/etc/ld.so.preload:
/usr/lib/arm-linux-gnueabihf/libarmmem-${PLATFORM}.so

Steal ticks since vm start: 0
Steal ticks percentage since vm start:  0.000

CPU:total 4 (initial active 4) (ARMv7), vfp, vfp3-32, simd, mp_ext

/proc/cpuinfo:
processor	: 0
model name	: ARMv7 Processor rev 3 (v7l)
BogoMIPS	: 198.00
Features	: half thumb fastmult vfp edsp neon vfpv3 tls vfpv4 idiva idivt vfpd32 lpae evtstrm crc32 
CPU implementer	: 0x41
CPU architecture: 7
CPU variant	: 0x0
CPU part	: 0xd08
CPU revision	: 3

processor	: 1
model name	: ARMv7 Processor rev 3 (v7l)
BogoMIPS	: 198.00
Features	: half thumb fastmult vfp edsp neon vfpv3 tls vfpv4 idiva idivt vfpd32 lpae evtstrm crc32 
CPU implementer	: 0x41
CPU architecture: 7
CPU variant	: 0x0
CPU part	: 0xd08
CPU revision	: 3

processor	: 2
model name	: ARMv7 Processor rev 3 (v7l)
BogoMIPS	: 198.00
Features	: half thumb fastmult vfp edsp neon vfpv3 tls vfpv4 idiva idivt vfpd32 lpae evtstrm crc32 
CPU implementer	: 0x41
CPU architecture: 7
CPU variant	: 0x0
CPU part	: 0xd08
CPU revision	: 3

processor	: 3
model name	: ARMv7 Processor rev 3 (v7l)
BogoMIPS	: 198.00
Features	: half thumb fastmult vfp edsp neon vfpv3 tls vfpv4 idiva idivt vfpd32 lpae evtstrm crc32 
CPU implementer	: 0x41
CPU architecture: 7
CPU variant	: 0x0
CPU part	: 0xd08
CPU revision	: 3

Hardware	: BCM2711
Revision	: d03114
Serial		: 100000007716ae09
Model		: Raspberry Pi 4 Model B Rev 1.4
Online cpus:
0-3
Offline cpus:


Memory: 4k page, physical 8088492k(6472476k free), swap 102396k(102396k free)

vm_info: OpenJDK Server VM (11.0.15+10-post-Raspbian-1deb11u1) for linux- JRE (11.0.15+10-post-Raspbian-1deb11u1), built on May  3 2022 12:15:06 by "unknown" with gcc 10.2.1 20210110

END.
